[0.013s] Invoking command in '/home/rahul/ros2_ws/build/amr_pkg': AMENT_PREFIX_PATH=/home/rahul/ros2_ws/install/interfaces:${AMENT_PREFIX_PATH} CMAKE_PREFIX_PATH=/home/rahul/ros2_ws/install/interfaces:/opt/ros/humble LD_LIBRARY_PATH=/home/rahul/ros2_ws/install/interfaces/lib:${LD_LIBRARY_PATH} PYTHONPATH=/home/rahul/ros2_ws/install/interfaces/local/lib/python3.10/dist-packages:${PYTHONPATH} /usr/bin/cmake --build /home/rahul/ros2_ws/build/amr_pkg -- -j6 -l6
[0.051s] -- Found ament_cmake: 1.3.10 (/opt/ros/humble/share/ament_cmake/cmake)
[0.200s] -- Found rclcpp: 16.0.10 (/opt/ros/humble/share/rclcpp/cmake)
[0.229s] -- Found rosidl_generator_c: 3.1.5 (/opt/ros/humble/share/rosidl_generator_c/cmake)
[0.232s] -- Found rosidl_adapter: 3.1.5 (/opt/ros/humble/share/rosidl_adapter/cmake)
[0.238s] -- Found rosidl_generator_cpp: 3.1.5 (/opt/ros/humble/share/rosidl_generator_cpp/cmake)
[0.249s] -- Using all available rosidl_typesupport_c: rosidl_typesupport_fastrtps_c;rosidl_typesupport_introspection_c
[0.262s] -- Using all available rosidl_typesupport_cpp: rosidl_typesupport_fastrtps_cpp;rosidl_typesupport_introspection_cpp
[0.294s] -- Found rmw_implementation_cmake: 6.1.2 (/opt/ros/humble/share/rmw_implementation_cmake/cmake)
[0.296s] -- Found rmw_fastrtps_cpp: 6.2.7 (/opt/ros/humble/share/rmw_fastrtps_cpp/cmake)
[0.425s] -- Using RMW implementation 'rmw_fastrtps_cpp' as default
[0.490s] -- Found interfaces: 0.0.0 (/home/rahul/ros2_ws/install/interfaces/share/interfaces/cmake)
[0.504s] -- Found geometry_msgs: 4.2.4 (/opt/ros/humble/share/geometry_msgs/cmake)
[0.613s] -- Configuring done
[0.626s] -- Generating done
[0.629s] -- Build files have been written to: /home/rahul/ros2_ws/build/amr_pkg
[0.689s] [ 50%] [32mBuilding CXX object CMakeFiles/order_optimizer_node.dir/src/OrderOptimizer.cpp.o[0m
[4.425s] [100%] [32m[1mLinking CXX executable order_optimizer_node[0m
[4.695s] [100%] Built target order_optimizer_node
[4.718s] Invoked command in '/home/rahul/ros2_ws/build/amr_pkg' returned '0': AMENT_PREFIX_PATH=/home/rahul/ros2_ws/install/interfaces:${AMENT_PREFIX_PATH} CMAKE_PREFIX_PATH=/home/rahul/ros2_ws/install/interfaces:/opt/ros/humble LD_LIBRARY_PATH=/home/rahul/ros2_ws/install/interfaces/lib:${LD_LIBRARY_PATH} PYTHONPATH=/home/rahul/ros2_ws/install/interfaces/local/lib/python3.10/dist-packages:${PYTHONPATH} /usr/bin/cmake --build /home/rahul/ros2_ws/build/amr_pkg -- -j6 -l6
[4.761s] Invoking command in '/home/rahul/ros2_ws/build/amr_pkg': AMENT_PREFIX_PATH=/home/rahul/ros2_ws/install/interfaces:${AMENT_PREFIX_PATH} CMAKE_PREFIX_PATH=/home/rahul/ros2_ws/install/interfaces:/opt/ros/humble LD_LIBRARY_PATH=/home/rahul/ros2_ws/install/interfaces/lib:${LD_LIBRARY_PATH} PYTHONPATH=/home/rahul/ros2_ws/install/interfaces/local/lib/python3.10/dist-packages:${PYTHONPATH} /usr/bin/cmake --install /home/rahul/ros2_ws/build/amr_pkg
[4.773s] -- Install configuration: ""
[4.773s] -- Installing: /home/rahul/ros2_ws/install/amr_pkg/share/ament_index/resource_index/package_run_dependencies/amr_pkg
[4.774s] -- Installing: /home/rahul/ros2_ws/install/amr_pkg/share/ament_index/resource_index/parent_prefix_path/amr_pkg
[4.775s] -- Installing: /home/rahul/ros2_ws/install/amr_pkg/share/amr_pkg/environment/ament_prefix_path.sh
[4.775s] -- Installing: /home/rahul/ros2_ws/install/amr_pkg/share/amr_pkg/environment/ament_prefix_path.dsv
[4.775s] -- Installing: /home/rahul/ros2_ws/install/amr_pkg/share/amr_pkg/environment/path.sh
[4.776s] -- Installing: /home/rahul/ros2_ws/install/amr_pkg/share/amr_pkg/environment/path.dsv
[4.776s] -- Installing: /home/rahul/ros2_ws/install/amr_pkg/share/amr_pkg/local_setup.bash
[4.776s] -- Installing: /home/rahul/ros2_ws/install/amr_pkg/share/amr_pkg/local_setup.sh
[4.776s] -- Installing: /home/rahul/ros2_ws/install/amr_pkg/share/amr_pkg/local_setup.zsh
[4.776s] -- Installing: /home/rahul/ros2_ws/install/amr_pkg/share/amr_pkg/local_setup.dsv
[4.776s] -- Installing: /home/rahul/ros2_ws/install/amr_pkg/share/amr_pkg/package.dsv
[4.776s] -- Installing: /home/rahul/ros2_ws/install/amr_pkg/share/ament_index/resource_index/packages/amr_pkg
[4.777s] -- Installing: /home/rahul/ros2_ws/install/amr_pkg/share/amr_pkg/cmake/amr_pkgConfig.cmake
[4.777s] -- Installing: /home/rahul/ros2_ws/install/amr_pkg/share/amr_pkg/cmake/amr_pkgConfig-version.cmake
[4.777s] -- Installing: /home/rahul/ros2_ws/install/amr_pkg/share/amr_pkg/package.xml
[4.781s] Invoked command in '/home/rahul/ros2_ws/build/amr_pkg' returned '0': AMENT_PREFIX_PATH=/home/rahul/ros2_ws/install/interfaces:${AMENT_PREFIX_PATH} CMAKE_PREFIX_PATH=/home/rahul/ros2_ws/install/interfaces:/opt/ros/humble LD_LIBRARY_PATH=/home/rahul/ros2_ws/install/interfaces/lib:${LD_LIBRARY_PATH} PYTHONPATH=/home/rahul/ros2_ws/install/interfaces/local/lib/python3.10/dist-packages:${PYTHONPATH} /usr/bin/cmake --install /home/rahul/ros2_ws/build/amr_pkg
