[0.161s] DEBUG:colcon:Command line arguments: ['/usr/bin/colcon', 'build']
[0.162s] DEBUG:colcon:Parsed command line arguments: Namespace(log_base=None, log_level=None, verb_name='build', build_base='build', install_base='install', merge_install=False, symlink_install=False, test_result_base=None, continue_on_error=False, executor='parallel', parallel_workers=6, event_handlers=None, ignore_user_meta=False, metas=['./colcon.meta'], base_paths=['.'], packages_ignore=None, packages_ignore_regex=None, paths=None, packages_up_to=None, packages_up_to_regex=None, packages_above=None, packages_above_and_dependencies=None, packages_above_depth=None, packages_select_by_dep=None, packages_skip_by_dep=None, packages_skip_up_to=None, packages_select_build_failed=False, packages_skip_build_finished=False, packages_select_test_failures=False, packages_skip_test_passed=False, packages_select=None, packages_skip=None, packages_select_regex=None, packages_skip_regex=None, packages_start=None, packages_end=None, allow_overriding=[], cmake_args=None, cmake_target=None, cmake_target_skip_unavailable=False, cmake_clean_cache=False, cmake_clean_first=False, cmake_force_configure=False, ament_cmake_args=None, catkin_cmake_args=None, catkin_skip_building_tests=False, mixin_files=None, mixin=None, verb_parser=<colcon_mixin.mixin.mixin_argument.MixinArgumentDecorator object at 0x7f8583831990>, verb_extension=<colcon_core.verb.build.BuildVerb object at 0x7f85839a72e0>, main=<bound method BuildVerb.main of <colcon_core.verb.build.BuildVerb object at 0x7f85839a72e0>>, mixin_verb=('build',))
[0.328s] Level 1:colcon.colcon_core.package_discovery:discover_packages(colcon_meta) check parameters
[0.328s] Level 1:colcon.colcon_core.package_discovery:discover_packages(recursive) check parameters
[0.328s] Level 1:colcon.colcon_core.package_discovery:discover_packages(ignore) check parameters
[0.328s] Level 1:colcon.colcon_core.package_discovery:discover_packages(path) check parameters
[0.328s] Level 1:colcon.colcon_core.package_discovery:discover_packages(colcon_meta) discover
[0.329s] Level 1:colcon.colcon_core.package_discovery:discover_packages(recursive) discover
[0.329s] INFO:colcon.colcon_core.package_discovery:Crawling recursively for packages in '/home/rahul/ros2_ws'
[0.329s] Level 1:colcon.colcon_core.package_identification:_identify(.) by extensions ['ignore', 'ignore_ament_install']
[0.329s] Level 1:colcon.colcon_core.package_identification:_identify(.) by extension 'ignore'
[0.329s] Level 1:colcon.colcon_core.package_identification:_identify(.) by extension 'ignore_ament_install'
[0.329s] Level 1:colcon.colcon_core.package_identification:_identify(.) by extensions ['colcon_pkg']
[0.329s] Level 1:colcon.colcon_core.package_identification:_identify(.) by extension 'colcon_pkg'
[0.329s] Level 1:colcon.colcon_core.package_identification:_identify(.) by extensions ['colcon_meta']
[0.329s] Level 1:colcon.colcon_core.package_identification:_identify(.) by extension 'colcon_meta'
[0.329s] Level 1:colcon.colcon_core.package_identification:_identify(.) by extensions ['ros']
[0.329s] Level 1:colcon.colcon_core.package_identification:_identify(.) by extension 'ros'
[0.341s] Level 1:colcon.colcon_core.package_identification:_identify(.) by extensions ['cmake', 'python']
[0.341s] Level 1:colcon.colcon_core.package_identification:_identify(.) by extension 'cmake'
[0.341s] Level 1:colcon.colcon_core.package_identification:_identify(.) by extension 'python'
[0.341s] Level 1:colcon.colcon_core.package_identification:_identify(.) by extensions ['python_setup_py']
[0.341s] Level 1:colcon.colcon_core.package_identification:_identify(.) by extension 'python_setup_py'
[0.342s] Level 1:colcon.colcon_core.package_identification:_identify(build) by extensions ['ignore', 'ignore_ament_install']
[0.342s] Level 1:colcon.colcon_core.package_identification:_identify(build) by extension 'ignore'
[0.342s] Level 1:colcon.colcon_core.package_identification:_identify(build) ignored
[0.342s] Level 1:colcon.colcon_core.package_identification:_identify(install) by extensions ['ignore', 'ignore_ament_install']
[0.342s] Level 1:colcon.colcon_core.package_identification:_identify(install) by extension 'ignore'
[0.343s] Level 1:colcon.colcon_core.package_identification:_identify(install) ignored
[0.343s] Level 1:colcon.colcon_core.package_identification:_identify(log) by extensions ['ignore', 'ignore_ament_install']
[0.343s] Level 1:colcon.colcon_core.package_identification:_identify(log) by extension 'ignore'
[0.343s] Level 1:colcon.colcon_core.package_identification:_identify(log) ignored
[0.343s] Level 1:colcon.colcon_core.package_identification:_identify(src) by extensions ['ignore', 'ignore_ament_install']
[0.343s] Level 1:colcon.colcon_core.package_identification:_identify(src) by extension 'ignore'
[0.344s] Level 1:colcon.colcon_core.package_identification:_identify(src) by extension 'ignore_ament_install'
[0.344s] Level 1:colcon.colcon_core.package_identification:_identify(src) by extensions ['colcon_pkg']
[0.344s] Level 1:colcon.colcon_core.package_identification:_identify(src) by extension 'colcon_pkg'
[0.344s] Level 1:colcon.colcon_core.package_identification:_identify(src) by extensions ['colcon_meta']
[0.344s] Level 1:colcon.colcon_core.package_identification:_identify(src) by extension 'colcon_meta'
[0.344s] Level 1:colcon.colcon_core.package_identification:_identify(src) by extensions ['ros']
[0.344s] Level 1:colcon.colcon_core.package_identification:_identify(src) by extension 'ros'
[0.344s] Level 1:colcon.colcon_core.package_identification:_identify(src) by extensions ['cmake', 'python']
[0.344s] Level 1:colcon.colcon_core.package_identification:_identify(src) by extension 'cmake'
[0.344s] Level 1:colcon.colcon_core.package_identification:_identify(src) by extension 'python'
[0.344s] Level 1:colcon.colcon_core.package_identification:_identify(src) by extensions ['python_setup_py']
[0.344s] Level 1:colcon.colcon_core.package_identification:_identify(src) by extension 'python_setup_py'
[0.344s] Level 1:colcon.colcon_core.package_identification:_identify(src/amr_pkg) by extensions ['ignore', 'ignore_ament_install']
[0.344s] Level 1:colcon.colcon_core.package_identification:_identify(src/amr_pkg) by extension 'ignore'
[0.344s] Level 1:colcon.colcon_core.package_identification:_identify(src/amr_pkg) by extension 'ignore_ament_install'
[0.344s] Level 1:colcon.colcon_core.package_identification:_identify(src/amr_pkg) by extensions ['colcon_pkg']
[0.344s] Level 1:colcon.colcon_core.package_identification:_identify(src/amr_pkg) by extension 'colcon_pkg'
[0.344s] Level 1:colcon.colcon_core.package_identification:_identify(src/amr_pkg) by extensions ['colcon_meta']
[0.344s] Level 1:colcon.colcon_core.package_identification:_identify(src/amr_pkg) by extension 'colcon_meta'
[0.344s] Level 1:colcon.colcon_core.package_identification:_identify(src/amr_pkg) by extensions ['ros']
[0.345s] Level 1:colcon.colcon_core.package_identification:_identify(src/amr_pkg) by extension 'ros'
[0.347s] DEBUG:colcon.colcon_core.package_identification:Package 'src/amr_pkg' with type 'ros.ament_cmake' and name 'amr_pkg'
[0.348s] Level 1:colcon.colcon_core.package_identification:_identify(src/interfaces) by extensions ['ignore', 'ignore_ament_install']
[0.348s] Level 1:colcon.colcon_core.package_identification:_identify(src/interfaces) by extension 'ignore'
[0.348s] Level 1:colcon.colcon_core.package_identification:_identify(src/interfaces) by extension 'ignore_ament_install'
[0.348s] Level 1:colcon.colcon_core.package_identification:_identify(src/interfaces) by extensions ['colcon_pkg']
[0.348s] Level 1:colcon.colcon_core.package_identification:_identify(src/interfaces) by extension 'colcon_pkg'
[0.348s] Level 1:colcon.colcon_core.package_identification:_identify(src/interfaces) by extensions ['colcon_meta']
[0.348s] Level 1:colcon.colcon_core.package_identification:_identify(src/interfaces) by extension 'colcon_meta'
[0.348s] Level 1:colcon.colcon_core.package_identification:_identify(src/interfaces) by extensions ['ros']
[0.349s] Level 1:colcon.colcon_core.package_identification:_identify(src/interfaces) by extension 'ros'
[0.349s] DEBUG:colcon.colcon_core.package_identification:Package 'src/interfaces' with type 'ros.ament_cmake' and name 'interfaces'
[0.349s] Level 1:colcon.colcon_core.package_discovery:discover_packages(recursive) using defaults
[0.349s] Level 1:colcon.colcon_core.package_discovery:discover_packages(ignore) discover
[0.349s] Level 1:colcon.colcon_core.package_discovery:discover_packages(ignore) using defaults
[0.349s] Level 1:colcon.colcon_core.package_discovery:discover_packages(path) discover
[0.349s] Level 1:colcon.colcon_core.package_discovery:discover_packages(path) using defaults
[0.370s] Level 1:colcon.colcon_core.package_discovery:discover_packages(prefix_path) check parameters
[0.370s] Level 1:colcon.colcon_core.package_discovery:discover_packages(prefix_path) discover
[0.373s] DEBUG:colcon.colcon_installed_package_information.package_discovery:Found 270 installed packages in /opt/ros/humble
[0.374s] Level 1:colcon.colcon_core.package_discovery:discover_packages(prefix_path) using defaults
[0.432s] Level 5:colcon.colcon_core.verb:set package 'interfaces' build argument 'cmake_args' from command line to 'None'
[0.432s] Level 5:colcon.colcon_core.verb:set package 'interfaces' build argument 'cmake_target' from command line to 'None'
[0.432s] Level 5:colcon.colcon_core.verb:set package 'interfaces' build argument 'cmake_target_skip_unavailable' from command line to 'False'
[0.432s] Level 5:colcon.colcon_core.verb:set package 'interfaces' build argument 'cmake_clean_cache' from command line to 'False'
[0.432s] Level 5:colcon.colcon_core.verb:set package 'interfaces' build argument 'cmake_clean_first' from command line to 'False'
[0.432s] Level 5:colcon.colcon_core.verb:set package 'interfaces' build argument 'cmake_force_configure' from command line to 'False'
[0.432s] Level 5:colcon.colcon_core.verb:set package 'interfaces' build argument 'ament_cmake_args' from command line to 'None'
[0.432s] Level 5:colcon.colcon_core.verb:set package 'interfaces' build argument 'catkin_cmake_args' from command line to 'None'
[0.432s] Level 5:colcon.colcon_core.verb:set package 'interfaces' build argument 'catkin_skip_building_tests' from command line to 'False'
[0.432s] DEBUG:colcon.colcon_core.verb:Building package 'interfaces' with the following arguments: {'ament_cmake_args': None, 'build_base': '/home/rahul/ros2_ws/build/interfaces', 'catkin_cmake_args': None, 'catkin_skip_building_tests': False, 'cmake_args': None, 'cmake_clean_cache': False, 'cmake_clean_first': False, 'cmake_force_configure': False, 'cmake_target': None, 'cmake_target_skip_unavailable': False, 'install_base': '/home/rahul/ros2_ws/install/interfaces', 'merge_install': False, 'path': '/home/rahul/ros2_ws/src/interfaces', 'symlink_install': False, 'test_result_base': None}
[0.433s] Level 5:colcon.colcon_core.verb:set package 'amr_pkg' build argument 'cmake_args' from command line to 'None'
[0.433s] Level 5:colcon.colcon_core.verb:set package 'amr_pkg' build argument 'cmake_target' from command line to 'None'
[0.433s] Level 5:colcon.colcon_core.verb:set package 'amr_pkg' build argument 'cmake_target_skip_unavailable' from command line to 'False'
[0.433s] Level 5:colcon.colcon_core.verb:set package 'amr_pkg' build argument 'cmake_clean_cache' from command line to 'False'
[0.433s] Level 5:colcon.colcon_core.verb:set package 'amr_pkg' build argument 'cmake_clean_first' from command line to 'False'
[0.433s] Level 5:colcon.colcon_core.verb:set package 'amr_pkg' build argument 'cmake_force_configure' from command line to 'False'
[0.433s] Level 5:colcon.colcon_core.verb:set package 'amr_pkg' build argument 'ament_cmake_args' from command line to 'None'
[0.433s] Level 5:colcon.colcon_core.verb:set package 'amr_pkg' build argument 'catkin_cmake_args' from command line to 'None'
[0.433s] Level 5:colcon.colcon_core.verb:set package 'amr_pkg' build argument 'catkin_skip_building_tests' from command line to 'False'
[0.433s] DEBUG:colcon.colcon_core.verb:Building package 'amr_pkg' with the following arguments: {'ament_cmake_args': None, 'build_base': '/home/rahul/ros2_ws/build/amr_pkg', 'catkin_cmake_args': None, 'catkin_skip_building_tests': False, 'cmake_args': None, 'cmake_clean_cache': False, 'cmake_clean_first': False, 'cmake_force_configure': False, 'cmake_target': None, 'cmake_target_skip_unavailable': False, 'install_base': '/home/rahul/ros2_ws/install/amr_pkg', 'merge_install': False, 'path': '/home/rahul/ros2_ws/src/amr_pkg', 'symlink_install': False, 'test_result_base': None}
[0.433s] INFO:colcon.colcon_core.executor:Executing jobs using 'parallel' executor
[0.434s] DEBUG:colcon.colcon_parallel_executor.executor.parallel:run_until_complete
[0.435s] INFO:colcon.colcon_ros.task.ament_cmake.build:Building ROS package in '/home/rahul/ros2_ws/src/interfaces' with build type 'ament_cmake'
[0.435s] INFO:colcon.colcon_cmake.task.cmake.build:Building CMake package in '/home/rahul/ros2_ws/src/interfaces'
[0.437s] INFO:colcon.colcon_core.plugin_system:Skipping extension 'colcon_core.shell.bat': Not used on non-Windows systems
[0.437s] INFO:colcon.colcon_core.shell:Skip shell extension 'powershell' for command environment: Not usable outside of PowerShell
[0.437s] DEBUG:colcon.colcon_core.shell:Skip shell extension 'dsv' for command environment
[0.448s] DEBUG:colcon.colcon_core.event_handler.log_command:Invoking command in '/home/rahul/ros2_ws/build/interfaces': CMAKE_PREFIX_PATH=/opt/ros/humble /usr/bin/cmake /home/rahul/ros2_ws/src/interfaces -DCMAKE_INSTALL_PREFIX=/home/rahul/ros2_ws/install/interfaces
[2.215s] DEBUG:colcon.colcon_core.event_handler.log_command:Invoked command in '/home/rahul/ros2_ws/build/interfaces' returned '0': CMAKE_PREFIX_PATH=/opt/ros/humble /usr/bin/cmake /home/rahul/ros2_ws/src/interfaces -DCMAKE_INSTALL_PREFIX=/home/rahul/ros2_ws/install/interfaces
[2.218s] DEBUG:colcon.colcon_core.event_handler.log_command:Invoking command in '/home/rahul/ros2_ws/build/interfaces': CMAKE_PREFIX_PATH=/opt/ros/humble /usr/bin/cmake --build /home/rahul/ros2_ws/build/interfaces -- -j6 -l6
[4.891s] DEBUG:colcon.colcon_core.event_handler.log_command:Invoked command in '/home/rahul/ros2_ws/build/interfaces' returned '0': CMAKE_PREFIX_PATH=/opt/ros/humble /usr/bin/cmake --build /home/rahul/ros2_ws/build/interfaces -- -j6 -l6
[5.000s] DEBUG:colcon.colcon_core.event_handler.log_command:Invoking command in '/home/rahul/ros2_ws/build/interfaces': CMAKE_PREFIX_PATH=/opt/ros/humble /usr/bin/cmake --install /home/rahul/ros2_ws/build/interfaces
[5.097s] Level 1:colcon.colcon_core.environment:create_environment_scripts_only(interfaces)
[5.098s] DEBUG:colcon.colcon_core.event_handler.log_command:Invoked command in '/home/rahul/ros2_ws/build/interfaces' returned '0': CMAKE_PREFIX_PATH=/opt/ros/humble /usr/bin/cmake --install /home/rahul/ros2_ws/build/interfaces
[5.100s] Level 1:colcon.colcon_core.environment:checking '/home/rahul/ros2_ws/install/interfaces' for CMake module files
[5.101s] Level 1:colcon.colcon_core.environment:checking '/home/rahul/ros2_ws/install/interfaces' for CMake config files
[5.102s] Level 1:colcon.colcon_core.shell:create_environment_hook('interfaces', 'cmake_prefix_path')
[5.102s] INFO:colcon.colcon_core.shell:Creating environment hook '/home/rahul/ros2_ws/install/interfaces/share/interfaces/hook/cmake_prefix_path.ps1'
[5.103s] INFO:colcon.colcon_core.shell:Creating environment descriptor '/home/rahul/ros2_ws/install/interfaces/share/interfaces/hook/cmake_prefix_path.dsv'
[5.104s] INFO:colcon.colcon_core.shell:Creating environment hook '/home/rahul/ros2_ws/install/interfaces/share/interfaces/hook/cmake_prefix_path.sh'
[5.105s] Level 1:colcon.colcon_core.environment:checking '/home/rahul/ros2_ws/install/interfaces/lib'
[5.105s] Level 1:colcon.colcon_core.shell:create_environment_hook('interfaces', 'ld_library_path_lib')
[5.106s] INFO:colcon.colcon_core.shell:Creating environment hook '/home/rahul/ros2_ws/install/interfaces/share/interfaces/hook/ld_library_path_lib.ps1'
[5.107s] INFO:colcon.colcon_core.shell:Creating environment descriptor '/home/rahul/ros2_ws/install/interfaces/share/interfaces/hook/ld_library_path_lib.dsv'
[5.107s] INFO:colcon.colcon_core.shell:Creating environment hook '/home/rahul/ros2_ws/install/interfaces/share/interfaces/hook/ld_library_path_lib.sh'
[5.108s] Level 1:colcon.colcon_core.environment:checking '/home/rahul/ros2_ws/install/interfaces/bin'
[5.108s] Level 1:colcon.colcon_core.environment:checking '/home/rahul/ros2_ws/install/interfaces/lib/pkgconfig/interfaces.pc'
[5.108s] Level 1:colcon.colcon_core.environment:checking '/home/rahul/ros2_ws/install/interfaces/lib/python3.10/site-packages'
[5.108s] Level 1:colcon.colcon_core.environment:checking '/home/rahul/ros2_ws/install/interfaces/bin'
[5.109s] INFO:colcon.colcon_core.shell:Creating package script '/home/rahul/ros2_ws/install/interfaces/share/interfaces/package.ps1'
[5.110s] INFO:colcon.colcon_core.shell:Creating package descriptor '/home/rahul/ros2_ws/install/interfaces/share/interfaces/package.dsv'
[5.111s] INFO:colcon.colcon_core.shell:Creating package script '/home/rahul/ros2_ws/install/interfaces/share/interfaces/package.sh'
[5.112s] INFO:colcon.colcon_core.shell:Creating package script '/home/rahul/ros2_ws/install/interfaces/share/interfaces/package.bash'
[5.113s] INFO:colcon.colcon_core.shell:Creating package script '/home/rahul/ros2_ws/install/interfaces/share/interfaces/package.zsh'
[5.114s] Level 1:colcon.colcon_core.environment:create_file_with_runtime_dependencies(/home/rahul/ros2_ws/install/interfaces/share/colcon-core/packages/interfaces)
[5.214s] Level 1:colcon.colcon_core.environment:create_environment_scripts_only(interfaces)
[5.214s] Level 1:colcon.colcon_core.environment:checking '/home/rahul/ros2_ws/install/interfaces' for CMake module files
[5.215s] Level 1:colcon.colcon_core.environment:checking '/home/rahul/ros2_ws/install/interfaces' for CMake config files
[5.216s] Level 1:colcon.colcon_core.shell:create_environment_hook('interfaces', 'cmake_prefix_path')
[5.216s] INFO:colcon.colcon_core.shell:Creating environment hook '/home/rahul/ros2_ws/install/interfaces/share/interfaces/hook/cmake_prefix_path.ps1'
[5.217s] INFO:colcon.colcon_core.shell:Creating environment descriptor '/home/rahul/ros2_ws/install/interfaces/share/interfaces/hook/cmake_prefix_path.dsv'
[5.217s] INFO:colcon.colcon_core.shell:Creating environment hook '/home/rahul/ros2_ws/install/interfaces/share/interfaces/hook/cmake_prefix_path.sh'
[5.218s] Level 1:colcon.colcon_core.environment:checking '/home/rahul/ros2_ws/install/interfaces/lib'
[5.218s] Level 1:colcon.colcon_core.shell:create_environment_hook('interfaces', 'ld_library_path_lib')
[5.218s] INFO:colcon.colcon_core.shell:Creating environment hook '/home/rahul/ros2_ws/install/interfaces/share/interfaces/hook/ld_library_path_lib.ps1'
[5.219s] INFO:colcon.colcon_core.shell:Creating environment descriptor '/home/rahul/ros2_ws/install/interfaces/share/interfaces/hook/ld_library_path_lib.dsv'
[5.219s] INFO:colcon.colcon_core.shell:Creating environment hook '/home/rahul/ros2_ws/install/interfaces/share/interfaces/hook/ld_library_path_lib.sh'
[5.220s] Level 1:colcon.colcon_core.environment:checking '/home/rahul/ros2_ws/install/interfaces/bin'
[5.220s] Level 1:colcon.colcon_core.environment:checking '/home/rahul/ros2_ws/install/interfaces/lib/pkgconfig/interfaces.pc'
[5.220s] Level 1:colcon.colcon_core.environment:checking '/home/rahul/ros2_ws/install/interfaces/lib/python3.10/site-packages'
[5.220s] Level 1:colcon.colcon_core.environment:checking '/home/rahul/ros2_ws/install/interfaces/bin'
[5.221s] INFO:colcon.colcon_core.shell:Creating package script '/home/rahul/ros2_ws/install/interfaces/share/interfaces/package.ps1'
[5.222s] INFO:colcon.colcon_core.shell:Creating package descriptor '/home/rahul/ros2_ws/install/interfaces/share/interfaces/package.dsv'
[5.223s] INFO:colcon.colcon_core.shell:Creating package script '/home/rahul/ros2_ws/install/interfaces/share/interfaces/package.sh'
[5.224s] INFO:colcon.colcon_core.shell:Creating package script '/home/rahul/ros2_ws/install/interfaces/share/interfaces/package.bash'
[5.224s] INFO:colcon.colcon_core.shell:Creating package script '/home/rahul/ros2_ws/install/interfaces/share/interfaces/package.zsh'
[5.224s] Level 1:colcon.colcon_core.environment:create_file_with_runtime_dependencies(/home/rahul/ros2_ws/install/interfaces/share/colcon-core/packages/interfaces)
[5.225s] INFO:colcon.colcon_ros.task.ament_cmake.build:Building ROS package in '/home/rahul/ros2_ws/src/amr_pkg' with build type 'ament_cmake'
[5.225s] INFO:colcon.colcon_cmake.task.cmake.build:Building CMake package in '/home/rahul/ros2_ws/src/amr_pkg'
[5.225s] INFO:colcon.colcon_core.shell:Skip shell extension 'powershell' for command environment: Not usable outside of PowerShell
[5.225s] DEBUG:colcon.colcon_core.shell:Skip shell extension 'dsv' for command environment
[5.240s] DEBUG:colcon.colcon_core.event_handler.log_command:Invoking command in '/home/rahul/ros2_ws/build/amr_pkg': AMENT_PREFIX_PATH=/home/rahul/ros2_ws/install/interfaces:${AMENT_PREFIX_PATH} CMAKE_PREFIX_PATH=/home/rahul/ros2_ws/install/interfaces:/opt/ros/humble LD_LIBRARY_PATH=/home/rahul/ros2_ws/install/interfaces/lib:${LD_LIBRARY_PATH} PYTHONPATH=/home/rahul/ros2_ws/install/interfaces/local/lib/python3.10/dist-packages:${PYTHONPATH} /usr/bin/cmake --build /home/rahul/ros2_ws/build/amr_pkg -- -j6 -l6
[9.945s] DEBUG:colcon.colcon_core.event_handler.log_command:Invoked command in '/home/rahul/ros2_ws/build/amr_pkg' returned '0': AMENT_PREFIX_PATH=/home/rahul/ros2_ws/install/interfaces:${AMENT_PREFIX_PATH} CMAKE_PREFIX_PATH=/home/rahul/ros2_ws/install/interfaces:/opt/ros/humble LD_LIBRARY_PATH=/home/rahul/ros2_ws/install/interfaces/lib:${LD_LIBRARY_PATH} PYTHONPATH=/home/rahul/ros2_ws/install/interfaces/local/lib/python3.10/dist-packages:${PYTHONPATH} /usr/bin/cmake --build /home/rahul/ros2_ws/build/amr_pkg -- -j6 -l6
[9.988s] DEBUG:colcon.colcon_core.event_handler.log_command:Invoking command in '/home/rahul/ros2_ws/build/amr_pkg': AMENT_PREFIX_PATH=/home/rahul/ros2_ws/install/interfaces:${AMENT_PREFIX_PATH} CMAKE_PREFIX_PATH=/home/rahul/ros2_ws/install/interfaces:/opt/ros/humble LD_LIBRARY_PATH=/home/rahul/ros2_ws/install/interfaces/lib:${LD_LIBRARY_PATH} PYTHONPATH=/home/rahul/ros2_ws/install/interfaces/local/lib/python3.10/dist-packages:${PYTHONPATH} /usr/bin/cmake --install /home/rahul/ros2_ws/build/amr_pkg
[10.006s] Level 1:colcon.colcon_core.environment:create_environment_scripts_only(amr_pkg)
[10.007s] Level 1:colcon.colcon_core.environment:checking '/home/rahul/ros2_ws/install/amr_pkg' for CMake module files
[10.008s] DEBUG:colcon.colcon_core.event_handler.log_command:Invoked command in '/home/rahul/ros2_ws/build/amr_pkg' returned '0': AMENT_PREFIX_PATH=/home/rahul/ros2_ws/install/interfaces:${AMENT_PREFIX_PATH} CMAKE_PREFIX_PATH=/home/rahul/ros2_ws/install/interfaces:/opt/ros/humble LD_LIBRARY_PATH=/home/rahul/ros2_ws/install/interfaces/lib:${LD_LIBRARY_PATH} PYTHONPATH=/home/rahul/ros2_ws/install/interfaces/local/lib/python3.10/dist-packages:${PYTHONPATH} /usr/bin/cmake --install /home/rahul/ros2_ws/build/amr_pkg
[10.008s] Level 1:colcon.colcon_core.environment:checking '/home/rahul/ros2_ws/install/amr_pkg' for CMake config files
[10.008s] Level 1:colcon.colcon_core.shell:create_environment_hook('amr_pkg', 'cmake_prefix_path')
[10.009s] INFO:colcon.colcon_core.shell:Creating environment hook '/home/rahul/ros2_ws/install/amr_pkg/share/amr_pkg/hook/cmake_prefix_path.ps1'
[10.009s] INFO:colcon.colcon_core.shell:Creating environment descriptor '/home/rahul/ros2_ws/install/amr_pkg/share/amr_pkg/hook/cmake_prefix_path.dsv'
[10.009s] INFO:colcon.colcon_core.shell:Creating environment hook '/home/rahul/ros2_ws/install/amr_pkg/share/amr_pkg/hook/cmake_prefix_path.sh'
[10.010s] Level 1:colcon.colcon_core.environment:checking '/home/rahul/ros2_ws/install/amr_pkg/bin'
[10.010s] Level 1:colcon.colcon_core.environment:checking '/home/rahul/ros2_ws/install/amr_pkg/lib/pkgconfig/amr_pkg.pc'
[10.010s] Level 1:colcon.colcon_core.environment:checking '/home/rahul/ros2_ws/install/amr_pkg/lib/python3.10/site-packages'
[10.010s] Level 1:colcon.colcon_core.environment:checking '/home/rahul/ros2_ws/install/amr_pkg/bin'
[10.011s] INFO:colcon.colcon_core.shell:Creating package script '/home/rahul/ros2_ws/install/amr_pkg/share/amr_pkg/package.ps1'
[10.011s] INFO:colcon.colcon_core.shell:Creating package descriptor '/home/rahul/ros2_ws/install/amr_pkg/share/amr_pkg/package.dsv'
[10.012s] INFO:colcon.colcon_core.shell:Creating package script '/home/rahul/ros2_ws/install/amr_pkg/share/amr_pkg/package.sh'
[10.012s] INFO:colcon.colcon_core.shell:Creating package script '/home/rahul/ros2_ws/install/amr_pkg/share/amr_pkg/package.bash'
[10.013s] INFO:colcon.colcon_core.shell:Creating package script '/home/rahul/ros2_ws/install/amr_pkg/share/amr_pkg/package.zsh'
[10.013s] Level 1:colcon.colcon_core.environment:create_file_with_runtime_dependencies(/home/rahul/ros2_ws/install/amr_pkg/share/colcon-core/packages/amr_pkg)
[10.051s] Level 1:colcon.colcon_core.environment:create_environment_scripts_only(amr_pkg)
[10.051s] Level 1:colcon.colcon_core.environment:checking '/home/rahul/ros2_ws/install/amr_pkg' for CMake module files
[10.052s] Level 1:colcon.colcon_core.environment:checking '/home/rahul/ros2_ws/install/amr_pkg' for CMake config files
[10.052s] Level 1:colcon.colcon_core.shell:create_environment_hook('amr_pkg', 'cmake_prefix_path')
[10.053s] INFO:colcon.colcon_core.shell:Creating environment hook '/home/rahul/ros2_ws/install/amr_pkg/share/amr_pkg/hook/cmake_prefix_path.ps1'
[10.054s] INFO:colcon.colcon_core.shell:Creating environment descriptor '/home/rahul/ros2_ws/install/amr_pkg/share/amr_pkg/hook/cmake_prefix_path.dsv'
[10.054s] INFO:colcon.colcon_core.shell:Creating environment hook '/home/rahul/ros2_ws/install/amr_pkg/share/amr_pkg/hook/cmake_prefix_path.sh'
[10.055s] Level 1:colcon.colcon_core.environment:checking '/home/rahul/ros2_ws/install/amr_pkg/bin'
[10.055s] Level 1:colcon.colcon_core.environment:checking '/home/rahul/ros2_ws/install/amr_pkg/lib/pkgconfig/amr_pkg.pc'
[10.056s] Level 1:colcon.colcon_core.environment:checking '/home/rahul/ros2_ws/install/amr_pkg/lib/python3.10/site-packages'
[10.056s] Level 1:colcon.colcon_core.environment:checking '/home/rahul/ros2_ws/install/amr_pkg/bin'
[10.056s] INFO:colcon.colcon_core.shell:Creating package script '/home/rahul/ros2_ws/install/amr_pkg/share/amr_pkg/package.ps1'
[10.057s] INFO:colcon.colcon_core.shell:Creating package descriptor '/home/rahul/ros2_ws/install/amr_pkg/share/amr_pkg/package.dsv'
[10.058s] INFO:colcon.colcon_core.shell:Creating package script '/home/rahul/ros2_ws/install/amr_pkg/share/amr_pkg/package.sh'
[10.059s] INFO:colcon.colcon_core.shell:Creating package script '/home/rahul/ros2_ws/install/amr_pkg/share/amr_pkg/package.bash'
[10.060s] INFO:colcon.colcon_core.shell:Creating package script '/home/rahul/ros2_ws/install/amr_pkg/share/amr_pkg/package.zsh'
[10.061s] Level 1:colcon.colcon_core.environment:create_file_with_runtime_dependencies(/home/rahul/ros2_ws/install/amr_pkg/share/colcon-core/packages/amr_pkg)
[10.061s] DEBUG:colcon.colcon_parallel_executor.executor.parallel:closing loop
[10.062s] DEBUG:colcon.colcon_parallel_executor.executor.parallel:loop closed
[10.063s] DEBUG:colcon.colcon_parallel_executor.executor.parallel:run_until_complete finished with '0'
[10.063s] DEBUG:colcon.colcon_core.event_reactor:joining thread
[10.070s] INFO:colcon.colcon_core.plugin_system:Skipping extension 'colcon_notification.desktop_notification.terminal_notifier': Not used on non-Darwin systems
[10.070s] INFO:colcon.colcon_core.plugin_system:Skipping extension 'colcon_notification.desktop_notification.win32': Not used on non-Windows systems
[10.070s] INFO:colcon.colcon_notification.desktop_notification:Sending desktop notification using 'notify2'
[10.089s] DEBUG:colcon.colcon_core.event_reactor:joined thread
[10.090s] INFO:colcon.colcon_core.shell:Creating prefix script '/home/rahul/ros2_ws/install/local_setup.ps1'
[10.091s] INFO:colcon.colcon_core.shell:Creating prefix util module '/home/rahul/ros2_ws/install/_local_setup_util_ps1.py'
[10.092s] INFO:colcon.colcon_core.shell:Creating prefix chain script '/home/rahul/ros2_ws/install/setup.ps1'
[10.093s] INFO:colcon.colcon_core.shell:Creating prefix script '/home/rahul/ros2_ws/install/local_setup.sh'
[10.094s] INFO:colcon.colcon_core.shell:Creating prefix util module '/home/rahul/ros2_ws/install/_local_setup_util_sh.py'
[10.095s] INFO:colcon.colcon_core.shell:Creating prefix chain script '/home/rahul/ros2_ws/install/setup.sh'
[10.096s] INFO:colcon.colcon_core.shell:Creating prefix script '/home/rahul/ros2_ws/install/local_setup.bash'
[10.096s] INFO:colcon.colcon_core.shell:Creating prefix chain script '/home/rahul/ros2_ws/install/setup.bash'
[10.097s] INFO:colcon.colcon_core.shell:Creating prefix script '/home/rahul/ros2_ws/install/local_setup.zsh'
[10.098s] INFO:colcon.colcon_core.shell:Creating prefix chain script '/home/rahul/ros2_ws/install/setup.zsh'
