[0.016s] Invoking command in '/home/rahul/ros2_ws/build/amr_interfaces': CMAKE_PREFIX_PATH=/opt/ros/humble /usr/bin/cmake --build /home/rahul/ros2_ws/build/amr_interfaces -- -j6 -l6
[0.055s] -- Found ament_cmake: 1.3.10 (/opt/ros/humble/share/ament_cmake/cmake)
[0.196s] -- Found rosidl_default_generators: 1.2.0 (/opt/ros/humble/share/rosidl_default_generators/cmake)
[0.198s] -- Using all available rosidl_typesupport_c: rosidl_typesupport_fastrtps_c;rosidl_typesupport_introspection_c
[0.201s] -- Found rosidl_adapter: 3.1.5 (/opt/ros/humble/share/rosidl_adapter/cmake)
[0.229s] -- Using all available rosidl_typesupport_cpp: rosidl_typesupport_fastrtps_cpp;rosidl_typesupport_introspection_cpp
[0.514s] -- Found ament_cmake_ros: 0.10.0 (/opt/ros/humble/share/ament_cmake_ros/cmake)
[0.707s] -- Using all available rosidl_typesupport_c: rosidl_typesupport_fastrtps_c;rosidl_typesupport_introspection_c
[0.954s] -- Using all available rosidl_typesupport_cpp: rosidl_typesupport_fastrtps_cpp;rosidl_typesupport_introspection_cpp
[0.979s] -- Found python_cmake_module: 0.10.0 (/opt/ros/humble/share/python_cmake_module/cmake)
[1.001s] -- Using PYTHON_EXECUTABLE: /usr/bin/python3
[1.001s] -- Using PYTHON_INCLUDE_DIRS: /usr/include/python3.10
[1.001s] -- Using PYTHON_LIBRARIES: /usr/lib/x86_64-linux-gnu/libpython3.10.so
[1.016s] -- Configuring done
[1.054s] -- Generating done
[1.058s] -- Build files have been written to: /home/rahul/ros2_ws/build/amr_interfaces
[1.088s] [35m[1mConsolidate compiler generated dependencies of target amr_interfaces__rosidl_generator_c[0m
[1.102s] [  3%] Built target amr_interfaces__cpp
[1.105s] [ 12%] Built target amr_interfaces__rosidl_generator_c
[1.115s] [ 12%] Built target ament_cmake_python_copy_amr_interfaces
[1.118s] [35m[1mConsolidate compiler generated dependencies of target amr_interfaces__rosidl_typesupport_introspection_cpp[0m
[1.118s] [35m[1mConsolidate compiler generated dependencies of target amr_interfaces__rosidl_typesupport_fastrtps_cpp[0m
[1.118s] [35m[1mConsolidate compiler generated dependencies of target amr_interfaces__rosidl_typesupport_cpp[0m
[1.120s] [35m[1mConsolidate compiler generated dependencies of target amr_interfaces__rosidl_typesupport_fastrtps_c[0m
[1.128s] [35m[1mConsolidate compiler generated dependencies of target amr_interfaces__rosidl_typesupport_introspection_c[0m
[1.135s] [35m[1mConsolidate compiler generated dependencies of target amr_interfaces__rosidl_typesupport_c[0m
[1.138s] [ 22%] Built target amr_interfaces__rosidl_typesupport_fastrtps_cpp
[1.140s] [ 32%] Built target amr_interfaces__rosidl_typesupport_fastrtps_c
[1.140s] [ 41%] Built target amr_interfaces__rosidl_typesupport_cpp
[1.145s] [ 51%] Built target amr_interfaces__rosidl_typesupport_introspection_cpp
[1.151s] [ 61%] Built target amr_interfaces__rosidl_typesupport_introspection_c
[1.154s] [ 70%] Built target amr_interfaces__rosidl_typesupport_c
[1.183s] [ 70%] Built target amr_interfaces
[1.211s] [ 74%] Built target amr_interfaces__py
[1.225s] [35m[1mConsolidate compiler generated dependencies of target amr_interfaces__rosidl_generator_py[0m
[1.246s] [ 80%] Built target amr_interfaces__rosidl_generator_py
[1.261s] [35m[1mConsolidate compiler generated dependencies of target amr_interfaces__rosidl_typesupport_fastrtps_c__pyext[0m
[1.261s] [35m[1mConsolidate compiler generated dependencies of target amr_interfaces__rosidl_typesupport_c__pyext[0m
[1.278s] [35m[1mConsolidate compiler generated dependencies of target amr_interfaces__rosidl_typesupport_introspection_c__pyext[0m
[1.289s] [ 93%] Built target amr_interfaces__rosidl_typesupport_c__pyext
[1.289s] [ 90%] Built target amr_interfaces__rosidl_typesupport_fastrtps_c__pyext
[1.302s] [100%] Built target amr_interfaces__rosidl_typesupport_introspection_c__pyext
[1.384s] running egg_info
[1.385s] writing amr_interfaces.egg-info/PKG-INFO
[1.386s] writing dependency_links to amr_interfaces.egg-info/dependency_links.txt
[1.386s] writing top-level names to amr_interfaces.egg-info/top_level.txt
[1.388s] reading manifest file 'amr_interfaces.egg-info/SOURCES.txt'
[1.388s] writing manifest file 'amr_interfaces.egg-info/SOURCES.txt'
[1.432s] [100%] Built target ament_cmake_python_build_amr_interfaces_egg
