[0.012s] Invoking command in '/home/rahul/ros2_ws/build/interfaces': CMAKE_PREFIX_PATH=${CMAKE_PREFIX_PATH}:/opt/ros/humble /usr/bin/cmake /home/rahul/ros2_ws/src/interfaces -DCMAKE_INSTALL_PREFIX=/home/rahul/ros2_ws/install/interfaces
[0.099s] -- The C compiler identification is GNU 11.4.0
[0.170s] -- The CXX compiler identification is GNU 11.4.0
[0.179s] -- Detecting C compiler ABI info
[0.285s] -- Detecting C compiler ABI info - done
[0.292s] -- Check for working C compiler: /usr/bin/cc - skipped
[0.292s] -- Detecting C compile features
[0.292s] -- Detecting C compile features - done
[0.295s] -- Detecting CXX compiler ABI info
[0.411s] -- Detecting CXX compiler ABI info - done
[0.420s] -- Check for working CXX compiler: /usr/bin/c++ - skipped
[0.420s] -- Detecting CXX compile features
[0.421s] -- Detecting CXX compile features - done
[0.424s] -- Found ament_cmake: 1.3.10 (/opt/ros/humble/share/ament_cmake/cmake)
[0.601s] -- Found Python3: /usr/bin/python3 (found version "3.10.12") found components: Interpreter 
[0.691s] -- Found rosidl_default_generators: 1.2.0 (/opt/ros/humble/share/rosidl_default_generators/cmake)
[0.694s] -- Using all available rosidl_typesupport_c: rosidl_typesupport_fastrtps_c;rosidl_typesupport_introspection_c
[0.700s] -- Found rosidl_adapter: 3.1.5 (/opt/ros/humble/share/rosidl_adapter/cmake)
[0.742s] -- Using all available rosidl_typesupport_cpp: rosidl_typesupport_fastrtps_cpp;rosidl_typesupport_introspection_cpp
[1.062s] -- Found ament_cmake_ros: 0.10.0 (/opt/ros/humble/share/ament_cmake_ros/cmake)
[1.279s] -- Using all available rosidl_typesupport_c: rosidl_typesupport_fastrtps_c;rosidl_typesupport_introspection_c
[1.543s] -- Using all available rosidl_typesupport_cpp: rosidl_typesupport_fastrtps_cpp;rosidl_typesupport_introspection_cpp
[1.570s] -- Found PythonInterp: /usr/bin/python3 (found suitable version "3.10.12", minimum required is "3.6") 
[1.572s] -- Found python_cmake_module: 0.10.0 (/opt/ros/humble/share/python_cmake_module/cmake)
[1.601s] -- Found PythonLibs: /usr/lib/x86_64-linux-gnu/libpython3.10.so (found suitable version "3.10.12", minimum required is "3.5") 
[1.601s] -- Using PYTHON_EXECUTABLE: /usr/bin/python3
[1.601s] -- Using PYTHON_INCLUDE_DIRS: /usr/include/python3.10
[1.601s] -- Using PYTHON_LIBRARIES: /usr/lib/x86_64-linux-gnu/libpython3.10.so
[1.625s] -- Found PythonExtra: .so  
[1.671s] -- Configuring done
[1.705s] -- Generating done
[1.708s] -- Build files have been written to: /home/rahul/ros2_ws/build/interfaces
[1.717s] Invoked command in '/home/rahul/ros2_ws/build/interfaces' returned '0': CMAKE_PREFIX_PATH=${CMAKE_PREFIX_PATH}:/opt/ros/humble /usr/bin/cmake /home/rahul/ros2_ws/src/interfaces -DCMAKE_INSTALL_PREFIX=/home/rahul/ros2_ws/install/interfaces
[1.719s] Invoking command in '/home/rahul/ros2_ws/build/interfaces': CMAKE_PREFIX_PATH=${CMAKE_PREFIX_PATH}:/opt/ros/humble /usr/bin/cmake --build /home/rahul/ros2_ws/build/interfaces -- -j6 -l6
[1.776s] [  3%] [34m[1mGenerating C code for ROS interfaces[0m
[1.792s] [  6%] [34m[1mGenerating C++ code for ROS interfaces[0m
[1.803s] [  6%] Built target ament_cmake_python_copy_interfaces
[2.059s] running egg_info
[2.060s] creating interfaces.egg-info
[2.061s] writing interfaces.egg-info/PKG-INFO
[2.061s] writing dependency_links to interfaces.egg-info/dependency_links.txt
[2.062s] writing top-level names to interfaces.egg-info/top_level.txt
[2.062s] writing manifest file 'interfaces.egg-info/SOURCES.txt'
[2.070s] reading manifest file 'interfaces.egg-info/SOURCES.txt'
[2.070s] writing manifest file 'interfaces.egg-info/SOURCES.txt'
[2.103s] [  9%] [32mBuilding C object CMakeFiles/interfaces__rosidl_generator_c.dir/rosidl_generator_c/interfaces/msg/detail/order__functions.c.o[0m
[2.113s] [  9%] Built target interfaces__cpp
[2.130s] [ 12%] [34m[1mGenerating C++ type support for eProsima Fast-RTPS[0m
[2.132s] [ 16%] [34m[1mGenerating C++ introspection for ROS interfaces[0m
[2.133s] [ 19%] [34m[1mGenerating C++ type support dispatch for ROS interfaces[0m
[2.143s] [ 19%] Built target ament_cmake_python_build_interfaces_egg
[2.181s] [ 22%] [32m[1mLinking C shared library libinterfaces__rosidl_generator_c.so[0m
[2.260s] [ 22%] Built target interfaces__rosidl_generator_c
[2.280s] [ 29%] [34m[1mGenerating C introspection for ROS interfaces[0m
[2.280s] [ 29%] [34m[1mGenerating C type support for eProsima Fast-RTPS[0m
[2.285s] [ 32%] [34m[1mGenerating C type support dispatch for ROS interfaces[0m
[2.421s] [ 35%] [32mBuilding CXX object CMakeFiles/interfaces__rosidl_typesupport_cpp.dir/rosidl_typesupport_cpp/interfaces/msg/order__type_support.cpp.o[0m
[2.448s] [ 38%] [32mBuilding CXX object CMakeFiles/interfaces__rosidl_typesupport_fastrtps_cpp.dir/rosidl_typesupport_fastrtps_cpp/interfaces/msg/detail/dds_fastrtps/order__type_support.cpp.o[0m
[2.538s] [ 41%] [32mBuilding CXX object CMakeFiles/interfaces__rosidl_typesupport_introspection_cpp.dir/rosidl_typesupport_introspection_cpp/interfaces/msg/detail/order__type_support.cpp.o[0m
[2.623s] [ 45%] [32mBuilding C object CMakeFiles/interfaces__rosidl_typesupport_introspection_c.dir/rosidl_typesupport_introspection_c/interfaces/msg/detail/order__type_support.c.o[0m
[2.635s] [ 48%] [32mBuilding CXX object CMakeFiles/interfaces__rosidl_typesupport_c.dir/rosidl_typesupport_c/interfaces/msg/order__type_support.cpp.o[0m
[2.641s] [ 51%] [32mBuilding CXX object CMakeFiles/interfaces__rosidl_typesupport_fastrtps_c.dir/rosidl_typesupport_fastrtps_c/interfaces/msg/detail/order__type_support_c.cpp.o[0m
[2.695s] [ 58%] [32m[1mLinking C shared library libinterfaces__rosidl_typesupport_introspection_c.so[0m
[2.695s] [ 58%] [32m[1mLinking CXX shared library libinterfaces__rosidl_typesupport_c.so[0m
[2.760s] [ 58%] Built target interfaces__rosidl_typesupport_introspection_c
[2.773s] [ 58%] Built target interfaces__rosidl_typesupport_c
[2.843s] [ 61%] [32m[1mLinking CXX shared library libinterfaces__rosidl_typesupport_cpp.so[0m
[2.915s] [ 61%] Built target interfaces__rosidl_typesupport_cpp
[3.003s] [ 64%] [32m[1mLinking CXX shared library libinterfaces__rosidl_typesupport_fastrtps_cpp.so[0m
[3.053s] [ 67%] [32m[1mLinking CXX shared library libinterfaces__rosidl_typesupport_introspection_cpp.so[0m
[3.091s] [ 70%] [32m[1mLinking CXX shared library libinterfaces__rosidl_typesupport_fastrtps_c.so[0m
[3.184s] [ 70%] Built target interfaces__rosidl_typesupport_introspection_cpp
[3.188s] [ 70%] Built target interfaces__rosidl_typesupport_fastrtps_cpp
[3.252s] [ 70%] Built target interfaces__rosidl_typesupport_fastrtps_c
[3.284s] [ 70%] Built target interfaces
[3.327s] [ 74%] [34m[1mGenerating Python code for ROS interfaces[0m
[3.780s] [ 74%] Built target interfaces__py
[3.823s] [ 77%] [32mBuilding C object CMakeFiles/interfaces__rosidl_generator_py.dir/rosidl_generator_py/interfaces/msg/_order_s.c.o[0m
[4.005s] [ 80%] [32m[1mLinking C shared library rosidl_generator_py/interfaces/libinterfaces__rosidl_generator_py.so[0m
[4.133s] [ 80%] Built target interfaces__rosidl_generator_py
[4.199s] [ 83%] [32mBuilding C object CMakeFiles/interfaces__rosidl_typesupport_fastrtps_c__pyext.dir/rosidl_generator_py/interfaces/_interfaces_s.ep.rosidl_typesupport_fastrtps_c.c.o[0m
[4.208s] [ 87%] [32mBuilding C object CMakeFiles/interfaces__rosidl_typesupport_introspection_c__pyext.dir/rosidl_generator_py/interfaces/_interfaces_s.ep.rosidl_typesupport_introspection_c.c.o[0m
[4.217s] [ 90%] [32mBuilding C object CMakeFiles/interfaces__rosidl_typesupport_c__pyext.dir/rosidl_generator_py/interfaces/_interfaces_s.ep.rosidl_typesupport_c.c.o[0m
[4.418s] [ 93%] [32m[1mLinking C shared library rosidl_generator_py/interfaces/interfaces_s__rosidl_typesupport_fastrtps_c.cpython-310-x86_64-linux-gnu.so[0m
[4.424s] [100%] [32m[1mLinking C shared library rosidl_generator_py/interfaces/interfaces_s__rosidl_typesupport_introspection_c.cpython-310-x86_64-linux-gnu.so[0m
[4.424s] [100%] [32m[1mLinking C shared library rosidl_generator_py/interfaces/interfaces_s__rosidl_typesupport_c.cpython-310-x86_64-linux-gnu.so[0m
[4.540s] [100%] Built target interfaces__rosidl_typesupport_c__pyext
[4.549s] [100%] Built target interfaces__rosidl_typesupport_introspection_c__pyext
[4.555s] [100%] Built target interfaces__rosidl_typesupport_fastrtps_c__pyext
[4.586s] Invoked command in '/home/rahul/ros2_ws/build/interfaces' returned '0': CMAKE_PREFIX_PATH=${CMAKE_PREFIX_PATH}:/opt/ros/humble /usr/bin/cmake --build /home/rahul/ros2_ws/build/interfaces -- -j6 -l6
[4.714s] Invoking command in '/home/rahul/ros2_ws/build/interfaces': CMAKE_PREFIX_PATH=${CMAKE_PREFIX_PATH}:/opt/ros/humble /usr/bin/cmake --install /home/rahul/ros2_ws/build/interfaces
[4.729s] -- Install configuration: ""
[4.729s] -- Installing: /home/rahul/ros2_ws/install/interfaces/share/ament_index/resource_index/rosidl_interfaces/interfaces
[4.729s] -- Installing: /home/rahul/ros2_ws/install/interfaces/include/interfaces/interfaces
[4.730s] -- Installing: /home/rahul/ros2_ws/install/interfaces/include/interfaces/interfaces/msg
[4.730s] -- Installing: /home/rahul/ros2_ws/install/interfaces/include/interfaces/interfaces/msg/order.h
[4.730s] -- Installing: /home/rahul/ros2_ws/install/interfaces/include/interfaces/interfaces/msg/rosidl_generator_c__visibility_control.h
[4.731s] -- Installing: /home/rahul/ros2_ws/install/interfaces/include/interfaces/interfaces/msg/detail
[4.731s] -- Installing: /home/rahul/ros2_ws/install/interfaces/include/interfaces/interfaces/msg/detail/order__struct.h
[4.731s] -- Installing: /home/rahul/ros2_ws/install/interfaces/include/interfaces/interfaces/msg/detail/order__functions.c
[4.731s] -- Installing: /home/rahul/ros2_ws/install/interfaces/include/interfaces/interfaces/msg/detail/order__type_support.h
[4.731s] -- Installing: /home/rahul/ros2_ws/install/interfaces/include/interfaces/interfaces/msg/detail/order__functions.h
[4.732s] -- Installing: /home/rahul/ros2_ws/install/interfaces/share/interfaces/environment/library_path.sh
[4.732s] -- Installing: /home/rahul/ros2_ws/install/interfaces/share/interfaces/environment/library_path.dsv
[4.733s] -- Installing: /home/rahul/ros2_ws/install/interfaces/lib/libinterfaces__rosidl_generator_c.so
[4.734s] -- Set runtime path of "/home/rahul/ros2_ws/install/interfaces/lib/libinterfaces__rosidl_generator_c.so" to ""
[4.734s] -- Up-to-date: /home/rahul/ros2_ws/install/interfaces/include/interfaces/interfaces
[4.734s] -- Up-to-date: /home/rahul/ros2_ws/install/interfaces/include/interfaces/interfaces/msg
[4.734s] -- Installing: /home/rahul/ros2_ws/install/interfaces/include/interfaces/interfaces/msg/rosidl_typesupport_fastrtps_c__visibility_control.h
[4.735s] -- Up-to-date: /home/rahul/ros2_ws/install/interfaces/include/interfaces/interfaces/msg/detail
[4.735s] -- Installing: /home/rahul/ros2_ws/install/interfaces/include/interfaces/interfaces/msg/detail/order__rosidl_typesupport_fastrtps_c.h
[4.735s] -- Installing: /home/rahul/ros2_ws/install/interfaces/lib/libinterfaces__rosidl_typesupport_fastrtps_c.so
[4.735s] -- Set runtime path of "/home/rahul/ros2_ws/install/interfaces/lib/libinterfaces__rosidl_typesupport_fastrtps_c.so" to ""
[4.735s] -- Up-to-date: /home/rahul/ros2_ws/install/interfaces/include/interfaces/interfaces
[4.735s] -- Up-to-date: /home/rahul/ros2_ws/install/interfaces/include/interfaces/interfaces/msg
[4.736s] -- Installing: /home/rahul/ros2_ws/install/interfaces/include/interfaces/interfaces/msg/rosidl_typesupport_introspection_c__visibility_control.h
[4.736s] -- Up-to-date: /home/rahul/ros2_ws/install/interfaces/include/interfaces/interfaces/msg/detail
[4.736s] -- Installing: /home/rahul/ros2_ws/install/interfaces/include/interfaces/interfaces/msg/detail/order__rosidl_typesupport_introspection_c.h
[4.736s] -- Installing: /home/rahul/ros2_ws/install/interfaces/include/interfaces/interfaces/msg/detail/order__type_support.c
[4.736s] -- Installing: /home/rahul/ros2_ws/install/interfaces/lib/libinterfaces__rosidl_typesupport_introspection_c.so
[4.737s] -- Set runtime path of "/home/rahul/ros2_ws/install/interfaces/lib/libinterfaces__rosidl_typesupport_introspection_c.so" to ""
[4.737s] -- Installing: /home/rahul/ros2_ws/install/interfaces/lib/libinterfaces__rosidl_typesupport_c.so
[4.737s] -- Set runtime path of "/home/rahul/ros2_ws/install/interfaces/lib/libinterfaces__rosidl_typesupport_c.so" to ""
[4.737s] -- Up-to-date: /home/rahul/ros2_ws/install/interfaces/include/interfaces/interfaces
[4.737s] -- Up-to-date: /home/rahul/ros2_ws/install/interfaces/include/interfaces/interfaces/msg
[4.738s] -- Up-to-date: /home/rahul/ros2_ws/install/interfaces/include/interfaces/interfaces/msg/detail
[4.738s] -- Installing: /home/rahul/ros2_ws/install/interfaces/include/interfaces/interfaces/msg/detail/order__builder.hpp
[4.738s] -- Installing: /home/rahul/ros2_ws/install/interfaces/include/interfaces/interfaces/msg/detail/order__traits.hpp
[4.738s] -- Installing: /home/rahul/ros2_ws/install/interfaces/include/interfaces/interfaces/msg/detail/order__struct.hpp
[4.738s] -- Installing: /home/rahul/ros2_ws/install/interfaces/include/interfaces/interfaces/msg/order.hpp
[4.738s] -- Up-to-date: /home/rahul/ros2_ws/install/interfaces/include/interfaces/interfaces
[4.739s] -- Up-to-date: /home/rahul/ros2_ws/install/interfaces/include/interfaces/interfaces/msg
[4.739s] -- Up-to-date: /home/rahul/ros2_ws/install/interfaces/include/interfaces/interfaces/msg/detail
[4.739s] -- Installing: /home/rahul/ros2_ws/install/interfaces/include/interfaces/interfaces/msg/detail/dds_fastrtps
[4.739s] -- Installing: /home/rahul/ros2_ws/install/interfaces/include/interfaces/interfaces/msg/detail/order__rosidl_typesupport_fastrtps_cpp.hpp
[4.739s] -- Installing: /home/rahul/ros2_ws/install/interfaces/include/interfaces/interfaces/msg/rosidl_typesupport_fastrtps_cpp__visibility_control.h
[4.740s] -- Installing: /home/rahul/ros2_ws/install/interfaces/lib/libinterfaces__rosidl_typesupport_fastrtps_cpp.so
[4.740s] -- Set runtime path of "/home/rahul/ros2_ws/install/interfaces/lib/libinterfaces__rosidl_typesupport_fastrtps_cpp.so" to ""
[4.741s] -- Up-to-date: /home/rahul/ros2_ws/install/interfaces/include/interfaces/interfaces
[4.741s] -- Up-to-date: /home/rahul/ros2_ws/install/interfaces/include/interfaces/interfaces/msg
[4.741s] -- Up-to-date: /home/rahul/ros2_ws/install/interfaces/include/interfaces/interfaces/msg/detail
[4.741s] -- Installing: /home/rahul/ros2_ws/install/interfaces/include/interfaces/interfaces/msg/detail/order__rosidl_typesupport_introspection_cpp.hpp
[4.741s] -- Installing: /home/rahul/ros2_ws/install/interfaces/include/interfaces/interfaces/msg/detail/order__type_support.cpp
[4.741s] -- Installing: /home/rahul/ros2_ws/install/interfaces/lib/libinterfaces__rosidl_typesupport_introspection_cpp.so
[4.742s] -- Set runtime path of "/home/rahul/ros2_ws/install/interfaces/lib/libinterfaces__rosidl_typesupport_introspection_cpp.so" to ""
[4.742s] -- Installing: /home/rahul/ros2_ws/install/interfaces/lib/libinterfaces__rosidl_typesupport_cpp.so
[4.743s] -- Set runtime path of "/home/rahul/ros2_ws/install/interfaces/lib/libinterfaces__rosidl_typesupport_cpp.so" to ""
[4.743s] -- Installing: /home/rahul/ros2_ws/install/interfaces/share/interfaces/environment/pythonpath.sh
[4.743s] -- Installing: /home/rahul/ros2_ws/install/interfaces/share/interfaces/environment/pythonpath.dsv
[4.743s] -- Installing: /home/rahul/ros2_ws/install/interfaces/local/lib/python3.10/dist-packages/interfaces-0.0.0-py3.10.egg-info
[4.744s] -- Installing: /home/rahul/ros2_ws/install/interfaces/local/lib/python3.10/dist-packages/interfaces-0.0.0-py3.10.egg-info/top_level.txt
[4.744s] -- Installing: /home/rahul/ros2_ws/install/interfaces/local/lib/python3.10/dist-packages/interfaces-0.0.0-py3.10.egg-info/SOURCES.txt
[4.744s] -- Installing: /home/rahul/ros2_ws/install/interfaces/local/lib/python3.10/dist-packages/interfaces-0.0.0-py3.10.egg-info/PKG-INFO
[4.744s] -- Installing: /home/rahul/ros2_ws/install/interfaces/local/lib/python3.10/dist-packages/interfaces-0.0.0-py3.10.egg-info/dependency_links.txt
[4.744s] -- Installing: /home/rahul/ros2_ws/install/interfaces/local/lib/python3.10/dist-packages/interfaces
[4.744s] -- Installing: /home/rahul/ros2_ws/install/interfaces/local/lib/python3.10/dist-packages/interfaces/_interfaces_s.ep.rosidl_typesupport_fastrtps_c.c
[4.745s] -- Installing: /home/rahul/ros2_ws/install/interfaces/local/lib/python3.10/dist-packages/interfaces/interfaces_s__rosidl_typesupport_introspection_c.cpython-310-x86_64-linux-gnu.so
[4.745s] -- Installing: /home/rahul/ros2_ws/install/interfaces/local/lib/python3.10/dist-packages/interfaces/interfaces_s__rosidl_typesupport_fastrtps_c.cpython-310-x86_64-linux-gnu.so
[4.745s] -- Installing: /home/rahul/ros2_ws/install/interfaces/local/lib/python3.10/dist-packages/interfaces/interfaces_s__rosidl_typesupport_c.cpython-310-x86_64-linux-gnu.so
[4.745s] -- Installing: /home/rahul/ros2_ws/install/interfaces/local/lib/python3.10/dist-packages/interfaces/_interfaces_s.ep.rosidl_typesupport_introspection_c.c
[4.745s] -- Installing: /home/rahul/ros2_ws/install/interfaces/local/lib/python3.10/dist-packages/interfaces/__init__.py
[4.745s] -- Installing: /home/rahul/ros2_ws/install/interfaces/local/lib/python3.10/dist-packages/interfaces/libinterfaces__rosidl_generator_py.so
[4.746s] -- Installing: /home/rahul/ros2_ws/install/interfaces/local/lib/python3.10/dist-packages/interfaces/_interfaces_s.ep.rosidl_typesupport_c.c
[4.746s] -- Installing: /home/rahul/ros2_ws/install/interfaces/local/lib/python3.10/dist-packages/interfaces/msg
[4.746s] -- Installing: /home/rahul/ros2_ws/install/interfaces/local/lib/python3.10/dist-packages/interfaces/msg/_order_s.c
[4.746s] -- Installing: /home/rahul/ros2_ws/install/interfaces/local/lib/python3.10/dist-packages/interfaces/msg/_order.py
[4.746s] -- Installing: /home/rahul/ros2_ws/install/interfaces/local/lib/python3.10/dist-packages/interfaces/msg/__init__.py
[4.805s] Listing '/home/rahul/ros2_ws/install/interfaces/local/lib/python3.10/dist-packages/interfaces'...
[4.805s] Compiling '/home/rahul/ros2_ws/install/interfaces/local/lib/python3.10/dist-packages/interfaces/__init__.py'...
[4.805s] Listing '/home/rahul/ros2_ws/install/interfaces/local/lib/python3.10/dist-packages/interfaces/msg'...
[4.805s] Compiling '/home/rahul/ros2_ws/install/interfaces/local/lib/python3.10/dist-packages/interfaces/msg/__init__.py'...
[4.805s] Compiling '/home/rahul/ros2_ws/install/interfaces/local/lib/python3.10/dist-packages/interfaces/msg/_order.py'...
[4.814s] -- Installing: /home/rahul/ros2_ws/install/interfaces/local/lib/python3.10/dist-packages/interfaces/interfaces_s__rosidl_typesupport_fastrtps_c.cpython-310-x86_64-linux-gnu.so
[4.815s] -- Set runtime path of "/home/rahul/ros2_ws/install/interfaces/local/lib/python3.10/dist-packages/interfaces/interfaces_s__rosidl_typesupport_fastrtps_c.cpython-310-x86_64-linux-gnu.so" to ""
[4.815s] -- Installing: /home/rahul/ros2_ws/install/interfaces/local/lib/python3.10/dist-packages/interfaces/interfaces_s__rosidl_typesupport_introspection_c.cpython-310-x86_64-linux-gnu.so
[4.815s] -- Set runtime path of "/home/rahul/ros2_ws/install/interfaces/local/lib/python3.10/dist-packages/interfaces/interfaces_s__rosidl_typesupport_introspection_c.cpython-310-x86_64-linux-gnu.so" to ""
[4.816s] -- Installing: /home/rahul/ros2_ws/install/interfaces/local/lib/python3.10/dist-packages/interfaces/interfaces_s__rosidl_typesupport_c.cpython-310-x86_64-linux-gnu.so
[4.816s] -- Set runtime path of "/home/rahul/ros2_ws/install/interfaces/local/lib/python3.10/dist-packages/interfaces/interfaces_s__rosidl_typesupport_c.cpython-310-x86_64-linux-gnu.so" to ""
[4.816s] -- Installing: /home/rahul/ros2_ws/install/interfaces/lib/libinterfaces__rosidl_generator_py.so
[4.817s] -- Set runtime path of "/home/rahul/ros2_ws/install/interfaces/lib/libinterfaces__rosidl_generator_py.so" to ""
[4.817s] -- Installing: /home/rahul/ros2_ws/install/interfaces/share/interfaces/msg/Order.idl
[4.818s] -- Installing: /home/rahul/ros2_ws/install/interfaces/share/interfaces/msg/Order.msg
[4.818s] -- Installing: /home/rahul/ros2_ws/install/interfaces/share/ament_index/resource_index/package_run_dependencies/interfaces
[4.818s] -- Installing: /home/rahul/ros2_ws/install/interfaces/share/ament_index/resource_index/parent_prefix_path/interfaces
[4.819s] -- Installing: /home/rahul/ros2_ws/install/interfaces/share/interfaces/environment/ament_prefix_path.sh
[4.819s] -- Installing: /home/rahul/ros2_ws/install/interfaces/share/interfaces/environment/ament_prefix_path.dsv
[4.819s] -- Installing: /home/rahul/ros2_ws/install/interfaces/share/interfaces/environment/path.sh
[4.819s] -- Installing: /home/rahul/ros2_ws/install/interfaces/share/interfaces/environment/path.dsv
[4.819s] -- Installing: /home/rahul/ros2_ws/install/interfaces/share/interfaces/local_setup.bash
[4.820s] -- Installing: /home/rahul/ros2_ws/install/interfaces/share/interfaces/local_setup.sh
[4.821s] -- Installing: /home/rahul/ros2_ws/install/interfaces/share/interfaces/local_setup.zsh
[4.821s] -- Installing: /home/rahul/ros2_ws/install/interfaces/share/interfaces/local_setup.dsv
[4.821s] -- Installing: /home/rahul/ros2_ws/install/interfaces/share/interfaces/package.dsv
[4.822s] -- Installing: /home/rahul/ros2_ws/install/interfaces/share/ament_index/resource_index/packages/interfaces
[4.822s] -- Installing: /home/rahul/ros2_ws/install/interfaces/share/interfaces/cmake/export_interfaces__rosidl_generator_cExport.cmake
[4.822s] -- Installing: /home/rahul/ros2_ws/install/interfaces/share/interfaces/cmake/export_interfaces__rosidl_generator_cExport-noconfig.cmake
[4.823s] -- Installing: /home/rahul/ros2_ws/install/interfaces/share/interfaces/cmake/export_interfaces__rosidl_typesupport_fastrtps_cExport.cmake
[4.824s] -- Installing: /home/rahul/ros2_ws/install/interfaces/share/interfaces/cmake/export_interfaces__rosidl_typesupport_fastrtps_cExport-noconfig.cmake
[4.824s] -- Installing: /home/rahul/ros2_ws/install/interfaces/share/interfaces/cmake/interfaces__rosidl_typesupport_introspection_cExport.cmake
[4.824s] -- Installing: /home/rahul/ros2_ws/install/interfaces/share/interfaces/cmake/interfaces__rosidl_typesupport_introspection_cExport-noconfig.cmake
[4.825s] -- Installing: /home/rahul/ros2_ws/install/interfaces/share/interfaces/cmake/interfaces__rosidl_typesupport_cExport.cmake
[4.825s] -- Installing: /home/rahul/ros2_ws/install/interfaces/share/interfaces/cmake/interfaces__rosidl_typesupport_cExport-noconfig.cmake
[4.825s] -- Installing: /home/rahul/ros2_ws/install/interfaces/share/interfaces/cmake/export_interfaces__rosidl_generator_cppExport.cmake
[4.826s] -- Installing: /home/rahul/ros2_ws/install/interfaces/share/interfaces/cmake/export_interfaces__rosidl_typesupport_fastrtps_cppExport.cmake
[4.826s] -- Installing: /home/rahul/ros2_ws/install/interfaces/share/interfaces/cmake/export_interfaces__rosidl_typesupport_fastrtps_cppExport-noconfig.cmake
[4.827s] -- Installing: /home/rahul/ros2_ws/install/interfaces/share/interfaces/cmake/interfaces__rosidl_typesupport_introspection_cppExport.cmake
[4.827s] -- Installing: /home/rahul/ros2_ws/install/interfaces/share/interfaces/cmake/interfaces__rosidl_typesupport_introspection_cppExport-noconfig.cmake
[4.828s] -- Installing: /home/rahul/ros2_ws/install/interfaces/share/interfaces/cmake/interfaces__rosidl_typesupport_cppExport.cmake
[4.828s] -- Installing: /home/rahul/ros2_ws/install/interfaces/share/interfaces/cmake/interfaces__rosidl_typesupport_cppExport-noconfig.cmake
[4.828s] -- Installing: /home/rahul/ros2_ws/install/interfaces/share/interfaces/cmake/export_interfaces__rosidl_generator_pyExport.cmake
[4.829s] -- Installing: /home/rahul/ros2_ws/install/interfaces/share/interfaces/cmake/export_interfaces__rosidl_generator_pyExport-noconfig.cmake
[4.829s] -- Installing: /home/rahul/ros2_ws/install/interfaces/share/interfaces/cmake/rosidl_cmake-extras.cmake
[4.829s] -- Installing: /home/rahul/ros2_ws/install/interfaces/share/interfaces/cmake/ament_cmake_export_include_directories-extras.cmake
[4.829s] -- Installing: /home/rahul/ros2_ws/install/interfaces/share/interfaces/cmake/ament_cmake_export_libraries-extras.cmake
[4.830s] -- Installing: /home/rahul/ros2_ws/install/interfaces/share/interfaces/cmake/ament_cmake_export_targets-extras.cmake
[4.830s] -- Installing: /home/rahul/ros2_ws/install/interfaces/share/interfaces/cmake/rosidl_cmake_export_typesupport_targets-extras.cmake
[4.830s] -- Installing: /home/rahul/ros2_ws/install/interfaces/share/interfaces/cmake/ament_cmake_export_dependencies-extras.cmake
[4.831s] -- Installing: /home/rahul/ros2_ws/install/interfaces/share/interfaces/cmake/rosidl_cmake_export_typesupport_libraries-extras.cmake
[4.831s] -- Installing: /home/rahul/ros2_ws/install/interfaces/share/interfaces/cmake/interfacesConfig.cmake
[4.831s] -- Installing: /home/rahul/ros2_ws/install/interfaces/share/interfaces/cmake/interfacesConfig-version.cmake
[4.832s] -- Installing: /home/rahul/ros2_ws/install/interfaces/share/interfaces/package.xml
[4.838s] Invoked command in '/home/rahul/ros2_ws/build/interfaces' returned '0': CMAKE_PREFIX_PATH=${CMAKE_PREFIX_PATH}:/opt/ros/humble /usr/bin/cmake --install /home/rahul/ros2_ws/build/interfaces
