[0.027s] Invoking command in '/home/rahul/AMR_Order_Pickup/build/interfaces': CMAKE_PREFIX_PATH=${CMAKE_PREFIX_PATH}:/opt/ros/humble /usr/bin/cmake /home/rahul/AMR_Order_Pickup/src/interfaces -DCMAKE_INSTALL_PREFIX=/home/rahul/AMR_Order_Pickup/install/interfaces
[0.385s] -- The C compiler identification is GNU 11.4.0
[0.563s] -- The CXX compiler identification is GNU 11.4.0
[0.584s] -- Detecting C compiler ABI info
[0.755s] -- Detecting C compiler ABI info - done
[0.773s] -- Check for working C compiler: /usr/bin/cc - skipped
[0.777s] -- Detecting C compile features
[0.780s] -- Detecting C compile features - done
[0.786s] -- Detecting CXX compiler ABI info
[0.953s] -- Detecting CXX compiler ABI info - done
[0.966s] -- Check for working CXX compiler: /usr/bin/c++ - skipped
[0.966s] -- Detecting CXX compile features
[0.967s] -- Detecting CXX compile features - done
[1.003s] -- Found ament_cmake: 1.3.10 (/opt/ros/humble/share/ament_cmake/cmake)
[1.297s] -- Found Python3: /usr/bin/python3 (found version "3.10.12") found components: Interpreter 
[1.546s] -- Found rosidl_default_generators: 1.2.0 (/opt/ros/humble/share/rosidl_default_generators/cmake)
[1.554s] -- Using all available rosidl_typesupport_c: rosidl_typesupport_fastrtps_c;rosidl_typesupport_introspection_c
[1.572s] -- Found rosidl_adapter: 3.1.5 (/opt/ros/humble/share/rosidl_adapter/cmake)
[1.710s] -- Using all available rosidl_typesupport_cpp: rosidl_typesupport_fastrtps_cpp;rosidl_typesupport_introspection_cpp
[2.403s] -- Found ament_cmake_ros: 0.10.0 (/opt/ros/humble/share/ament_cmake_ros/cmake)
[2.776s] -- Using all available rosidl_typesupport_c: rosidl_typesupport_fastrtps_c;rosidl_typesupport_introspection_c
[3.259s] -- Using all available rosidl_typesupport_cpp: rosidl_typesupport_fastrtps_cpp;rosidl_typesupport_introspection_cpp
[3.306s] -- Found PythonInterp: /usr/bin/python3 (found suitable version "3.10.12", minimum required is "3.6") 
[3.312s] -- Found python_cmake_module: 0.10.0 (/opt/ros/humble/share/python_cmake_module/cmake)
[3.367s] -- Found PythonLibs: /usr/lib/x86_64-linux-gnu/libpython3.10.so (found suitable version "3.10.12", minimum required is "3.5") 
[3.367s] -- Using PYTHON_EXECUTABLE: /usr/bin/python3
[3.367s] -- Using PYTHON_INCLUDE_DIRS: /usr/include/python3.10
[3.367s] -- Using PYTHON_LIBRARIES: /usr/lib/x86_64-linux-gnu/libpython3.10.so
[3.410s] -- Found PythonExtra: .so  
[3.479s] -- Configuring done
[3.533s] -- Generating done
[3.541s] -- Build files have been written to: /home/rahul/AMR_Order_Pickup/build/interfaces
[3.565s] Invoked command in '/home/rahul/AMR_Order_Pickup/build/interfaces' returned '0': CMAKE_PREFIX_PATH=${CMAKE_PREFIX_PATH}:/opt/ros/humble /usr/bin/cmake /home/rahul/AMR_Order_Pickup/src/interfaces -DCMAKE_INSTALL_PREFIX=/home/rahul/AMR_Order_Pickup/install/interfaces
[3.570s] Invoking command in '/home/rahul/AMR_Order_Pickup/build/interfaces': CMAKE_PREFIX_PATH=${CMAKE_PREFIX_PATH}:/opt/ros/humble /usr/bin/cmake --build /home/rahul/AMR_Order_Pickup/build/interfaces -- -j6 -l6
[3.629s] [  3%] [34m[1mGenerating C code for ROS interfaces[0m
[3.672s] [  6%] [34m[1mGenerating C++ code for ROS interfaces[0m
[3.716s] [  6%] Built target ament_cmake_python_copy_interfaces
[4.267s] running egg_info
[4.268s] creating interfaces.egg-info
[4.269s] writing interfaces.egg-info/PKG-INFO
[4.269s] writing dependency_links to interfaces.egg-info/dependency_links.txt
[4.269s] writing top-level names to interfaces.egg-info/top_level.txt
[4.274s] writing manifest file 'interfaces.egg-info/SOURCES.txt'
[4.290s] reading manifest file 'interfaces.egg-info/SOURCES.txt'
[4.292s] writing manifest file 'interfaces.egg-info/SOURCES.txt'
[4.408s] [  6%] Built target interfaces__cpp
[4.439s] [  9%] [34m[1mGenerating C++ type support for eProsima Fast-RTPS[0m
[4.454s] [ 12%] Built target ament_cmake_python_build_interfaces_egg
[4.457s] [ 12%] [34m[1mGenerating C++ introspection for ROS interfaces[0m
[4.457s] [ 16%] [34m[1mGenerating C++ type support dispatch for ROS interfaces[0m
[4.463s] [ 19%] [32mBuilding C object CMakeFiles/interfaces__rosidl_generator_c.dir/rosidl_generator_c/interfaces/msg/detail/order__functions.c.o[0m
[4.832s] [ 22%] [32m[1mLinking C shared library libinterfaces__rosidl_generator_c.so[0m
[4.970s] [ 22%] Built target interfaces__rosidl_generator_c
[5.044s] [ 25%] [34m[1mGenerating C introspection for ROS interfaces[0m
[5.062s] [ 29%] [34m[1mGenerating C type support dispatch for ROS interfaces[0m
[5.069s] [ 32%] [34m[1mGenerating C type support for eProsima Fast-RTPS[0m
[5.135s] [ 35%] [32mBuilding CXX object CMakeFiles/interfaces__rosidl_typesupport_cpp.dir/rosidl_typesupport_cpp/interfaces/msg/order__type_support.cpp.o[0m
[5.212s] [ 38%] [32mBuilding CXX object CMakeFiles/interfaces__rosidl_typesupport_fastrtps_cpp.dir/rosidl_typesupport_fastrtps_cpp/interfaces/msg/detail/dds_fastrtps/order__type_support.cpp.o[0m
[5.251s] [ 41%] [32mBuilding CXX object CMakeFiles/interfaces__rosidl_typesupport_introspection_cpp.dir/rosidl_typesupport_introspection_cpp/interfaces/msg/detail/order__type_support.cpp.o[0m
[5.938s] [ 45%] [32mBuilding C object CMakeFiles/interfaces__rosidl_typesupport_introspection_c.dir/rosidl_typesupport_introspection_c/interfaces/msg/detail/order__type_support.c.o[0m
[5.992s] [ 48%] [32mBuilding CXX object CMakeFiles/interfaces__rosidl_typesupport_c.dir/rosidl_typesupport_c/interfaces/msg/order__type_support.cpp.o[0m
[6.021s] [ 51%] [32mBuilding CXX object CMakeFiles/interfaces__rosidl_typesupport_fastrtps_c.dir/rosidl_typesupport_fastrtps_c/interfaces/msg/detail/order__type_support_c.cpp.o[0m
[6.096s] [ 54%] [32m[1mLinking C shared library libinterfaces__rosidl_typesupport_introspection_c.so[0m
[6.156s] [ 58%] [32m[1mLinking CXX shared library libinterfaces__rosidl_typesupport_c.so[0m
[6.201s] [ 61%] [32m[1mLinking CXX shared library libinterfaces__rosidl_typesupport_cpp.so[0m
[6.226s] [ 61%] Built target interfaces__rosidl_typesupport_introspection_c
[6.312s] [ 61%] Built target interfaces__rosidl_typesupport_c
[6.367s] [ 61%] Built target interfaces__rosidl_typesupport_cpp
[6.439s] [ 64%] [32m[1mLinking CXX shared library libinterfaces__rosidl_typesupport_introspection_cpp.so[0m
[6.484s] [ 67%] [32m[1mLinking CXX shared library libinterfaces__rosidl_typesupport_fastrtps_cpp.so[0m
[6.699s] [ 67%] Built target interfaces__rosidl_typesupport_introspection_cpp
[6.820s] [ 70%] [32m[1mLinking CXX shared library libinterfaces__rosidl_typesupport_fastrtps_c.so[0m
[6.863s] [ 70%] Built target interfaces__rosidl_typesupport_fastrtps_cpp
[7.108s] [ 70%] Built target interfaces__rosidl_typesupport_fastrtps_c
[7.154s] [ 70%] Built target interfaces
[7.199s] [ 74%] [34m[1mGenerating Python code for ROS interfaces[0m
[7.849s] [ 74%] Built target interfaces__py
[7.894s] [ 77%] [32mBuilding C object CMakeFiles/interfaces__rosidl_generator_py.dir/rosidl_generator_py/interfaces/msg/_order_s.c.o[0m
[8.076s] [ 80%] [32m[1mLinking C shared library rosidl_generator_py/interfaces/libinterfaces__rosidl_generator_py.so[0m
[8.178s] [ 80%] Built target interfaces__rosidl_generator_py
[8.211s] [ 87%] [32mBuilding C object CMakeFiles/interfaces__rosidl_typesupport_introspection_c__pyext.dir/rosidl_generator_py/interfaces/_interfaces_s.ep.rosidl_typesupport_introspection_c.c.o[0m
[8.211s] [ 87%] [32mBuilding C object CMakeFiles/interfaces__rosidl_typesupport_fastrtps_c__pyext.dir/rosidl_generator_py/interfaces/_interfaces_s.ep.rosidl_typesupport_fastrtps_c.c.o[0m
[8.227s] [ 90%] [32mBuilding C object CMakeFiles/interfaces__rosidl_typesupport_c__pyext.dir/rosidl_generator_py/interfaces/_interfaces_s.ep.rosidl_typesupport_c.c.o[0m
[8.363s] [ 96%] [32m[1mLinking C shared library rosidl_generator_py/interfaces/interfaces_s__rosidl_typesupport_introspection_c.cpython-310-x86_64-linux-gnu.so[0m
[8.363s] [ 96%] [32m[1mLinking C shared library rosidl_generator_py/interfaces/interfaces_s__rosidl_typesupport_c.cpython-310-x86_64-linux-gnu.so[0m
[8.378s] [100%] [32m[1mLinking C shared library rosidl_generator_py/interfaces/interfaces_s__rosidl_typesupport_fastrtps_c.cpython-310-x86_64-linux-gnu.so[0m
[8.459s] [100%] Built target interfaces__rosidl_typesupport_c__pyext
[8.465s] [100%] Built target interfaces__rosidl_typesupport_introspection_c__pyext
[8.483s] [100%] Built target interfaces__rosidl_typesupport_fastrtps_c__pyext
[8.517s] Invoked command in '/home/rahul/AMR_Order_Pickup/build/interfaces' returned '0': CMAKE_PREFIX_PATH=${CMAKE_PREFIX_PATH}:/opt/ros/humble /usr/bin/cmake --build /home/rahul/AMR_Order_Pickup/build/interfaces -- -j6 -l6
[8.689s] Invoking command in '/home/rahul/AMR_Order_Pickup/build/interfaces': CMAKE_PREFIX_PATH=${CMAKE_PREFIX_PATH}:/opt/ros/humble /usr/bin/cmake --install /home/rahul/AMR_Order_Pickup/build/interfaces
[8.701s] -- Install configuration: ""
[8.701s] -- Installing: /home/rahul/AMR_Order_Pickup/install/interfaces/share/ament_index/resource_index/rosidl_interfaces/interfaces
[8.701s] -- Installing: /home/rahul/AMR_Order_Pickup/install/interfaces/include/interfaces/interfaces
[8.702s] -- Installing: /home/rahul/AMR_Order_Pickup/install/interfaces/include/interfaces/interfaces/msg
[8.702s] -- Installing: /home/rahul/AMR_Order_Pickup/install/interfaces/include/interfaces/interfaces/msg/order.h
[8.702s] -- Installing: /home/rahul/AMR_Order_Pickup/install/interfaces/include/interfaces/interfaces/msg/rosidl_generator_c__visibility_control.h
[8.702s] -- Installing: /home/rahul/AMR_Order_Pickup/install/interfaces/include/interfaces/interfaces/msg/detail
[8.702s] -- Installing: /home/rahul/AMR_Order_Pickup/install/interfaces/include/interfaces/interfaces/msg/detail/order__struct.h
[8.702s] -- Installing: /home/rahul/AMR_Order_Pickup/install/interfaces/include/interfaces/interfaces/msg/detail/order__functions.c
[8.703s] -- Installing: /home/rahul/AMR_Order_Pickup/install/interfaces/include/interfaces/interfaces/msg/detail/order__type_support.h
[8.703s] -- Installing: /home/rahul/AMR_Order_Pickup/install/interfaces/include/interfaces/interfaces/msg/detail/order__functions.h
[8.703s] -- Installing: /home/rahul/AMR_Order_Pickup/install/interfaces/share/interfaces/environment/library_path.sh
[8.703s] -- Installing: /home/rahul/AMR_Order_Pickup/install/interfaces/share/interfaces/environment/library_path.dsv
[8.704s] -- Installing: /home/rahul/AMR_Order_Pickup/install/interfaces/lib/libinterfaces__rosidl_generator_c.so
[8.705s] -- Set runtime path of "/home/rahul/AMR_Order_Pickup/install/interfaces/lib/libinterfaces__rosidl_generator_c.so" to ""
[8.705s] -- Up-to-date: /home/rahul/AMR_Order_Pickup/install/interfaces/include/interfaces/interfaces
[8.706s] -- Up-to-date: /home/rahul/AMR_Order_Pickup/install/interfaces/include/interfaces/interfaces/msg
[8.706s] -- Installing: /home/rahul/AMR_Order_Pickup/install/interfaces/include/interfaces/interfaces/msg/rosidl_typesupport_fastrtps_c__visibility_control.h
[8.706s] -- Up-to-date: /home/rahul/AMR_Order_Pickup/install/interfaces/include/interfaces/interfaces/msg/detail
[8.707s] -- Installing: /home/rahul/AMR_Order_Pickup/install/interfaces/include/interfaces/interfaces/msg/detail/order__rosidl_typesupport_fastrtps_c.h
[8.707s] -- Installing: /home/rahul/AMR_Order_Pickup/install/interfaces/lib/libinterfaces__rosidl_typesupport_fastrtps_c.so
[8.707s] -- Set runtime path of "/home/rahul/AMR_Order_Pickup/install/interfaces/lib/libinterfaces__rosidl_typesupport_fastrtps_c.so" to ""
[8.707s] -- Up-to-date: /home/rahul/AMR_Order_Pickup/install/interfaces/include/interfaces/interfaces
[8.707s] -- Up-to-date: /home/rahul/AMR_Order_Pickup/install/interfaces/include/interfaces/interfaces/msg
[8.707s] -- Installing: /home/rahul/AMR_Order_Pickup/install/interfaces/include/interfaces/interfaces/msg/rosidl_typesupport_introspection_c__visibility_control.h
[8.708s] -- Up-to-date: /home/rahul/AMR_Order_Pickup/install/interfaces/include/interfaces/interfaces/msg/detail
[8.708s] -- Installing: /home/rahul/AMR_Order_Pickup/install/interfaces/include/interfaces/interfaces/msg/detail/order__rosidl_typesupport_introspection_c.h
[8.708s] -- Installing: /home/rahul/AMR_Order_Pickup/install/interfaces/include/interfaces/interfaces/msg/detail/order__type_support.c
[8.708s] -- Installing: /home/rahul/AMR_Order_Pickup/install/interfaces/lib/libinterfaces__rosidl_typesupport_introspection_c.so
[8.708s] -- Set runtime path of "/home/rahul/AMR_Order_Pickup/install/interfaces/lib/libinterfaces__rosidl_typesupport_introspection_c.so" to ""
[8.709s] -- Installing: /home/rahul/AMR_Order_Pickup/install/interfaces/lib/libinterfaces__rosidl_typesupport_c.so
[8.709s] -- Set runtime path of "/home/rahul/AMR_Order_Pickup/install/interfaces/lib/libinterfaces__rosidl_typesupport_c.so" to ""
[8.709s] -- Up-to-date: /home/rahul/AMR_Order_Pickup/install/interfaces/include/interfaces/interfaces
[8.709s] -- Up-to-date: /home/rahul/AMR_Order_Pickup/install/interfaces/include/interfaces/interfaces/msg
[8.709s] -- Up-to-date: /home/rahul/AMR_Order_Pickup/install/interfaces/include/interfaces/interfaces/msg/detail
[8.710s] -- Installing: /home/rahul/AMR_Order_Pickup/install/interfaces/include/interfaces/interfaces/msg/detail/order__builder.hpp
[8.710s] -- Installing: /home/rahul/AMR_Order_Pickup/install/interfaces/include/interfaces/interfaces/msg/detail/order__traits.hpp
[8.710s] -- Installing: /home/rahul/AMR_Order_Pickup/install/interfaces/include/interfaces/interfaces/msg/detail/order__struct.hpp
[8.710s] -- Installing: /home/rahul/AMR_Order_Pickup/install/interfaces/include/interfaces/interfaces/msg/order.hpp
[8.711s] -- Up-to-date: /home/rahul/AMR_Order_Pickup/install/interfaces/include/interfaces/interfaces
[8.712s] -- Up-to-date: /home/rahul/AMR_Order_Pickup/install/interfaces/include/interfaces/interfaces/msg
[8.712s] -- Up-to-date: /home/rahul/AMR_Order_Pickup/install/interfaces/include/interfaces/interfaces/msg/detail
[8.712s] -- Installing: /home/rahul/AMR_Order_Pickup/install/interfaces/include/interfaces/interfaces/msg/detail/dds_fastrtps
[8.712s] -- Installing: /home/rahul/AMR_Order_Pickup/install/interfaces/include/interfaces/interfaces/msg/detail/order__rosidl_typesupport_fastrtps_cpp.hpp
[8.712s] -- Installing: /home/rahul/AMR_Order_Pickup/install/interfaces/include/interfaces/interfaces/msg/rosidl_typesupport_fastrtps_cpp__visibility_control.h
[8.712s] -- Installing: /home/rahul/AMR_Order_Pickup/install/interfaces/lib/libinterfaces__rosidl_typesupport_fastrtps_cpp.so
[8.717s] -- Set runtime path of "/home/rahul/AMR_Order_Pickup/install/interfaces/lib/libinterfaces__rosidl_typesupport_fastrtps_cpp.so" to ""
[8.717s] -- Up-to-date: /home/rahul/AMR_Order_Pickup/install/interfaces/include/interfaces/interfaces
[8.717s] -- Up-to-date: /home/rahul/AMR_Order_Pickup/install/interfaces/include/interfaces/interfaces/msg
[8.717s] -- Up-to-date: /home/rahul/AMR_Order_Pickup/install/interfaces/include/interfaces/interfaces/msg/detail
[8.718s] -- Installing: /home/rahul/AMR_Order_Pickup/install/interfaces/include/interfaces/interfaces/msg/detail/order__rosidl_typesupport_introspection_cpp.hpp
[8.718s] -- Installing: /home/rahul/AMR_Order_Pickup/install/interfaces/include/interfaces/interfaces/msg/detail/order__type_support.cpp
[8.718s] -- Installing: /home/rahul/AMR_Order_Pickup/install/interfaces/lib/libinterfaces__rosidl_typesupport_introspection_cpp.so
[8.720s] -- Set runtime path of "/home/rahul/AMR_Order_Pickup/install/interfaces/lib/libinterfaces__rosidl_typesupport_introspection_cpp.so" to ""
[8.720s] -- Installing: /home/rahul/AMR_Order_Pickup/install/interfaces/lib/libinterfaces__rosidl_typesupport_cpp.so
[8.721s] -- Set runtime path of "/home/rahul/AMR_Order_Pickup/install/interfaces/lib/libinterfaces__rosidl_typesupport_cpp.so" to ""
[8.721s] -- Installing: /home/rahul/AMR_Order_Pickup/install/interfaces/share/interfaces/environment/pythonpath.sh
[8.721s] -- Installing: /home/rahul/AMR_Order_Pickup/install/interfaces/share/interfaces/environment/pythonpath.dsv
[8.721s] -- Installing: /home/rahul/AMR_Order_Pickup/install/interfaces/local/lib/python3.10/dist-packages/interfaces-0.0.0-py3.10.egg-info
[8.722s] -- Installing: /home/rahul/AMR_Order_Pickup/install/interfaces/local/lib/python3.10/dist-packages/interfaces-0.0.0-py3.10.egg-info/top_level.txt
[8.727s] -- Installing: /home/rahul/AMR_Order_Pickup/install/interfaces/local/lib/python3.10/dist-packages/interfaces-0.0.0-py3.10.egg-info/SOURCES.txt
[8.728s] -- Installing: /home/rahul/AMR_Order_Pickup/install/interfaces/local/lib/python3.10/dist-packages/interfaces-0.0.0-py3.10.egg-info/PKG-INFO
[8.728s] -- Installing: /home/rahul/AMR_Order_Pickup/install/interfaces/local/lib/python3.10/dist-packages/interfaces-0.0.0-py3.10.egg-info/dependency_links.txt
[8.728s] -- Installing: /home/rahul/AMR_Order_Pickup/install/interfaces/local/lib/python3.10/dist-packages/interfaces
[8.728s] -- Installing: /home/rahul/AMR_Order_Pickup/install/interfaces/local/lib/python3.10/dist-packages/interfaces/_interfaces_s.ep.rosidl_typesupport_fastrtps_c.c
[8.728s] -- Installing: /home/rahul/AMR_Order_Pickup/install/interfaces/local/lib/python3.10/dist-packages/interfaces/interfaces_s__rosidl_typesupport_introspection_c.cpython-310-x86_64-linux-gnu.so
[8.728s] -- Installing: /home/rahul/AMR_Order_Pickup/install/interfaces/local/lib/python3.10/dist-packages/interfaces/interfaces_s__rosidl_typesupport_fastrtps_c.cpython-310-x86_64-linux-gnu.so
[8.728s] -- Installing: /home/rahul/AMR_Order_Pickup/install/interfaces/local/lib/python3.10/dist-packages/interfaces/interfaces_s__rosidl_typesupport_c.cpython-310-x86_64-linux-gnu.so
[8.728s] -- Installing: /home/rahul/AMR_Order_Pickup/install/interfaces/local/lib/python3.10/dist-packages/interfaces/_interfaces_s.ep.rosidl_typesupport_introspection_c.c
[8.728s] -- Installing: /home/rahul/AMR_Order_Pickup/install/interfaces/local/lib/python3.10/dist-packages/interfaces/__init__.py
[8.728s] -- Installing: /home/rahul/AMR_Order_Pickup/install/interfaces/local/lib/python3.10/dist-packages/interfaces/libinterfaces__rosidl_generator_py.so
[8.728s] -- Installing: /home/rahul/AMR_Order_Pickup/install/interfaces/local/lib/python3.10/dist-packages/interfaces/_interfaces_s.ep.rosidl_typesupport_c.c
[8.729s] -- Installing: /home/rahul/AMR_Order_Pickup/install/interfaces/local/lib/python3.10/dist-packages/interfaces/msg
[8.729s] -- Installing: /home/rahul/AMR_Order_Pickup/install/interfaces/local/lib/python3.10/dist-packages/interfaces/msg/_order_s.c
[8.729s] -- Installing: /home/rahul/AMR_Order_Pickup/install/interfaces/local/lib/python3.10/dist-packages/interfaces/msg/_order.py
[8.729s] -- Installing: /home/rahul/AMR_Order_Pickup/install/interfaces/local/lib/python3.10/dist-packages/interfaces/msg/__init__.py
[8.789s] Listing '/home/rahul/AMR_Order_Pickup/install/interfaces/local/lib/python3.10/dist-packages/interfaces'...
[8.789s] Compiling '/home/rahul/AMR_Order_Pickup/install/interfaces/local/lib/python3.10/dist-packages/interfaces/__init__.py'...
[8.789s] Listing '/home/rahul/AMR_Order_Pickup/install/interfaces/local/lib/python3.10/dist-packages/interfaces/msg'...
[8.789s] Compiling '/home/rahul/AMR_Order_Pickup/install/interfaces/local/lib/python3.10/dist-packages/interfaces/msg/__init__.py'...
[8.789s] Compiling '/home/rahul/AMR_Order_Pickup/install/interfaces/local/lib/python3.10/dist-packages/interfaces/msg/_order.py'...
[8.797s] -- Installing: /home/rahul/AMR_Order_Pickup/install/interfaces/local/lib/python3.10/dist-packages/interfaces/interfaces_s__rosidl_typesupport_fastrtps_c.cpython-310-x86_64-linux-gnu.so
[8.798s] -- Set runtime path of "/home/rahul/AMR_Order_Pickup/install/interfaces/local/lib/python3.10/dist-packages/interfaces/interfaces_s__rosidl_typesupport_fastrtps_c.cpython-310-x86_64-linux-gnu.so" to ""
[8.798s] -- Installing: /home/rahul/AMR_Order_Pickup/install/interfaces/local/lib/python3.10/dist-packages/interfaces/interfaces_s__rosidl_typesupport_introspection_c.cpython-310-x86_64-linux-gnu.so
[8.800s] -- Set runtime path of "/home/rahul/AMR_Order_Pickup/install/interfaces/local/lib/python3.10/dist-packages/interfaces/interfaces_s__rosidl_typesupport_introspection_c.cpython-310-x86_64-linux-gnu.so" to ""
[8.800s] -- Installing: /home/rahul/AMR_Order_Pickup/install/interfaces/local/lib/python3.10/dist-packages/interfaces/interfaces_s__rosidl_typesupport_c.cpython-310-x86_64-linux-gnu.so
[8.801s] -- Set runtime path of "/home/rahul/AMR_Order_Pickup/install/interfaces/local/lib/python3.10/dist-packages/interfaces/interfaces_s__rosidl_typesupport_c.cpython-310-x86_64-linux-gnu.so" to ""
[8.801s] -- Installing: /home/rahul/AMR_Order_Pickup/install/interfaces/lib/libinterfaces__rosidl_generator_py.so
[8.802s] -- Set runtime path of "/home/rahul/AMR_Order_Pickup/install/interfaces/lib/libinterfaces__rosidl_generator_py.so" to ""
[8.802s] -- Installing: /home/rahul/AMR_Order_Pickup/install/interfaces/share/interfaces/msg/Order.idl
[8.802s] -- Installing: /home/rahul/AMR_Order_Pickup/install/interfaces/share/interfaces/msg/Order.msg
[8.803s] -- Installing: /home/rahul/AMR_Order_Pickup/install/interfaces/share/ament_index/resource_index/package_run_dependencies/interfaces
[8.803s] -- Installing: /home/rahul/AMR_Order_Pickup/install/interfaces/share/ament_index/resource_index/parent_prefix_path/interfaces
[8.803s] -- Installing: /home/rahul/AMR_Order_Pickup/install/interfaces/share/interfaces/environment/ament_prefix_path.sh
[8.803s] -- Installing: /home/rahul/AMR_Order_Pickup/install/interfaces/share/interfaces/environment/ament_prefix_path.dsv
[8.804s] -- Installing: /home/rahul/AMR_Order_Pickup/install/interfaces/share/interfaces/environment/path.sh
[8.804s] -- Installing: /home/rahul/AMR_Order_Pickup/install/interfaces/share/interfaces/environment/path.dsv
[8.804s] -- Installing: /home/rahul/AMR_Order_Pickup/install/interfaces/share/interfaces/local_setup.bash
[8.804s] -- Installing: /home/rahul/AMR_Order_Pickup/install/interfaces/share/interfaces/local_setup.sh
[8.805s] -- Installing: /home/rahul/AMR_Order_Pickup/install/interfaces/share/interfaces/local_setup.zsh
[8.805s] -- Installing: /home/rahul/AMR_Order_Pickup/install/interfaces/share/interfaces/local_setup.dsv
[8.805s] -- Installing: /home/rahul/AMR_Order_Pickup/install/interfaces/share/interfaces/package.dsv
[8.806s] -- Installing: /home/rahul/AMR_Order_Pickup/install/interfaces/share/ament_index/resource_index/packages/interfaces
[8.806s] -- Installing: /home/rahul/AMR_Order_Pickup/install/interfaces/share/interfaces/cmake/export_interfaces__rosidl_generator_cExport.cmake
[8.806s] -- Installing: /home/rahul/AMR_Order_Pickup/install/interfaces/share/interfaces/cmake/export_interfaces__rosidl_generator_cExport-noconfig.cmake
[8.806s] -- Installing: /home/rahul/AMR_Order_Pickup/install/interfaces/share/interfaces/cmake/export_interfaces__rosidl_typesupport_fastrtps_cExport.cmake
[8.807s] -- Installing: /home/rahul/AMR_Order_Pickup/install/interfaces/share/interfaces/cmake/export_interfaces__rosidl_typesupport_fastrtps_cExport-noconfig.cmake
[8.807s] -- Installing: /home/rahul/AMR_Order_Pickup/install/interfaces/share/interfaces/cmake/interfaces__rosidl_typesupport_introspection_cExport.cmake
[8.807s] -- Installing: /home/rahul/AMR_Order_Pickup/install/interfaces/share/interfaces/cmake/interfaces__rosidl_typesupport_introspection_cExport-noconfig.cmake
[8.808s] -- Installing: /home/rahul/AMR_Order_Pickup/install/interfaces/share/interfaces/cmake/interfaces__rosidl_typesupport_cExport.cmake
[8.808s] -- Installing: /home/rahul/AMR_Order_Pickup/install/interfaces/share/interfaces/cmake/interfaces__rosidl_typesupport_cExport-noconfig.cmake
[8.808s] -- Installing: /home/rahul/AMR_Order_Pickup/install/interfaces/share/interfaces/cmake/export_interfaces__rosidl_generator_cppExport.cmake
[8.808s] -- Installing: /home/rahul/AMR_Order_Pickup/install/interfaces/share/interfaces/cmake/export_interfaces__rosidl_typesupport_fastrtps_cppExport.cmake
[8.809s] -- Installing: /home/rahul/AMR_Order_Pickup/install/interfaces/share/interfaces/cmake/export_interfaces__rosidl_typesupport_fastrtps_cppExport-noconfig.cmake
[8.809s] -- Installing: /home/rahul/AMR_Order_Pickup/install/interfaces/share/interfaces/cmake/interfaces__rosidl_typesupport_introspection_cppExport.cmake
[8.809s] -- Installing: /home/rahul/AMR_Order_Pickup/install/interfaces/share/interfaces/cmake/interfaces__rosidl_typesupport_introspection_cppExport-noconfig.cmake
[8.810s] -- Installing: /home/rahul/AMR_Order_Pickup/install/interfaces/share/interfaces/cmake/interfaces__rosidl_typesupport_cppExport.cmake
[8.810s] -- Installing: /home/rahul/AMR_Order_Pickup/install/interfaces/share/interfaces/cmake/interfaces__rosidl_typesupport_cppExport-noconfig.cmake
[8.810s] -- Installing: /home/rahul/AMR_Order_Pickup/install/interfaces/share/interfaces/cmake/export_interfaces__rosidl_generator_pyExport.cmake
[8.811s] -- Installing: /home/rahul/AMR_Order_Pickup/install/interfaces/share/interfaces/cmake/export_interfaces__rosidl_generator_pyExport-noconfig.cmake
[8.811s] -- Installing: /home/rahul/AMR_Order_Pickup/install/interfaces/share/interfaces/cmake/rosidl_cmake-extras.cmake
[8.811s] -- Installing: /home/rahul/AMR_Order_Pickup/install/interfaces/share/interfaces/cmake/ament_cmake_export_include_directories-extras.cmake
[8.811s] -- Installing: /home/rahul/AMR_Order_Pickup/install/interfaces/share/interfaces/cmake/ament_cmake_export_libraries-extras.cmake
[8.812s] -- Installing: /home/rahul/AMR_Order_Pickup/install/interfaces/share/interfaces/cmake/ament_cmake_export_targets-extras.cmake
[8.812s] -- Installing: /home/rahul/AMR_Order_Pickup/install/interfaces/share/interfaces/cmake/rosidl_cmake_export_typesupport_targets-extras.cmake
[8.813s] -- Installing: /home/rahul/AMR_Order_Pickup/install/interfaces/share/interfaces/cmake/ament_cmake_export_dependencies-extras.cmake
[8.816s] -- Installing: /home/rahul/AMR_Order_Pickup/install/interfaces/share/interfaces/cmake/rosidl_cmake_export_typesupport_libraries-extras.cmake
[8.817s] -- Installing: /home/rahul/AMR_Order_Pickup/install/interfaces/share/interfaces/cmake/interfacesConfig.cmake
[8.818s] -- Installing: /home/rahul/AMR_Order_Pickup/install/interfaces/share/interfaces/cmake/interfacesConfig-version.cmake
[8.818s] -- Installing: /home/rahul/AMR_Order_Pickup/install/interfaces/share/interfaces/package.xml
[8.821s] Invoked command in '/home/rahul/AMR_Order_Pickup/build/interfaces' returned '0': CMAKE_PREFIX_PATH=${CMAKE_PREFIX_PATH}:/opt/ros/humble /usr/bin/cmake --install /home/rahul/AMR_Order_Pickup/build/interfaces
