[0.019s] Invoking command in '/home/rahul/AMR_Order_Pickup/build/interfaces': CMAKE_PREFIX_PATH=/opt/ros/humble /usr/bin/cmake /home/rahul/AMR_Order_Pickup/src/interfaces -DCMAKE_INSTALL_PREFIX=/home/rahul/AMR_Order_Pickup/install/interfaces
[0.229s] -- The C compiler identification is GNU 11.4.0
[0.372s] -- The CXX compiler identification is GNU 11.4.0
[0.393s] -- Detecting C compiler ABI info
[0.527s] -- Detecting C compiler ABI info - done
[0.541s] -- Check for working C compiler: /usr/bin/cc - skipped
[0.541s] -- Detecting C compile features
[0.542s] -- Detecting C compile features - done
[0.548s] -- Detecting CXX compiler ABI info
[0.692s] -- Detecting CXX compiler ABI info - done
[0.706s] -- Check for working CXX compiler: /usr/bin/c++ - skipped
[0.706s] -- Detecting CXX compile features
[0.707s] -- Detecting CXX compile features - done
[0.724s] -- Found ament_cmake: 1.3.10 (/opt/ros/humble/share/ament_cmake/cmake)
[0.937s] -- Found Python3: /usr/bin/python3 (found version "3.10.12") found components: Interpreter 
[1.092s] -- Found rosidl_default_generators: 1.2.0 (/opt/ros/humble/share/rosidl_default_generators/cmake)
[1.099s] -- Using all available rosidl_typesupport_c: rosidl_typesupport_fastrtps_c;rosidl_typesupport_introspection_c
[1.110s] -- Found rosidl_adapter: 3.1.5 (/opt/ros/humble/share/rosidl_adapter/cmake)
[1.195s] -- Using all available rosidl_typesupport_cpp: rosidl_typesupport_fastrtps_cpp;rosidl_typesupport_introspection_cpp
[1.606s] -- Found ament_cmake_ros: 0.10.0 (/opt/ros/humble/share/ament_cmake_ros/cmake)
[1.854s] -- Using all available rosidl_typesupport_c: rosidl_typesupport_fastrtps_c;rosidl_typesupport_introspection_c
[2.186s] -- Using all available rosidl_typesupport_cpp: rosidl_typesupport_fastrtps_cpp;rosidl_typesupport_introspection_cpp
[2.216s] -- Found PythonInterp: /usr/bin/python3 (found suitable version "3.10.12", minimum required is "3.6") 
[2.219s] -- Found python_cmake_module: 0.10.0 (/opt/ros/humble/share/python_cmake_module/cmake)
[2.259s] -- Found PythonLibs: /usr/lib/x86_64-linux-gnu/libpython3.10.so (found suitable version "3.10.12", minimum required is "3.5") 
[2.259s] -- Using PYTHON_EXECUTABLE: /usr/bin/python3
[2.259s] -- Using PYTHON_INCLUDE_DIRS: /usr/include/python3.10
[2.259s] -- Using PYTHON_LIBRARIES: /usr/lib/x86_64-linux-gnu/libpython3.10.so
[2.293s] -- Found PythonExtra: .so  
[2.376s] -- Configuring done
[2.417s] -- Generating done
[2.421s] -- Build files have been written to: /home/rahul/AMR_Order_Pickup/build/interfaces
[2.431s] Invoked command in '/home/rahul/AMR_Order_Pickup/build/interfaces' returned '0': CMAKE_PREFIX_PATH=/opt/ros/humble /usr/bin/cmake /home/rahul/AMR_Order_Pickup/src/interfaces -DCMAKE_INSTALL_PREFIX=/home/rahul/AMR_Order_Pickup/install/interfaces
[2.434s] Invoking command in '/home/rahul/AMR_Order_Pickup/build/interfaces': CMAKE_PREFIX_PATH=/opt/ros/humble /usr/bin/cmake --build /home/rahul/AMR_Order_Pickup/build/interfaces -- -j6 -l6
[2.489s] [  3%] [34m[1mGenerating C code for ROS interfaces[0m
[2.503s] [  6%] [34m[1mGenerating C++ code for ROS interfaces[0m
[2.517s] [  6%] Built target ament_cmake_python_copy_interfaces
[2.821s] running egg_info
[2.822s] creating interfaces.egg-info
[2.822s] writing interfaces.egg-info/PKG-INFO
[2.823s] writing dependency_links to interfaces.egg-info/dependency_links.txt
[2.823s] writing top-level names to interfaces.egg-info/top_level.txt
[2.823s] writing manifest file 'interfaces.egg-info/SOURCES.txt'
[2.828s] reading manifest file 'interfaces.egg-info/SOURCES.txt'
[2.830s] writing manifest file 'interfaces.egg-info/SOURCES.txt'
[2.882s] [  9%] [32mBuilding C object CMakeFiles/interfaces__rosidl_generator_c.dir/rosidl_generator_c/interfaces/msg/detail/order__functions.c.o[0m
[2.896s] [  9%] Built target interfaces__cpp
[2.912s] [  9%] Built target ament_cmake_python_build_interfaces_egg
[2.913s] [ 16%] [34m[1mGenerating C++ type support dispatch for ROS interfaces[0m
[2.913s] [ 19%] [34m[1mGenerating C++ introspection for ROS interfaces[0m
[2.913s] [ 19%] [34m[1mGenerating C++ type support for eProsima Fast-RTPS[0m
[3.007s] [ 22%] [32m[1mLinking C shared library libinterfaces__rosidl_generator_c.so[0m
[3.087s] [ 22%] Built target interfaces__rosidl_generator_c
[3.106s] [ 25%] [34m[1mGenerating C type support for eProsima Fast-RTPS[0m
[3.108s] [ 32%] [34m[1mGenerating C type support dispatch for ROS interfaces[0m
[3.108s] [ 32%] [34m[1mGenerating C introspection for ROS interfaces[0m
[3.311s] [ 35%] [32mBuilding CXX object CMakeFiles/interfaces__rosidl_typesupport_cpp.dir/rosidl_typesupport_cpp/interfaces/msg/order__type_support.cpp.o[0m
[3.371s] [ 38%] [32mBuilding CXX object CMakeFiles/interfaces__rosidl_typesupport_fastrtps_cpp.dir/rosidl_typesupport_fastrtps_cpp/interfaces/msg/detail/dds_fastrtps/order__type_support.cpp.o[0m
[3.383s] [ 41%] [32mBuilding CXX object CMakeFiles/interfaces__rosidl_typesupport_introspection_cpp.dir/rosidl_typesupport_introspection_cpp/interfaces/msg/detail/order__type_support.cpp.o[0m
[3.512s] [ 45%] [32mBuilding CXX object CMakeFiles/interfaces__rosidl_typesupport_c.dir/rosidl_typesupport_c/interfaces/msg/order__type_support.cpp.o[0m
[3.562s] [ 48%] [32mBuilding C object CMakeFiles/interfaces__rosidl_typesupport_introspection_c.dir/rosidl_typesupport_introspection_c/interfaces/msg/detail/order__type_support.c.o[0m
[3.579s] [ 51%] [32m[1mLinking CXX shared library libinterfaces__rosidl_typesupport_c.so[0m
[3.622s] [ 54%] [32mBuilding CXX object CMakeFiles/interfaces__rosidl_typesupport_fastrtps_c.dir/rosidl_typesupport_fastrtps_c/interfaces/msg/detail/order__type_support_c.cpp.o[0m
[3.668s] [ 58%] [32m[1mLinking C shared library libinterfaces__rosidl_typesupport_introspection_c.so[0m
[3.698s] [ 58%] Built target interfaces__rosidl_typesupport_c
[3.739s] [ 58%] Built target interfaces__rosidl_typesupport_introspection_c
[3.807s] [ 61%] [32m[1mLinking CXX shared library libinterfaces__rosidl_typesupport_cpp.so[0m
[3.900s] [ 61%] Built target interfaces__rosidl_typesupport_cpp
[4.050s] [ 64%] [32m[1mLinking CXX shared library libinterfaces__rosidl_typesupport_introspection_cpp.so[0m
[4.063s] [ 67%] [32m[1mLinking CXX shared library libinterfaces__rosidl_typesupport_fastrtps_cpp.so[0m
[4.183s] [ 70%] [32m[1mLinking CXX shared library libinterfaces__rosidl_typesupport_fastrtps_c.so[0m
[4.258s] [ 70%] Built target interfaces__rosidl_typesupport_introspection_cpp
[4.296s] [ 70%] Built target interfaces__rosidl_typesupport_fastrtps_cpp
[4.382s] [ 70%] Built target interfaces__rosidl_typesupport_fastrtps_c
[4.413s] [ 70%] Built target interfaces
[4.445s] [ 74%] [34m[1mGenerating Python code for ROS interfaces[0m
[4.905s] [ 74%] Built target interfaces__py
[4.932s] [ 77%] [32mBuilding C object CMakeFiles/interfaces__rosidl_generator_py.dir/rosidl_generator_py/interfaces/msg/_order_s.c.o[0m
[5.132s] [ 80%] [32m[1mLinking C shared library rosidl_generator_py/interfaces/libinterfaces__rosidl_generator_py.so[0m
[5.211s] [ 80%] Built target interfaces__rosidl_generator_py
[5.242s] [ 87%] [32mBuilding C object CMakeFiles/interfaces__rosidl_typesupport_introspection_c__pyext.dir/rosidl_generator_py/interfaces/_interfaces_s.ep.rosidl_typesupport_introspection_c.c.o[0m
[5.242s] [ 87%] [32mBuilding C object CMakeFiles/interfaces__rosidl_typesupport_c__pyext.dir/rosidl_generator_py/interfaces/_interfaces_s.ep.rosidl_typesupport_c.c.o[0m
[5.242s] [ 90%] [32mBuilding C object CMakeFiles/interfaces__rosidl_typesupport_fastrtps_c__pyext.dir/rosidl_generator_py/interfaces/_interfaces_s.ep.rosidl_typesupport_fastrtps_c.c.o[0m
[5.361s] [ 93%] [32m[1mLinking C shared library rosidl_generator_py/interfaces/interfaces_s__rosidl_typesupport_fastrtps_c.cpython-310-x86_64-linux-gnu.so[0m
[5.361s] [ 96%] [32m[1mLinking C shared library rosidl_generator_py/interfaces/interfaces_s__rosidl_typesupport_introspection_c.cpython-310-x86_64-linux-gnu.so[0m
[5.375s] [100%] [32m[1mLinking C shared library rosidl_generator_py/interfaces/interfaces_s__rosidl_typesupport_c.cpython-310-x86_64-linux-gnu.so[0m
[5.412s] [100%] Built target interfaces__rosidl_typesupport_introspection_c__pyext
[5.417s] [100%] Built target interfaces__rosidl_typesupport_fastrtps_c__pyext
[5.428s] [100%] Built target interfaces__rosidl_typesupport_c__pyext
[5.445s] Invoked command in '/home/rahul/AMR_Order_Pickup/build/interfaces' returned '0': CMAKE_PREFIX_PATH=/opt/ros/humble /usr/bin/cmake --build /home/rahul/AMR_Order_Pickup/build/interfaces -- -j6 -l6
[5.558s] Invoking command in '/home/rahul/AMR_Order_Pickup/build/interfaces': CMAKE_PREFIX_PATH=/opt/ros/humble /usr/bin/cmake --install /home/rahul/AMR_Order_Pickup/build/interfaces
[5.568s] -- Install configuration: ""
[5.570s] -- Installing: /home/rahul/AMR_Order_Pickup/install/interfaces/share/ament_index/resource_index/rosidl_interfaces/interfaces
[5.570s] -- Installing: /home/rahul/AMR_Order_Pickup/install/interfaces/include/interfaces/interfaces
[5.570s] -- Installing: /home/rahul/AMR_Order_Pickup/install/interfaces/include/interfaces/interfaces/msg
[5.571s] -- Installing: /home/rahul/AMR_Order_Pickup/install/interfaces/include/interfaces/interfaces/msg/order.h
[5.571s] -- Installing: /home/rahul/AMR_Order_Pickup/install/interfaces/include/interfaces/interfaces/msg/rosidl_generator_c__visibility_control.h
[5.571s] -- Installing: /home/rahul/AMR_Order_Pickup/install/interfaces/include/interfaces/interfaces/msg/detail
[5.571s] -- Installing: /home/rahul/AMR_Order_Pickup/install/interfaces/include/interfaces/interfaces/msg/detail/order__struct.h
[5.571s] -- Installing: /home/rahul/AMR_Order_Pickup/install/interfaces/include/interfaces/interfaces/msg/detail/order__functions.c
[5.572s] -- Installing: /home/rahul/AMR_Order_Pickup/install/interfaces/include/interfaces/interfaces/msg/detail/order__type_support.h
[5.572s] -- Installing: /home/rahul/AMR_Order_Pickup/install/interfaces/include/interfaces/interfaces/msg/detail/order__functions.h
[5.573s] -- Installing: /home/rahul/AMR_Order_Pickup/install/interfaces/share/interfaces/environment/library_path.sh
[5.573s] -- Installing: /home/rahul/AMR_Order_Pickup/install/interfaces/share/interfaces/environment/library_path.dsv
[5.575s] -- Installing: /home/rahul/AMR_Order_Pickup/install/interfaces/lib/libinterfaces__rosidl_generator_c.so
[5.575s] -- Set runtime path of "/home/rahul/AMR_Order_Pickup/install/interfaces/lib/libinterfaces__rosidl_generator_c.so" to ""
[5.575s] -- Up-to-date: /home/rahul/AMR_Order_Pickup/install/interfaces/include/interfaces/interfaces
[5.576s] -- Up-to-date: /home/rahul/AMR_Order_Pickup/install/interfaces/include/interfaces/interfaces/msg
[5.576s] -- Installing: /home/rahul/AMR_Order_Pickup/install/interfaces/include/interfaces/interfaces/msg/rosidl_typesupport_fastrtps_c__visibility_control.h
[5.576s] -- Up-to-date: /home/rahul/AMR_Order_Pickup/install/interfaces/include/interfaces/interfaces/msg/detail
[5.576s] -- Installing: /home/rahul/AMR_Order_Pickup/install/interfaces/include/interfaces/interfaces/msg/detail/order__rosidl_typesupport_fastrtps_c.h
[5.576s] -- Installing: /home/rahul/AMR_Order_Pickup/install/interfaces/lib/libinterfaces__rosidl_typesupport_fastrtps_c.so
[5.576s] -- Set runtime path of "/home/rahul/AMR_Order_Pickup/install/interfaces/lib/libinterfaces__rosidl_typesupport_fastrtps_c.so" to ""
[5.576s] -- Up-to-date: /home/rahul/AMR_Order_Pickup/install/interfaces/include/interfaces/interfaces
[5.576s] -- Up-to-date: /home/rahul/AMR_Order_Pickup/install/interfaces/include/interfaces/interfaces/msg
[5.576s] -- Installing: /home/rahul/AMR_Order_Pickup/install/interfaces/include/interfaces/interfaces/msg/rosidl_typesupport_introspection_c__visibility_control.h
[5.576s] -- Up-to-date: /home/rahul/AMR_Order_Pickup/install/interfaces/include/interfaces/interfaces/msg/detail
[5.577s] -- Installing: /home/rahul/AMR_Order_Pickup/install/interfaces/include/interfaces/interfaces/msg/detail/order__rosidl_typesupport_introspection_c.h
[5.577s] -- Installing: /home/rahul/AMR_Order_Pickup/install/interfaces/include/interfaces/interfaces/msg/detail/order__type_support.c
[5.577s] -- Installing: /home/rahul/AMR_Order_Pickup/install/interfaces/lib/libinterfaces__rosidl_typesupport_introspection_c.so
[5.577s] -- Set runtime path of "/home/rahul/AMR_Order_Pickup/install/interfaces/lib/libinterfaces__rosidl_typesupport_introspection_c.so" to ""
[5.577s] -- Installing: /home/rahul/AMR_Order_Pickup/install/interfaces/lib/libinterfaces__rosidl_typesupport_c.so
[5.577s] -- Set runtime path of "/home/rahul/AMR_Order_Pickup/install/interfaces/lib/libinterfaces__rosidl_typesupport_c.so" to ""
[5.577s] -- Up-to-date: /home/rahul/AMR_Order_Pickup/install/interfaces/include/interfaces/interfaces
[5.577s] -- Up-to-date: /home/rahul/AMR_Order_Pickup/install/interfaces/include/interfaces/interfaces/msg
[5.577s] -- Up-to-date: /home/rahul/AMR_Order_Pickup/install/interfaces/include/interfaces/interfaces/msg/detail
[5.578s] -- Installing: /home/rahul/AMR_Order_Pickup/install/interfaces/include/interfaces/interfaces/msg/detail/order__builder.hpp
[5.578s] -- Installing: /home/rahul/AMR_Order_Pickup/install/interfaces/include/interfaces/interfaces/msg/detail/order__traits.hpp
[5.578s] -- Installing: /home/rahul/AMR_Order_Pickup/install/interfaces/include/interfaces/interfaces/msg/detail/order__struct.hpp
[5.578s] -- Installing: /home/rahul/AMR_Order_Pickup/install/interfaces/include/interfaces/interfaces/msg/order.hpp
[5.578s] -- Up-to-date: /home/rahul/AMR_Order_Pickup/install/interfaces/include/interfaces/interfaces
[5.578s] -- Up-to-date: /home/rahul/AMR_Order_Pickup/install/interfaces/include/interfaces/interfaces/msg
[5.578s] -- Up-to-date: /home/rahul/AMR_Order_Pickup/install/interfaces/include/interfaces/interfaces/msg/detail
[5.578s] -- Installing: /home/rahul/AMR_Order_Pickup/install/interfaces/include/interfaces/interfaces/msg/detail/dds_fastrtps
[5.578s] -- Installing: /home/rahul/AMR_Order_Pickup/install/interfaces/include/interfaces/interfaces/msg/detail/order__rosidl_typesupport_fastrtps_cpp.hpp
[5.579s] -- Installing: /home/rahul/AMR_Order_Pickup/install/interfaces/include/interfaces/interfaces/msg/rosidl_typesupport_fastrtps_cpp__visibility_control.h
[5.579s] -- Installing: /home/rahul/AMR_Order_Pickup/install/interfaces/lib/libinterfaces__rosidl_typesupport_fastrtps_cpp.so
[5.579s] -- Set runtime path of "/home/rahul/AMR_Order_Pickup/install/interfaces/lib/libinterfaces__rosidl_typesupport_fastrtps_cpp.so" to ""
[5.580s] -- Up-to-date: /home/rahul/AMR_Order_Pickup/install/interfaces/include/interfaces/interfaces
[5.580s] -- Up-to-date: /home/rahul/AMR_Order_Pickup/install/interfaces/include/interfaces/interfaces/msg
[5.580s] -- Up-to-date: /home/rahul/AMR_Order_Pickup/install/interfaces/include/interfaces/interfaces/msg/detail
[5.580s] -- Installing: /home/rahul/AMR_Order_Pickup/install/interfaces/include/interfaces/interfaces/msg/detail/order__rosidl_typesupport_introspection_cpp.hpp
[5.580s] -- Installing: /home/rahul/AMR_Order_Pickup/install/interfaces/include/interfaces/interfaces/msg/detail/order__type_support.cpp
[5.580s] -- Installing: /home/rahul/AMR_Order_Pickup/install/interfaces/lib/libinterfaces__rosidl_typesupport_introspection_cpp.so
[5.581s] -- Set runtime path of "/home/rahul/AMR_Order_Pickup/install/interfaces/lib/libinterfaces__rosidl_typesupport_introspection_cpp.so" to ""
[5.581s] -- Installing: /home/rahul/AMR_Order_Pickup/install/interfaces/lib/libinterfaces__rosidl_typesupport_cpp.so
[5.581s] -- Set runtime path of "/home/rahul/AMR_Order_Pickup/install/interfaces/lib/libinterfaces__rosidl_typesupport_cpp.so" to ""
[5.581s] -- Installing: /home/rahul/AMR_Order_Pickup/install/interfaces/share/interfaces/environment/pythonpath.sh
[5.581s] -- Installing: /home/rahul/AMR_Order_Pickup/install/interfaces/share/interfaces/environment/pythonpath.dsv
[5.582s] -- Installing: /home/rahul/AMR_Order_Pickup/install/interfaces/local/lib/python3.10/dist-packages/interfaces-0.0.0-py3.10.egg-info
[5.582s] -- Installing: /home/rahul/AMR_Order_Pickup/install/interfaces/local/lib/python3.10/dist-packages/interfaces-0.0.0-py3.10.egg-info/top_level.txt
[5.582s] -- Installing: /home/rahul/AMR_Order_Pickup/install/interfaces/local/lib/python3.10/dist-packages/interfaces-0.0.0-py3.10.egg-info/SOURCES.txt
[5.582s] -- Installing: /home/rahul/AMR_Order_Pickup/install/interfaces/local/lib/python3.10/dist-packages/interfaces-0.0.0-py3.10.egg-info/PKG-INFO
[5.582s] -- Installing: /home/rahul/AMR_Order_Pickup/install/interfaces/local/lib/python3.10/dist-packages/interfaces-0.0.0-py3.10.egg-info/dependency_links.txt
[5.583s] -- Installing: /home/rahul/AMR_Order_Pickup/install/interfaces/local/lib/python3.10/dist-packages/interfaces
[5.583s] -- Installing: /home/rahul/AMR_Order_Pickup/install/interfaces/local/lib/python3.10/dist-packages/interfaces/_interfaces_s.ep.rosidl_typesupport_fastrtps_c.c
[5.583s] -- Installing: /home/rahul/AMR_Order_Pickup/install/interfaces/local/lib/python3.10/dist-packages/interfaces/interfaces_s__rosidl_typesupport_introspection_c.cpython-310-x86_64-linux-gnu.so
[5.583s] -- Installing: /home/rahul/AMR_Order_Pickup/install/interfaces/local/lib/python3.10/dist-packages/interfaces/interfaces_s__rosidl_typesupport_fastrtps_c.cpython-310-x86_64-linux-gnu.so
[5.583s] -- Installing: /home/rahul/AMR_Order_Pickup/install/interfaces/local/lib/python3.10/dist-packages/interfaces/interfaces_s__rosidl_typesupport_c.cpython-310-x86_64-linux-gnu.so
[5.584s] -- Installing: /home/rahul/AMR_Order_Pickup/install/interfaces/local/lib/python3.10/dist-packages/interfaces/_interfaces_s.ep.rosidl_typesupport_introspection_c.c
[5.584s] -- Installing: /home/rahul/AMR_Order_Pickup/install/interfaces/local/lib/python3.10/dist-packages/interfaces/__init__.py
[5.584s] -- Installing: /home/rahul/AMR_Order_Pickup/install/interfaces/local/lib/python3.10/dist-packages/interfaces/libinterfaces__rosidl_generator_py.so
[5.584s] -- Installing: /home/rahul/AMR_Order_Pickup/install/interfaces/local/lib/python3.10/dist-packages/interfaces/_interfaces_s.ep.rosidl_typesupport_c.c
[5.584s] -- Installing: /home/rahul/AMR_Order_Pickup/install/interfaces/local/lib/python3.10/dist-packages/interfaces/msg
[5.585s] -- Installing: /home/rahul/AMR_Order_Pickup/install/interfaces/local/lib/python3.10/dist-packages/interfaces/msg/_order_s.c
[5.585s] -- Installing: /home/rahul/AMR_Order_Pickup/install/interfaces/local/lib/python3.10/dist-packages/interfaces/msg/_order.py
[5.585s] -- Installing: /home/rahul/AMR_Order_Pickup/install/interfaces/local/lib/python3.10/dist-packages/interfaces/msg/__init__.py
[5.627s] Listing '/home/rahul/AMR_Order_Pickup/install/interfaces/local/lib/python3.10/dist-packages/interfaces'...
[5.627s] Compiling '/home/rahul/AMR_Order_Pickup/install/interfaces/local/lib/python3.10/dist-packages/interfaces/__init__.py'...
[5.627s] Listing '/home/rahul/AMR_Order_Pickup/install/interfaces/local/lib/python3.10/dist-packages/interfaces/msg'...
[5.627s] Compiling '/home/rahul/AMR_Order_Pickup/install/interfaces/local/lib/python3.10/dist-packages/interfaces/msg/__init__.py'...
[5.627s] Compiling '/home/rahul/AMR_Order_Pickup/install/interfaces/local/lib/python3.10/dist-packages/interfaces/msg/_order.py'...
[5.635s] -- Installing: /home/rahul/AMR_Order_Pickup/install/interfaces/local/lib/python3.10/dist-packages/interfaces/interfaces_s__rosidl_typesupport_fastrtps_c.cpython-310-x86_64-linux-gnu.so
[5.636s] -- Set runtime path of "/home/rahul/AMR_Order_Pickup/install/interfaces/local/lib/python3.10/dist-packages/interfaces/interfaces_s__rosidl_typesupport_fastrtps_c.cpython-310-x86_64-linux-gnu.so" to ""
[5.636s] -- Installing: /home/rahul/AMR_Order_Pickup/install/interfaces/local/lib/python3.10/dist-packages/interfaces/interfaces_s__rosidl_typesupport_introspection_c.cpython-310-x86_64-linux-gnu.so
[5.636s] -- Set runtime path of "/home/rahul/AMR_Order_Pickup/install/interfaces/local/lib/python3.10/dist-packages/interfaces/interfaces_s__rosidl_typesupport_introspection_c.cpython-310-x86_64-linux-gnu.so" to ""
[5.636s] -- Installing: /home/rahul/AMR_Order_Pickup/install/interfaces/local/lib/python3.10/dist-packages/interfaces/interfaces_s__rosidl_typesupport_c.cpython-310-x86_64-linux-gnu.so
[5.637s] -- Set runtime path of "/home/rahul/AMR_Order_Pickup/install/interfaces/local/lib/python3.10/dist-packages/interfaces/interfaces_s__rosidl_typesupport_c.cpython-310-x86_64-linux-gnu.so" to ""
[5.637s] -- Installing: /home/rahul/AMR_Order_Pickup/install/interfaces/lib/libinterfaces__rosidl_generator_py.so
[5.637s] -- Set runtime path of "/home/rahul/AMR_Order_Pickup/install/interfaces/lib/libinterfaces__rosidl_generator_py.so" to ""
[5.638s] -- Installing: /home/rahul/AMR_Order_Pickup/install/interfaces/share/interfaces/msg/Order.idl
[5.638s] -- Installing: /home/rahul/AMR_Order_Pickup/install/interfaces/share/interfaces/msg/Order.msg
[5.638s] -- Installing: /home/rahul/AMR_Order_Pickup/install/interfaces/share/ament_index/resource_index/package_run_dependencies/interfaces
[5.638s] -- Installing: /home/rahul/AMR_Order_Pickup/install/interfaces/share/ament_index/resource_index/parent_prefix_path/interfaces
[5.638s] -- Installing: /home/rahul/AMR_Order_Pickup/install/interfaces/share/interfaces/environment/ament_prefix_path.sh
[5.639s] -- Installing: /home/rahul/AMR_Order_Pickup/install/interfaces/share/interfaces/environment/ament_prefix_path.dsv
[5.639s] -- Installing: /home/rahul/AMR_Order_Pickup/install/interfaces/share/interfaces/environment/path.sh
[5.639s] -- Installing: /home/rahul/AMR_Order_Pickup/install/interfaces/share/interfaces/environment/path.dsv
[5.640s] -- Installing: /home/rahul/AMR_Order_Pickup/install/interfaces/share/interfaces/local_setup.bash
[5.640s] -- Installing: /home/rahul/AMR_Order_Pickup/install/interfaces/share/interfaces/local_setup.sh
[5.640s] -- Installing: /home/rahul/AMR_Order_Pickup/install/interfaces/share/interfaces/local_setup.zsh
[5.640s] -- Installing: /home/rahul/AMR_Order_Pickup/install/interfaces/share/interfaces/local_setup.dsv
[5.640s] -- Installing: /home/rahul/AMR_Order_Pickup/install/interfaces/share/interfaces/package.dsv
[5.640s] -- Installing: /home/rahul/AMR_Order_Pickup/install/interfaces/share/ament_index/resource_index/packages/interfaces
[5.641s] -- Installing: /home/rahul/AMR_Order_Pickup/install/interfaces/share/interfaces/cmake/export_interfaces__rosidl_generator_cExport.cmake
[5.641s] -- Installing: /home/rahul/AMR_Order_Pickup/install/interfaces/share/interfaces/cmake/export_interfaces__rosidl_generator_cExport-noconfig.cmake
[5.641s] -- Installing: /home/rahul/AMR_Order_Pickup/install/interfaces/share/interfaces/cmake/export_interfaces__rosidl_typesupport_fastrtps_cExport.cmake
[5.641s] -- Installing: /home/rahul/AMR_Order_Pickup/install/interfaces/share/interfaces/cmake/export_interfaces__rosidl_typesupport_fastrtps_cExport-noconfig.cmake
[5.641s] -- Installing: /home/rahul/AMR_Order_Pickup/install/interfaces/share/interfaces/cmake/interfaces__rosidl_typesupport_introspection_cExport.cmake
[5.642s] -- Installing: /home/rahul/AMR_Order_Pickup/install/interfaces/share/interfaces/cmake/interfaces__rosidl_typesupport_introspection_cExport-noconfig.cmake
[5.642s] -- Installing: /home/rahul/AMR_Order_Pickup/install/interfaces/share/interfaces/cmake/interfaces__rosidl_typesupport_cExport.cmake
[5.642s] -- Installing: /home/rahul/AMR_Order_Pickup/install/interfaces/share/interfaces/cmake/interfaces__rosidl_typesupport_cExport-noconfig.cmake
[5.642s] -- Installing: /home/rahul/AMR_Order_Pickup/install/interfaces/share/interfaces/cmake/export_interfaces__rosidl_generator_cppExport.cmake
[5.643s] -- Installing: /home/rahul/AMR_Order_Pickup/install/interfaces/share/interfaces/cmake/export_interfaces__rosidl_typesupport_fastrtps_cppExport.cmake
[5.643s] -- Installing: /home/rahul/AMR_Order_Pickup/install/interfaces/share/interfaces/cmake/export_interfaces__rosidl_typesupport_fastrtps_cppExport-noconfig.cmake
[5.643s] -- Installing: /home/rahul/AMR_Order_Pickup/install/interfaces/share/interfaces/cmake/interfaces__rosidl_typesupport_introspection_cppExport.cmake
[5.643s] -- Installing: /home/rahul/AMR_Order_Pickup/install/interfaces/share/interfaces/cmake/interfaces__rosidl_typesupport_introspection_cppExport-noconfig.cmake
[5.643s] -- Installing: /home/rahul/AMR_Order_Pickup/install/interfaces/share/interfaces/cmake/interfaces__rosidl_typesupport_cppExport.cmake
[5.644s] -- Installing: /home/rahul/AMR_Order_Pickup/install/interfaces/share/interfaces/cmake/interfaces__rosidl_typesupport_cppExport-noconfig.cmake
[5.644s] -- Installing: /home/rahul/AMR_Order_Pickup/install/interfaces/share/interfaces/cmake/export_interfaces__rosidl_generator_pyExport.cmake
[5.644s] -- Installing: /home/rahul/AMR_Order_Pickup/install/interfaces/share/interfaces/cmake/export_interfaces__rosidl_generator_pyExport-noconfig.cmake
[5.644s] -- Installing: /home/rahul/AMR_Order_Pickup/install/interfaces/share/interfaces/cmake/rosidl_cmake-extras.cmake
[5.644s] -- Installing: /home/rahul/AMR_Order_Pickup/install/interfaces/share/interfaces/cmake/ament_cmake_export_include_directories-extras.cmake
[5.645s] -- Installing: /home/rahul/AMR_Order_Pickup/install/interfaces/share/interfaces/cmake/ament_cmake_export_libraries-extras.cmake
[5.645s] -- Installing: /home/rahul/AMR_Order_Pickup/install/interfaces/share/interfaces/cmake/ament_cmake_export_targets-extras.cmake
[5.645s] -- Installing: /home/rahul/AMR_Order_Pickup/install/interfaces/share/interfaces/cmake/rosidl_cmake_export_typesupport_targets-extras.cmake
[5.645s] -- Installing: /home/rahul/AMR_Order_Pickup/install/interfaces/share/interfaces/cmake/ament_cmake_export_dependencies-extras.cmake
[5.645s] -- Installing: /home/rahul/AMR_Order_Pickup/install/interfaces/share/interfaces/cmake/rosidl_cmake_export_typesupport_libraries-extras.cmake
[5.646s] -- Installing: /home/rahul/AMR_Order_Pickup/install/interfaces/share/interfaces/cmake/interfacesConfig.cmake
[5.646s] -- Installing: /home/rahul/AMR_Order_Pickup/install/interfaces/share/interfaces/cmake/interfacesConfig-version.cmake
[5.646s] -- Installing: /home/rahul/AMR_Order_Pickup/install/interfaces/share/interfaces/package.xml
[5.650s] Invoked command in '/home/rahul/AMR_Order_Pickup/build/interfaces' returned '0': CMAKE_PREFIX_PATH=/opt/ros/humble /usr/bin/cmake --install /home/rahul/AMR_Order_Pickup/build/interfaces
