[0.014s] Invoking command in '/home/rahul/ros2_ws/build/interfaces': CMAKE_PREFIX_PATH=${CMAKE_PREFIX_PATH}:/opt/ros/humble /usr/bin/cmake --build /home/rahul/ros2_ws/build/interfaces -- -j6 -l6
[0.071s] [35m[1mConsolidate compiler generated dependencies of target interfaces__rosidl_generator_c[0m
[0.086s] [  3%] Built target interfaces__cpp
[0.090s] [ 12%] Built target interfaces__rosidl_generator_c
[0.106s] [ 12%] Built target ament_cmake_python_copy_interfaces
[0.106s] [35m[1mConsolidate compiler generated dependencies of target interfaces__rosidl_typesupport_fastrtps_cpp[0m
[0.106s] [35m[1mConsolidate compiler generated dependencies of target interfaces__rosidl_typesupport_cpp[0m
[0.106s] [35m[1mConsolidate compiler generated dependencies of target interfaces__rosidl_typesupport_introspection_cpp[0m
[0.108s] [35m[1mConsolidate compiler generated dependencies of target interfaces__rosidl_typesupport_c[0m
[0.125s] [35m[1mConsolidate compiler generated dependencies of target interfaces__rosidl_typesupport_fastrtps_c[0m
[0.127s] [ 22%] Built target interfaces__rosidl_typesupport_fastrtps_cpp
[0.130s] [35m[1mConsolidate compiler generated dependencies of target interfaces__rosidl_typesupport_introspection_c[0m
[0.130s] [ 32%] Built target interfaces__rosidl_typesupport_c
[0.137s] [ 41%] Built target interfaces__rosidl_typesupport_introspection_cpp
[0.141s] [ 51%] Built target interfaces__rosidl_typesupport_cpp
[0.152s] [ 70%] Built target interfaces__rosidl_typesupport_introspection_c
[0.152s] [ 70%] Built target interfaces__rosidl_typesupport_fastrtps_c
[0.182s] [ 70%] Built target interfaces
[0.213s] [ 74%] Built target interfaces__py
[0.233s] [35m[1mConsolidate compiler generated dependencies of target interfaces__rosidl_generator_py[0m
[0.257s] [ 80%] Built target interfaces__rosidl_generator_py
[0.274s] [35m[1mConsolidate compiler generated dependencies of target interfaces__rosidl_typesupport_fastrtps_c__pyext[0m
[0.274s] [35m[1mConsolidate compiler generated dependencies of target interfaces__rosidl_typesupport_introspection_c__pyext[0m
[0.274s] [35m[1mConsolidate compiler generated dependencies of target interfaces__rosidl_typesupport_c__pyext[0m
[0.295s] [ 87%] Built target interfaces__rosidl_typesupport_introspection_c__pyext
[0.295s] [ 93%] Built target interfaces__rosidl_typesupport_c__pyext
[0.296s] [100%] Built target interfaces__rosidl_typesupport_fastrtps_c__pyext
[0.400s] running egg_info
[0.401s] writing interfaces.egg-info/PKG-INFO
[0.401s] writing dependency_links to interfaces.egg-info/dependency_links.txt
[0.402s] writing top-level names to interfaces.egg-info/top_level.txt
[0.404s] reading manifest file 'interfaces.egg-info/SOURCES.txt'
[0.404s] writing manifest file 'interfaces.egg-info/SOURCES.txt'
[0.447s] [100%] Built target ament_cmake_python_build_interfaces_egg
[0.464s] Invoked command in '/home/rahul/ros2_ws/build/interfaces' returned '0': CMAKE_PREFIX_PATH=${CMAKE_PREFIX_PATH}:/opt/ros/humble /usr/bin/cmake --build /home/rahul/ros2_ws/build/interfaces -- -j6 -l6
[0.571s] Invoking command in '/home/rahul/ros2_ws/build/interfaces': CMAKE_PREFIX_PATH=${CMAKE_PREFIX_PATH}:/opt/ros/humble /usr/bin/cmake --install /home/rahul/ros2_ws/build/interfaces
[0.582s] -- Install configuration: ""
[0.582s] -- Up-to-date: /home/rahul/ros2_ws/install/interfaces/share/ament_index/resource_index/rosidl_interfaces/interfaces
[0.582s] -- Up-to-date: /home/rahul/ros2_ws/install/interfaces/include/interfaces/interfaces
[0.583s] -- Up-to-date: /home/rahul/ros2_ws/install/interfaces/include/interfaces/interfaces/msg
[0.583s] -- Up-to-date: /home/rahul/ros2_ws/install/interfaces/include/interfaces/interfaces/msg/order.h
[0.583s] -- Up-to-date: /home/rahul/ros2_ws/install/interfaces/include/interfaces/interfaces/msg/rosidl_generator_c__visibility_control.h
[0.583s] -- Up-to-date: /home/rahul/ros2_ws/install/interfaces/include/interfaces/interfaces/msg/detail
[0.583s] -- Up-to-date: /home/rahul/ros2_ws/install/interfaces/include/interfaces/interfaces/msg/detail/order__struct.h
[0.583s] -- Up-to-date: /home/rahul/ros2_ws/install/interfaces/include/interfaces/interfaces/msg/detail/order__functions.c
[0.583s] -- Up-to-date: /home/rahul/ros2_ws/install/interfaces/include/interfaces/interfaces/msg/detail/order__type_support.h
[0.583s] -- Up-to-date: /home/rahul/ros2_ws/install/interfaces/include/interfaces/interfaces/msg/detail/order__functions.h
[0.583s] -- Up-to-date: /home/rahul/ros2_ws/install/interfaces/share/interfaces/environment/library_path.sh
[0.583s] -- Up-to-date: /home/rahul/ros2_ws/install/interfaces/share/interfaces/environment/library_path.dsv
[0.583s] -- Up-to-date: /home/rahul/ros2_ws/install/interfaces/lib/libinterfaces__rosidl_generator_c.so
[0.584s] -- Up-to-date: /home/rahul/ros2_ws/install/interfaces/include/interfaces/interfaces
[0.584s] -- Up-to-date: /home/rahul/ros2_ws/install/interfaces/include/interfaces/interfaces/msg
[0.584s] -- Up-to-date: /home/rahul/ros2_ws/install/interfaces/include/interfaces/interfaces/msg/rosidl_typesupport_fastrtps_c__visibility_control.h
[0.584s] -- Up-to-date: /home/rahul/ros2_ws/install/interfaces/include/interfaces/interfaces/msg/detail
[0.584s] -- Up-to-date: /home/rahul/ros2_ws/install/interfaces/include/interfaces/interfaces/msg/detail/order__rosidl_typesupport_fastrtps_c.h
[0.584s] -- Up-to-date: /home/rahul/ros2_ws/install/interfaces/lib/libinterfaces__rosidl_typesupport_fastrtps_c.so
[0.584s] -- Up-to-date: /home/rahul/ros2_ws/install/interfaces/include/interfaces/interfaces
[0.584s] -- Up-to-date: /home/rahul/ros2_ws/install/interfaces/include/interfaces/interfaces/msg
[0.584s] -- Up-to-date: /home/rahul/ros2_ws/install/interfaces/include/interfaces/interfaces/msg/rosidl_typesupport_introspection_c__visibility_control.h
[0.584s] -- Up-to-date: /home/rahul/ros2_ws/install/interfaces/include/interfaces/interfaces/msg/detail
[0.585s] -- Up-to-date: /home/rahul/ros2_ws/install/interfaces/include/interfaces/interfaces/msg/detail/order__rosidl_typesupport_introspection_c.h
[0.585s] -- Up-to-date: /home/rahul/ros2_ws/install/interfaces/include/interfaces/interfaces/msg/detail/order__type_support.c
[0.585s] -- Up-to-date: /home/rahul/ros2_ws/install/interfaces/lib/libinterfaces__rosidl_typesupport_introspection_c.so
[0.585s] -- Up-to-date: /home/rahul/ros2_ws/install/interfaces/lib/libinterfaces__rosidl_typesupport_c.so
[0.585s] -- Up-to-date: /home/rahul/ros2_ws/install/interfaces/include/interfaces/interfaces
[0.585s] -- Up-to-date: /home/rahul/ros2_ws/install/interfaces/include/interfaces/interfaces/msg
[0.585s] -- Up-to-date: /home/rahul/ros2_ws/install/interfaces/include/interfaces/interfaces/msg/detail
[0.585s] -- Up-to-date: /home/rahul/ros2_ws/install/interfaces/include/interfaces/interfaces/msg/detail/order__builder.hpp
[0.585s] -- Up-to-date: /home/rahul/ros2_ws/install/interfaces/include/interfaces/interfaces/msg/detail/order__traits.hpp
[0.585s] -- Up-to-date: /home/rahul/ros2_ws/install/interfaces/include/interfaces/interfaces/msg/detail/order__struct.hpp
[0.585s] -- Up-to-date: /home/rahul/ros2_ws/install/interfaces/include/interfaces/interfaces/msg/order.hpp
[0.585s] -- Up-to-date: /home/rahul/ros2_ws/install/interfaces/include/interfaces/interfaces
[0.586s] -- Up-to-date: /home/rahul/ros2_ws/install/interfaces/include/interfaces/interfaces/msg
[0.586s] -- Up-to-date: /home/rahul/ros2_ws/install/interfaces/include/interfaces/interfaces/msg/detail
[0.586s] -- Up-to-date: /home/rahul/ros2_ws/install/interfaces/include/interfaces/interfaces/msg/detail/dds_fastrtps
[0.586s] -- Up-to-date: /home/rahul/ros2_ws/install/interfaces/include/interfaces/interfaces/msg/detail/order__rosidl_typesupport_fastrtps_cpp.hpp
[0.586s] -- Up-to-date: /home/rahul/ros2_ws/install/interfaces/include/interfaces/interfaces/msg/rosidl_typesupport_fastrtps_cpp__visibility_control.h
[0.586s] -- Up-to-date: /home/rahul/ros2_ws/install/interfaces/lib/libinterfaces__rosidl_typesupport_fastrtps_cpp.so
[0.586s] -- Up-to-date: /home/rahul/ros2_ws/install/interfaces/include/interfaces/interfaces
[0.586s] -- Up-to-date: /home/rahul/ros2_ws/install/interfaces/include/interfaces/interfaces/msg
[0.586s] -- Up-to-date: /home/rahul/ros2_ws/install/interfaces/include/interfaces/interfaces/msg/detail
[0.586s] -- Up-to-date: /home/rahul/ros2_ws/install/interfaces/include/interfaces/interfaces/msg/detail/order__rosidl_typesupport_introspection_cpp.hpp
[0.586s] -- Up-to-date: /home/rahul/ros2_ws/install/interfaces/include/interfaces/interfaces/msg/detail/order__type_support.cpp
[0.587s] -- Up-to-date: /home/rahul/ros2_ws/install/interfaces/lib/libinterfaces__rosidl_typesupport_introspection_cpp.so
[0.587s] -- Up-to-date: /home/rahul/ros2_ws/install/interfaces/lib/libinterfaces__rosidl_typesupport_cpp.so
[0.587s] -- Up-to-date: /home/rahul/ros2_ws/install/interfaces/share/interfaces/environment/pythonpath.sh
[0.587s] -- Up-to-date: /home/rahul/ros2_ws/install/interfaces/share/interfaces/environment/pythonpath.dsv
[0.587s] -- Up-to-date: /home/rahul/ros2_ws/install/interfaces/local/lib/python3.10/dist-packages/interfaces-0.0.0-py3.10.egg-info
[0.587s] -- Installing: /home/rahul/ros2_ws/install/interfaces/local/lib/python3.10/dist-packages/interfaces-0.0.0-py3.10.egg-info/top_level.txt
[0.587s] -- Installing: /home/rahul/ros2_ws/install/interfaces/local/lib/python3.10/dist-packages/interfaces-0.0.0-py3.10.egg-info/SOURCES.txt
[0.587s] -- Installing: /home/rahul/ros2_ws/install/interfaces/local/lib/python3.10/dist-packages/interfaces-0.0.0-py3.10.egg-info/PKG-INFO
[0.587s] -- Installing: /home/rahul/ros2_ws/install/interfaces/local/lib/python3.10/dist-packages/interfaces-0.0.0-py3.10.egg-info/dependency_links.txt
[0.587s] -- Up-to-date: /home/rahul/ros2_ws/install/interfaces/local/lib/python3.10/dist-packages/interfaces
[0.587s] -- Up-to-date: /home/rahul/ros2_ws/install/interfaces/local/lib/python3.10/dist-packages/interfaces/_interfaces_s.ep.rosidl_typesupport_fastrtps_c.c
[0.587s] -- Up-to-date: /home/rahul/ros2_ws/install/interfaces/local/lib/python3.10/dist-packages/interfaces/interfaces_s__rosidl_typesupport_introspection_c.cpython-310-x86_64-linux-gnu.so
[0.588s] -- Up-to-date: /home/rahul/ros2_ws/install/interfaces/local/lib/python3.10/dist-packages/interfaces/interfaces_s__rosidl_typesupport_fastrtps_c.cpython-310-x86_64-linux-gnu.so
[0.588s] -- Up-to-date: /home/rahul/ros2_ws/install/interfaces/local/lib/python3.10/dist-packages/interfaces/interfaces_s__rosidl_typesupport_c.cpython-310-x86_64-linux-gnu.so
[0.588s] -- Up-to-date: /home/rahul/ros2_ws/install/interfaces/local/lib/python3.10/dist-packages/interfaces/_interfaces_s.ep.rosidl_typesupport_introspection_c.c
[0.588s] -- Up-to-date: /home/rahul/ros2_ws/install/interfaces/local/lib/python3.10/dist-packages/interfaces/__init__.py
[0.588s] -- Up-to-date: /home/rahul/ros2_ws/install/interfaces/local/lib/python3.10/dist-packages/interfaces/libinterfaces__rosidl_generator_py.so
[0.588s] -- Up-to-date: /home/rahul/ros2_ws/install/interfaces/local/lib/python3.10/dist-packages/interfaces/_interfaces_s.ep.rosidl_typesupport_c.c
[0.588s] -- Up-to-date: /home/rahul/ros2_ws/install/interfaces/local/lib/python3.10/dist-packages/interfaces/msg
[0.588s] -- Up-to-date: /home/rahul/ros2_ws/install/interfaces/local/lib/python3.10/dist-packages/interfaces/msg/_order_s.c
[0.588s] -- Up-to-date: /home/rahul/ros2_ws/install/interfaces/local/lib/python3.10/dist-packages/interfaces/msg/_order.py
[0.588s] -- Up-to-date: /home/rahul/ros2_ws/install/interfaces/local/lib/python3.10/dist-packages/interfaces/msg/__init__.py
[0.620s] Listing '/home/rahul/ros2_ws/install/interfaces/local/lib/python3.10/dist-packages/interfaces'...
[0.621s] Listing '/home/rahul/ros2_ws/install/interfaces/local/lib/python3.10/dist-packages/interfaces/msg'...
[0.627s] -- Up-to-date: /home/rahul/ros2_ws/install/interfaces/local/lib/python3.10/dist-packages/interfaces/interfaces_s__rosidl_typesupport_fastrtps_c.cpython-310-x86_64-linux-gnu.so
[0.627s] -- Up-to-date: /home/rahul/ros2_ws/install/interfaces/local/lib/python3.10/dist-packages/interfaces/interfaces_s__rosidl_typesupport_introspection_c.cpython-310-x86_64-linux-gnu.so
[0.627s] -- Up-to-date: /home/rahul/ros2_ws/install/interfaces/local/lib/python3.10/dist-packages/interfaces/interfaces_s__rosidl_typesupport_c.cpython-310-x86_64-linux-gnu.so
[0.627s] -- Up-to-date: /home/rahul/ros2_ws/install/interfaces/lib/libinterfaces__rosidl_generator_py.so
[0.628s] -- Up-to-date: /home/rahul/ros2_ws/install/interfaces/share/interfaces/msg/Order.idl
[0.628s] -- Up-to-date: /home/rahul/ros2_ws/install/interfaces/share/interfaces/msg/Order.msg
[0.628s] -- Up-to-date: /home/rahul/ros2_ws/install/interfaces/share/ament_index/resource_index/package_run_dependencies/interfaces
[0.628s] -- Up-to-date: /home/rahul/ros2_ws/install/interfaces/share/ament_index/resource_index/parent_prefix_path/interfaces
[0.628s] -- Up-to-date: /home/rahul/ros2_ws/install/interfaces/share/interfaces/environment/ament_prefix_path.sh
[0.628s] -- Up-to-date: /home/rahul/ros2_ws/install/interfaces/share/interfaces/environment/ament_prefix_path.dsv
[0.628s] -- Up-to-date: /home/rahul/ros2_ws/install/interfaces/share/interfaces/environment/path.sh
[0.628s] -- Up-to-date: /home/rahul/ros2_ws/install/interfaces/share/interfaces/environment/path.dsv
[0.628s] -- Up-to-date: /home/rahul/ros2_ws/install/interfaces/share/interfaces/local_setup.bash
[0.628s] -- Up-to-date: /home/rahul/ros2_ws/install/interfaces/share/interfaces/local_setup.sh
[0.628s] -- Up-to-date: /home/rahul/ros2_ws/install/interfaces/share/interfaces/local_setup.zsh
[0.629s] -- Up-to-date: /home/rahul/ros2_ws/install/interfaces/share/interfaces/local_setup.dsv
[0.629s] -- Installing: /home/rahul/ros2_ws/install/interfaces/share/interfaces/package.dsv
[0.629s] -- Up-to-date: /home/rahul/ros2_ws/install/interfaces/share/ament_index/resource_index/packages/interfaces
[0.629s] -- Up-to-date: /home/rahul/ros2_ws/install/interfaces/share/interfaces/cmake/export_interfaces__rosidl_generator_cExport.cmake
[0.629s] -- Up-to-date: /home/rahul/ros2_ws/install/interfaces/share/interfaces/cmake/export_interfaces__rosidl_generator_cExport-noconfig.cmake
[0.629s] -- Up-to-date: /home/rahul/ros2_ws/install/interfaces/share/interfaces/cmake/export_interfaces__rosidl_typesupport_fastrtps_cExport.cmake
[0.629s] -- Up-to-date: /home/rahul/ros2_ws/install/interfaces/share/interfaces/cmake/export_interfaces__rosidl_typesupport_fastrtps_cExport-noconfig.cmake
[0.630s] -- Up-to-date: /home/rahul/ros2_ws/install/interfaces/share/interfaces/cmake/interfaces__rosidl_typesupport_introspection_cExport.cmake
[0.630s] -- Up-to-date: /home/rahul/ros2_ws/install/interfaces/share/interfaces/cmake/interfaces__rosidl_typesupport_introspection_cExport-noconfig.cmake
[0.630s] -- Up-to-date: /home/rahul/ros2_ws/install/interfaces/share/interfaces/cmake/interfaces__rosidl_typesupport_cExport.cmake
[0.630s] -- Up-to-date: /home/rahul/ros2_ws/install/interfaces/share/interfaces/cmake/interfaces__rosidl_typesupport_cExport-noconfig.cmake
[0.630s] -- Up-to-date: /home/rahul/ros2_ws/install/interfaces/share/interfaces/cmake/export_interfaces__rosidl_generator_cppExport.cmake
[0.630s] -- Up-to-date: /home/rahul/ros2_ws/install/interfaces/share/interfaces/cmake/export_interfaces__rosidl_typesupport_fastrtps_cppExport.cmake
[0.630s] -- Up-to-date: /home/rahul/ros2_ws/install/interfaces/share/interfaces/cmake/export_interfaces__rosidl_typesupport_fastrtps_cppExport-noconfig.cmake
[0.631s] -- Up-to-date: /home/rahul/ros2_ws/install/interfaces/share/interfaces/cmake/interfaces__rosidl_typesupport_introspection_cppExport.cmake
[0.631s] -- Up-to-date: /home/rahul/ros2_ws/install/interfaces/share/interfaces/cmake/interfaces__rosidl_typesupport_introspection_cppExport-noconfig.cmake
[0.631s] -- Up-to-date: /home/rahul/ros2_ws/install/interfaces/share/interfaces/cmake/interfaces__rosidl_typesupport_cppExport.cmake
[0.631s] -- Up-to-date: /home/rahul/ros2_ws/install/interfaces/share/interfaces/cmake/interfaces__rosidl_typesupport_cppExport-noconfig.cmake
[0.631s] -- Up-to-date: /home/rahul/ros2_ws/install/interfaces/share/interfaces/cmake/export_interfaces__rosidl_generator_pyExport.cmake
[0.631s] -- Up-to-date: /home/rahul/ros2_ws/install/interfaces/share/interfaces/cmake/export_interfaces__rosidl_generator_pyExport-noconfig.cmake
[0.631s] -- Up-to-date: /home/rahul/ros2_ws/install/interfaces/share/interfaces/cmake/rosidl_cmake-extras.cmake
[0.631s] -- Up-to-date: /home/rahul/ros2_ws/install/interfaces/share/interfaces/cmake/ament_cmake_export_include_directories-extras.cmake
[0.631s] -- Up-to-date: /home/rahul/ros2_ws/install/interfaces/share/interfaces/cmake/ament_cmake_export_libraries-extras.cmake
[0.631s] -- Up-to-date: /home/rahul/ros2_ws/install/interfaces/share/interfaces/cmake/ament_cmake_export_targets-extras.cmake
[0.631s] -- Up-to-date: /home/rahul/ros2_ws/install/interfaces/share/interfaces/cmake/rosidl_cmake_export_typesupport_targets-extras.cmake
[0.632s] -- Up-to-date: /home/rahul/ros2_ws/install/interfaces/share/interfaces/cmake/ament_cmake_export_dependencies-extras.cmake
[0.632s] -- Up-to-date: /home/rahul/ros2_ws/install/interfaces/share/interfaces/cmake/rosidl_cmake_export_typesupport_libraries-extras.cmake
[0.632s] -- Up-to-date: /home/rahul/ros2_ws/install/interfaces/share/interfaces/cmake/interfacesConfig.cmake
[0.632s] -- Up-to-date: /home/rahul/ros2_ws/install/interfaces/share/interfaces/cmake/interfacesConfig-version.cmake
[0.632s] -- Up-to-date: /home/rahul/ros2_ws/install/interfaces/share/interfaces/package.xml
[0.635s] Invoked command in '/home/rahul/ros2_ws/build/interfaces' returned '0': CMAKE_PREFIX_PATH=${CMAKE_PREFIX_PATH}:/opt/ros/humble /usr/bin/cmake --install /home/rahul/ros2_ws/build/interfaces
