[0.022s] Invoking command in '/home/rahul/ros2_ws/build/amr_pkg': CMAKE_PREFIX_PATH=/home/rahul/ros2_ws/install/interfaces:/home/rahul/ros2_ws/install/amr_pkg:/opt/ros/humble /usr/bin/cmake --build /home/rahul/ros2_ws/build/amr_pkg -- -j6 -l6
[0.151s] [35m[1mConsolidate compiler generated dependencies of target orderoptimizer[0m
[0.184s] [ 50%] [32mBuilding CXX object CMakeFiles/orderoptimizer.dir/src/OrderOptimizer.cpp.o[0m
[3.818s] [01m[K/home/rahul/ros2_ws/src/amr_pkg/src/OrderOptimizer.cpp:[m[K In member function ‘[01m[Kvoid OrderOptimizerNode::publishAMRMarker(const std::vector<PartInfo>&)[m[K’:
[3.818s] [01m[K/home/rahul/ros2_ws/src/amr_pkg/src/OrderOptimizer.cpp:265:56:[m[K [01;35m[Kwarning: [m[Kunused parameter ‘[01m[Kpath[m[K’ [[01;35m[K]8;;https://gcc.gnu.org/onlinedocs/gcc/Warning-Options.html#index-Wunused-parameter-Wunused-parameter]8;;[m[K]
[3.818s]   265 |     void publishAMRMarker([01;35m[Kconst std::vector<PartInfo>& path[m[K)
[3.818s]       |                           [01;35m[K~~~~~~~~~~~~~~~~~~~~~~~~~~~~~^~~~[m[K
[17.659s] [100%] [32m[1mLinking CXX executable orderoptimizer[0m
[20.710s] [100%] Built target orderoptimizer
[20.731s] Invoked command in '/home/rahul/ros2_ws/build/amr_pkg' returned '0': CMAKE_PREFIX_PATH=/home/rahul/ros2_ws/install/interfaces:/home/rahul/ros2_ws/install/amr_pkg:/opt/ros/humble /usr/bin/cmake --build /home/rahul/ros2_ws/build/amr_pkg -- -j6 -l6
[20.800s] Invoking command in '/home/rahul/ros2_ws/build/amr_pkg': CMAKE_PREFIX_PATH=/home/rahul/ros2_ws/install/interfaces:/home/rahul/ros2_ws/install/amr_pkg:/opt/ros/humble /usr/bin/cmake --install /home/rahul/ros2_ws/build/amr_pkg
[20.812s] -- Install configuration: ""
[20.813s] -- Installing: /home/rahul/ros2_ws/install/amr_pkg/lib/amr_pkg/orderoptimizer
[20.828s] -- Set runtime path of "/home/rahul/ros2_ws/install/amr_pkg/lib/amr_pkg/orderoptimizer" to ""
[20.828s] -- Up-to-date: /home/rahul/ros2_ws/install/amr_pkg/share/ament_index/resource_index/package_run_dependencies/amr_pkg
[20.829s] -- Up-to-date: /home/rahul/ros2_ws/install/amr_pkg/share/ament_index/resource_index/parent_prefix_path/amr_pkg
[20.829s] -- Up-to-date: /home/rahul/ros2_ws/install/amr_pkg/share/amr_pkg/environment/ament_prefix_path.sh
[20.829s] -- Up-to-date: /home/rahul/ros2_ws/install/amr_pkg/share/amr_pkg/environment/ament_prefix_path.dsv
[20.829s] -- Up-to-date: /home/rahul/ros2_ws/install/amr_pkg/share/amr_pkg/environment/path.sh
[20.829s] -- Up-to-date: /home/rahul/ros2_ws/install/amr_pkg/share/amr_pkg/environment/path.dsv
[20.829s] -- Up-to-date: /home/rahul/ros2_ws/install/amr_pkg/share/amr_pkg/local_setup.bash
[20.829s] -- Up-to-date: /home/rahul/ros2_ws/install/amr_pkg/share/amr_pkg/local_setup.sh
[20.829s] -- Up-to-date: /home/rahul/ros2_ws/install/amr_pkg/share/amr_pkg/local_setup.zsh
[20.829s] -- Up-to-date: /home/rahul/ros2_ws/install/amr_pkg/share/amr_pkg/local_setup.dsv
[20.829s] -- Installing: /home/rahul/ros2_ws/install/amr_pkg/share/amr_pkg/package.dsv
[20.829s] -- Up-to-date: /home/rahul/ros2_ws/install/amr_pkg/share/ament_index/resource_index/packages/amr_pkg
[20.829s] -- Up-to-date: /home/rahul/ros2_ws/install/amr_pkg/share/amr_pkg/cmake/amr_pkgConfig.cmake
[20.829s] -- Up-to-date: /home/rahul/ros2_ws/install/amr_pkg/share/amr_pkg/cmake/amr_pkgConfig-version.cmake
[20.830s] -- Up-to-date: /home/rahul/ros2_ws/install/amr_pkg/share/amr_pkg/package.xml
[20.832s] Invoked command in '/home/rahul/ros2_ws/build/amr_pkg' returned '0': CMAKE_PREFIX_PATH=/home/rahul/ros2_ws/install/interfaces:/home/rahul/ros2_ws/install/amr_pkg:/opt/ros/humble /usr/bin/cmake --install /home/rahul/ros2_ws/build/amr_pkg
