[  6%] Built target amr_interfaces__cpp
[ 12%] Built target amr_interfaces__rosidl_generator_c
[ 12%] Built target ament_cmake_python_copy_amr_interfaces
[ 35%] Built target amr_interfaces__rosidl_typesupport_introspection_c
[ 35%] Built target amr_interfaces__rosidl_typesupport_fastrtps_cpp
[ 41%] Built target amr_interfaces__rosidl_typesupport_fastrtps_c
[ 51%] Built target amr_interfaces__rosidl_typesupport_c
[ 64%] Built target amr_interfaces__rosidl_typesupport_introspection_cpp
[ 70%] Built target amr_interfaces__rosidl_typesupport_cpp
[ 70%] Built target amr_interfaces
[ 74%] Built target amr_interfaces__py
[ 80%] Built target amr_interfaces__rosidl_generator_py
[ 87%] Built target amr_interfaces__rosidl_typesupport_c__pyext
[ 93%] Built target amr_interfaces__rosidl_typesupport_fastrtps_c__pyext
[100%] Built target amr_interfaces__rosidl_typesupport_introspection_c__pyext
running egg_info
writing amr_interfaces.egg-info/PKG-INFO
writing dependency_links to amr_interfaces.egg-info/dependency_links.txt
writing top-level names to amr_interfaces.egg-info/top_level.txt
reading manifest file 'amr_interfaces.egg-info/SOURCES.txt'
writing manifest file 'amr_interfaces.egg-info/SOURCES.txt'
[100%] Built target ament_cmake_python_build_amr_interfaces_egg
