[0.017s] Invoking command in '/home/rahul/ros2_ws/build/amr_interfaces': CMAKE_PREFIX_PATH=/opt/ros/humble /usr/bin/cmake --build /home/rahul/ros2_ws/build/amr_interfaces -- -j6 -l6
[0.084s] [  6%] Built target amr_interfaces__cpp
[0.084s] [ 12%] Built target amr_interfaces__rosidl_generator_c
[0.100s] [ 12%] Built target ament_cmake_python_copy_amr_interfaces
[0.117s] [ 35%] Built target amr_interfaces__rosidl_typesupport_introspection_c
[0.117s] [ 35%] Built target amr_interfaces__rosidl_typesupport_fastrtps_cpp
[0.123s] [ 41%] Built target amr_interfaces__rosidl_typesupport_fastrtps_c
[0.127s] [ 51%] Built target amr_interfaces__rosidl_typesupport_c
[0.140s] [ 64%] Built target amr_interfaces__rosidl_typesupport_introspection_cpp
[0.140s] [ 70%] Built target amr_interfaces__rosidl_typesupport_cpp
[0.171s] [ 70%] Built target amr_interfaces
[0.201s] [ 74%] Built target amr_interfaces__py
[0.233s] [ 80%] Built target amr_interfaces__rosidl_generator_py
[0.266s] [ 87%] Built target amr_interfaces__rosidl_typesupport_c__pyext
[0.271s] [ 93%] Built target amr_interfaces__rosidl_typesupport_fastrtps_c__pyext
[0.271s] [100%] Built target amr_interfaces__rosidl_typesupport_introspection_c__pyext
[0.392s] running egg_info
[0.393s] writing amr_interfaces.egg-info/PKG-INFO
[0.393s] writing dependency_links to amr_interfaces.egg-info/dependency_links.txt
[0.393s] writing top-level names to amr_interfaces.egg-info/top_level.txt
[0.397s] reading manifest file 'amr_interfaces.egg-info/SOURCES.txt'
[0.397s] writing manifest file 'amr_interfaces.egg-info/SOURCES.txt'
[0.447s] [100%] Built target ament_cmake_python_build_amr_interfaces_egg
[0.468s] Invoked command in '/home/rahul/ros2_ws/build/amr_interfaces' returned '0': CMAKE_PREFIX_PATH=/opt/ros/humble /usr/bin/cmake --build /home/rahul/ros2_ws/build/amr_interfaces -- -j6 -l6
