[0.018s] Invoking command in '/home/rahul/ros2_ws/build/amr_interfaces': CMAKE_PREFIX_PATH=/opt/ros/humble /usr/bin/cmake /home/rahul/ros2_ws/src/amr_interfaces -DCMAKE_INSTALL_PREFIX=/home/rahul/ros2_ws/install/amr_interfaces
[0.129s] -- The C compiler identification is GNU 11.4.0
[0.215s] -- The CXX compiler identification is GNU 11.4.0
[0.229s] -- Detecting C compiler ABI info
[0.329s] -- Detecting C compiler ABI info - done
[0.335s] -- Check for working C compiler: /usr/bin/cc - skipped
[0.336s] -- Detecting C compile features
[0.336s] -- Detecting C compile features - done
[0.340s] -- Detecting CXX compiler ABI info
[0.460s] -- Detecting CXX compiler ABI info - done
[0.468s] -- Check for working CXX compiler: /usr/bin/c++ - skipped
[0.468s] -- Detecting CXX compile features
[0.468s] -- Detecting CXX compile features - done
[0.481s] -- Found ament_cmake: 1.3.10 (/opt/ros/humble/share/ament_cmake/cmake)
[0.660s] -- Found Python3: /usr/bin/python3 (found version "3.10.12") found components: Interpreter 
[0.773s] -- Found rosidl_default_generators: 1.2.0 (/opt/ros/humble/share/rosidl_default_generators/cmake)
[0.778s] -- Using all available rosidl_typesupport_c: rosidl_typesupport_fastrtps_c;rosidl_typesupport_introspection_c
[0.787s] -- Found rosidl_adapter: 3.1.5 (/opt/ros/humble/share/rosidl_adapter/cmake)
[0.842s] -- Using all available rosidl_typesupport_cpp: rosidl_typesupport_fastrtps_cpp;rosidl_typesupport_introspection_cpp
[1.156s] -- Found ament_cmake_ros: 0.10.0 (/opt/ros/humble/share/ament_cmake_ros/cmake)
[1.364s] -- Using all available rosidl_typesupport_c: rosidl_typesupport_fastrtps_c;rosidl_typesupport_introspection_c
[1.642s] -- Using all available rosidl_typesupport_cpp: rosidl_typesupport_fastrtps_cpp;rosidl_typesupport_introspection_cpp
[1.671s] -- Found PythonInterp: /usr/bin/python3 (found suitable version "3.10.12", minimum required is "3.6") 
[1.674s] -- Found python_cmake_module: 0.10.0 (/opt/ros/humble/share/python_cmake_module/cmake)
[1.707s] -- Found PythonLibs: /usr/lib/x86_64-linux-gnu/libpython3.10.so (found suitable version "3.10.12", minimum required is "3.5") 
[1.707s] -- Using PYTHON_EXECUTABLE: /usr/bin/python3
[1.707s] -- Using PYTHON_INCLUDE_DIRS: /usr/include/python3.10
[1.707s] -- Using PYTHON_LIBRARIES: /usr/lib/x86_64-linux-gnu/libpython3.10.so
[1.735s] -- Found PythonExtra: .so  
[1.791s] -- Configuring done
[1.830s] -- Generating done
[1.833s] -- Build files have been written to: /home/rahul/ros2_ws/build/amr_interfaces
[1.846s] Invoked command in '/home/rahul/ros2_ws/build/amr_interfaces' returned '0': CMAKE_PREFIX_PATH=/opt/ros/humble /usr/bin/cmake /home/rahul/ros2_ws/src/amr_interfaces -DCMAKE_INSTALL_PREFIX=/home/rahul/ros2_ws/install/amr_interfaces
[1.848s] Invoking command in '/home/rahul/ros2_ws/build/amr_interfaces': CMAKE_PREFIX_PATH=/opt/ros/humble /usr/bin/cmake --build /home/rahul/ros2_ws/build/amr_interfaces -- -j6 -l6
[1.907s] [  3%] [34m[1mGenerating C code for ROS interfaces[0m
[1.922s] [  6%] [34m[1mGenerating C++ code for ROS interfaces[0m
[1.937s] [  6%] Built target ament_cmake_python_copy_amr_interfaces
[2.219s] running egg_info
[2.221s] creating amr_interfaces.egg-info
[2.222s] writing amr_interfaces.egg-info/PKG-INFO
[2.222s] writing dependency_links to amr_interfaces.egg-info/dependency_links.txt
[2.223s] writing top-level names to amr_interfaces.egg-info/top_level.txt
[2.223s] writing manifest file 'amr_interfaces.egg-info/SOURCES.txt'
[2.229s] reading manifest file 'amr_interfaces.egg-info/SOURCES.txt'
[2.230s] writing manifest file 'amr_interfaces.egg-info/SOURCES.txt'
[2.300s] [  6%] Built target amr_interfaces__cpp
[2.307s] [  9%] [32mBuilding C object CMakeFiles/amr_interfaces__rosidl_generator_c.dir/rosidl_generator_c/amr_interfaces/msg/detail/order__functions.c.o[0m
[2.311s] [  9%] Built target ament_cmake_python_build_amr_interfaces_egg
[2.319s] [ 12%] [34m[1mGenerating C++ type support dispatch for ROS interfaces[0m
[2.323s] [ 16%] [34m[1mGenerating C++ introspection for ROS interfaces[0m
[2.323s] [ 19%] [34m[1mGenerating C++ type support for eProsima Fast-RTPS[0m
[2.395s] [ 22%] [32m[1mLinking C shared library libamr_interfaces__rosidl_generator_c.so[0m
[2.454s] [ 22%] Built target amr_interfaces__rosidl_generator_c
[2.476s] [ 29%] [34m[1mGenerating C type support for eProsima Fast-RTPS[0m
[2.477s] [ 32%] [34m[1mGenerating C type support dispatch for ROS interfaces[0m
[2.477s] [ 29%] [34m[1mGenerating C introspection for ROS interfaces[0m
[2.705s] [ 35%] [32mBuilding CXX object CMakeFiles/amr_interfaces__rosidl_typesupport_introspection_cpp.dir/rosidl_typesupport_introspection_cpp/amr_interfaces/msg/detail/order__type_support.cpp.o[0m
[2.706s] [ 38%] [32mBuilding CXX object CMakeFiles/amr_interfaces__rosidl_typesupport_cpp.dir/rosidl_typesupport_cpp/amr_interfaces/msg/order__type_support.cpp.o[0m
[2.781s] [ 41%] [32mBuilding CXX object CMakeFiles/amr_interfaces__rosidl_typesupport_fastrtps_cpp.dir/rosidl_typesupport_fastrtps_cpp/amr_interfaces/msg/detail/dds_fastrtps/order__type_support.cpp.o[0m
[2.880s] [ 45%] [32mBuilding CXX object CMakeFiles/amr_interfaces__rosidl_typesupport_fastrtps_c.dir/rosidl_typesupport_fastrtps_c/amr_interfaces/msg/detail/order__type_support_c.cpp.o[0m
[2.958s] [ 48%] [32mBuilding C object CMakeFiles/amr_interfaces__rosidl_typesupport_introspection_c.dir/rosidl_typesupport_introspection_c/amr_interfaces/msg/detail/order__type_support.c.o[0m
[3.076s] [ 51%] [32mBuilding CXX object CMakeFiles/amr_interfaces__rosidl_typesupport_c.dir/rosidl_typesupport_c/amr_interfaces/msg/order__type_support.cpp.o[0m
[3.128s] [ 54%] [32m[1mLinking C shared library libamr_interfaces__rosidl_typesupport_introspection_c.so[0m
[3.207s] [ 58%] [32m[1mLinking CXX shared library libamr_interfaces__rosidl_typesupport_cpp.so[0m
[3.236s] [ 61%] [32m[1mLinking CXX shared library libamr_interfaces__rosidl_typesupport_c.so[0m
[3.245s] [ 61%] Built target amr_interfaces__rosidl_typesupport_introspection_c
[3.321s] [ 61%] Built target amr_interfaces__rosidl_typesupport_cpp
[3.338s] [ 61%] Built target amr_interfaces__rosidl_typesupport_c
[3.384s] [ 64%] [32m[1mLinking CXX shared library libamr_interfaces__rosidl_typesupport_introspection_cpp.so[0m
[3.393s] [ 67%] [32m[1mLinking CXX shared library libamr_interfaces__rosidl_typesupport_fastrtps_c.so[0m
[3.462s] [ 70%] [32m[1mLinking CXX shared library libamr_interfaces__rosidl_typesupport_fastrtps_cpp.so[0m
[3.560s] [ 70%] Built target amr_interfaces__rosidl_typesupport_introspection_cpp
[3.578s] [ 70%] Built target amr_interfaces__rosidl_typesupport_fastrtps_c
[3.622s] [ 70%] Built target amr_interfaces__rosidl_typesupport_fastrtps_cpp
[3.651s] [ 70%] Built target amr_interfaces
[3.684s] [ 74%] [34m[1mGenerating Python code for ROS interfaces[0m
[4.039s] [ 74%] Built target amr_interfaces__py
[4.076s] [ 77%] [32mBuilding C object CMakeFiles/amr_interfaces__rosidl_generator_py.dir/rosidl_generator_py/amr_interfaces/msg/_order_s.c.o[0m
[4.236s] [ 80%] [32m[1mLinking C shared library rosidl_generator_py/amr_interfaces/libamr_interfaces__rosidl_generator_py.so[0m
[4.302s] [ 80%] Built target amr_interfaces__rosidl_generator_py
[4.333s] [ 90%] [32mBuilding C object CMakeFiles/amr_interfaces__rosidl_typesupport_c__pyext.dir/rosidl_generator_py/amr_interfaces/_amr_interfaces_s.ep.rosidl_typesupport_c.c.o[0m
[4.333s] [ 90%] [32mBuilding C object CMakeFiles/amr_interfaces__rosidl_typesupport_fastrtps_c__pyext.dir/rosidl_generator_py/amr_interfaces/_amr_interfaces_s.ep.rosidl_typesupport_fastrtps_c.c.o[0m
[4.333s] [ 90%] [32mBuilding C object CMakeFiles/amr_interfaces__rosidl_typesupport_introspection_c__pyext.dir/rosidl_generator_py/amr_interfaces/_amr_interfaces_s.ep.rosidl_typesupport_introspection_c.c.o[0m
[4.447s] [ 93%] [32m[1mLinking C shared library rosidl_generator_py/amr_interfaces/amr_interfaces_s__rosidl_typesupport_introspection_c.cpython-310-x86_64-linux-gnu.so[0m
[4.455s] [ 96%] [32m[1mLinking C shared library rosidl_generator_py/amr_interfaces/amr_interfaces_s__rosidl_typesupport_c.cpython-310-x86_64-linux-gnu.so[0m
[4.459s] [100%] [32m[1mLinking C shared library rosidl_generator_py/amr_interfaces/amr_interfaces_s__rosidl_typesupport_fastrtps_c.cpython-310-x86_64-linux-gnu.so[0m
[4.496s] [100%] Built target amr_interfaces__rosidl_typesupport_introspection_c__pyext
[4.507s] [100%] Built target amr_interfaces__rosidl_typesupport_c__pyext
[4.518s] [100%] Built target amr_interfaces__rosidl_typesupport_fastrtps_c__pyext
[4.537s] Invoked command in '/home/rahul/ros2_ws/build/amr_interfaces' returned '0': CMAKE_PREFIX_PATH=/opt/ros/humble /usr/bin/cmake --build /home/rahul/ros2_ws/build/amr_interfaces -- -j6 -l6
[4.647s] Invoking command in '/home/rahul/ros2_ws/build/amr_interfaces': CMAKE_PREFIX_PATH=/opt/ros/humble /usr/bin/cmake --install /home/rahul/ros2_ws/build/amr_interfaces
[4.662s] -- Install configuration: ""
[4.663s] -- Installing: /home/rahul/ros2_ws/install/amr_interfaces/share/ament_index/resource_index/rosidl_interfaces/amr_interfaces
[4.663s] -- Installing: /home/rahul/ros2_ws/install/amr_interfaces/include/amr_interfaces/amr_interfaces
[4.663s] -- Installing: /home/rahul/ros2_ws/install/amr_interfaces/include/amr_interfaces/amr_interfaces/msg
[4.663s] -- Installing: /home/rahul/ros2_ws/install/amr_interfaces/include/amr_interfaces/amr_interfaces/msg/order.h
[4.663s] -- Installing: /home/rahul/ros2_ws/install/amr_interfaces/include/amr_interfaces/amr_interfaces/msg/rosidl_generator_c__visibility_control.h
[4.663s] -- Installing: /home/rahul/ros2_ws/install/amr_interfaces/include/amr_interfaces/amr_interfaces/msg/detail
[4.663s] -- Installing: /home/rahul/ros2_ws/install/amr_interfaces/include/amr_interfaces/amr_interfaces/msg/detail/order__struct.h
[4.664s] -- Installing: /home/rahul/ros2_ws/install/amr_interfaces/include/amr_interfaces/amr_interfaces/msg/detail/order__functions.c
[4.664s] -- Installing: /home/rahul/ros2_ws/install/amr_interfaces/include/amr_interfaces/amr_interfaces/msg/detail/order__type_support.h
[4.664s] -- Installing: /home/rahul/ros2_ws/install/amr_interfaces/include/amr_interfaces/amr_interfaces/msg/detail/order__functions.h
[4.664s] -- Installing: /home/rahul/ros2_ws/install/amr_interfaces/share/amr_interfaces/environment/library_path.sh
[4.664s] -- Installing: /home/rahul/ros2_ws/install/amr_interfaces/share/amr_interfaces/environment/library_path.dsv
[4.665s] -- Installing: /home/rahul/ros2_ws/install/amr_interfaces/lib/libamr_interfaces__rosidl_generator_c.so
[4.666s] -- Set runtime path of "/home/rahul/ros2_ws/install/amr_interfaces/lib/libamr_interfaces__rosidl_generator_c.so" to ""
[4.666s] -- Up-to-date: /home/rahul/ros2_ws/install/amr_interfaces/include/amr_interfaces/amr_interfaces
[4.666s] -- Up-to-date: /home/rahul/ros2_ws/install/amr_interfaces/include/amr_interfaces/amr_interfaces/msg
[4.666s] -- Installing: /home/rahul/ros2_ws/install/amr_interfaces/include/amr_interfaces/amr_interfaces/msg/rosidl_typesupport_fastrtps_c__visibility_control.h
[4.666s] -- Up-to-date: /home/rahul/ros2_ws/install/amr_interfaces/include/amr_interfaces/amr_interfaces/msg/detail
[4.666s] -- Installing: /home/rahul/ros2_ws/install/amr_interfaces/include/amr_interfaces/amr_interfaces/msg/detail/order__rosidl_typesupport_fastrtps_c.h
[4.666s] -- Installing: /home/rahul/ros2_ws/install/amr_interfaces/lib/libamr_interfaces__rosidl_typesupport_fastrtps_c.so
[4.667s] -- Set runtime path of "/home/rahul/ros2_ws/install/amr_interfaces/lib/libamr_interfaces__rosidl_typesupport_fastrtps_c.so" to ""
[4.667s] -- Up-to-date: /home/rahul/ros2_ws/install/amr_interfaces/include/amr_interfaces/amr_interfaces
[4.667s] -- Up-to-date: /home/rahul/ros2_ws/install/amr_interfaces/include/amr_interfaces/amr_interfaces/msg
[4.667s] -- Installing: /home/rahul/ros2_ws/install/amr_interfaces/include/amr_interfaces/amr_interfaces/msg/rosidl_typesupport_introspection_c__visibility_control.h
[4.668s] -- Up-to-date: /home/rahul/ros2_ws/install/amr_interfaces/include/amr_interfaces/amr_interfaces/msg/detail
[4.668s] -- Installing: /home/rahul/ros2_ws/install/amr_interfaces/include/amr_interfaces/amr_interfaces/msg/detail/order__rosidl_typesupport_introspection_c.h
[4.668s] -- Installing: /home/rahul/ros2_ws/install/amr_interfaces/include/amr_interfaces/amr_interfaces/msg/detail/order__type_support.c
[4.668s] -- Installing: /home/rahul/ros2_ws/install/amr_interfaces/lib/libamr_interfaces__rosidl_typesupport_introspection_c.so
[4.669s] -- Set runtime path of "/home/rahul/ros2_ws/install/amr_interfaces/lib/libamr_interfaces__rosidl_typesupport_introspection_c.so" to ""
[4.669s] -- Installing: /home/rahul/ros2_ws/install/amr_interfaces/lib/libamr_interfaces__rosidl_typesupport_c.so
[4.669s] -- Set runtime path of "/home/rahul/ros2_ws/install/amr_interfaces/lib/libamr_interfaces__rosidl_typesupport_c.so" to ""
[4.669s] -- Up-to-date: /home/rahul/ros2_ws/install/amr_interfaces/include/amr_interfaces/amr_interfaces
[4.670s] -- Up-to-date: /home/rahul/ros2_ws/install/amr_interfaces/include/amr_interfaces/amr_interfaces/msg
[4.670s] -- Up-to-date: /home/rahul/ros2_ws/install/amr_interfaces/include/amr_interfaces/amr_interfaces/msg/detail
[4.670s] -- Installing: /home/rahul/ros2_ws/install/amr_interfaces/include/amr_interfaces/amr_interfaces/msg/detail/order__builder.hpp
[4.671s] -- Installing: /home/rahul/ros2_ws/install/amr_interfaces/include/amr_interfaces/amr_interfaces/msg/detail/order__traits.hpp
[4.672s] -- Installing: /home/rahul/ros2_ws/install/amr_interfaces/include/amr_interfaces/amr_interfaces/msg/detail/order__struct.hpp
[4.672s] -- Installing: /home/rahul/ros2_ws/install/amr_interfaces/include/amr_interfaces/amr_interfaces/msg/order.hpp
[4.672s] -- Up-to-date: /home/rahul/ros2_ws/install/amr_interfaces/include/amr_interfaces/amr_interfaces
[4.672s] -- Up-to-date: /home/rahul/ros2_ws/install/amr_interfaces/include/amr_interfaces/amr_interfaces/msg
[4.672s] -- Up-to-date: /home/rahul/ros2_ws/install/amr_interfaces/include/amr_interfaces/amr_interfaces/msg/detail
[4.672s] -- Installing: /home/rahul/ros2_ws/install/amr_interfaces/include/amr_interfaces/amr_interfaces/msg/detail/dds_fastrtps
[4.672s] -- Installing: /home/rahul/ros2_ws/install/amr_interfaces/include/amr_interfaces/amr_interfaces/msg/detail/order__rosidl_typesupport_fastrtps_cpp.hpp
[4.672s] -- Installing: /home/rahul/ros2_ws/install/amr_interfaces/include/amr_interfaces/amr_interfaces/msg/rosidl_typesupport_fastrtps_cpp__visibility_control.h
[4.672s] -- Installing: /home/rahul/ros2_ws/install/amr_interfaces/lib/libamr_interfaces__rosidl_typesupport_fastrtps_cpp.so
[4.673s] -- Set runtime path of "/home/rahul/ros2_ws/install/amr_interfaces/lib/libamr_interfaces__rosidl_typesupport_fastrtps_cpp.so" to ""
[4.673s] -- Up-to-date: /home/rahul/ros2_ws/install/amr_interfaces/include/amr_interfaces/amr_interfaces
[4.673s] -- Up-to-date: /home/rahul/ros2_ws/install/amr_interfaces/include/amr_interfaces/amr_interfaces/msg
[4.673s] -- Up-to-date: /home/rahul/ros2_ws/install/amr_interfaces/include/amr_interfaces/amr_interfaces/msg/detail
[4.673s] -- Installing: /home/rahul/ros2_ws/install/amr_interfaces/include/amr_interfaces/amr_interfaces/msg/detail/order__rosidl_typesupport_introspection_cpp.hpp
[4.673s] -- Installing: /home/rahul/ros2_ws/install/amr_interfaces/include/amr_interfaces/amr_interfaces/msg/detail/order__type_support.cpp
[4.673s] -- Installing: /home/rahul/ros2_ws/install/amr_interfaces/lib/libamr_interfaces__rosidl_typesupport_introspection_cpp.so
[4.674s] -- Set runtime path of "/home/rahul/ros2_ws/install/amr_interfaces/lib/libamr_interfaces__rosidl_typesupport_introspection_cpp.so" to ""
[4.674s] -- Installing: /home/rahul/ros2_ws/install/amr_interfaces/lib/libamr_interfaces__rosidl_typesupport_cpp.so
[4.674s] -- Set runtime path of "/home/rahul/ros2_ws/install/amr_interfaces/lib/libamr_interfaces__rosidl_typesupport_cpp.so" to ""
[4.675s] -- Installing: /home/rahul/ros2_ws/install/amr_interfaces/share/amr_interfaces/environment/pythonpath.sh
[4.675s] -- Installing: /home/rahul/ros2_ws/install/amr_interfaces/share/amr_interfaces/environment/pythonpath.dsv
[4.675s] -- Installing: /home/rahul/ros2_ws/install/amr_interfaces/local/lib/python3.10/dist-packages/amr_interfaces-0.0.0-py3.10.egg-info
[4.675s] -- Installing: /home/rahul/ros2_ws/install/amr_interfaces/local/lib/python3.10/dist-packages/amr_interfaces-0.0.0-py3.10.egg-info/top_level.txt
[4.675s] -- Installing: /home/rahul/ros2_ws/install/amr_interfaces/local/lib/python3.10/dist-packages/amr_interfaces-0.0.0-py3.10.egg-info/SOURCES.txt
[4.677s] -- Installing: /home/rahul/ros2_ws/install/amr_interfaces/local/lib/python3.10/dist-packages/amr_interfaces-0.0.0-py3.10.egg-info/PKG-INFO
[4.677s] -- Installing: /home/rahul/ros2_ws/install/amr_interfaces/local/lib/python3.10/dist-packages/amr_interfaces-0.0.0-py3.10.egg-info/dependency_links.txt
[4.677s] -- Installing: /home/rahul/ros2_ws/install/amr_interfaces/local/lib/python3.10/dist-packages/amr_interfaces
[4.677s] -- Installing: /home/rahul/ros2_ws/install/amr_interfaces/local/lib/python3.10/dist-packages/amr_interfaces/amr_interfaces_s__rosidl_typesupport_c.cpython-310-x86_64-linux-gnu.so
[4.677s] -- Installing: /home/rahul/ros2_ws/install/amr_interfaces/local/lib/python3.10/dist-packages/amr_interfaces/_amr_interfaces_s.ep.rosidl_typesupport_c.c
[4.677s] -- Installing: /home/rahul/ros2_ws/install/amr_interfaces/local/lib/python3.10/dist-packages/amr_interfaces/amr_interfaces_s__rosidl_typesupport_introspection_c.cpython-310-x86_64-linux-gnu.so
[4.678s] -- Installing: /home/rahul/ros2_ws/install/amr_interfaces/local/lib/python3.10/dist-packages/amr_interfaces/amr_interfaces_s__rosidl_typesupport_fastrtps_c.cpython-310-x86_64-linux-gnu.so
[4.678s] -- Installing: /home/rahul/ros2_ws/install/amr_interfaces/local/lib/python3.10/dist-packages/amr_interfaces/libamr_interfaces__rosidl_generator_py.so
[4.678s] -- Installing: /home/rahul/ros2_ws/install/amr_interfaces/local/lib/python3.10/dist-packages/amr_interfaces/_amr_interfaces_s.ep.rosidl_typesupport_introspection_c.c
[4.678s] -- Installing: /home/rahul/ros2_ws/install/amr_interfaces/local/lib/python3.10/dist-packages/amr_interfaces/__init__.py
[4.678s] -- Installing: /home/rahul/ros2_ws/install/amr_interfaces/local/lib/python3.10/dist-packages/amr_interfaces/_amr_interfaces_s.ep.rosidl_typesupport_fastrtps_c.c
[4.679s] -- Installing: /home/rahul/ros2_ws/install/amr_interfaces/local/lib/python3.10/dist-packages/amr_interfaces/msg
[4.679s] -- Installing: /home/rahul/ros2_ws/install/amr_interfaces/local/lib/python3.10/dist-packages/amr_interfaces/msg/_order_s.c
[4.679s] -- Installing: /home/rahul/ros2_ws/install/amr_interfaces/local/lib/python3.10/dist-packages/amr_interfaces/msg/_order.py
[4.679s] -- Installing: /home/rahul/ros2_ws/install/amr_interfaces/local/lib/python3.10/dist-packages/amr_interfaces/msg/__init__.py
[4.728s] Listing '/home/rahul/ros2_ws/install/amr_interfaces/local/lib/python3.10/dist-packages/amr_interfaces'...
[4.728s] Compiling '/home/rahul/ros2_ws/install/amr_interfaces/local/lib/python3.10/dist-packages/amr_interfaces/__init__.py'...
[4.728s] Listing '/home/rahul/ros2_ws/install/amr_interfaces/local/lib/python3.10/dist-packages/amr_interfaces/msg'...
[4.728s] Compiling '/home/rahul/ros2_ws/install/amr_interfaces/local/lib/python3.10/dist-packages/amr_interfaces/msg/__init__.py'...
[4.728s] Compiling '/home/rahul/ros2_ws/install/amr_interfaces/local/lib/python3.10/dist-packages/amr_interfaces/msg/_order.py'...
[4.735s] -- Installing: /home/rahul/ros2_ws/install/amr_interfaces/local/lib/python3.10/dist-packages/amr_interfaces/amr_interfaces_s__rosidl_typesupport_fastrtps_c.cpython-310-x86_64-linux-gnu.so
[4.735s] -- Set runtime path of "/home/rahul/ros2_ws/install/amr_interfaces/local/lib/python3.10/dist-packages/amr_interfaces/amr_interfaces_s__rosidl_typesupport_fastrtps_c.cpython-310-x86_64-linux-gnu.so" to ""
[4.736s] -- Installing: /home/rahul/ros2_ws/install/amr_interfaces/local/lib/python3.10/dist-packages/amr_interfaces/amr_interfaces_s__rosidl_typesupport_introspection_c.cpython-310-x86_64-linux-gnu.so
[4.736s] -- Set runtime path of "/home/rahul/ros2_ws/install/amr_interfaces/local/lib/python3.10/dist-packages/amr_interfaces/amr_interfaces_s__rosidl_typesupport_introspection_c.cpython-310-x86_64-linux-gnu.so" to ""
[4.736s] -- Installing: /home/rahul/ros2_ws/install/amr_interfaces/local/lib/python3.10/dist-packages/amr_interfaces/amr_interfaces_s__rosidl_typesupport_c.cpython-310-x86_64-linux-gnu.so
[4.737s] -- Set runtime path of "/home/rahul/ros2_ws/install/amr_interfaces/local/lib/python3.10/dist-packages/amr_interfaces/amr_interfaces_s__rosidl_typesupport_c.cpython-310-x86_64-linux-gnu.so" to ""
[4.737s] -- Installing: /home/rahul/ros2_ws/install/amr_interfaces/lib/libamr_interfaces__rosidl_generator_py.so
[4.737s] -- Set runtime path of "/home/rahul/ros2_ws/install/amr_interfaces/lib/libamr_interfaces__rosidl_generator_py.so" to ""
[4.737s] -- Installing: /home/rahul/ros2_ws/install/amr_interfaces/share/amr_interfaces/msg/Order.idl
[4.738s] -- Installing: /home/rahul/ros2_ws/install/amr_interfaces/share/amr_interfaces/msg/Order.msg
[4.738s] -- Installing: /home/rahul/ros2_ws/install/amr_interfaces/share/ament_index/resource_index/package_run_dependencies/amr_interfaces
[4.738s] -- Installing: /home/rahul/ros2_ws/install/amr_interfaces/share/ament_index/resource_index/parent_prefix_path/amr_interfaces
[4.738s] -- Installing: /home/rahul/ros2_ws/install/amr_interfaces/share/amr_interfaces/environment/ament_prefix_path.sh
[4.739s] -- Installing: /home/rahul/ros2_ws/install/amr_interfaces/share/amr_interfaces/environment/ament_prefix_path.dsv
[4.740s] -- Installing: /home/rahul/ros2_ws/install/amr_interfaces/share/amr_interfaces/environment/path.sh
[4.741s] -- Installing: /home/rahul/ros2_ws/install/amr_interfaces/share/amr_interfaces/environment/path.dsv
[4.741s] -- Installing: /home/rahul/ros2_ws/install/amr_interfaces/share/amr_interfaces/local_setup.bash
[4.741s] -- Installing: /home/rahul/ros2_ws/install/amr_interfaces/share/amr_interfaces/local_setup.sh
[4.742s] -- Installing: /home/rahul/ros2_ws/install/amr_interfaces/share/amr_interfaces/local_setup.zsh
[4.742s] -- Installing: /home/rahul/ros2_ws/install/amr_interfaces/share/amr_interfaces/local_setup.dsv
[4.742s] -- Installing: /home/rahul/ros2_ws/install/amr_interfaces/share/amr_interfaces/package.dsv
[4.743s] -- Installing: /home/rahul/ros2_ws/install/amr_interfaces/share/ament_index/resource_index/packages/amr_interfaces
[4.743s] -- Installing: /home/rahul/ros2_ws/install/amr_interfaces/share/amr_interfaces/cmake/export_amr_interfaces__rosidl_generator_cExport.cmake
[4.743s] -- Installing: /home/rahul/ros2_ws/install/amr_interfaces/share/amr_interfaces/cmake/export_amr_interfaces__rosidl_generator_cExport-noconfig.cmake
[4.743s] -- Installing: /home/rahul/ros2_ws/install/amr_interfaces/share/amr_interfaces/cmake/export_amr_interfaces__rosidl_typesupport_fastrtps_cExport.cmake
[4.743s] -- Installing: /home/rahul/ros2_ws/install/amr_interfaces/share/amr_interfaces/cmake/export_amr_interfaces__rosidl_typesupport_fastrtps_cExport-noconfig.cmake
[4.744s] -- Installing: /home/rahul/ros2_ws/install/amr_interfaces/share/amr_interfaces/cmake/amr_interfaces__rosidl_typesupport_introspection_cExport.cmake
[4.744s] -- Installing: /home/rahul/ros2_ws/install/amr_interfaces/share/amr_interfaces/cmake/amr_interfaces__rosidl_typesupport_introspection_cExport-noconfig.cmake
[4.744s] -- Installing: /home/rahul/ros2_ws/install/amr_interfaces/share/amr_interfaces/cmake/amr_interfaces__rosidl_typesupport_cExport.cmake
[4.744s] -- Installing: /home/rahul/ros2_ws/install/amr_interfaces/share/amr_interfaces/cmake/amr_interfaces__rosidl_typesupport_cExport-noconfig.cmake
[4.744s] -- Installing: /home/rahul/ros2_ws/install/amr_interfaces/share/amr_interfaces/cmake/export_amr_interfaces__rosidl_generator_cppExport.cmake
[4.745s] -- Installing: /home/rahul/ros2_ws/install/amr_interfaces/share/amr_interfaces/cmake/export_amr_interfaces__rosidl_typesupport_fastrtps_cppExport.cmake
[4.745s] -- Installing: /home/rahul/ros2_ws/install/amr_interfaces/share/amr_interfaces/cmake/export_amr_interfaces__rosidl_typesupport_fastrtps_cppExport-noconfig.cmake
[4.745s] -- Installing: /home/rahul/ros2_ws/install/amr_interfaces/share/amr_interfaces/cmake/amr_interfaces__rosidl_typesupport_introspection_cppExport.cmake
[4.745s] -- Installing: /home/rahul/ros2_ws/install/amr_interfaces/share/amr_interfaces/cmake/amr_interfaces__rosidl_typesupport_introspection_cppExport-noconfig.cmake
[4.746s] -- Installing: /home/rahul/ros2_ws/install/amr_interfaces/share/amr_interfaces/cmake/amr_interfaces__rosidl_typesupport_cppExport.cmake
[4.746s] -- Installing: /home/rahul/ros2_ws/install/amr_interfaces/share/amr_interfaces/cmake/amr_interfaces__rosidl_typesupport_cppExport-noconfig.cmake
[4.746s] -- Installing: /home/rahul/ros2_ws/install/amr_interfaces/share/amr_interfaces/cmake/export_amr_interfaces__rosidl_generator_pyExport.cmake
[4.746s] -- Installing: /home/rahul/ros2_ws/install/amr_interfaces/share/amr_interfaces/cmake/export_amr_interfaces__rosidl_generator_pyExport-noconfig.cmake
[4.747s] -- Installing: /home/rahul/ros2_ws/install/amr_interfaces/share/amr_interfaces/cmake/rosidl_cmake-extras.cmake
[4.747s] -- Installing: /home/rahul/ros2_ws/install/amr_interfaces/share/amr_interfaces/cmake/ament_cmake_export_include_directories-extras.cmake
[4.747s] -- Installing: /home/rahul/ros2_ws/install/amr_interfaces/share/amr_interfaces/cmake/ament_cmake_export_libraries-extras.cmake
[4.747s] -- Installing: /home/rahul/ros2_ws/install/amr_interfaces/share/amr_interfaces/cmake/ament_cmake_export_targets-extras.cmake
[4.748s] -- Installing: /home/rahul/ros2_ws/install/amr_interfaces/share/amr_interfaces/cmake/rosidl_cmake_export_typesupport_targets-extras.cmake
[4.748s] -- Installing: /home/rahul/ros2_ws/install/amr_interfaces/share/amr_interfaces/cmake/ament_cmake_export_dependencies-extras.cmake
[4.748s] -- Installing: /home/rahul/ros2_ws/install/amr_interfaces/share/amr_interfaces/cmake/rosidl_cmake_export_typesupport_libraries-extras.cmake
[4.748s] -- Installing: /home/rahul/ros2_ws/install/amr_interfaces/share/amr_interfaces/cmake/amr_interfacesConfig.cmake
[4.748s] -- Installing: /home/rahul/ros2_ws/install/amr_interfaces/share/amr_interfaces/cmake/amr_interfacesConfig-version.cmake
[4.748s] -- Installing: /home/rahul/ros2_ws/install/amr_interfaces/share/amr_interfaces/package.xml
[4.752s] Invoked command in '/home/rahul/ros2_ws/build/amr_interfaces' returned '0': CMAKE_PREFIX_PATH=/opt/ros/humble /usr/bin/cmake --install /home/rahul/ros2_ws/build/amr_interfaces
