[0.015s] Invoking command in '/home/rahul/ros2_ws/build/amr_interfaces': CMAKE_PREFIX_PATH=/opt/ros/humble /usr/bin/cmake --build /home/rahul/ros2_ws/build/amr_interfaces -- -j6 -l6
[0.085s] [  9%] Built target amr_interfaces__cpp
[0.086s] [ 12%] Built target amr_interfaces__rosidl_generator_c
[0.107s] [ 12%] Built target ament_cmake_python_copy_amr_interfaces
[0.120s] [ 22%] Built target amr_interfaces__rosidl_typesupport_cpp
[0.124s] [ 32%] Built target amr_interfaces__rosidl_typesupport_fastrtps_c
[0.132s] [ 45%] Built target amr_interfaces__rosidl_typesupport_fastrtps_cpp
[0.132s] [ 51%] Built target amr_interfaces__rosidl_typesupport_introspection_c
[0.136s] [ 61%] Built target amr_interfaces__rosidl_typesupport_c
[0.161s] [ 70%] Built target amr_interfaces__rosidl_typesupport_introspection_cpp
[0.190s] [ 70%] Built target amr_interfaces
[0.219s] [ 74%] Built target amr_interfaces__py
[0.254s] [ 80%] Built target amr_interfaces__rosidl_generator_py
[0.286s] [ 93%] Built target amr_interfaces__rosidl_typesupport_c__pyext
[0.286s] [ 93%] Built target amr_interfaces__rosidl_typesupport_fastrtps_c__pyext
[0.287s] [100%] Built target amr_interfaces__rosidl_typesupport_introspection_c__pyext
[0.376s] running egg_info
[0.378s] writing amr_interfaces.egg-info/PKG-INFO
[0.378s] writing dependency_links to amr_interfaces.egg-info/dependency_links.txt
[0.378s] writing top-level names to amr_interfaces.egg-info/top_level.txt
[0.380s] reading manifest file 'amr_interfaces.egg-info/SOURCES.txt'
[0.380s] writing manifest file 'amr_interfaces.egg-info/SOURCES.txt'
[0.423s] [100%] Built target ament_cmake_python_build_amr_interfaces_egg
[0.444s] Invoked command in '/home/rahul/ros2_ws/build/amr_interfaces' returned '0': CMAKE_PREFIX_PATH=/opt/ros/humble /usr/bin/cmake --build /home/rahul/ros2_ws/build/amr_interfaces -- -j6 -l6
[0.543s] Invoking command in '/home/rahul/ros2_ws/build/amr_interfaces': CMAKE_PREFIX_PATH=/opt/ros/humble /usr/bin/cmake --install /home/rahul/ros2_ws/build/amr_interfaces
[0.553s] -- Install configuration: ""
[0.553s] -- Up-to-date: /home/rahul/ros2_ws/install/amr_interfaces/share/ament_index/resource_index/rosidl_interfaces/amr_interfaces
[0.553s] -- Up-to-date: /home/rahul/ros2_ws/install/amr_interfaces/include/amr_interfaces/amr_interfaces
[0.554s] -- Up-to-date: /home/rahul/ros2_ws/install/amr_interfaces/include/amr_interfaces/amr_interfaces/msg
[0.554s] -- Up-to-date: /home/rahul/ros2_ws/install/amr_interfaces/include/amr_interfaces/amr_interfaces/msg/order.h
[0.554s] -- Up-to-date: /home/rahul/ros2_ws/install/amr_interfaces/include/amr_interfaces/amr_interfaces/msg/rosidl_generator_c__visibility_control.h
[0.554s] -- Up-to-date: /home/rahul/ros2_ws/install/amr_interfaces/include/amr_interfaces/amr_interfaces/msg/detail
[0.554s] -- Up-to-date: /home/rahul/ros2_ws/install/amr_interfaces/include/amr_interfaces/amr_interfaces/msg/detail/order__struct.h
[0.554s] -- Up-to-date: /home/rahul/ros2_ws/install/amr_interfaces/include/amr_interfaces/amr_interfaces/msg/detail/order__functions.c
[0.554s] -- Up-to-date: /home/rahul/ros2_ws/install/amr_interfaces/include/amr_interfaces/amr_interfaces/msg/detail/order__type_support.h
[0.555s] -- Up-to-date: /home/rahul/ros2_ws/install/amr_interfaces/include/amr_interfaces/amr_interfaces/msg/detail/order__functions.h
[0.555s] -- Up-to-date: /home/rahul/ros2_ws/install/amr_interfaces/share/amr_interfaces/environment/library_path.sh
[0.555s] -- Installing: /home/rahul/ros2_ws/install/amr_interfaces/share/amr_interfaces/environment/library_path.dsv
[0.555s] -- Up-to-date: /home/rahul/ros2_ws/install/amr_interfaces/lib/libamr_interfaces__rosidl_generator_c.so
[0.555s] -- Up-to-date: /home/rahul/ros2_ws/install/amr_interfaces/include/amr_interfaces/amr_interfaces
[0.555s] -- Up-to-date: /home/rahul/ros2_ws/install/amr_interfaces/include/amr_interfaces/amr_interfaces/msg
[0.555s] -- Up-to-date: /home/rahul/ros2_ws/install/amr_interfaces/include/amr_interfaces/amr_interfaces/msg/rosidl_typesupport_fastrtps_c__visibility_control.h
[0.555s] -- Up-to-date: /home/rahul/ros2_ws/install/amr_interfaces/include/amr_interfaces/amr_interfaces/msg/detail
[0.555s] -- Up-to-date: /home/rahul/ros2_ws/install/amr_interfaces/include/amr_interfaces/amr_interfaces/msg/detail/order__rosidl_typesupport_fastrtps_c.h
[0.555s] -- Up-to-date: /home/rahul/ros2_ws/install/amr_interfaces/lib/libamr_interfaces__rosidl_typesupport_fastrtps_c.so
[0.555s] -- Up-to-date: /home/rahul/ros2_ws/install/amr_interfaces/include/amr_interfaces/amr_interfaces
[0.556s] -- Up-to-date: /home/rahul/ros2_ws/install/amr_interfaces/include/amr_interfaces/amr_interfaces/msg
[0.556s] -- Up-to-date: /home/rahul/ros2_ws/install/amr_interfaces/include/amr_interfaces/amr_interfaces/msg/rosidl_typesupport_introspection_c__visibility_control.h
[0.556s] -- Up-to-date: /home/rahul/ros2_ws/install/amr_interfaces/include/amr_interfaces/amr_interfaces/msg/detail
[0.556s] -- Up-to-date: /home/rahul/ros2_ws/install/amr_interfaces/include/amr_interfaces/amr_interfaces/msg/detail/order__rosidl_typesupport_introspection_c.h
[0.556s] -- Up-to-date: /home/rahul/ros2_ws/install/amr_interfaces/include/amr_interfaces/amr_interfaces/msg/detail/order__type_support.c
[0.556s] -- Up-to-date: /home/rahul/ros2_ws/install/amr_interfaces/lib/libamr_interfaces__rosidl_typesupport_introspection_c.so
[0.556s] -- Up-to-date: /home/rahul/ros2_ws/install/amr_interfaces/lib/libamr_interfaces__rosidl_typesupport_c.so
[0.556s] -- Up-to-date: /home/rahul/ros2_ws/install/amr_interfaces/include/amr_interfaces/amr_interfaces
[0.556s] -- Up-to-date: /home/rahul/ros2_ws/install/amr_interfaces/include/amr_interfaces/amr_interfaces/msg
[0.556s] -- Up-to-date: /home/rahul/ros2_ws/install/amr_interfaces/include/amr_interfaces/amr_interfaces/msg/detail
[0.557s] -- Up-to-date: /home/rahul/ros2_ws/install/amr_interfaces/include/amr_interfaces/amr_interfaces/msg/detail/order__builder.hpp
[0.557s] -- Up-to-date: /home/rahul/ros2_ws/install/amr_interfaces/include/amr_interfaces/amr_interfaces/msg/detail/order__traits.hpp
[0.557s] -- Up-to-date: /home/rahul/ros2_ws/install/amr_interfaces/include/amr_interfaces/amr_interfaces/msg/detail/order__struct.hpp
[0.557s] -- Up-to-date: /home/rahul/ros2_ws/install/amr_interfaces/include/amr_interfaces/amr_interfaces/msg/order.hpp
[0.557s] -- Up-to-date: /home/rahul/ros2_ws/install/amr_interfaces/include/amr_interfaces/amr_interfaces
[0.558s] -- Up-to-date: /home/rahul/ros2_ws/install/amr_interfaces/include/amr_interfaces/amr_interfaces/msg
[0.558s] -- Up-to-date: /home/rahul/ros2_ws/install/amr_interfaces/include/amr_interfaces/amr_interfaces/msg/detail
[0.558s] -- Up-to-date: /home/rahul/ros2_ws/install/amr_interfaces/include/amr_interfaces/amr_interfaces/msg/detail/dds_fastrtps
[0.558s] -- Up-to-date: /home/rahul/ros2_ws/install/amr_interfaces/include/amr_interfaces/amr_interfaces/msg/detail/order__rosidl_typesupport_fastrtps_cpp.hpp
[0.558s] -- Up-to-date: /home/rahul/ros2_ws/install/amr_interfaces/include/amr_interfaces/amr_interfaces/msg/rosidl_typesupport_fastrtps_cpp__visibility_control.h
[0.558s] -- Up-to-date: /home/rahul/ros2_ws/install/amr_interfaces/lib/libamr_interfaces__rosidl_typesupport_fastrtps_cpp.so
[0.558s] -- Up-to-date: /home/rahul/ros2_ws/install/amr_interfaces/include/amr_interfaces/amr_interfaces
[0.558s] -- Up-to-date: /home/rahul/ros2_ws/install/amr_interfaces/include/amr_interfaces/amr_interfaces/msg
[0.558s] -- Up-to-date: /home/rahul/ros2_ws/install/amr_interfaces/include/amr_interfaces/amr_interfaces/msg/detail
[0.558s] -- Up-to-date: /home/rahul/ros2_ws/install/amr_interfaces/include/amr_interfaces/amr_interfaces/msg/detail/order__rosidl_typesupport_introspection_cpp.hpp
[0.558s] -- Up-to-date: /home/rahul/ros2_ws/install/amr_interfaces/include/amr_interfaces/amr_interfaces/msg/detail/order__type_support.cpp
[0.558s] -- Up-to-date: /home/rahul/ros2_ws/install/amr_interfaces/lib/libamr_interfaces__rosidl_typesupport_introspection_cpp.so
[0.559s] -- Up-to-date: /home/rahul/ros2_ws/install/amr_interfaces/lib/libamr_interfaces__rosidl_typesupport_cpp.so
[0.559s] -- Up-to-date: /home/rahul/ros2_ws/install/amr_interfaces/share/amr_interfaces/environment/pythonpath.sh
[0.559s] -- Installing: /home/rahul/ros2_ws/install/amr_interfaces/share/amr_interfaces/environment/pythonpath.dsv
[0.559s] -- Up-to-date: /home/rahul/ros2_ws/install/amr_interfaces/local/lib/python3.10/dist-packages/amr_interfaces-0.0.0-py3.10.egg-info
[0.559s] -- Installing: /home/rahul/ros2_ws/install/amr_interfaces/local/lib/python3.10/dist-packages/amr_interfaces-0.0.0-py3.10.egg-info/top_level.txt
[0.559s] -- Installing: /home/rahul/ros2_ws/install/amr_interfaces/local/lib/python3.10/dist-packages/amr_interfaces-0.0.0-py3.10.egg-info/SOURCES.txt
[0.560s] -- Installing: /home/rahul/ros2_ws/install/amr_interfaces/local/lib/python3.10/dist-packages/amr_interfaces-0.0.0-py3.10.egg-info/PKG-INFO
[0.560s] -- Installing: /home/rahul/ros2_ws/install/amr_interfaces/local/lib/python3.10/dist-packages/amr_interfaces-0.0.0-py3.10.egg-info/dependency_links.txt
[0.560s] -- Up-to-date: /home/rahul/ros2_ws/install/amr_interfaces/local/lib/python3.10/dist-packages/amr_interfaces
[0.560s] -- Up-to-date: /home/rahul/ros2_ws/install/amr_interfaces/local/lib/python3.10/dist-packages/amr_interfaces/amr_interfaces_s__rosidl_typesupport_c.cpython-310-x86_64-linux-gnu.so
[0.561s] -- Up-to-date: /home/rahul/ros2_ws/install/amr_interfaces/local/lib/python3.10/dist-packages/amr_interfaces/_amr_interfaces_s.ep.rosidl_typesupport_c.c
[0.561s] -- Up-to-date: /home/rahul/ros2_ws/install/amr_interfaces/local/lib/python3.10/dist-packages/amr_interfaces/amr_interfaces_s__rosidl_typesupport_introspection_c.cpython-310-x86_64-linux-gnu.so
[0.561s] -- Up-to-date: /home/rahul/ros2_ws/install/amr_interfaces/local/lib/python3.10/dist-packages/amr_interfaces/amr_interfaces_s__rosidl_typesupport_fastrtps_c.cpython-310-x86_64-linux-gnu.so
[0.561s] -- Up-to-date: /home/rahul/ros2_ws/install/amr_interfaces/local/lib/python3.10/dist-packages/amr_interfaces/libamr_interfaces__rosidl_generator_py.so
[0.561s] -- Up-to-date: /home/rahul/ros2_ws/install/amr_interfaces/local/lib/python3.10/dist-packages/amr_interfaces/_amr_interfaces_s.ep.rosidl_typesupport_introspection_c.c
[0.561s] -- Installing: /home/rahul/ros2_ws/install/amr_interfaces/local/lib/python3.10/dist-packages/amr_interfaces/__init__.py
[0.561s] -- Up-to-date: /home/rahul/ros2_ws/install/amr_interfaces/local/lib/python3.10/dist-packages/amr_interfaces/_amr_interfaces_s.ep.rosidl_typesupport_fastrtps_c.c
[0.561s] -- Up-to-date: /home/rahul/ros2_ws/install/amr_interfaces/local/lib/python3.10/dist-packages/amr_interfaces/msg
[0.561s] -- Up-to-date: /home/rahul/ros2_ws/install/amr_interfaces/local/lib/python3.10/dist-packages/amr_interfaces/msg/_order_s.c
[0.561s] -- Up-to-date: /home/rahul/ros2_ws/install/amr_interfaces/local/lib/python3.10/dist-packages/amr_interfaces/msg/_order.py
[0.561s] -- Up-to-date: /home/rahul/ros2_ws/install/amr_interfaces/local/lib/python3.10/dist-packages/amr_interfaces/msg/__init__.py
[0.594s] Listing '/home/rahul/ros2_ws/install/amr_interfaces/local/lib/python3.10/dist-packages/amr_interfaces'...
[0.594s] Compiling '/home/rahul/ros2_ws/install/amr_interfaces/local/lib/python3.10/dist-packages/amr_interfaces/__init__.py'...
[0.594s] Listing '/home/rahul/ros2_ws/install/amr_interfaces/local/lib/python3.10/dist-packages/amr_interfaces/msg'...
[0.602s] -- Up-to-date: /home/rahul/ros2_ws/install/amr_interfaces/local/lib/python3.10/dist-packages/amr_interfaces/amr_interfaces_s__rosidl_typesupport_fastrtps_c.cpython-310-x86_64-linux-gnu.so
[0.602s] -- Up-to-date: /home/rahul/ros2_ws/install/amr_interfaces/local/lib/python3.10/dist-packages/amr_interfaces/amr_interfaces_s__rosidl_typesupport_introspection_c.cpython-310-x86_64-linux-gnu.so
[0.602s] -- Up-to-date: /home/rahul/ros2_ws/install/amr_interfaces/local/lib/python3.10/dist-packages/amr_interfaces/amr_interfaces_s__rosidl_typesupport_c.cpython-310-x86_64-linux-gnu.so
[0.603s] -- Up-to-date: /home/rahul/ros2_ws/install/amr_interfaces/lib/libamr_interfaces__rosidl_generator_py.so
[0.603s] -- Up-to-date: /home/rahul/ros2_ws/install/amr_interfaces/share/amr_interfaces/msg/Order.idl
[0.603s] -- Up-to-date: /home/rahul/ros2_ws/install/amr_interfaces/share/amr_interfaces/msg/Order.msg
[0.603s] -- Up-to-date: /home/rahul/ros2_ws/install/amr_interfaces/share/ament_index/resource_index/package_run_dependencies/amr_interfaces
[0.603s] -- Up-to-date: /home/rahul/ros2_ws/install/amr_interfaces/share/ament_index/resource_index/parent_prefix_path/amr_interfaces
[0.603s] -- Up-to-date: /home/rahul/ros2_ws/install/amr_interfaces/share/amr_interfaces/environment/ament_prefix_path.sh
[0.603s] -- Installing: /home/rahul/ros2_ws/install/amr_interfaces/share/amr_interfaces/environment/ament_prefix_path.dsv
[0.603s] -- Up-to-date: /home/rahul/ros2_ws/install/amr_interfaces/share/amr_interfaces/environment/path.sh
[0.604s] -- Installing: /home/rahul/ros2_ws/install/amr_interfaces/share/amr_interfaces/environment/path.dsv
[0.604s] -- Up-to-date: /home/rahul/ros2_ws/install/amr_interfaces/share/amr_interfaces/local_setup.bash
[0.604s] -- Up-to-date: /home/rahul/ros2_ws/install/amr_interfaces/share/amr_interfaces/local_setup.sh
[0.604s] -- Up-to-date: /home/rahul/ros2_ws/install/amr_interfaces/share/amr_interfaces/local_setup.zsh
[0.604s] -- Installing: /home/rahul/ros2_ws/install/amr_interfaces/share/amr_interfaces/local_setup.dsv
[0.604s] -- Installing: /home/rahul/ros2_ws/install/amr_interfaces/share/amr_interfaces/package.dsv
[0.604s] -- Up-to-date: /home/rahul/ros2_ws/install/amr_interfaces/share/ament_index/resource_index/packages/amr_interfaces
[0.605s] -- Up-to-date: /home/rahul/ros2_ws/install/amr_interfaces/share/amr_interfaces/cmake/export_amr_interfaces__rosidl_generator_cExport.cmake
[0.605s] -- Up-to-date: /home/rahul/ros2_ws/install/amr_interfaces/share/amr_interfaces/cmake/export_amr_interfaces__rosidl_generator_cExport-noconfig.cmake
[0.605s] -- Up-to-date: /home/rahul/ros2_ws/install/amr_interfaces/share/amr_interfaces/cmake/export_amr_interfaces__rosidl_typesupport_fastrtps_cExport.cmake
[0.605s] -- Up-to-date: /home/rahul/ros2_ws/install/amr_interfaces/share/amr_interfaces/cmake/export_amr_interfaces__rosidl_typesupport_fastrtps_cExport-noconfig.cmake
[0.605s] -- Up-to-date: /home/rahul/ros2_ws/install/amr_interfaces/share/amr_interfaces/cmake/amr_interfaces__rosidl_typesupport_introspection_cExport.cmake
[0.605s] -- Up-to-date: /home/rahul/ros2_ws/install/amr_interfaces/share/amr_interfaces/cmake/amr_interfaces__rosidl_typesupport_introspection_cExport-noconfig.cmake
[0.605s] -- Up-to-date: /home/rahul/ros2_ws/install/amr_interfaces/share/amr_interfaces/cmake/amr_interfaces__rosidl_typesupport_cExport.cmake
[0.605s] -- Up-to-date: /home/rahul/ros2_ws/install/amr_interfaces/share/amr_interfaces/cmake/amr_interfaces__rosidl_typesupport_cExport-noconfig.cmake
[0.605s] -- Up-to-date: /home/rahul/ros2_ws/install/amr_interfaces/share/amr_interfaces/cmake/export_amr_interfaces__rosidl_generator_cppExport.cmake
[0.606s] -- Up-to-date: /home/rahul/ros2_ws/install/amr_interfaces/share/amr_interfaces/cmake/export_amr_interfaces__rosidl_typesupport_fastrtps_cppExport.cmake
[0.606s] -- Up-to-date: /home/rahul/ros2_ws/install/amr_interfaces/share/amr_interfaces/cmake/export_amr_interfaces__rosidl_typesupport_fastrtps_cppExport-noconfig.cmake
[0.606s] -- Up-to-date: /home/rahul/ros2_ws/install/amr_interfaces/share/amr_interfaces/cmake/amr_interfaces__rosidl_typesupport_introspection_cppExport.cmake
[0.606s] -- Up-to-date: /home/rahul/ros2_ws/install/amr_interfaces/share/amr_interfaces/cmake/amr_interfaces__rosidl_typesupport_introspection_cppExport-noconfig.cmake
[0.606s] -- Up-to-date: /home/rahul/ros2_ws/install/amr_interfaces/share/amr_interfaces/cmake/amr_interfaces__rosidl_typesupport_cppExport.cmake
[0.606s] -- Up-to-date: /home/rahul/ros2_ws/install/amr_interfaces/share/amr_interfaces/cmake/amr_interfaces__rosidl_typesupport_cppExport-noconfig.cmake
[0.606s] -- Up-to-date: /home/rahul/ros2_ws/install/amr_interfaces/share/amr_interfaces/cmake/export_amr_interfaces__rosidl_generator_pyExport.cmake
[0.606s] -- Up-to-date: /home/rahul/ros2_ws/install/amr_interfaces/share/amr_interfaces/cmake/export_amr_interfaces__rosidl_generator_pyExport-noconfig.cmake
[0.606s] -- Up-to-date: /home/rahul/ros2_ws/install/amr_interfaces/share/amr_interfaces/cmake/rosidl_cmake-extras.cmake
[0.607s] -- Up-to-date: /home/rahul/ros2_ws/install/amr_interfaces/share/amr_interfaces/cmake/ament_cmake_export_include_directories-extras.cmake
[0.607s] -- Up-to-date: /home/rahul/ros2_ws/install/amr_interfaces/share/amr_interfaces/cmake/ament_cmake_export_libraries-extras.cmake
[0.607s] -- Up-to-date: /home/rahul/ros2_ws/install/amr_interfaces/share/amr_interfaces/cmake/ament_cmake_export_targets-extras.cmake
[0.607s] -- Up-to-date: /home/rahul/ros2_ws/install/amr_interfaces/share/amr_interfaces/cmake/rosidl_cmake_export_typesupport_targets-extras.cmake
[0.607s] -- Up-to-date: /home/rahul/ros2_ws/install/amr_interfaces/share/amr_interfaces/cmake/ament_cmake_export_dependencies-extras.cmake
[0.607s] -- Up-to-date: /home/rahul/ros2_ws/install/amr_interfaces/share/amr_interfaces/cmake/rosidl_cmake_export_typesupport_libraries-extras.cmake
[0.607s] -- Up-to-date: /home/rahul/ros2_ws/install/amr_interfaces/share/amr_interfaces/cmake/amr_interfacesConfig.cmake
[0.607s] -- Up-to-date: /home/rahul/ros2_ws/install/amr_interfaces/share/amr_interfaces/cmake/amr_interfacesConfig-version.cmake
[0.607s] -- Up-to-date: /home/rahul/ros2_ws/install/amr_interfaces/share/amr_interfaces/package.xml
[0.610s] Invoked command in '/home/rahul/ros2_ws/build/amr_interfaces' returned '0': CMAKE_PREFIX_PATH=/opt/ros/humble /usr/bin/cmake --install /home/rahul/ros2_ws/build/amr_interfaces
