[0.019s] Invoking command in '/home/rahul/ros2_ws/build/interfaces': CMAKE_PREFIX_PATH=${CMAKE_PREFIX_PATH}:/opt/ros/humble /usr/bin/cmake --build /home/rahul/ros2_ws/build/interfaces -- -j6 -l6
[0.220s] [  3%] Built target interfaces__cpp
[0.225s] [ 12%] Built target interfaces__rosidl_generator_c
[0.246s] [ 12%] Built target ament_cmake_python_copy_interfaces
[0.274s] [ 22%] Built target interfaces__rosidl_typesupport_cpp
[0.291s] [ 32%] Built target interfaces__rosidl_typesupport_c
[0.291s] [ 41%] Built target interfaces__rosidl_typesupport_fastrtps_c
[0.291s] [ 51%] Built target interfaces__rosidl_typesupport_fastrtps_cpp
[0.293s] [ 61%] Built target interfaces__rosidl_typesupport_introspection_cpp
[0.300s] [ 70%] Built target interfaces__rosidl_typesupport_introspection_c
[0.333s] [ 70%] Built target interfaces
[0.374s] [ 74%] Built target interfaces__py
[0.418s] [ 80%] Built target interfaces__rosidl_generator_py
[0.474s] [ 93%] Built target interfaces__rosidl_typesupport_introspection_c__pyext
[0.474s] [ 93%] Built target interfaces__rosidl_typesupport_c__pyext
[0.474s] [100%] Built target interfaces__rosidl_typesupport_fastrtps_c__pyext
[0.587s] running egg_info
[0.588s] writing interfaces.egg-info/PKG-INFO
[0.588s] writing dependency_links to interfaces.egg-info/dependency_links.txt
[0.589s] writing top-level names to interfaces.egg-info/top_level.txt
[0.593s] reading manifest file 'interfaces.egg-info/SOURCES.txt'
[0.594s] writing manifest file 'interfaces.egg-info/SOURCES.txt'
[0.639s] [100%] Built target ament_cmake_python_build_interfaces_egg
[0.660s] Invoked command in '/home/rahul/ros2_ws/build/interfaces' returned '0': CMAKE_PREFIX_PATH=${CMAKE_PREFIX_PATH}:/opt/ros/humble /usr/bin/cmake --build /home/rahul/ros2_ws/build/interfaces -- -j6 -l6
[0.778s] Invoking command in '/home/rahul/ros2_ws/build/interfaces': CMAKE_PREFIX_PATH=${CMAKE_PREFIX_PATH}:/opt/ros/humble /usr/bin/cmake --install /home/rahul/ros2_ws/build/interfaces
[0.789s] -- Install configuration: ""
[0.789s] -- Up-to-date: /home/rahul/ros2_ws/install/interfaces/share/ament_index/resource_index/rosidl_interfaces/interfaces
[0.790s] -- Up-to-date: /home/rahul/ros2_ws/install/interfaces/include/interfaces/interfaces
[0.790s] -- Up-to-date: /home/rahul/ros2_ws/install/interfaces/include/interfaces/interfaces/msg
[0.790s] -- Up-to-date: /home/rahul/ros2_ws/install/interfaces/include/interfaces/interfaces/msg/order.h
[0.790s] -- Up-to-date: /home/rahul/ros2_ws/install/interfaces/include/interfaces/interfaces/msg/rosidl_generator_c__visibility_control.h
[0.790s] -- Up-to-date: /home/rahul/ros2_ws/install/interfaces/include/interfaces/interfaces/msg/detail
[0.790s] -- Up-to-date: /home/rahul/ros2_ws/install/interfaces/include/interfaces/interfaces/msg/detail/order__struct.h
[0.790s] -- Up-to-date: /home/rahul/ros2_ws/install/interfaces/include/interfaces/interfaces/msg/detail/order__functions.c
[0.790s] -- Up-to-date: /home/rahul/ros2_ws/install/interfaces/include/interfaces/interfaces/msg/detail/order__type_support.h
[0.790s] -- Up-to-date: /home/rahul/ros2_ws/install/interfaces/include/interfaces/interfaces/msg/detail/order__functions.h
[0.791s] -- Up-to-date: /home/rahul/ros2_ws/install/interfaces/share/interfaces/environment/library_path.sh
[0.791s] -- Up-to-date: /home/rahul/ros2_ws/install/interfaces/share/interfaces/environment/library_path.dsv
[0.791s] -- Up-to-date: /home/rahul/ros2_ws/install/interfaces/lib/libinterfaces__rosidl_generator_c.so
[0.791s] -- Up-to-date: /home/rahul/ros2_ws/install/interfaces/include/interfaces/interfaces
[0.791s] -- Up-to-date: /home/rahul/ros2_ws/install/interfaces/include/interfaces/interfaces/msg
[0.791s] -- Up-to-date: /home/rahul/ros2_ws/install/interfaces/include/interfaces/interfaces/msg/rosidl_typesupport_fastrtps_c__visibility_control.h
[0.791s] -- Up-to-date: /home/rahul/ros2_ws/install/interfaces/include/interfaces/interfaces/msg/detail
[0.791s] -- Up-to-date: /home/rahul/ros2_ws/install/interfaces/include/interfaces/interfaces/msg/detail/order__rosidl_typesupport_fastrtps_c.h
[0.791s] -- Up-to-date: /home/rahul/ros2_ws/install/interfaces/lib/libinterfaces__rosidl_typesupport_fastrtps_c.so
[0.791s] -- Up-to-date: /home/rahul/ros2_ws/install/interfaces/include/interfaces/interfaces
[0.791s] -- Up-to-date: /home/rahul/ros2_ws/install/interfaces/include/interfaces/interfaces/msg
[0.792s] -- Up-to-date: /home/rahul/ros2_ws/install/interfaces/include/interfaces/interfaces/msg/rosidl_typesupport_introspection_c__visibility_control.h
[0.792s] -- Up-to-date: /home/rahul/ros2_ws/install/interfaces/include/interfaces/interfaces/msg/detail
[0.792s] -- Up-to-date: /home/rahul/ros2_ws/install/interfaces/include/interfaces/interfaces/msg/detail/order__rosidl_typesupport_introspection_c.h
[0.792s] -- Up-to-date: /home/rahul/ros2_ws/install/interfaces/include/interfaces/interfaces/msg/detail/order__type_support.c
[0.792s] -- Up-to-date: /home/rahul/ros2_ws/install/interfaces/lib/libinterfaces__rosidl_typesupport_introspection_c.so
[0.792s] -- Up-to-date: /home/rahul/ros2_ws/install/interfaces/lib/libinterfaces__rosidl_typesupport_c.so
[0.792s] -- Up-to-date: /home/rahul/ros2_ws/install/interfaces/include/interfaces/interfaces
[0.792s] -- Up-to-date: /home/rahul/ros2_ws/install/interfaces/include/interfaces/interfaces/msg
[0.792s] -- Up-to-date: /home/rahul/ros2_ws/install/interfaces/include/interfaces/interfaces/msg/detail
[0.792s] -- Up-to-date: /home/rahul/ros2_ws/install/interfaces/include/interfaces/interfaces/msg/detail/order__builder.hpp
[0.793s] -- Up-to-date: /home/rahul/ros2_ws/install/interfaces/include/interfaces/interfaces/msg/detail/order__traits.hpp
[0.793s] -- Up-to-date: /home/rahul/ros2_ws/install/interfaces/include/interfaces/interfaces/msg/detail/order__struct.hpp
[0.793s] -- Up-to-date: /home/rahul/ros2_ws/install/interfaces/include/interfaces/interfaces/msg/order.hpp
[0.793s] -- Up-to-date: /home/rahul/ros2_ws/install/interfaces/include/interfaces/interfaces
[0.793s] -- Up-to-date: /home/rahul/ros2_ws/install/interfaces/include/interfaces/interfaces/msg
[0.793s] -- Up-to-date: /home/rahul/ros2_ws/install/interfaces/include/interfaces/interfaces/msg/detail
[0.793s] -- Up-to-date: /home/rahul/ros2_ws/install/interfaces/include/interfaces/interfaces/msg/detail/dds_fastrtps
[0.793s] -- Up-to-date: /home/rahul/ros2_ws/install/interfaces/include/interfaces/interfaces/msg/detail/order__rosidl_typesupport_fastrtps_cpp.hpp
[0.793s] -- Up-to-date: /home/rahul/ros2_ws/install/interfaces/include/interfaces/interfaces/msg/rosidl_typesupport_fastrtps_cpp__visibility_control.h
[0.793s] -- Up-to-date: /home/rahul/ros2_ws/install/interfaces/lib/libinterfaces__rosidl_typesupport_fastrtps_cpp.so
[0.793s] -- Up-to-date: /home/rahul/ros2_ws/install/interfaces/include/interfaces/interfaces
[0.794s] -- Up-to-date: /home/rahul/ros2_ws/install/interfaces/include/interfaces/interfaces/msg
[0.794s] -- Up-to-date: /home/rahul/ros2_ws/install/interfaces/include/interfaces/interfaces/msg/detail
[0.794s] -- Up-to-date: /home/rahul/ros2_ws/install/interfaces/include/interfaces/interfaces/msg/detail/order__rosidl_typesupport_introspection_cpp.hpp
[0.794s] -- Up-to-date: /home/rahul/ros2_ws/install/interfaces/include/interfaces/interfaces/msg/detail/order__type_support.cpp
[0.794s] -- Up-to-date: /home/rahul/ros2_ws/install/interfaces/lib/libinterfaces__rosidl_typesupport_introspection_cpp.so
[0.794s] -- Up-to-date: /home/rahul/ros2_ws/install/interfaces/lib/libinterfaces__rosidl_typesupport_cpp.so
[0.794s] -- Up-to-date: /home/rahul/ros2_ws/install/interfaces/share/interfaces/environment/pythonpath.sh
[0.794s] -- Up-to-date: /home/rahul/ros2_ws/install/interfaces/share/interfaces/environment/pythonpath.dsv
[0.794s] -- Up-to-date: /home/rahul/ros2_ws/install/interfaces/local/lib/python3.10/dist-packages/interfaces-0.0.0-py3.10.egg-info
[0.794s] -- Installing: /home/rahul/ros2_ws/install/interfaces/local/lib/python3.10/dist-packages/interfaces-0.0.0-py3.10.egg-info/top_level.txt
[0.794s] -- Installing: /home/rahul/ros2_ws/install/interfaces/local/lib/python3.10/dist-packages/interfaces-0.0.0-py3.10.egg-info/SOURCES.txt
[0.795s] -- Installing: /home/rahul/ros2_ws/install/interfaces/local/lib/python3.10/dist-packages/interfaces-0.0.0-py3.10.egg-info/PKG-INFO
[0.795s] -- Installing: /home/rahul/ros2_ws/install/interfaces/local/lib/python3.10/dist-packages/interfaces-0.0.0-py3.10.egg-info/dependency_links.txt
[0.795s] -- Up-to-date: /home/rahul/ros2_ws/install/interfaces/local/lib/python3.10/dist-packages/interfaces
[0.795s] -- Up-to-date: /home/rahul/ros2_ws/install/interfaces/local/lib/python3.10/dist-packages/interfaces/_interfaces_s.ep.rosidl_typesupport_fastrtps_c.c
[0.795s] -- Up-to-date: /home/rahul/ros2_ws/install/interfaces/local/lib/python3.10/dist-packages/interfaces/interfaces_s__rosidl_typesupport_introspection_c.cpython-310-x86_64-linux-gnu.so
[0.795s] -- Up-to-date: /home/rahul/ros2_ws/install/interfaces/local/lib/python3.10/dist-packages/interfaces/interfaces_s__rosidl_typesupport_fastrtps_c.cpython-310-x86_64-linux-gnu.so
[0.795s] -- Up-to-date: /home/rahul/ros2_ws/install/interfaces/local/lib/python3.10/dist-packages/interfaces/interfaces_s__rosidl_typesupport_c.cpython-310-x86_64-linux-gnu.so
[0.795s] -- Up-to-date: /home/rahul/ros2_ws/install/interfaces/local/lib/python3.10/dist-packages/interfaces/_interfaces_s.ep.rosidl_typesupport_introspection_c.c
[0.795s] -- Up-to-date: /home/rahul/ros2_ws/install/interfaces/local/lib/python3.10/dist-packages/interfaces/__init__.py
[0.795s] -- Up-to-date: /home/rahul/ros2_ws/install/interfaces/local/lib/python3.10/dist-packages/interfaces/libinterfaces__rosidl_generator_py.so
[0.796s] -- Up-to-date: /home/rahul/ros2_ws/install/interfaces/local/lib/python3.10/dist-packages/interfaces/_interfaces_s.ep.rosidl_typesupport_c.c
[0.796s] -- Up-to-date: /home/rahul/ros2_ws/install/interfaces/local/lib/python3.10/dist-packages/interfaces/msg
[0.796s] -- Up-to-date: /home/rahul/ros2_ws/install/interfaces/local/lib/python3.10/dist-packages/interfaces/msg/_order_s.c
[0.796s] -- Up-to-date: /home/rahul/ros2_ws/install/interfaces/local/lib/python3.10/dist-packages/interfaces/msg/_order.py
[0.796s] -- Up-to-date: /home/rahul/ros2_ws/install/interfaces/local/lib/python3.10/dist-packages/interfaces/msg/__init__.py
[0.828s] Listing '/home/rahul/ros2_ws/install/interfaces/local/lib/python3.10/dist-packages/interfaces'...
[0.828s] Listing '/home/rahul/ros2_ws/install/interfaces/local/lib/python3.10/dist-packages/interfaces/msg'...
[0.833s] -- Up-to-date: /home/rahul/ros2_ws/install/interfaces/local/lib/python3.10/dist-packages/interfaces/interfaces_s__rosidl_typesupport_fastrtps_c.cpython-310-x86_64-linux-gnu.so
[0.833s] -- Up-to-date: /home/rahul/ros2_ws/install/interfaces/local/lib/python3.10/dist-packages/interfaces/interfaces_s__rosidl_typesupport_introspection_c.cpython-310-x86_64-linux-gnu.so
[0.833s] -- Up-to-date: /home/rahul/ros2_ws/install/interfaces/local/lib/python3.10/dist-packages/interfaces/interfaces_s__rosidl_typesupport_c.cpython-310-x86_64-linux-gnu.so
[0.834s] -- Up-to-date: /home/rahul/ros2_ws/install/interfaces/lib/libinterfaces__rosidl_generator_py.so
[0.839s] -- Up-to-date: /home/rahul/ros2_ws/install/interfaces/share/interfaces/msg/Order.idl
[0.843s] -- Up-to-date: /home/rahul/ros2_ws/install/interfaces/share/interfaces/msg/Order.msg
[0.843s] -- Up-to-date: /home/rahul/ros2_ws/install/interfaces/share/ament_index/resource_index/package_run_dependencies/interfaces
[0.843s] -- Up-to-date: /home/rahul/ros2_ws/install/interfaces/share/ament_index/resource_index/parent_prefix_path/interfaces
[0.843s] -- Up-to-date: /home/rahul/ros2_ws/install/interfaces/share/interfaces/environment/ament_prefix_path.sh
[0.843s] -- Up-to-date: /home/rahul/ros2_ws/install/interfaces/share/interfaces/environment/ament_prefix_path.dsv
[0.843s] -- Up-to-date: /home/rahul/ros2_ws/install/interfaces/share/interfaces/environment/path.sh
[0.844s] -- Up-to-date: /home/rahul/ros2_ws/install/interfaces/share/interfaces/environment/path.dsv
[0.844s] -- Up-to-date: /home/rahul/ros2_ws/install/interfaces/share/interfaces/local_setup.bash
[0.844s] -- Up-to-date: /home/rahul/ros2_ws/install/interfaces/share/interfaces/local_setup.sh
[0.844s] -- Up-to-date: /home/rahul/ros2_ws/install/interfaces/share/interfaces/local_setup.zsh
[0.844s] -- Up-to-date: /home/rahul/ros2_ws/install/interfaces/share/interfaces/local_setup.dsv
[0.844s] -- Installing: /home/rahul/ros2_ws/install/interfaces/share/interfaces/package.dsv
[0.844s] -- Up-to-date: /home/rahul/ros2_ws/install/interfaces/share/ament_index/resource_index/packages/interfaces
[0.844s] -- Up-to-date: /home/rahul/ros2_ws/install/interfaces/share/interfaces/cmake/export_interfaces__rosidl_generator_cExport.cmake
[0.844s] -- Up-to-date: /home/rahul/ros2_ws/install/interfaces/share/interfaces/cmake/export_interfaces__rosidl_generator_cExport-noconfig.cmake
[0.844s] -- Up-to-date: /home/rahul/ros2_ws/install/interfaces/share/interfaces/cmake/export_interfaces__rosidl_typesupport_fastrtps_cExport.cmake
[0.844s] -- Up-to-date: /home/rahul/ros2_ws/install/interfaces/share/interfaces/cmake/export_interfaces__rosidl_typesupport_fastrtps_cExport-noconfig.cmake
[0.844s] -- Up-to-date: /home/rahul/ros2_ws/install/interfaces/share/interfaces/cmake/interfaces__rosidl_typesupport_introspection_cExport.cmake
[0.844s] -- Up-to-date: /home/rahul/ros2_ws/install/interfaces/share/interfaces/cmake/interfaces__rosidl_typesupport_introspection_cExport-noconfig.cmake
[0.844s] -- Up-to-date: /home/rahul/ros2_ws/install/interfaces/share/interfaces/cmake/interfaces__rosidl_typesupport_cExport.cmake
[0.844s] -- Up-to-date: /home/rahul/ros2_ws/install/interfaces/share/interfaces/cmake/interfaces__rosidl_typesupport_cExport-noconfig.cmake
[0.844s] -- Up-to-date: /home/rahul/ros2_ws/install/interfaces/share/interfaces/cmake/export_interfaces__rosidl_generator_cppExport.cmake
[0.845s] -- Up-to-date: /home/rahul/ros2_ws/install/interfaces/share/interfaces/cmake/export_interfaces__rosidl_typesupport_fastrtps_cppExport.cmake
[0.845s] -- Up-to-date: /home/rahul/ros2_ws/install/interfaces/share/interfaces/cmake/export_interfaces__rosidl_typesupport_fastrtps_cppExport-noconfig.cmake
[0.845s] -- Up-to-date: /home/rahul/ros2_ws/install/interfaces/share/interfaces/cmake/interfaces__rosidl_typesupport_introspection_cppExport.cmake
[0.845s] -- Up-to-date: /home/rahul/ros2_ws/install/interfaces/share/interfaces/cmake/interfaces__rosidl_typesupport_introspection_cppExport-noconfig.cmake
[0.845s] -- Up-to-date: /home/rahul/ros2_ws/install/interfaces/share/interfaces/cmake/interfaces__rosidl_typesupport_cppExport.cmake
[0.845s] -- Up-to-date: /home/rahul/ros2_ws/install/interfaces/share/interfaces/cmake/interfaces__rosidl_typesupport_cppExport-noconfig.cmake
[0.845s] -- Up-to-date: /home/rahul/ros2_ws/install/interfaces/share/interfaces/cmake/export_interfaces__rosidl_generator_pyExport.cmake
[0.845s] -- Up-to-date: /home/rahul/ros2_ws/install/interfaces/share/interfaces/cmake/export_interfaces__rosidl_generator_pyExport-noconfig.cmake
[0.845s] -- Up-to-date: /home/rahul/ros2_ws/install/interfaces/share/interfaces/cmake/rosidl_cmake-extras.cmake
[0.845s] -- Up-to-date: /home/rahul/ros2_ws/install/interfaces/share/interfaces/cmake/ament_cmake_export_include_directories-extras.cmake
[0.845s] -- Up-to-date: /home/rahul/ros2_ws/install/interfaces/share/interfaces/cmake/ament_cmake_export_libraries-extras.cmake
[0.845s] -- Up-to-date: /home/rahul/ros2_ws/install/interfaces/share/interfaces/cmake/ament_cmake_export_targets-extras.cmake
[0.845s] -- Up-to-date: /home/rahul/ros2_ws/install/interfaces/share/interfaces/cmake/rosidl_cmake_export_typesupport_targets-extras.cmake
[0.845s] -- Up-to-date: /home/rahul/ros2_ws/install/interfaces/share/interfaces/cmake/ament_cmake_export_dependencies-extras.cmake
[0.845s] -- Up-to-date: /home/rahul/ros2_ws/install/interfaces/share/interfaces/cmake/rosidl_cmake_export_typesupport_libraries-extras.cmake
[0.845s] -- Up-to-date: /home/rahul/ros2_ws/install/interfaces/share/interfaces/cmake/interfacesConfig.cmake
[0.845s] -- Up-to-date: /home/rahul/ros2_ws/install/interfaces/share/interfaces/cmake/interfacesConfig-version.cmake
[0.845s] -- Up-to-date: /home/rahul/ros2_ws/install/interfaces/share/interfaces/package.xml
[0.849s] Invoked command in '/home/rahul/ros2_ws/build/interfaces' returned '0': CMAKE_PREFIX_PATH=${CMAKE_PREFIX_PATH}:/opt/ros/humble /usr/bin/cmake --install /home/rahul/ros2_ws/build/interfaces
