[0.022s] Invoking command in '/home/rahul/ros2_ws/build/amr_pkg': CMAKE_PREFIX_PATH=/home/rahul/ros2_ws/install/interfaces:/home/rahul/ros2_ws/install/amr_pkg:/opt/ros/humble /usr/bin/cmake --build /home/rahul/ros2_ws/build/amr_pkg -- -j6 -l6
[0.090s] [35m[1mConsolidate compiler generated dependencies of target orderoptimizer[0m
[0.121s] [ 50%] [32mBuilding CXX object CMakeFiles/orderoptimizer.dir/src/OrderOptimizer.cpp.o[0m
[18.682s] [100%] [32m[1mLinking CXX executable orderoptimizer[0m
[20.007s] /usr/bin/ld: CMakeFiles/orderoptimizer.dir/src/OrderOptimizer.cpp.o: warning: relocation against `_ZTVN4YAML9ExceptionE' in read-only section `.text._ZN4YAML9ExceptionC2ERKNS_4MarkERKNSt7__cxx1112basic_stringIcSt11char_traitsIcESaIcEEE[_ZN4YAML9ExceptionC5ERKNS_4MarkERKNSt7__cxx1112basic_stringIcSt11char_traitsIcESaIcEEE]'
[20.123s] /usr/bin/ld: CMakeFiles/orderoptimizer.dir/src/OrderOptimizer.cpp.o: in function `YAML::Exception::Exception(YAML::Mark const&, std::__cxx11::basic_string<char, std::char_traits<char>, std::allocator<char> > const&)':
[20.123s] OrderOptimizer.cpp:(.text._ZN4YAML9ExceptionC2ERKNS_4MarkERKNSt7__cxx1112basic_stringIcSt11char_traitsIcESaIcEEE[_ZN4YAML9ExceptionC5ERKNS_4MarkERKNSt7__cxx1112basic_stringIcSt11char_traitsIcESaIcEEE]+0x61): undefined reference to `vtable for YAML::Exception'
[20.127s] /usr/bin/ld: CMakeFiles/orderoptimizer.dir/src/OrderOptimizer.cpp.o: in function `YAML::RepresentationException::RepresentationException(YAML::Mark const&, std::__cxx11::basic_string<char, std::char_traits<char>, std::allocator<char> > const&)':
[20.127s] OrderOptimizer.cpp:(.text._ZN4YAML23RepresentationExceptionC2ERKNS_4MarkERKNSt7__cxx1112basic_stringIcSt11char_traitsIcESaIcEEE[_ZN4YAML23RepresentationExceptionC5ERKNS_4MarkERKNSt7__cxx1112basic_stringIcSt11char_traitsIcESaIcEEE]+0x32): undefined reference to `vtable for YAML::RepresentationException'
[20.129s] /usr/bin/ld: CMakeFiles/orderoptimizer.dir/src/OrderOptimizer.cpp.o: in function `YAML::InvalidNode::InvalidNode(std::__cxx11::basic_string<char, std::char_traits<char>, std::allocator<char> > const&)':
[20.129s] OrderOptimizer.cpp:(.text._ZN4YAML11InvalidNodeC2ERKNSt7__cxx1112basic_stringIcSt11char_traitsIcESaIcEEE[_ZN4YAML11InvalidNodeC5ERKNSt7__cxx1112basic_stringIcSt11char_traitsIcESaIcEEE]+0x71): undefined reference to `vtable for YAML::InvalidNode'
[20.131s] /usr/bin/ld: CMakeFiles/orderoptimizer.dir/src/OrderOptimizer.cpp.o: in function `YAML::BadConversion::BadConversion(YAML::Mark const&)':
[20.131s] OrderOptimizer.cpp:(.text._ZN4YAML13BadConversionC2ERKNS_4MarkE[_ZN4YAML13BadConversionC5ERKNS_4MarkE]+0x7c): undefined reference to `vtable for YAML::BadConversion'
[20.134s] /usr/bin/ld: CMakeFiles/orderoptimizer.dir/src/OrderOptimizer.cpp.o: in function `YAML::detail::memory_holder::create_node()':
[20.134s] OrderOptimizer.cpp:(.text._ZN4YAML6detail13memory_holder11create_nodeEv[_ZN4YAML6detail13memory_holder11create_nodeEv]+0x20): undefined reference to `YAML::detail::memory::create_node()'
[20.137s] /usr/bin/ld: CMakeFiles/orderoptimizer.dir/src/OrderOptimizer.cpp.o: in function `YAML::detail::node_ref::mark_defined()':
[20.137s] OrderOptimizer.cpp:(.text._ZN4YAML6detail8node_ref12mark_definedEv[_ZN4YAML6detail8node_ref12mark_definedEv]+0x20): undefined reference to `YAML::detail::node_data::mark_defined()'
[20.140s] /usr/bin/ld: CMakeFiles/orderoptimizer.dir/src/OrderOptimizer.cpp.o: in function `YAML::detail::node_ref::set_null()':
[20.140s] OrderOptimizer.cpp:(.text._ZN4YAML6detail8node_ref8set_nullEv[_ZN4YAML6detail8node_ref8set_nullEv]+0x20): undefined reference to `YAML::detail::node_data::set_null()'
[20.144s] /usr/bin/ld: CMakeFiles/orderoptimizer.dir/src/OrderOptimizer.cpp.o: in function `YAML::detail::node_ref::set_scalar(std::__cxx11::basic_string<char, std::char_traits<char>, std::allocator<char> > const&)':
[20.144s] OrderOptimizer.cpp:(.text._ZN4YAML6detail8node_ref10set_scalarERKNSt7__cxx1112basic_stringIcSt11char_traitsIcESaIcEEE[_ZN4YAML6detail8node_ref10set_scalarERKNSt7__cxx1112basic_stringIcSt11char_traitsIcESaIcEEE]+0x2e): undefined reference to `YAML::detail::node_data::set_scalar(std::__cxx11::basic_string<char, std::char_traits<char>, std::allocator<char> > const&)'
[20.147s] /usr/bin/ld: CMakeFiles/orderoptimizer.dir/src/OrderOptimizer.cpp.o: in function `YAML::Node::EnsureNodeExists() const':
[20.147s] OrderOptimizer.cpp:(.text._ZNK4YAML4Node16EnsureNodeExistsEv[_ZNK4YAML4Node16EnsureNodeExistsEv]+0x44): undefined reference to `YAML::InvalidNode::~InvalidNode()'
[20.149s] /usr/bin/ld: OrderOptimizer.cpp:(.text._ZNK4YAML4Node16EnsureNodeExistsEv[_ZNK4YAML4Node16EnsureNodeExistsEv]+0x4e): undefined reference to `typeinfo for YAML::InvalidNode'
[20.153s] /usr/bin/ld: CMakeFiles/orderoptimizer.dir/src/OrderOptimizer.cpp.o: in function `YAML::Node::Mark() const':
[20.153s] OrderOptimizer.cpp:(.text._ZNK4YAML4Node4MarkEv[_ZNK4YAML4Node4MarkEv]+0x44): undefined reference to `YAML::InvalidNode::~InvalidNode()'
[20.158s] /usr/bin/ld: OrderOptimizer.cpp:(.text._ZNK4YAML4Node4MarkEv[_ZNK4YAML4Node4MarkEv]+0x4e): undefined reference to `typeinfo for YAML::InvalidNode'
[20.164s] /usr/bin/ld: CMakeFiles/orderoptimizer.dir/src/OrderOptimizer.cpp.o: in function `YAML::Node::Type() const':
[20.165s] OrderOptimizer.cpp:(.text._ZNK4YAML4Node4TypeEv[_ZNK4YAML4Node4TypeEv]+0x44): undefined reference to `YAML::InvalidNode::~InvalidNode()'
[20.166s] /usr/bin/ld: OrderOptimizer.cpp:(.text._ZNK4YAML4Node4TypeEv[_ZNK4YAML4Node4TypeEv]+0x4e): undefined reference to `typeinfo for YAML::InvalidNode'
[20.171s] /usr/bin/ld: CMakeFiles/orderoptimizer.dir/src/OrderOptimizer.cpp.o: in function `YAML::Node::Scalar[abi:cxx11]() const':
[20.171s] OrderOptimizer.cpp:(.text._ZNK4YAML4Node6ScalarB5cxx11Ev[_ZNK4YAML4Node6ScalarB5cxx11Ev]+0x44): undefined reference to `YAML::InvalidNode::~InvalidNode()'
[20.173s] /usr/bin/ld: OrderOptimizer.cpp:(.text._ZNK4YAML4Node6ScalarB5cxx11Ev[_ZNK4YAML4Node6ScalarB5cxx11Ev]+0x4e): undefined reference to `typeinfo for YAML::InvalidNode'
[20.176s] /usr/bin/ld: OrderOptimizer.cpp:(.text._ZNK4YAML4Node6ScalarB5cxx11Ev[_ZNK4YAML4Node6ScalarB5cxx11Ev]+0x7d): undefined reference to `YAML::detail::node_data::empty_scalar[abi:cxx11]()'
[20.179s] /usr/bin/ld: CMakeFiles/orderoptimizer.dir/src/OrderOptimizer.cpp.o: in function `OrderOptimizerNode::processFile(std::__cxx11::basic_string<char, std::char_traits<char>, std::allocator<char> > const&, unsigned int)':
[20.179s] OrderOptimizer.cpp:(.text._ZN18OrderOptimizerNode11processFileERKNSt7__cxx1112basic_stringIcSt11char_traitsIcESaIcEEEj[_ZN18OrderOptimizerNode11processFileERKNSt7__cxx1112basic_stringIcSt11char_traitsIcESaIcEEEj]+0x4a): undefined reference to `YAML::LoadFile(std::__cxx11::basic_string<char, std::char_traits<char>, std::allocator<char> > const&)'
[20.183s] /usr/bin/ld: CMakeFiles/orderoptimizer.dir/src/OrderOptimizer.cpp.o: in function `unsigned int YAML::Node::as<unsigned int>() const':
[20.184s] OrderOptimizer.cpp:(.text._ZNK4YAML4Node2asIjEET_v[_ZNK4YAML4Node2asIjEET_v]+0x53): undefined reference to `YAML::InvalidNode::~InvalidNode()'
[20.186s] /usr/bin/ld: OrderOptimizer.cpp:(.text._ZNK4YAML4Node2asIjEET_v[_ZNK4YAML4Node2asIjEET_v]+0x5d): undefined reference to `typeinfo for YAML::InvalidNode'
[20.189s] /usr/bin/ld: CMakeFiles/orderoptimizer.dir/src/OrderOptimizer.cpp.o: in function `YAML::TypedBadConversion<unsigned int>::~TypedBadConversion()':
[20.190s] OrderOptimizer.cpp:(.text._ZN4YAML18TypedBadConversionIjED2Ev[_ZN4YAML18TypedBadConversionIjED5Ev]+0x26): undefined reference to `YAML::BadConversion::~BadConversion()'
[20.194s] /usr/bin/ld: CMakeFiles/orderoptimizer.dir/src/OrderOptimizer.cpp.o: in function `YAML::detail::node& YAML::detail::node_data::get<char [6]>(char const (&) [6], std::shared_ptr<YAML::detail::memory_holder>)':
[20.195s] OrderOptimizer.cpp:(.text._ZN4YAML6detail9node_data3getIA6_cEERNS0_4nodeERKT_St10shared_ptrINS0_13memory_holderEE[_ZN4YAML6detail9node_data3getIA6_cEERNS0_4nodeERKT_St10shared_ptrINS0_13memory_holderEE]+0xd3): undefined reference to `YAML::detail::node_data::convert_to_map(std::shared_ptr<YAML::detail::memory_holder> const&)'
[20.198s] /usr/bin/ld: OrderOptimizer.cpp:(.text._ZN4YAML6detail9node_data3getIA6_cEERNS0_4nodeERKT_St10shared_ptrINS0_13memory_holderEE[_ZN4YAML6detail9node_data3getIA6_cEERNS0_4nodeERKT_St10shared_ptrINS0_13memory_holderEE]+0x103): undefined reference to `YAML::BadSubscript::~BadSubscript()'
[20.201s] /usr/bin/ld: OrderOptimizer.cpp:(.text._ZN4YAML6detail9node_data3getIA6_cEERNS0_4nodeERKT_St10shared_ptrINS0_13memory_holderEE[_ZN4YAML6detail9node_data3getIA6_cEERNS0_4nodeERKT_St10shared_ptrINS0_13memory_holderEE]+0x10d): undefined reference to `typeinfo for YAML::BadSubscript'
[20.206s] /usr/bin/ld: OrderOptimizer.cpp:(.text._ZN4YAML6detail9node_data3getIA6_cEERNS0_4nodeERKT_St10shared_ptrINS0_13memory_holderEE[_ZN4YAML6detail9node_data3getIA6_cEERNS0_4nodeERKT_St10shared_ptrINS0_13memory_holderEE]+0x1fb): undefined reference to `YAML::detail::node_data::insert_map_pair(YAML::detail::node&, YAML::detail::node&)'
[20.212s] /usr/bin/ld: CMakeFiles/orderoptimizer.dir/src/OrderOptimizer.cpp.o: in function `YAML::BadSubscript::BadSubscript<char [6]>(YAML::Mark const&, char const (&) [6])':
[20.213s] OrderOptimizer.cpp:(.text._ZN4YAML12BadSubscriptC2IA6_cEERKNS_4MarkERKT_[_ZN4YAML12BadSubscriptC5IA6_cEERKNS_4MarkERKT_]+0x61): undefined reference to `vtable for YAML::BadSubscript'
[20.215s] /usr/bin/ld: CMakeFiles/orderoptimizer.dir/src/OrderOptimizer.cpp.o: in function `YAML::detail::node& YAML::detail::node_data::convert_to_node<char [6]>(char const (&) [6], std::shared_ptr<YAML::detail::memory_holder>)':
[20.216s] OrderOptimizer.cpp:(.text._ZN4YAML6detail9node_data15convert_to_nodeIA6_cEERNS0_4nodeERKT_St10shared_ptrINS0_13memory_holderEE[_ZN4YAML6detail9node_data15convert_to_nodeIA6_cEERNS0_4nodeERKT_St10shared_ptrINS0_13memory_holderEE]+0x69): undefined reference to `YAML::detail::memory_holder::merge(YAML::detail::memory_holder&)'
[20.236s] /usr/bin/ld: CMakeFiles/orderoptimizer.dir/src/OrderOptimizer.cpp.o:(.data.rel.ro._ZTIN4YAML18TypedBadConversionIjEE[_ZTIN4YAML18TypedBadConversionIjEE]+0x10): undefined reference to `typeinfo for YAML::BadConversion'
[20.250s] /usr/bin/ld: CMakeFiles/orderoptimizer.dir/src/OrderOptimizer.cpp.o:(.data.rel.local.DW.ref._ZTIN4YAML9ExceptionE[DW.ref._ZTIN4YAML9ExceptionE]+0x0): undefined reference to `typeinfo for YAML::Exception'
[20.359s] /usr/bin/ld: warning: creating DT_TEXTREL in a PIE
[20.377s] collect2: error: ld returned 1 exit status
[20.382s] gmake[2]: *** [CMakeFiles/orderoptimizer.dir/build.make:191: orderoptimizer] Error 1
[20.382s] gmake[1]: *** [CMakeFiles/Makefile2:137: CMakeFiles/orderoptimizer.dir/all] Error 2
[20.382s] gmake: *** [Makefile:146: all] Error 2
[20.388s] Invoked command in '/home/rahul/ros2_ws/build/amr_pkg' returned '2': CMAKE_PREFIX_PATH=/home/rahul/ros2_ws/install/interfaces:/home/rahul/ros2_ws/install/amr_pkg:/opt/ros/humble /usr/bin/cmake --build /home/rahul/ros2_ws/build/amr_pkg -- -j6 -l6
