[35m[1mConsolidate compiler generated dependencies of target orderoptimizer[0m
[35m[1mConsolidate compiler generated dependencies of target transformbroadcaster[0m
[ 50%] Built target transformbroadcaster
[ 75%] [32mBuilding CXX object CMakeFiles/orderoptimizer.dir/src/OrderOptimizer.cpp.o[0m
[100%] [32m[1mLinking CXX executable orderoptimizer[0m
[100%] Built target orderoptimizer
-- Install configuration: ""
-- Installing: /home/sahil/AMR_Order_Pickup/install/amr_pkg/lib/amr_pkg/orderoptimizer
-- Set runtime path of "/home/sahil/AMR_Order_Pickup/install/amr_pkg/lib/amr_pkg/orderoptimizer" to ""
-- Up-to-date: /home/sahil/AMR_Order_Pickup/install/amr_pkg/lib/amr_pkg/transformbroadcaster
-- Up-to-date: /home/sahil/AMR_Order_Pickup/install/amr_pkg/share/ament_index/resource_index/package_run_dependencies/amr_pkg
-- Up-to-date: /home/sahil/AMR_Order_Pickup/install/amr_pkg/share/ament_index/resource_index/parent_prefix_path/amr_pkg
-- Up-to-date: /home/sahil/AMR_Order_Pickup/install/amr_pkg/share/amr_pkg/environment/ament_prefix_path.sh
-- Up-to-date: /home/sahil/AMR_Order_Pickup/install/amr_pkg/share/amr_pkg/environment/ament_prefix_path.dsv
-- Up-to-date: /home/sahil/AMR_Order_Pickup/install/amr_pkg/share/amr_pkg/environment/path.sh
-- Up-to-date: /home/sahil/AMR_Order_Pickup/install/amr_pkg/share/amr_pkg/environment/path.dsv
-- Up-to-date: /home/sahil/AMR_Order_Pickup/install/amr_pkg/share/amr_pkg/local_setup.bash
-- Up-to-date: /home/sahil/AMR_Order_Pickup/install/amr_pkg/share/amr_pkg/local_setup.sh
-- Up-to-date: /home/sahil/AMR_Order_Pickup/install/amr_pkg/share/amr_pkg/local_setup.zsh
-- Up-to-date: /home/sahil/AMR_Order_Pickup/install/amr_pkg/share/amr_pkg/local_setup.dsv
-- Installing: /home/sahil/AMR_Order_Pickup/install/amr_pkg/share/amr_pkg/package.dsv
-- Up-to-date: /home/sahil/AMR_Order_Pickup/install/amr_pkg/share/ament_index/resource_index/packages/amr_pkg
-- Up-to-date: /home/sahil/AMR_Order_Pickup/install/amr_pkg/share/amr_pkg/cmake/amr_pkgConfig.cmake
-- Up-to-date: /home/sahil/AMR_Order_Pickup/install/amr_pkg/share/amr_pkg/cmake/amr_pkgConfig-version.cmake
-- Up-to-date: /home/sahil/AMR_Order_Pickup/install/amr_pkg/share/amr_pkg/package.xml
