[35m[1mConsolidate compiler generated dependencies of target orderoptimizer[0m
[ 50%] [32mBuilding CXX object CMakeFiles/orderoptimizer.dir/src/OrderOptimizer.cpp.o[0m
[100%] [32m[1mLinking CXX executable orderoptimizer[0m
/usr/bin/ld: CMakeFiles/orderoptimizer.dir/src/OrderOptimizer.cpp.o: warning: relocation against `_ZTVN4YAML9ExceptionE' in read-only section `.text._ZN4YAML9ExceptionC2ERKNS_4MarkERKNSt7__cxx1112basic_stringIcSt11char_traitsIcESaIcEEE[_ZN4YAML9ExceptionC5ERKNS_4MarkERKNSt7__cxx1112basic_stringIcSt11char_traitsIcESaIcEEE]'
/usr/bin/ld: CMakeFiles/orderoptimizer.dir/src/OrderOptimizer.cpp.o: in function `YAML::Exception::Exception(YAML::Mark const&, std::__cxx11::basic_string<char, std::char_traits<char>, std::allocator<char> > const&)':
OrderOptimizer.cpp:(.text._ZN4YAML9ExceptionC2ERKNS_4MarkERKNSt7__cxx1112basic_stringIcSt11char_traitsIcESaIcEEE[_ZN4YAML9ExceptionC5ERKNS_4MarkERKNSt7__cxx1112basic_stringIcSt11char_traitsIcESaIcEEE]+0x61): undefined reference to `vtable for YAML::Exception'
/usr/bin/ld: CMakeFiles/orderoptimizer.dir/src/OrderOptimizer.cpp.o: in function `YAML::RepresentationException::RepresentationException(YAML::Mark const&, std::__cxx11::basic_string<char, std::char_traits<char>, std::allocator<char> > const&)':
OrderOptimizer.cpp:(.text._ZN4YAML23RepresentationExceptionC2ERKNS_4MarkERKNSt7__cxx1112basic_stringIcSt11char_traitsIcESaIcEEE[_ZN4YAML23RepresentationExceptionC5ERKNS_4MarkERKNSt7__cxx1112basic_stringIcSt11char_traitsIcESaIcEEE]+0x32): undefined reference to `vtable for YAML::RepresentationException'
/usr/bin/ld: CMakeFiles/orderoptimizer.dir/src/OrderOptimizer.cpp.o: in function `YAML::InvalidNode::InvalidNode(std::__cxx11::basic_string<char, std::char_traits<char>, std::allocator<char> > const&)':
OrderOptimizer.cpp:(.text._ZN4YAML11InvalidNodeC2ERKNSt7__cxx1112basic_stringIcSt11char_traitsIcESaIcEEE[_ZN4YAML11InvalidNodeC5ERKNSt7__cxx1112basic_stringIcSt11char_traitsIcESaIcEEE]+0x71): undefined reference to `vtable for YAML::InvalidNode'
/usr/bin/ld: CMakeFiles/orderoptimizer.dir/src/OrderOptimizer.cpp.o: in function `YAML::BadConversion::BadConversion(YAML::Mark const&)':
OrderOptimizer.cpp:(.text._ZN4YAML13BadConversionC2ERKNS_4MarkE[_ZN4YAML13BadConversionC5ERKNS_4MarkE]+0x7c): undefined reference to `vtable for YAML::BadConversion'
/usr/bin/ld: CMakeFiles/orderoptimizer.dir/src/OrderOptimizer.cpp.o: in function `YAML::detail::memory_holder::create_node()':
OrderOptimizer.cpp:(.text._ZN4YAML6detail13memory_holder11create_nodeEv[_ZN4YAML6detail13memory_holder11create_nodeEv]+0x20): undefined reference to `YAML::detail::memory::create_node()'
/usr/bin/ld: CMakeFiles/orderoptimizer.dir/src/OrderOptimizer.cpp.o: in function `YAML::detail::node_ref::mark_defined()':
OrderOptimizer.cpp:(.text._ZN4YAML6detail8node_ref12mark_definedEv[_ZN4YAML6detail8node_ref12mark_definedEv]+0x20): undefined reference to `YAML::detail::node_data::mark_defined()'
/usr/bin/ld: CMakeFiles/orderoptimizer.dir/src/OrderOptimizer.cpp.o: in function `YAML::detail::node_ref::set_null()':
OrderOptimizer.cpp:(.text._ZN4YAML6detail8node_ref8set_nullEv[_ZN4YAML6detail8node_ref8set_nullEv]+0x20): undefined reference to `YAML::detail::node_data::set_null()'
/usr/bin/ld: CMakeFiles/orderoptimizer.dir/src/OrderOptimizer.cpp.o: in function `YAML::detail::node_ref::set_scalar(std::__cxx11::basic_string<char, std::char_traits<char>, std::allocator<char> > const&)':
OrderOptimizer.cpp:(.text._ZN4YAML6detail8node_ref10set_scalarERKNSt7__cxx1112basic_stringIcSt11char_traitsIcESaIcEEE[_ZN4YAML6detail8node_ref10set_scalarERKNSt7__cxx1112basic_stringIcSt11char_traitsIcESaIcEEE]+0x2e): undefined reference to `YAML::detail::node_data::set_scalar(std::__cxx11::basic_string<char, std::char_traits<char>, std::allocator<char> > const&)'
/usr/bin/ld: CMakeFiles/orderoptimizer.dir/src/OrderOptimizer.cpp.o: in function `YAML::Node::EnsureNodeExists() const':
OrderOptimizer.cpp:(.text._ZNK4YAML4Node16EnsureNodeExistsEv[_ZNK4YAML4Node16EnsureNodeExistsEv]+0x44): undefined reference to `YAML::InvalidNode::~InvalidNode()'
/usr/bin/ld: OrderOptimizer.cpp:(.text._ZNK4YAML4Node16EnsureNodeExistsEv[_ZNK4YAML4Node16EnsureNodeExistsEv]+0x4e): undefined reference to `typeinfo for YAML::InvalidNode'
/usr/bin/ld: CMakeFiles/orderoptimizer.dir/src/OrderOptimizer.cpp.o: in function `YAML::Node::Mark() const':
OrderOptimizer.cpp:(.text._ZNK4YAML4Node4MarkEv[_ZNK4YAML4Node4MarkEv]+0x44): undefined reference to `YAML::InvalidNode::~InvalidNode()'
/usr/bin/ld: OrderOptimizer.cpp:(.text._ZNK4YAML4Node4MarkEv[_ZNK4YAML4Node4MarkEv]+0x4e): undefined reference to `typeinfo for YAML::InvalidNode'
/usr/bin/ld: CMakeFiles/orderoptimizer.dir/src/OrderOptimizer.cpp.o: in function `YAML::Node::Type() const':
OrderOptimizer.cpp:(.text._ZNK4YAML4Node4TypeEv[_ZNK4YAML4Node4TypeEv]+0x44): undefined reference to `YAML::InvalidNode::~InvalidNode()'
/usr/bin/ld: OrderOptimizer.cpp:(.text._ZNK4YAML4Node4TypeEv[_ZNK4YAML4Node4TypeEv]+0x4e): undefined reference to `typeinfo for YAML::InvalidNode'
/usr/bin/ld: CMakeFiles/orderoptimizer.dir/src/OrderOptimizer.cpp.o: in function `YAML::Node::Scalar[abi:cxx11]() const':
OrderOptimizer.cpp:(.text._ZNK4YAML4Node6ScalarB5cxx11Ev[_ZNK4YAML4Node6ScalarB5cxx11Ev]+0x44): undefined reference to `YAML::InvalidNode::~InvalidNode()'
/usr/bin/ld: OrderOptimizer.cpp:(.text._ZNK4YAML4Node6ScalarB5cxx11Ev[_ZNK4YAML4Node6ScalarB5cxx11Ev]+0x4e): undefined reference to `typeinfo for YAML::InvalidNode'
/usr/bin/ld: OrderOptimizer.cpp:(.text._ZNK4YAML4Node6ScalarB5cxx11Ev[_ZNK4YAML4Node6ScalarB5cxx11Ev]+0x7d): undefined reference to `YAML::detail::node_data::empty_scalar[abi:cxx11]()'
/usr/bin/ld: CMakeFiles/orderoptimizer.dir/src/OrderOptimizer.cpp.o: in function `OrderOptimizerNode::searchOrderInFiles(unsigned int, std::__cxx11::basic_string<char, std::char_traits<char>, std::allocator<char> > const&)':
OrderOptimizer.cpp:(.text._ZN18OrderOptimizerNode18searchOrderInFilesEjRKNSt7__cxx1112basic_stringIcSt11char_traitsIcESaIcEEE[_ZN18OrderOptimizerNode18searchOrderInFilesEjRKNSt7__cxx1112basic_stringIcSt11char_traitsIcESaIcEEE]+0x310): undefined reference to `YAML::Load(std::istream&)'
/usr/bin/ld: CMakeFiles/orderoptimizer.dir/src/OrderOptimizer.cpp.o: in function `unsigned int YAML::Node::as<unsigned int>() const':
OrderOptimizer.cpp:(.text._ZNK4YAML4Node2asIjEET_v[_ZNK4YAML4Node2asIjEET_v]+0x53): undefined reference to `YAML::InvalidNode::~InvalidNode()'
/usr/bin/ld: OrderOptimizer.cpp:(.text._ZNK4YAML4Node2asIjEET_v[_ZNK4YAML4Node2asIjEET_v]+0x5d): undefined reference to `typeinfo for YAML::InvalidNode'
/usr/bin/ld: CMakeFiles/orderoptimizer.dir/src/OrderOptimizer.cpp.o: in function `YAML::TypedBadConversion<unsigned int>::~TypedBadConversion()':
OrderOptimizer.cpp:(.text._ZN4YAML18TypedBadConversionIjED2Ev[_ZN4YAML18TypedBadConversionIjED5Ev]+0x26): undefined reference to `YAML::BadConversion::~BadConversion()'
/usr/bin/ld: CMakeFiles/orderoptimizer.dir/src/OrderOptimizer.cpp.o: in function `YAML::detail::node& YAML::detail::node_data::get<char [6]>(char const (&) [6], std::shared_ptr<YAML::detail::memory_holder>)':
OrderOptimizer.cpp:(.text._ZN4YAML6detail9node_data3getIA6_cEERNS0_4nodeERKT_St10shared_ptrINS0_13memory_holderEE[_ZN4YAML6detail9node_data3getIA6_cEERNS0_4nodeERKT_St10shared_ptrINS0_13memory_holderEE]+0xd3): undefined reference to `YAML::detail::node_data::convert_to_map(std::shared_ptr<YAML::detail::memory_holder> const&)'
/usr/bin/ld: OrderOptimizer.cpp:(.text._ZN4YAML6detail9node_data3getIA6_cEERNS0_4nodeERKT_St10shared_ptrINS0_13memory_holderEE[_ZN4YAML6detail9node_data3getIA6_cEERNS0_4nodeERKT_St10shared_ptrINS0_13memory_holderEE]+0x103): undefined reference to `YAML::BadSubscript::~BadSubscript()'
/usr/bin/ld: OrderOptimizer.cpp:(.text._ZN4YAML6detail9node_data3getIA6_cEERNS0_4nodeERKT_St10shared_ptrINS0_13memory_holderEE[_ZN4YAML6detail9node_data3getIA6_cEERNS0_4nodeERKT_St10shared_ptrINS0_13memory_holderEE]+0x10d): undefined reference to `typeinfo for YAML::BadSubscript'
/usr/bin/ld: OrderOptimizer.cpp:(.text._ZN4YAML6detail9node_data3getIA6_cEERNS0_4nodeERKT_St10shared_ptrINS0_13memory_holderEE[_ZN4YAML6detail9node_data3getIA6_cEERNS0_4nodeERKT_St10shared_ptrINS0_13memory_holderEE]+0x1fb): undefined reference to `YAML::detail::node_data::insert_map_pair(YAML::detail::node&, YAML::detail::node&)'
/usr/bin/ld: CMakeFiles/orderoptimizer.dir/src/OrderOptimizer.cpp.o: in function `YAML::BadSubscript::BadSubscript<char [6]>(YAML::Mark const&, char const (&) [6])':
OrderOptimizer.cpp:(.text._ZN4YAML12BadSubscriptC2IA6_cEERKNS_4MarkERKT_[_ZN4YAML12BadSubscriptC5IA6_cEERKNS_4MarkERKT_]+0x61): undefined reference to `vtable for YAML::BadSubscript'
/usr/bin/ld: CMakeFiles/orderoptimizer.dir/src/OrderOptimizer.cpp.o: in function `YAML::detail::node& YAML::detail::node_data::convert_to_node<char [6]>(char const (&) [6], std::shared_ptr<YAML::detail::memory_holder>)':
OrderOptimizer.cpp:(.text._ZN4YAML6detail9node_data15convert_to_nodeIA6_cEERNS0_4nodeERKT_St10shared_ptrINS0_13memory_holderEE[_ZN4YAML6detail9node_data15convert_to_nodeIA6_cEERNS0_4nodeERKT_St10shared_ptrINS0_13memory_holderEE]+0x69): undefined reference to `YAML::detail::memory_holder::merge(YAML::detail::memory_holder&)'
/usr/bin/ld: CMakeFiles/orderoptimizer.dir/src/OrderOptimizer.cpp.o:(.data.rel.ro._ZTIN4YAML18TypedBadConversionIjEE[_ZTIN4YAML18TypedBadConversionIjEE]+0x10): undefined reference to `typeinfo for YAML::BadConversion'
/usr/bin/ld: warning: creating DT_TEXTREL in a PIE
collect2: error: ld returned 1 exit status
gmake[2]: *** [CMakeFiles/orderoptimizer.dir/build.make:191: orderoptimizer] Error 1
gmake[1]: *** [CMakeFiles/Makefile2:137: CMakeFiles/orderoptimizer.dir/all] Error 2
gmake: *** [Makefile:146: all] Error 2
