[0.024s] Invoking command in '/home/sahil/AMR_Order_Pickup/build/interfaces': CMAKE_PREFIX_PATH=${CMAKE_PREFIX_PATH}:/opt/ros/humble /usr/bin/cmake --build /home/sahil/AMR_Order_Pickup/build/interfaces -- -j2 -l2
[0.233s] [35m[1mConsolidate compiler generated dependencies of target interfaces__rosidl_generator_c[0m
[0.256s] [  6%] Built target interfaces__cpp
[0.258s] [ 12%] Built target interfaces__rosidl_generator_c
[0.277s] [35m[1mConsolidate compiler generated dependencies of target interfaces__rosidl_typesupport_cpp[0m
[0.294s] [ 12%] Built target ament_cmake_python_copy_interfaces
[0.297s] [ 22%] Built target interfaces__rosidl_typesupport_cpp
[0.313s] [35m[1mConsolidate compiler generated dependencies of target interfaces__rosidl_typesupport_fastrtps_c[0m
[0.319s] [35m[1mConsolidate compiler generated dependencies of target interfaces__rosidl_typesupport_introspection_c[0m
[0.334s] [ 32%] Built target interfaces__rosidl_typesupport_introspection_c
[0.338s] [ 41%] Built target interfaces__rosidl_typesupport_fastrtps_c
[0.363s] [35m[1mConsolidate compiler generated dependencies of target interfaces__rosidl_typesupport_c[0m
[0.363s] [35m[1mConsolidate compiler generated dependencies of target interfaces__rosidl_typesupport_fastrtps_cpp[0m
[0.376s] [ 51%] Built target interfaces__rosidl_typesupport_c
[0.378s] [ 61%] Built target interfaces__rosidl_typesupport_fastrtps_cpp
[0.394s] [35m[1mConsolidate compiler generated dependencies of target interfaces__rosidl_typesupport_introspection_cpp[0m
[0.417s] [ 70%] Built target interfaces__rosidl_typesupport_introspection_cpp
[0.445s] [ 70%] Built target interfaces
[0.480s] [ 74%] Built target interfaces__py
[0.501s] [35m[1mConsolidate compiler generated dependencies of target interfaces__rosidl_generator_py[0m
[0.530s] [ 80%] Built target interfaces__rosidl_generator_py
[0.545s] [35m[1mConsolidate compiler generated dependencies of target interfaces__rosidl_typesupport_fastrtps_c__pyext[0m
[0.568s] [ 87%] Built target interfaces__rosidl_typesupport_fastrtps_c__pyext
[0.581s] [35m[1mConsolidate compiler generated dependencies of target interfaces__rosidl_typesupport_introspection_c__pyext[0m
[0.595s] [ 93%] Built target interfaces__rosidl_typesupport_introspection_c__pyext
[0.608s] [35m[1mConsolidate compiler generated dependencies of target interfaces__rosidl_typesupport_c__pyext[0m
[0.625s] [100%] Built target interfaces__rosidl_typesupport_c__pyext
[0.644s] running egg_info
[0.645s] writing interfaces.egg-info/PKG-INFO
[0.646s] writing dependency_links to interfaces.egg-info/dependency_links.txt
[0.647s] writing top-level names to interfaces.egg-info/top_level.txt
[0.650s] reading manifest file 'interfaces.egg-info/SOURCES.txt'
[0.651s] writing manifest file 'interfaces.egg-info/SOURCES.txt'
[0.673s] [100%] Built target ament_cmake_python_build_interfaces_egg
[0.685s] Invoked command in '/home/sahil/AMR_Order_Pickup/build/interfaces' returned '0': CMAKE_PREFIX_PATH=${CMAKE_PREFIX_PATH}:/opt/ros/humble /usr/bin/cmake --build /home/sahil/AMR_Order_Pickup/build/interfaces -- -j2 -l2
[0.808s] Invoking command in '/home/sahil/AMR_Order_Pickup/build/interfaces': CMAKE_PREFIX_PATH=${CMAKE_PREFIX_PATH}:/opt/ros/humble /usr/bin/cmake --install /home/sahil/AMR_Order_Pickup/build/interfaces
[0.817s] -- Install configuration: ""
[0.818s] -- Up-to-date: /home/sahil/AMR_Order_Pickup/install/interfaces/share/ament_index/resource_index/rosidl_interfaces/interfaces
[0.818s] -- Up-to-date: /home/sahil/AMR_Order_Pickup/install/interfaces/include/interfaces/interfaces
[0.818s] -- Up-to-date: /home/sahil/AMR_Order_Pickup/install/interfaces/include/interfaces/interfaces/msg
[0.819s] -- Up-to-date: /home/sahil/AMR_Order_Pickup/install/interfaces/include/interfaces/interfaces/msg/detail
[0.820s] -- Up-to-date: /home/sahil/AMR_Order_Pickup/install/interfaces/include/interfaces/interfaces/msg/detail/order__functions.c
[0.821s] -- Up-to-date: /home/sahil/AMR_Order_Pickup/install/interfaces/include/interfaces/interfaces/msg/detail/order__struct.h
[0.821s] -- Up-to-date: /home/sahil/AMR_Order_Pickup/install/interfaces/include/interfaces/interfaces/msg/detail/order__type_support.h
[0.822s] -- Up-to-date: /home/sahil/AMR_Order_Pickup/install/interfaces/include/interfaces/interfaces/msg/detail/order__functions.h
[0.823s] -- Up-to-date: /home/sahil/AMR_Order_Pickup/install/interfaces/include/interfaces/interfaces/msg/order.h
[0.823s] -- Up-to-date: /home/sahil/AMR_Order_Pickup/install/interfaces/include/interfaces/interfaces/msg/rosidl_generator_c__visibility_control.h
[0.824s] -- Up-to-date: /home/sahil/AMR_Order_Pickup/install/interfaces/share/interfaces/environment/library_path.sh
[0.824s] -- Up-to-date: /home/sahil/AMR_Order_Pickup/install/interfaces/share/interfaces/environment/library_path.dsv
[0.825s] -- Up-to-date: /home/sahil/AMR_Order_Pickup/install/interfaces/lib/libinterfaces__rosidl_generator_c.so
[0.825s] -- Up-to-date: /home/sahil/AMR_Order_Pickup/install/interfaces/include/interfaces/interfaces
[0.826s] -- Up-to-date: /home/sahil/AMR_Order_Pickup/install/interfaces/include/interfaces/interfaces/msg
[0.826s] -- Up-to-date: /home/sahil/AMR_Order_Pickup/install/interfaces/include/interfaces/interfaces/msg/detail
[0.826s] -- Up-to-date: /home/sahil/AMR_Order_Pickup/install/interfaces/include/interfaces/interfaces/msg/detail/order__rosidl_typesupport_fastrtps_c.h
[0.827s] -- Up-to-date: /home/sahil/AMR_Order_Pickup/install/interfaces/include/interfaces/interfaces/msg/rosidl_typesupport_fastrtps_c__visibility_control.h
[0.829s] -- Up-to-date: /home/sahil/AMR_Order_Pickup/install/interfaces/lib/libinterfaces__rosidl_typesupport_fastrtps_c.so
[0.830s] -- Up-to-date: /home/sahil/AMR_Order_Pickup/install/interfaces/include/interfaces/interfaces
[0.831s] -- Up-to-date: /home/sahil/AMR_Order_Pickup/install/interfaces/include/interfaces/interfaces/msg
[0.831s] -- Up-to-date: /home/sahil/AMR_Order_Pickup/install/interfaces/include/interfaces/interfaces/msg/detail
[0.832s] -- Up-to-date: /home/sahil/AMR_Order_Pickup/install/interfaces/include/interfaces/interfaces/msg/detail/order__rosidl_typesupport_introspection_c.h
[0.832s] -- Up-to-date: /home/sahil/AMR_Order_Pickup/install/interfaces/include/interfaces/interfaces/msg/detail/order__type_support.c
[0.832s] -- Up-to-date: /home/sahil/AMR_Order_Pickup/install/interfaces/include/interfaces/interfaces/msg/rosidl_typesupport_introspection_c__visibility_control.h
[0.835s] -- Up-to-date: /home/sahil/AMR_Order_Pickup/install/interfaces/lib/libinterfaces__rosidl_typesupport_introspection_c.so
[0.835s] -- Up-to-date: /home/sahil/AMR_Order_Pickup/install/interfaces/lib/libinterfaces__rosidl_typesupport_c.so
[0.835s] -- Up-to-date: /home/sahil/AMR_Order_Pickup/install/interfaces/include/interfaces/interfaces
[0.835s] -- Up-to-date: /home/sahil/AMR_Order_Pickup/install/interfaces/include/interfaces/interfaces/msg
[0.835s] -- Up-to-date: /home/sahil/AMR_Order_Pickup/install/interfaces/include/interfaces/interfaces/msg/detail
[0.835s] -- Up-to-date: /home/sahil/AMR_Order_Pickup/install/interfaces/include/interfaces/interfaces/msg/detail/order__struct.hpp
[0.835s] -- Up-to-date: /home/sahil/AMR_Order_Pickup/install/interfaces/include/interfaces/interfaces/msg/detail/order__traits.hpp
[0.835s] -- Up-to-date: /home/sahil/AMR_Order_Pickup/install/interfaces/include/interfaces/interfaces/msg/detail/order__builder.hpp
[0.835s] -- Up-to-date: /home/sahil/AMR_Order_Pickup/install/interfaces/include/interfaces/interfaces/msg/order.hpp
[0.835s] -- Up-to-date: /home/sahil/AMR_Order_Pickup/install/interfaces/include/interfaces/interfaces
[0.835s] -- Up-to-date: /home/sahil/AMR_Order_Pickup/install/interfaces/include/interfaces/interfaces/msg
[0.835s] -- Up-to-date: /home/sahil/AMR_Order_Pickup/install/interfaces/include/interfaces/interfaces/msg/detail
[0.835s] -- Up-to-date: /home/sahil/AMR_Order_Pickup/install/interfaces/include/interfaces/interfaces/msg/detail/order__rosidl_typesupport_fastrtps_cpp.hpp
[0.835s] -- Up-to-date: /home/sahil/AMR_Order_Pickup/install/interfaces/include/interfaces/interfaces/msg/detail/dds_fastrtps
[0.835s] -- Up-to-date: /home/sahil/AMR_Order_Pickup/install/interfaces/include/interfaces/interfaces/msg/rosidl_typesupport_fastrtps_cpp__visibility_control.h
[0.835s] -- Up-to-date: /home/sahil/AMR_Order_Pickup/install/interfaces/lib/libinterfaces__rosidl_typesupport_fastrtps_cpp.so
[0.835s] -- Up-to-date: /home/sahil/AMR_Order_Pickup/install/interfaces/include/interfaces/interfaces
[0.835s] -- Up-to-date: /home/sahil/AMR_Order_Pickup/install/interfaces/include/interfaces/interfaces/msg
[0.835s] -- Up-to-date: /home/sahil/AMR_Order_Pickup/install/interfaces/include/interfaces/interfaces/msg/detail
[0.835s] -- Up-to-date: /home/sahil/AMR_Order_Pickup/install/interfaces/include/interfaces/interfaces/msg/detail/order__rosidl_typesupport_introspection_cpp.hpp
[0.835s] -- Up-to-date: /home/sahil/AMR_Order_Pickup/install/interfaces/include/interfaces/interfaces/msg/detail/order__type_support.cpp
[0.835s] -- Up-to-date: /home/sahil/AMR_Order_Pickup/install/interfaces/lib/libinterfaces__rosidl_typesupport_introspection_cpp.so
[0.836s] -- Up-to-date: /home/sahil/AMR_Order_Pickup/install/interfaces/lib/libinterfaces__rosidl_typesupport_cpp.so
[0.836s] -- Up-to-date: /home/sahil/AMR_Order_Pickup/install/interfaces/share/interfaces/environment/pythonpath.sh
[0.836s] -- Up-to-date: /home/sahil/AMR_Order_Pickup/install/interfaces/share/interfaces/environment/pythonpath.dsv
[0.836s] -- Up-to-date: /home/sahil/AMR_Order_Pickup/install/interfaces/local/lib/python3.10/dist-packages/interfaces-0.0.0-py3.10.egg-info
[0.836s] -- Installing: /home/sahil/AMR_Order_Pickup/install/interfaces/local/lib/python3.10/dist-packages/interfaces-0.0.0-py3.10.egg-info/top_level.txt
[0.836s] -- Installing: /home/sahil/AMR_Order_Pickup/install/interfaces/local/lib/python3.10/dist-packages/interfaces-0.0.0-py3.10.egg-info/PKG-INFO
[0.836s] -- Installing: /home/sahil/AMR_Order_Pickup/install/interfaces/local/lib/python3.10/dist-packages/interfaces-0.0.0-py3.10.egg-info/SOURCES.txt
[0.836s] -- Installing: /home/sahil/AMR_Order_Pickup/install/interfaces/local/lib/python3.10/dist-packages/interfaces-0.0.0-py3.10.egg-info/dependency_links.txt
[0.836s] -- Up-to-date: /home/sahil/AMR_Order_Pickup/install/interfaces/local/lib/python3.10/dist-packages/interfaces
[0.836s] -- Up-to-date: /home/sahil/AMR_Order_Pickup/install/interfaces/local/lib/python3.10/dist-packages/interfaces/_interfaces_s.ep.rosidl_typesupport_fastrtps_c.c
[0.836s] -- Up-to-date: /home/sahil/AMR_Order_Pickup/install/interfaces/local/lib/python3.10/dist-packages/interfaces/interfaces_s__rosidl_typesupport_c.cpython-310-x86_64-linux-gnu.so
[0.844s] -- Up-to-date: /home/sahil/AMR_Order_Pickup/install/interfaces/local/lib/python3.10/dist-packages/interfaces/interfaces_s__rosidl_typesupport_introspection_c.cpython-310-x86_64-linux-gnu.so
[0.844s] -- Up-to-date: /home/sahil/AMR_Order_Pickup/install/interfaces/local/lib/python3.10/dist-packages/interfaces/__init__.py
[0.844s] -- Up-to-date: /home/sahil/AMR_Order_Pickup/install/interfaces/local/lib/python3.10/dist-packages/interfaces/libinterfaces__rosidl_generator_py.so
[0.844s] -- Up-to-date: /home/sahil/AMR_Order_Pickup/install/interfaces/local/lib/python3.10/dist-packages/interfaces/_interfaces_s.ep.rosidl_typesupport_c.c
[0.844s] -- Up-to-date: /home/sahil/AMR_Order_Pickup/install/interfaces/local/lib/python3.10/dist-packages/interfaces/interfaces_s__rosidl_typesupport_fastrtps_c.cpython-310-x86_64-linux-gnu.so
[0.844s] -- Up-to-date: /home/sahil/AMR_Order_Pickup/install/interfaces/local/lib/python3.10/dist-packages/interfaces/msg
[0.844s] -- Up-to-date: /home/sahil/AMR_Order_Pickup/install/interfaces/local/lib/python3.10/dist-packages/interfaces/msg/__init__.py
[0.844s] -- Up-to-date: /home/sahil/AMR_Order_Pickup/install/interfaces/local/lib/python3.10/dist-packages/interfaces/msg/_order.py
[0.844s] -- Up-to-date: /home/sahil/AMR_Order_Pickup/install/interfaces/local/lib/python3.10/dist-packages/interfaces/msg/_order_s.c
[0.844s] -- Up-to-date: /home/sahil/AMR_Order_Pickup/install/interfaces/local/lib/python3.10/dist-packages/interfaces/_interfaces_s.ep.rosidl_typesupport_introspection_c.c
[0.857s] Listing '/home/sahil/AMR_Order_Pickup/install/interfaces/local/lib/python3.10/dist-packages/interfaces'...
[0.857s] Listing '/home/sahil/AMR_Order_Pickup/install/interfaces/local/lib/python3.10/dist-packages/interfaces/msg'...
[0.861s] -- Up-to-date: /home/sahil/AMR_Order_Pickup/install/interfaces/local/lib/python3.10/dist-packages/interfaces/interfaces_s__rosidl_typesupport_fastrtps_c.cpython-310-x86_64-linux-gnu.so
[0.861s] -- Up-to-date: /home/sahil/AMR_Order_Pickup/install/interfaces/local/lib/python3.10/dist-packages/interfaces/interfaces_s__rosidl_typesupport_introspection_c.cpython-310-x86_64-linux-gnu.so
[0.861s] -- Up-to-date: /home/sahil/AMR_Order_Pickup/install/interfaces/local/lib/python3.10/dist-packages/interfaces/interfaces_s__rosidl_typesupport_c.cpython-310-x86_64-linux-gnu.so
[0.862s] -- Up-to-date: /home/sahil/AMR_Order_Pickup/install/interfaces/lib/libinterfaces__rosidl_generator_py.so
[0.862s] -- Up-to-date: /home/sahil/AMR_Order_Pickup/install/interfaces/share/interfaces/msg/Order.idl
[0.862s] -- Up-to-date: /home/sahil/AMR_Order_Pickup/install/interfaces/share/interfaces/msg/Order.msg
[0.862s] -- Up-to-date: /home/sahil/AMR_Order_Pickup/install/interfaces/share/ament_index/resource_index/package_run_dependencies/interfaces
[0.862s] -- Up-to-date: /home/sahil/AMR_Order_Pickup/install/interfaces/share/ament_index/resource_index/parent_prefix_path/interfaces
[0.863s] -- Up-to-date: /home/sahil/AMR_Order_Pickup/install/interfaces/share/interfaces/environment/ament_prefix_path.sh
[0.863s] -- Up-to-date: /home/sahil/AMR_Order_Pickup/install/interfaces/share/interfaces/environment/ament_prefix_path.dsv
[0.863s] -- Up-to-date: /home/sahil/AMR_Order_Pickup/install/interfaces/share/interfaces/environment/path.sh
[0.863s] -- Up-to-date: /home/sahil/AMR_Order_Pickup/install/interfaces/share/interfaces/environment/path.dsv
[0.863s] -- Up-to-date: /home/sahil/AMR_Order_Pickup/install/interfaces/share/interfaces/local_setup.bash
[0.863s] -- Up-to-date: /home/sahil/AMR_Order_Pickup/install/interfaces/share/interfaces/local_setup.sh
[0.863s] -- Up-to-date: /home/sahil/AMR_Order_Pickup/install/interfaces/share/interfaces/local_setup.zsh
[0.863s] -- Up-to-date: /home/sahil/AMR_Order_Pickup/install/interfaces/share/interfaces/local_setup.dsv
[0.863s] -- Installing: /home/sahil/AMR_Order_Pickup/install/interfaces/share/interfaces/package.dsv
[0.866s] -- Up-to-date: /home/sahil/AMR_Order_Pickup/install/interfaces/share/ament_index/resource_index/packages/interfaces
[0.866s] -- Up-to-date: /home/sahil/AMR_Order_Pickup/install/interfaces/share/interfaces/cmake/export_interfaces__rosidl_generator_cExport.cmake
[0.866s] -- Up-to-date: /home/sahil/AMR_Order_Pickup/install/interfaces/share/interfaces/cmake/export_interfaces__rosidl_generator_cExport-noconfig.cmake
[0.866s] -- Up-to-date: /home/sahil/AMR_Order_Pickup/install/interfaces/share/interfaces/cmake/export_interfaces__rosidl_typesupport_fastrtps_cExport.cmake
[0.866s] -- Up-to-date: /home/sahil/AMR_Order_Pickup/install/interfaces/share/interfaces/cmake/export_interfaces__rosidl_typesupport_fastrtps_cExport-noconfig.cmake
[0.866s] -- Up-to-date: /home/sahil/AMR_Order_Pickup/install/interfaces/share/interfaces/cmake/interfaces__rosidl_typesupport_introspection_cExport.cmake
[0.866s] -- Up-to-date: /home/sahil/AMR_Order_Pickup/install/interfaces/share/interfaces/cmake/interfaces__rosidl_typesupport_introspection_cExport-noconfig.cmake
[0.866s] -- Up-to-date: /home/sahil/AMR_Order_Pickup/install/interfaces/share/interfaces/cmake/interfaces__rosidl_typesupport_cExport.cmake
[0.867s] -- Up-to-date: /home/sahil/AMR_Order_Pickup/install/interfaces/share/interfaces/cmake/interfaces__rosidl_typesupport_cExport-noconfig.cmake
[0.867s] -- Up-to-date: /home/sahil/AMR_Order_Pickup/install/interfaces/share/interfaces/cmake/export_interfaces__rosidl_generator_cppExport.cmake
[0.867s] -- Up-to-date: /home/sahil/AMR_Order_Pickup/install/interfaces/share/interfaces/cmake/export_interfaces__rosidl_typesupport_fastrtps_cppExport.cmake
[0.867s] -- Up-to-date: /home/sahil/AMR_Order_Pickup/install/interfaces/share/interfaces/cmake/export_interfaces__rosidl_typesupport_fastrtps_cppExport-noconfig.cmake
[0.867s] -- Up-to-date: /home/sahil/AMR_Order_Pickup/install/interfaces/share/interfaces/cmake/interfaces__rosidl_typesupport_introspection_cppExport.cmake
[0.867s] -- Up-to-date: /home/sahil/AMR_Order_Pickup/install/interfaces/share/interfaces/cmake/interfaces__rosidl_typesupport_introspection_cppExport-noconfig.cmake
[0.867s] -- Up-to-date: /home/sahil/AMR_Order_Pickup/install/interfaces/share/interfaces/cmake/interfaces__rosidl_typesupport_cppExport.cmake
[0.867s] -- Up-to-date: /home/sahil/AMR_Order_Pickup/install/interfaces/share/interfaces/cmake/interfaces__rosidl_typesupport_cppExport-noconfig.cmake
[0.867s] -- Up-to-date: /home/sahil/AMR_Order_Pickup/install/interfaces/share/interfaces/cmake/export_interfaces__rosidl_generator_pyExport.cmake
[0.867s] -- Up-to-date: /home/sahil/AMR_Order_Pickup/install/interfaces/share/interfaces/cmake/export_interfaces__rosidl_generator_pyExport-noconfig.cmake
[0.867s] -- Up-to-date: /home/sahil/AMR_Order_Pickup/install/interfaces/share/interfaces/cmake/rosidl_cmake-extras.cmake
[0.867s] -- Up-to-date: /home/sahil/AMR_Order_Pickup/install/interfaces/share/interfaces/cmake/ament_cmake_export_include_directories-extras.cmake
[0.867s] -- Up-to-date: /home/sahil/AMR_Order_Pickup/install/interfaces/share/interfaces/cmake/ament_cmake_export_libraries-extras.cmake
[0.867s] -- Up-to-date: /home/sahil/AMR_Order_Pickup/install/interfaces/share/interfaces/cmake/ament_cmake_export_targets-extras.cmake
[0.867s] -- Up-to-date: /home/sahil/AMR_Order_Pickup/install/interfaces/share/interfaces/cmake/rosidl_cmake_export_typesupport_targets-extras.cmake
[0.868s] -- Up-to-date: /home/sahil/AMR_Order_Pickup/install/interfaces/share/interfaces/cmake/ament_cmake_export_dependencies-extras.cmake
[0.868s] -- Up-to-date: /home/sahil/AMR_Order_Pickup/install/interfaces/share/interfaces/cmake/rosidl_cmake_export_typesupport_libraries-extras.cmake
[0.868s] -- Up-to-date: /home/sahil/AMR_Order_Pickup/install/interfaces/share/interfaces/cmake/interfacesConfig.cmake
[0.868s] -- Up-to-date: /home/sahil/AMR_Order_Pickup/install/interfaces/share/interfaces/cmake/interfacesConfig-version.cmake
[0.868s] -- Up-to-date: /home/sahil/AMR_Order_Pickup/install/interfaces/share/interfaces/package.xml
[0.871s] Invoked command in '/home/sahil/AMR_Order_Pickup/build/interfaces' returned '0': CMAKE_PREFIX_PATH=${CMAKE_PREFIX_PATH}:/opt/ros/humble /usr/bin/cmake --install /home/sahil/AMR_Order_Pickup/build/interfaces
