[0.014s] Invoking command in '/home/rahul/ros2_ws/build/amr_pkg': CMAKE_PREFIX_PATH=/opt/ros/humble /usr/bin/cmake /home/rahul/ros2_ws/src/amr_pkg -DCMAKE_INSTALL_PREFIX=/home/rahul/ros2_ws/install/amr_pkg
[0.159s] -- The C compiler identification is GNU 11.4.0
[0.262s] -- The CXX compiler identification is GNU 11.4.0
[0.277s] -- Detecting C compiler ABI info
[0.377s] -- Detecting C compiler ABI info - done
[0.385s] -- Check for working C compiler: /usr/bin/cc - skipped
[0.385s] -- Detecting C compile features
[0.386s] -- Detecting C compile features - done
[0.390s] -- Detecting CXX compiler ABI info
[0.494s] -- Detecting CXX compiler ABI info - done
[0.502s] -- Check for working CXX compiler: /usr/bin/c++ - skipped
[0.502s] -- Detecting CXX compile features
[0.503s] -- Detecting CXX compile features - done
[0.515s] -- Found ament_cmake: 1.3.10 (/opt/ros/humble/share/ament_cmake/cmake)
[0.681s] -- Found Python3: /usr/bin/python3 (found version "3.10.12") found components: Interpreter 
[0.801s] -- Found rclcpp: 16.0.10 (/opt/ros/humble/share/rclcpp/cmake)
[0.873s] -- Found rosidl_generator_c: 3.1.5 (/opt/ros/humble/share/rosidl_generator_c/cmake)
[0.880s] -- Found rosidl_adapter: 3.1.5 (/opt/ros/humble/share/rosidl_adapter/cmake)
[0.893s] -- Found rosidl_generator_cpp: 3.1.5 (/opt/ros/humble/share/rosidl_generator_cpp/cmake)
[0.914s] -- Using all available rosidl_typesupport_c: rosidl_typesupport_fastrtps_c;rosidl_typesupport_introspection_c
[0.938s] -- Using all available rosidl_typesupport_cpp: rosidl_typesupport_fastrtps_cpp;rosidl_typesupport_introspection_cpp
[1.008s] -- Found rmw_implementation_cmake: 6.1.2 (/opt/ros/humble/share/rmw_implementation_cmake/cmake)
[1.013s] -- Found rmw_fastrtps_cpp: 6.2.7 (/opt/ros/humble/share/rmw_fastrtps_cpp/cmake)
[1.155s] -- Found OpenSSL: /usr/lib/x86_64-linux-gnu/libcrypto.so (found version "3.0.2")  
[1.187s] -- Found FastRTPS: /opt/ros/humble/include  
[1.232s] -- Using RMW implementation 'rmw_fastrtps_cpp' as default
[1.248s] -- Looking for pthread.h
[1.347s] -- Looking for pthread.h - found
[1.347s] -- Performing Test CMAKE_HAVE_LIBC_PTHREAD
[1.439s] -- Performing Test CMAKE_HAVE_LIBC_PTHREAD - Success
[1.440s] -- Found Threads: TRUE  
[1.516s] -- Found ament_lint_auto: 0.12.11 (/opt/ros/humble/share/ament_lint_auto/cmake)
[1.607s] -- Added test 'lint_cmake' to check CMake code style
[1.609s] -- Added test 'xmllint' to check XML markup files
[1.611s] -- Configuring done
[1.617s] -- Generating done
[1.618s] -- Build files have been written to: /home/rahul/ros2_ws/build/amr_pkg
[1.629s] Invoked command in '/home/rahul/ros2_ws/build/amr_pkg' returned '0': CMAKE_PREFIX_PATH=/opt/ros/humble /usr/bin/cmake /home/rahul/ros2_ws/src/amr_pkg -DCMAKE_INSTALL_PREFIX=/home/rahul/ros2_ws/install/amr_pkg
[1.631s] Invoking command in '/home/rahul/ros2_ws/build/amr_pkg': CMAKE_PREFIX_PATH=/opt/ros/humble /usr/bin/cmake --build /home/rahul/ros2_ws/build/amr_pkg -- -j6 -l6
[1.687s] Invoked command in '/home/rahul/ros2_ws/build/amr_pkg' returned '0': CMAKE_PREFIX_PATH=/opt/ros/humble /usr/bin/cmake --build /home/rahul/ros2_ws/build/amr_pkg -- -j6 -l6
[1.729s] Invoking command in '/home/rahul/ros2_ws/build/amr_pkg': CMAKE_PREFIX_PATH=/opt/ros/humble /usr/bin/cmake --install /home/rahul/ros2_ws/build/amr_pkg
[1.737s] -- Install configuration: ""
[1.738s] -- Installing: /home/rahul/ros2_ws/install/amr_pkg/share/ament_index/resource_index/package_run_dependencies/amr_pkg
[1.738s] -- Installing: /home/rahul/ros2_ws/install/amr_pkg/share/ament_index/resource_index/parent_prefix_path/amr_pkg
[1.738s] -- Installing: /home/rahul/ros2_ws/install/amr_pkg/share/amr_pkg/environment/ament_prefix_path.sh
[1.739s] -- Installing: /home/rahul/ros2_ws/install/amr_pkg/share/amr_pkg/environment/ament_prefix_path.dsv
[1.739s] -- Installing: /home/rahul/ros2_ws/install/amr_pkg/share/amr_pkg/environment/path.sh
[1.739s] -- Installing: /home/rahul/ros2_ws/install/amr_pkg/share/amr_pkg/environment/path.dsv
[1.739s] -- Installing: /home/rahul/ros2_ws/install/amr_pkg/share/amr_pkg/local_setup.bash
[1.740s] -- Installing: /home/rahul/ros2_ws/install/amr_pkg/share/amr_pkg/local_setup.sh
[1.740s] -- Installing: /home/rahul/ros2_ws/install/amr_pkg/share/amr_pkg/local_setup.zsh
[1.740s] -- Installing: /home/rahul/ros2_ws/install/amr_pkg/share/amr_pkg/local_setup.dsv
[1.740s] -- Installing: /home/rahul/ros2_ws/install/amr_pkg/share/amr_pkg/package.dsv
[1.740s] -- Installing: /home/rahul/ros2_ws/install/amr_pkg/share/ament_index/resource_index/packages/amr_pkg
[1.740s] -- Installing: /home/rahul/ros2_ws/install/amr_pkg/share/amr_pkg/cmake/amr_pkgConfig.cmake
[1.740s] -- Installing: /home/rahul/ros2_ws/install/amr_pkg/share/amr_pkg/cmake/amr_pkgConfig-version.cmake
[1.740s] -- Installing: /home/rahul/ros2_ws/install/amr_pkg/share/amr_pkg/package.xml
[1.745s] Invoked command in '/home/rahul/ros2_ws/build/amr_pkg' returned '0': CMAKE_PREFIX_PATH=/opt/ros/humble /usr/bin/cmake --install /home/rahul/ros2_ws/build/amr_pkg
