[0.020s] Invoking command in '/home/rahul/ros2_ws/build/amr_pkg': CMAKE_PREFIX_PATH=/home/rahul/ros2_ws/install/interfaces:/home/rahul/ros2_ws/install/amr_pkg:/opt/ros/humble /usr/bin/cmake --build /home/rahul/ros2_ws/build/amr_pkg -- -j6 -l6
[0.090s] [35m[1mConsolidate compiler generated dependencies of target orderoptimizer[0m
[0.125s] [ 50%] [32mBuilding CXX object CMakeFiles/orderoptimizer.dir/src/OrderOptimizer.cpp.o[0m
[14.888s] [100%] [32m[1mLinking CXX executable orderoptimizer[0m
[15.816s] /usr/bin/ld: CMakeFiles/orderoptimizer.dir/src/OrderOptimizer.cpp.o: warning: relocation against `_ZTVN4YAML9ExceptionE' in read-only section `.text._ZN4YAML9ExceptionC2ERKNS_4MarkERKNSt7__cxx1112basic_stringIcSt11char_traitsIcESaIcEEE[_ZN4YAML9ExceptionC5ERKNS_4MarkERKNSt7__cxx1112basic_stringIcSt11char_traitsIcESaIcEEE]'
[15.885s] /usr/bin/ld: CMakeFiles/orderoptimizer.dir/src/OrderOptimizer.cpp.o: in function `YAML::Exception::Exception(YAML::Mark const&, std::__cxx11::basic_string<char, std::char_traits<char>, std::allocator<char> > const&)':
[15.885s] OrderOptimizer.cpp:(.text._ZN4YAML9ExceptionC2ERKNS_4MarkERKNSt7__cxx1112basic_stringIcSt11char_traitsIcESaIcEEE[_ZN4YAML9ExceptionC5ERKNS_4MarkERKNSt7__cxx1112basic_stringIcSt11char_traitsIcESaIcEEE]+0x61): undefined reference to `vtable for YAML::Exception'
[15.888s] /usr/bin/ld: CMakeFiles/orderoptimizer.dir/src/OrderOptimizer.cpp.o: in function `YAML::RepresentationException::RepresentationException(YAML::Mark const&, std::__cxx11::basic_string<char, std::char_traits<char>, std::allocator<char> > const&)':
[15.888s] OrderOptimizer.cpp:(.text._ZN4YAML23RepresentationExceptionC2ERKNS_4MarkERKNSt7__cxx1112basic_stringIcSt11char_traitsIcESaIcEEE[_ZN4YAML23RepresentationExceptionC5ERKNS_4MarkERKNSt7__cxx1112basic_stringIcSt11char_traitsIcESaIcEEE]+0x32): undefined reference to `vtable for YAML::RepresentationException'
[15.892s] /usr/bin/ld: CMakeFiles/orderoptimizer.dir/src/OrderOptimizer.cpp.o: in function `YAML::InvalidNode::InvalidNode(std::__cxx11::basic_string<char, std::char_traits<char>, std::allocator<char> > const&)':
[15.892s] OrderOptimizer.cpp:(.text._ZN4YAML11InvalidNodeC2ERKNSt7__cxx1112basic_stringIcSt11char_traitsIcESaIcEEE[_ZN4YAML11InvalidNodeC5ERKNSt7__cxx1112basic_stringIcSt11char_traitsIcESaIcEEE]+0x71): undefined reference to `vtable for YAML::InvalidNode'
[15.895s] /usr/bin/ld: CMakeFiles/orderoptimizer.dir/src/OrderOptimizer.cpp.o: in function `YAML::BadConversion::BadConversion(YAML::Mark const&)':
[15.895s] OrderOptimizer.cpp:(.text._ZN4YAML13BadConversionC2ERKNS_4MarkE[_ZN4YAML13BadConversionC5ERKNS_4MarkE]+0x7c): undefined reference to `vtable for YAML::BadConversion'
[15.899s] /usr/bin/ld: CMakeFiles/orderoptimizer.dir/src/OrderOptimizer.cpp.o: in function `YAML::detail::memory_holder::create_node()':
[15.899s] OrderOptimizer.cpp:(.text._ZN4YAML6detail13memory_holder11create_nodeEv[_ZN4YAML6detail13memory_holder11create_nodeEv]+0x20): undefined reference to `YAML::detail::memory::create_node()'
[15.902s] /usr/bin/ld: CMakeFiles/orderoptimizer.dir/src/OrderOptimizer.cpp.o: in function `YAML::detail::node_ref::mark_defined()':
[15.902s] OrderOptimizer.cpp:(.text._ZN4YAML6detail8node_ref12mark_definedEv[_ZN4YAML6detail8node_ref12mark_definedEv]+0x20): undefined reference to `YAML::detail::node_data::mark_defined()'
[15.905s] /usr/bin/ld: CMakeFiles/orderoptimizer.dir/src/OrderOptimizer.cpp.o: in function `YAML::detail::node_ref::set_null()':
[15.905s] OrderOptimizer.cpp:(.text._ZN4YAML6detail8node_ref8set_nullEv[_ZN4YAML6detail8node_ref8set_nullEv]+0x20): undefined reference to `YAML::detail::node_data::set_null()'
[15.908s] /usr/bin/ld: CMakeFiles/orderoptimizer.dir/src/OrderOptimizer.cpp.o: in function `YAML::detail::node_ref::set_scalar(std::__cxx11::basic_string<char, std::char_traits<char>, std::allocator<char> > const&)':
[15.908s] OrderOptimizer.cpp:(.text._ZN4YAML6detail8node_ref10set_scalarERKNSt7__cxx1112basic_stringIcSt11char_traitsIcESaIcEEE[_ZN4YAML6detail8node_ref10set_scalarERKNSt7__cxx1112basic_stringIcSt11char_traitsIcESaIcEEE]+0x2e): undefined reference to `YAML::detail::node_data::set_scalar(std::__cxx11::basic_string<char, std::char_traits<char>, std::allocator<char> > const&)'
[15.911s] /usr/bin/ld: CMakeFiles/orderoptimizer.dir/src/OrderOptimizer.cpp.o: in function `YAML::Node::EnsureNodeExists() const':
[15.912s] OrderOptimizer.cpp:(.text._ZNK4YAML4Node16EnsureNodeExistsEv[_ZNK4YAML4Node16EnsureNodeExistsEv]+0x44): undefined reference to `YAML::InvalidNode::~InvalidNode()'
[15.915s] /usr/bin/ld: OrderOptimizer.cpp:(.text._ZNK4YAML4Node16EnsureNodeExistsEv[_ZNK4YAML4Node16EnsureNodeExistsEv]+0x4e): undefined reference to `typeinfo for YAML::InvalidNode'
[15.919s] /usr/bin/ld: CMakeFiles/orderoptimizer.dir/src/OrderOptimizer.cpp.o: in function `YAML::Node::Mark() const':
[15.919s] OrderOptimizer.cpp:(.text._ZNK4YAML4Node4MarkEv[_ZNK4YAML4Node4MarkEv]+0x44): undefined reference to `YAML::InvalidNode::~InvalidNode()'
[15.923s] /usr/bin/ld: OrderOptimizer.cpp:(.text._ZNK4YAML4Node4MarkEv[_ZNK4YAML4Node4MarkEv]+0x4e): undefined reference to `typeinfo for YAML::InvalidNode'
[15.926s] /usr/bin/ld: CMakeFiles/orderoptimizer.dir/src/OrderOptimizer.cpp.o: in function `YAML::Node::Type() const':
[15.926s] OrderOptimizer.cpp:(.text._ZNK4YAML4Node4TypeEv[_ZNK4YAML4Node4TypeEv]+0x44): undefined reference to `YAML::InvalidNode::~InvalidNode()'
[15.934s] /usr/bin/ld: OrderOptimizer.cpp:(.text._ZNK4YAML4Node4TypeEv[_ZNK4YAML4Node4TypeEv]+0x4e): undefined reference to `typeinfo for YAML::InvalidNode'
[15.934s] /usr/bin/ld: CMakeFiles/orderoptimizer.dir/src/OrderOptimizer.cpp.o: in function `YAML::Node::Scalar[abi:cxx11]() const':
[15.934s] OrderOptimizer.cpp:(.text._ZNK4YAML4Node6ScalarB5cxx11Ev[_ZNK4YAML4Node6ScalarB5cxx11Ev]+0x44): undefined reference to `YAML::InvalidNode::~InvalidNode()'
[15.934s] /usr/bin/ld: OrderOptimizer.cpp:(.text._ZNK4YAML4Node6ScalarB5cxx11Ev[_ZNK4YAML4Node6ScalarB5cxx11Ev]+0x4e): undefined reference to `typeinfo for YAML::InvalidNode'
[15.938s] /usr/bin/ld: OrderOptimizer.cpp:(.text._ZNK4YAML4Node6ScalarB5cxx11Ev[_ZNK4YAML4Node6ScalarB5cxx11Ev]+0x7d): undefined reference to `YAML::detail::node_data::empty_scalar[abi:cxx11]()'
[15.942s] /usr/bin/ld: CMakeFiles/orderoptimizer.dir/src/OrderOptimizer.cpp.o: in function `OrderOptimizerNode::searchOrderInFiles(unsigned int, std::__cxx11::basic_string<char, std::char_traits<char>, std::allocator<char> > const&)':
[15.942s] OrderOptimizer.cpp:(.text._ZN18OrderOptimizerNode18searchOrderInFilesEjRKNSt7__cxx1112basic_stringIcSt11char_traitsIcESaIcEEE[_ZN18OrderOptimizerNode18searchOrderInFilesEjRKNSt7__cxx1112basic_stringIcSt11char_traitsIcESaIcEEE]+0x1f9): undefined reference to `YAML::Load(std::__cxx11::basic_string<char, std::char_traits<char>, std::allocator<char> > const&)'
[15.946s] /usr/bin/ld: CMakeFiles/orderoptimizer.dir/src/OrderOptimizer.cpp.o: in function `unsigned int YAML::Node::as<unsigned int>() const':
[15.946s] OrderOptimizer.cpp:(.text._ZNK4YAML4Node2asIjEET_v[_ZNK4YAML4Node2asIjEET_v]+0x53): undefined reference to `YAML::InvalidNode::~InvalidNode()'
[15.948s] /usr/bin/ld: OrderOptimizer.cpp:(.text._ZNK4YAML4Node2asIjEET_v[_ZNK4YAML4Node2asIjEET_v]+0x5d): undefined reference to `typeinfo for YAML::InvalidNode'
[15.951s] /usr/bin/ld: CMakeFiles/orderoptimizer.dir/src/OrderOptimizer.cpp.o: in function `YAML::TypedBadConversion<unsigned int>::~TypedBadConversion()':
[15.951s] OrderOptimizer.cpp:(.text._ZN4YAML18TypedBadConversionIjED2Ev[_ZN4YAML18TypedBadConversionIjED5Ev]+0x26): undefined reference to `YAML::BadConversion::~BadConversion()'
[15.955s] /usr/bin/ld: CMakeFiles/orderoptimizer.dir/src/OrderOptimizer.cpp.o: in function `YAML::detail::node& YAML::detail::node_data::get<char [6]>(char const (&) [6], std::shared_ptr<YAML::detail::memory_holder>)':
[15.956s] OrderOptimizer.cpp:(.text._ZN4YAML6detail9node_data3getIA6_cEERNS0_4nodeERKT_St10shared_ptrINS0_13memory_holderEE[_ZN4YAML6detail9node_data3getIA6_cEERNS0_4nodeERKT_St10shared_ptrINS0_13memory_holderEE]+0xd3): undefined reference to `YAML::detail::node_data::convert_to_map(std::shared_ptr<YAML::detail::memory_holder> const&)'
[15.958s] /usr/bin/ld: OrderOptimizer.cpp:(.text._ZN4YAML6detail9node_data3getIA6_cEERNS0_4nodeERKT_St10shared_ptrINS0_13memory_holderEE[_ZN4YAML6detail9node_data3getIA6_cEERNS0_4nodeERKT_St10shared_ptrINS0_13memory_holderEE]+0x103): undefined reference to `YAML::BadSubscript::~BadSubscript()'
[15.961s] /usr/bin/ld: OrderOptimizer.cpp:(.text._ZN4YAML6detail9node_data3getIA6_cEERNS0_4nodeERKT_St10shared_ptrINS0_13memory_holderEE[_ZN4YAML6detail9node_data3getIA6_cEERNS0_4nodeERKT_St10shared_ptrINS0_13memory_holderEE]+0x10d): undefined reference to `typeinfo for YAML::BadSubscript'
[15.963s] /usr/bin/ld: OrderOptimizer.cpp:(.text._ZN4YAML6detail9node_data3getIA6_cEERNS0_4nodeERKT_St10shared_ptrINS0_13memory_holderEE[_ZN4YAML6detail9node_data3getIA6_cEERNS0_4nodeERKT_St10shared_ptrINS0_13memory_holderEE]+0x1fb): undefined reference to `YAML::detail::node_data::insert_map_pair(YAML::detail::node&, YAML::detail::node&)'
[15.971s] /usr/bin/ld: CMakeFiles/orderoptimizer.dir/src/OrderOptimizer.cpp.o: in function `YAML::detail::node& YAML::detail::node_data::get<char [9]>(char const (&) [9], std::shared_ptr<YAML::detail::memory_holder>)':
[15.971s] OrderOptimizer.cpp:(.text._ZN4YAML6detail9node_data3getIA9_cEERNS0_4nodeERKT_St10shared_ptrINS0_13memory_holderEE[_ZN4YAML6detail9node_data3getIA9_cEERNS0_4nodeERKT_St10shared_ptrINS0_13memory_holderEE]+0xd3): undefined reference to `YAML::detail::node_data::convert_to_map(std::shared_ptr<YAML::detail::memory_holder> const&)'
[15.971s] /usr/bin/ld: OrderOptimizer.cpp:(.text._ZN4YAML6detail9node_data3getIA9_cEERNS0_4nodeERKT_St10shared_ptrINS0_13memory_holderEE[_ZN4YAML6detail9node_data3getIA9_cEERNS0_4nodeERKT_St10shared_ptrINS0_13memory_holderEE]+0x103): undefined reference to `YAML::BadSubscript::~BadSubscript()'
[15.971s] /usr/bin/ld: OrderOptimizer.cpp:(.text._ZN4YAML6detail9node_data3getIA9_cEERNS0_4nodeERKT_St10shared_ptrINS0_13memory_holderEE[_ZN4YAML6detail9node_data3getIA9_cEERNS0_4nodeERKT_St10shared_ptrINS0_13memory_holderEE]+0x10d): undefined reference to `typeinfo for YAML::BadSubscript'
[15.973s] /usr/bin/ld: OrderOptimizer.cpp:(.text._ZN4YAML6detail9node_data3getIA9_cEERNS0_4nodeERKT_St10shared_ptrINS0_13memory_holderEE[_ZN4YAML6detail9node_data3getIA9_cEERNS0_4nodeERKT_St10shared_ptrINS0_13memory_holderEE]+0x1fb): undefined reference to `YAML::detail::node_data::insert_map_pair(YAML::detail::node&, YAML::detail::node&)'
[15.979s] /usr/bin/ld: CMakeFiles/orderoptimizer.dir/src/OrderOptimizer.cpp.o: in function `YAML::BadSubscript::BadSubscript<char [6]>(YAML::Mark const&, char const (&) [6])':
[15.980s] OrderOptimizer.cpp:(.text._ZN4YAML12BadSubscriptC2IA6_cEERKNS_4MarkERKT_[_ZN4YAML12BadSubscriptC5IA6_cEERKNS_4MarkERKT_]+0x61): undefined reference to `vtable for YAML::BadSubscript'
[15.986s] /usr/bin/ld: CMakeFiles/orderoptimizer.dir/src/OrderOptimizer.cpp.o: in function `YAML::detail::node& YAML::detail::node_data::convert_to_node<char [6]>(char const (&) [6], std::shared_ptr<YAML::detail::memory_holder>)':
[15.986s] OrderOptimizer.cpp:(.text._ZN4YAML6detail9node_data15convert_to_nodeIA6_cEERNS0_4nodeERKT_St10shared_ptrINS0_13memory_holderEE[_ZN4YAML6detail9node_data15convert_to_nodeIA6_cEERNS0_4nodeERKT_St10shared_ptrINS0_13memory_holderEE]+0x69): undefined reference to `YAML::detail::memory_holder::merge(YAML::detail::memory_holder&)'
[15.988s] /usr/bin/ld: CMakeFiles/orderoptimizer.dir/src/OrderOptimizer.cpp.o: in function `YAML::BadSubscript::BadSubscript<char [9]>(YAML::Mark const&, char const (&) [9])':
[15.988s] OrderOptimizer.cpp:(.text._ZN4YAML12BadSubscriptC2IA9_cEERKNS_4MarkERKT_[_ZN4YAML12BadSubscriptC5IA9_cEERKNS_4MarkERKT_]+0x61): undefined reference to `vtable for YAML::BadSubscript'
[15.991s] /usr/bin/ld: CMakeFiles/orderoptimizer.dir/src/OrderOptimizer.cpp.o: in function `YAML::detail::node& YAML::detail::node_data::convert_to_node<char [9]>(char const (&) [9], std::shared_ptr<YAML::detail::memory_holder>)':
[15.991s] OrderOptimizer.cpp:(.text._ZN4YAML6detail9node_data15convert_to_nodeIA9_cEERNS0_4nodeERKT_St10shared_ptrINS0_13memory_holderEE[_ZN4YAML6detail9node_data15convert_to_nodeIA9_cEERNS0_4nodeERKT_St10shared_ptrINS0_13memory_holderEE]+0x69): undefined reference to `YAML::detail::memory_holder::merge(YAML::detail::memory_holder&)'
[16.005s] /usr/bin/ld: CMakeFiles/orderoptimizer.dir/src/OrderOptimizer.cpp.o:(.data.rel.ro._ZTIN4YAML18TypedBadConversionIjEE[_ZTIN4YAML18TypedBadConversionIjEE]+0x10): undefined reference to `typeinfo for YAML::BadConversion'
[16.072s] /usr/bin/ld: warning: creating DT_TEXTREL in a PIE
[16.082s] collect2: error: ld returned 1 exit status
[16.085s] gmake[2]: *** [CMakeFiles/orderoptimizer.dir/build.make:191: orderoptimizer] Error 1
[16.086s] gmake[1]: *** [CMakeFiles/Makefile2:137: CMakeFiles/orderoptimizer.dir/all] Error 2
[16.087s] gmake: *** [Makefile:146: all] Error 2
[16.091s] Invoked command in '/home/rahul/ros2_ws/build/amr_pkg' returned '2': CMAKE_PREFIX_PATH=/home/rahul/ros2_ws/install/interfaces:/home/rahul/ros2_ws/install/amr_pkg:/opt/ros/humble /usr/bin/cmake --build /home/rahul/ros2_ws/build/amr_pkg -- -j6 -l6
