[0.350s] DEBUG:colcon:Command line arguments: ['/usr/bin/colcon', 'build', '--packages-select', 'amr_pkg']
[0.350s] DEBUG:colcon:Parsed command line arguments: Namespace(log_base=None, log_level=None, verb_name='build', build_base='build', install_base='install', merge_install=False, symlink_install=False, test_result_base=None, continue_on_error=False, executor='parallel', parallel_workers=6, event_handlers=None, ignore_user_meta=False, metas=['./colcon.meta'], base_paths=['.'], packages_ignore=None, packages_ignore_regex=None, paths=None, packages_up_to=None, packages_up_to_regex=None, packages_above=None, packages_above_and_dependencies=None, packages_above_depth=None, packages_select_by_dep=None, packages_skip_by_dep=None, packages_skip_up_to=None, packages_select_build_failed=False, packages_skip_build_finished=False, packages_select_test_failures=False, packages_skip_test_passed=False, packages_select=['amr_pkg'], packages_skip=None, packages_select_regex=None, packages_skip_regex=None, packages_start=None, packages_end=None, allow_overriding=[], cmake_args=None, cmake_target=None, cmake_target_skip_unavailable=False, cmake_clean_cache=False, cmake_clean_first=False, cmake_force_configure=False, ament_cmake_args=None, catkin_cmake_args=None, catkin_skip_building_tests=False, mixin_files=None, mixin=None, verb_parser=<colcon_mixin.mixin.mixin_argument.MixinArgumentDecorator object at 0x7be71172dc00>, verb_extension=<colcon_core.verb.build.BuildVerb object at 0x7be7118a7550>, main=<bound method BuildVerb.main of <colcon_core.verb.build.BuildVerb object at 0x7be7118a7550>>, mixin_verb=('build',))
[0.755s] Level 1:colcon.colcon_core.package_discovery:discover_packages(colcon_meta) check parameters
[0.756s] Level 1:colcon.colcon_core.package_discovery:discover_packages(recursive) check parameters
[0.756s] Level 1:colcon.colcon_core.package_discovery:discover_packages(ignore) check parameters
[0.756s] Level 1:colcon.colcon_core.package_discovery:discover_packages(path) check parameters
[0.756s] Level 1:colcon.colcon_core.package_discovery:discover_packages(colcon_meta) discover
[0.756s] Level 1:colcon.colcon_core.package_discovery:discover_packages(recursive) discover
[0.756s] INFO:colcon.colcon_core.package_discovery:Crawling recursively for packages in '/home/rahul/ros2_ws'
[0.756s] Level 1:colcon.colcon_core.package_identification:_identify(.) by extensions ['ignore', 'ignore_ament_install']
[0.756s] Level 1:colcon.colcon_core.package_identification:_identify(.) by extension 'ignore'
[0.756s] Level 1:colcon.colcon_core.package_identification:_identify(.) by extension 'ignore_ament_install'
[0.756s] Level 1:colcon.colcon_core.package_identification:_identify(.) by extensions ['colcon_pkg']
[0.756s] Level 1:colcon.colcon_core.package_identification:_identify(.) by extension 'colcon_pkg'
[0.756s] Level 1:colcon.colcon_core.package_identification:_identify(.) by extensions ['colcon_meta']
[0.756s] Level 1:colcon.colcon_core.package_identification:_identify(.) by extension 'colcon_meta'
[0.756s] Level 1:colcon.colcon_core.package_identification:_identify(.) by extensions ['ros']
[0.756s] Level 1:colcon.colcon_core.package_identification:_identify(.) by extension 'ros'
[0.777s] Level 1:colcon.colcon_core.package_identification:_identify(.) by extensions ['cmake', 'python']
[0.777s] Level 1:colcon.colcon_core.package_identification:_identify(.) by extension 'cmake'
[0.777s] Level 1:colcon.colcon_core.package_identification:_identify(.) by extension 'python'
[0.777s] Level 1:colcon.colcon_core.package_identification:_identify(.) by extensions ['python_setup_py']
[0.777s] Level 1:colcon.colcon_core.package_identification:_identify(.) by extension 'python_setup_py'
[0.777s] Level 1:colcon.colcon_core.package_identification:_identify(build) by extensions ['ignore', 'ignore_ament_install']
[0.777s] Level 1:colcon.colcon_core.package_identification:_identify(build) by extension 'ignore'
[0.778s] Level 1:colcon.colcon_core.package_identification:_identify(build) ignored
[0.778s] Level 1:colcon.colcon_core.package_identification:_identify(install) by extensions ['ignore', 'ignore_ament_install']
[0.778s] Level 1:colcon.colcon_core.package_identification:_identify(install) by extension 'ignore'
[0.778s] Level 1:colcon.colcon_core.package_identification:_identify(install) ignored
[0.778s] Level 1:colcon.colcon_core.package_identification:_identify(log) by extensions ['ignore', 'ignore_ament_install']
[0.778s] Level 1:colcon.colcon_core.package_identification:_identify(log) by extension 'ignore'
[0.778s] Level 1:colcon.colcon_core.package_identification:_identify(log) ignored
[0.778s] Level 1:colcon.colcon_core.package_identification:_identify(src) by extensions ['ignore', 'ignore_ament_install']
[0.778s] Level 1:colcon.colcon_core.package_identification:_identify(src) by extension 'ignore'
[0.779s] Level 1:colcon.colcon_core.package_identification:_identify(src) by extension 'ignore_ament_install'
[0.779s] Level 1:colcon.colcon_core.package_identification:_identify(src) by extensions ['colcon_pkg']
[0.779s] Level 1:colcon.colcon_core.package_identification:_identify(src) by extension 'colcon_pkg'
[0.779s] Level 1:colcon.colcon_core.package_identification:_identify(src) by extensions ['colcon_meta']
[0.779s] Level 1:colcon.colcon_core.package_identification:_identify(src) by extension 'colcon_meta'
[0.779s] Level 1:colcon.colcon_core.package_identification:_identify(src) by extensions ['ros']
[0.779s] Level 1:colcon.colcon_core.package_identification:_identify(src) by extension 'ros'
[0.779s] Level 1:colcon.colcon_core.package_identification:_identify(src) by extensions ['cmake', 'python']
[0.779s] Level 1:colcon.colcon_core.package_identification:_identify(src) by extension 'cmake'
[0.779s] Level 1:colcon.colcon_core.package_identification:_identify(src) by extension 'python'
[0.779s] Level 1:colcon.colcon_core.package_identification:_identify(src) by extensions ['python_setup_py']
[0.779s] Level 1:colcon.colcon_core.package_identification:_identify(src) by extension 'python_setup_py'
[0.779s] Level 1:colcon.colcon_core.package_identification:_identify(src/amr_pkg) by extensions ['ignore', 'ignore_ament_install']
[0.779s] Level 1:colcon.colcon_core.package_identification:_identify(src/amr_pkg) by extension 'ignore'
[0.779s] Level 1:colcon.colcon_core.package_identification:_identify(src/amr_pkg) by extension 'ignore_ament_install'
[0.780s] Level 1:colcon.colcon_core.package_identification:_identify(src/amr_pkg) by extensions ['colcon_pkg']
[0.780s] Level 1:colcon.colcon_core.package_identification:_identify(src/amr_pkg) by extension 'colcon_pkg'
[0.780s] Level 1:colcon.colcon_core.package_identification:_identify(src/amr_pkg) by extensions ['colcon_meta']
[0.780s] Level 1:colcon.colcon_core.package_identification:_identify(src/amr_pkg) by extension 'colcon_meta'
[0.780s] Level 1:colcon.colcon_core.package_identification:_identify(src/amr_pkg) by extensions ['ros']
[0.780s] Level 1:colcon.colcon_core.package_identification:_identify(src/amr_pkg) by extension 'ros'
[0.785s] DEBUG:colcon.colcon_core.package_identification:Package 'src/amr_pkg' with type 'ros.ament_cmake' and name 'amr_pkg'
[0.785s] Level 1:colcon.colcon_core.package_identification:_identify(src/interfaces) by extensions ['ignore', 'ignore_ament_install']
[0.785s] Level 1:colcon.colcon_core.package_identification:_identify(src/interfaces) by extension 'ignore'
[0.785s] Level 1:colcon.colcon_core.package_identification:_identify(src/interfaces) by extension 'ignore_ament_install'
[0.786s] Level 1:colcon.colcon_core.package_identification:_identify(src/interfaces) by extensions ['colcon_pkg']
[0.786s] Level 1:colcon.colcon_core.package_identification:_identify(src/interfaces) by extension 'colcon_pkg'
[0.786s] Level 1:colcon.colcon_core.package_identification:_identify(src/interfaces) by extensions ['colcon_meta']
[0.786s] Level 1:colcon.colcon_core.package_identification:_identify(src/interfaces) by extension 'colcon_meta'
[0.786s] Level 1:colcon.colcon_core.package_identification:_identify(src/interfaces) by extensions ['ros']
[0.786s] Level 1:colcon.colcon_core.package_identification:_identify(src/interfaces) by extension 'ros'
[0.787s] DEBUG:colcon.colcon_core.package_identification:Package 'src/interfaces' with type 'ros.ament_cmake' and name 'interfaces'
[0.787s] Level 1:colcon.colcon_core.package_discovery:discover_packages(recursive) using defaults
[0.787s] Level 1:colcon.colcon_core.package_discovery:discover_packages(ignore) discover
[0.787s] Level 1:colcon.colcon_core.package_discovery:discover_packages(ignore) using defaults
[0.787s] Level 1:colcon.colcon_core.package_discovery:discover_packages(path) discover
[0.787s] Level 1:colcon.colcon_core.package_discovery:discover_packages(path) using defaults
[0.816s] INFO:colcon.colcon_core.package_selection:Skipping not selected package 'interfaces' in 'src/interfaces'
[0.817s] Level 1:colcon.colcon_core.package_discovery:discover_packages(prefix_path) check parameters
[0.817s] Level 1:colcon.colcon_core.package_discovery:discover_packages(prefix_path) discover
[0.822s] DEBUG:colcon.colcon_installed_package_information.package_discovery:Found 2 installed packages in /home/rahul/ros2_ws/install
[0.825s] DEBUG:colcon.colcon_installed_package_information.package_discovery:Found 270 installed packages in /opt/ros/humble
[0.826s] Level 1:colcon.colcon_core.package_discovery:discover_packages(prefix_path) using defaults
[0.944s] Level 5:colcon.colcon_core.verb:set package 'amr_pkg' build argument 'cmake_args' from command line to 'None'
[0.944s] Level 5:colcon.colcon_core.verb:set package 'amr_pkg' build argument 'cmake_target' from command line to 'None'
[0.944s] Level 5:colcon.colcon_core.verb:set package 'amr_pkg' build argument 'cmake_target_skip_unavailable' from command line to 'False'
[0.944s] Level 5:colcon.colcon_core.verb:set package 'amr_pkg' build argument 'cmake_clean_cache' from command line to 'False'
[0.944s] Level 5:colcon.colcon_core.verb:set package 'amr_pkg' build argument 'cmake_clean_first' from command line to 'False'
[0.944s] Level 5:colcon.colcon_core.verb:set package 'amr_pkg' build argument 'cmake_force_configure' from command line to 'False'
[0.944s] Level 5:colcon.colcon_core.verb:set package 'amr_pkg' build argument 'ament_cmake_args' from command line to 'None'
[0.944s] Level 5:colcon.colcon_core.verb:set package 'amr_pkg' build argument 'catkin_cmake_args' from command line to 'None'
[0.944s] Level 5:colcon.colcon_core.verb:set package 'amr_pkg' build argument 'catkin_skip_building_tests' from command line to 'False'
[0.944s] DEBUG:colcon.colcon_core.verb:Building package 'amr_pkg' with the following arguments: {'ament_cmake_args': None, 'build_base': '/home/rahul/ros2_ws/build/amr_pkg', 'catkin_cmake_args': None, 'catkin_skip_building_tests': False, 'cmake_args': None, 'cmake_clean_cache': False, 'cmake_clean_first': False, 'cmake_force_configure': False, 'cmake_target': None, 'cmake_target_skip_unavailable': False, 'install_base': '/home/rahul/ros2_ws/install/amr_pkg', 'merge_install': False, 'path': '/home/rahul/ros2_ws/src/amr_pkg', 'symlink_install': False, 'test_result_base': None}
[0.944s] INFO:colcon.colcon_core.executor:Executing jobs using 'parallel' executor
[0.946s] DEBUG:colcon.colcon_parallel_executor.executor.parallel:run_until_complete
[0.947s] INFO:colcon.colcon_ros.task.ament_cmake.build:Building ROS package in '/home/rahul/ros2_ws/src/amr_pkg' with build type 'ament_cmake'
[0.947s] INFO:colcon.colcon_cmake.task.cmake.build:Building CMake package in '/home/rahul/ros2_ws/src/amr_pkg'
[0.958s] INFO:colcon.colcon_core.plugin_system:Skipping extension 'colcon_core.shell.bat': Not used on non-Windows systems
[0.959s] INFO:colcon.colcon_core.shell:Skip shell extension 'powershell' for command environment: Not usable outside of PowerShell
[0.959s] DEBUG:colcon.colcon_core.shell:Skip shell extension 'dsv' for command environment
[0.993s] DEBUG:colcon.colcon_core.event_handler.log_command:Invoking command in '/home/rahul/ros2_ws/build/amr_pkg': CMAKE_PREFIX_PATH=/home/rahul/ros2_ws/install/interfaces:/home/rahul/ros2_ws/install/amr_pkg:/opt/ros/humble /usr/bin/cmake --build /home/rahul/ros2_ws/build/amr_pkg -- -j6 -l6
[17.409s] DEBUG:colcon.colcon_core.event_handler.log_command:Invoked command in '/home/rahul/ros2_ws/build/amr_pkg' returned '0': CMAKE_PREFIX_PATH=/home/rahul/ros2_ws/install/interfaces:/home/rahul/ros2_ws/install/amr_pkg:/opt/ros/humble /usr/bin/cmake --build /home/rahul/ros2_ws/build/amr_pkg -- -j6 -l6
[17.466s] DEBUG:colcon.colcon_core.event_handler.log_command:Invoking command in '/home/rahul/ros2_ws/build/amr_pkg': CMAKE_PREFIX_PATH=/home/rahul/ros2_ws/install/interfaces:/home/rahul/ros2_ws/install/amr_pkg:/opt/ros/humble /usr/bin/cmake --install /home/rahul/ros2_ws/build/amr_pkg
[17.493s] Level 1:colcon.colcon_core.environment:create_environment_scripts_only(amr_pkg)
[17.493s] DEBUG:colcon.colcon_core.event_handler.log_command:Invoked command in '/home/rahul/ros2_ws/build/amr_pkg' returned '0': CMAKE_PREFIX_PATH=/home/rahul/ros2_ws/install/interfaces:/home/rahul/ros2_ws/install/amr_pkg:/opt/ros/humble /usr/bin/cmake --install /home/rahul/ros2_ws/build/amr_pkg
[17.499s] Level 1:colcon.colcon_core.environment:checking '/home/rahul/ros2_ws/install/amr_pkg' for CMake module files
[17.499s] Level 1:colcon.colcon_core.environment:checking '/home/rahul/ros2_ws/install/amr_pkg' for CMake config files
[17.500s] Level 1:colcon.colcon_core.shell:create_environment_hook('amr_pkg', 'cmake_prefix_path')
[17.500s] INFO:colcon.colcon_core.shell:Creating environment hook '/home/rahul/ros2_ws/install/amr_pkg/share/amr_pkg/hook/cmake_prefix_path.ps1'
[17.501s] INFO:colcon.colcon_core.shell:Creating environment descriptor '/home/rahul/ros2_ws/install/amr_pkg/share/amr_pkg/hook/cmake_prefix_path.dsv'
[17.502s] INFO:colcon.colcon_core.shell:Creating environment hook '/home/rahul/ros2_ws/install/amr_pkg/share/amr_pkg/hook/cmake_prefix_path.sh'
[17.503s] Level 1:colcon.colcon_core.environment:checking '/home/rahul/ros2_ws/install/amr_pkg/lib'
[17.503s] Level 1:colcon.colcon_core.environment:checking '/home/rahul/ros2_ws/install/amr_pkg/bin'
[17.503s] Level 1:colcon.colcon_core.environment:checking '/home/rahul/ros2_ws/install/amr_pkg/lib/pkgconfig/amr_pkg.pc'
[17.503s] Level 1:colcon.colcon_core.environment:checking '/home/rahul/ros2_ws/install/amr_pkg/lib/python3.10/site-packages'
[17.504s] Level 1:colcon.colcon_core.environment:checking '/home/rahul/ros2_ws/install/amr_pkg/bin'
[17.504s] INFO:colcon.colcon_core.shell:Creating package script '/home/rahul/ros2_ws/install/amr_pkg/share/amr_pkg/package.ps1'
[17.505s] INFO:colcon.colcon_core.shell:Creating package descriptor '/home/rahul/ros2_ws/install/amr_pkg/share/amr_pkg/package.dsv'
[17.506s] INFO:colcon.colcon_core.shell:Creating package script '/home/rahul/ros2_ws/install/amr_pkg/share/amr_pkg/package.sh'
[17.507s] INFO:colcon.colcon_core.shell:Creating package script '/home/rahul/ros2_ws/install/amr_pkg/share/amr_pkg/package.bash'
[17.508s] INFO:colcon.colcon_core.shell:Creating package script '/home/rahul/ros2_ws/install/amr_pkg/share/amr_pkg/package.zsh'
[17.509s] Level 1:colcon.colcon_core.environment:create_file_with_runtime_dependencies(/home/rahul/ros2_ws/install/amr_pkg/share/colcon-core/packages/amr_pkg)
[17.543s] Level 1:colcon.colcon_core.environment:create_environment_scripts_only(amr_pkg)
[17.544s] Level 1:colcon.colcon_core.environment:checking '/home/rahul/ros2_ws/install/amr_pkg' for CMake module files
[17.544s] Level 1:colcon.colcon_core.environment:checking '/home/rahul/ros2_ws/install/amr_pkg' for CMake config files
[17.544s] Level 1:colcon.colcon_core.shell:create_environment_hook('amr_pkg', 'cmake_prefix_path')
[17.545s] INFO:colcon.colcon_core.shell:Creating environment hook '/home/rahul/ros2_ws/install/amr_pkg/share/amr_pkg/hook/cmake_prefix_path.ps1'
[17.545s] INFO:colcon.colcon_core.shell:Creating environment descriptor '/home/rahul/ros2_ws/install/amr_pkg/share/amr_pkg/hook/cmake_prefix_path.dsv'
[17.546s] INFO:colcon.colcon_core.shell:Creating environment hook '/home/rahul/ros2_ws/install/amr_pkg/share/amr_pkg/hook/cmake_prefix_path.sh'
[17.546s] Level 1:colcon.colcon_core.environment:checking '/home/rahul/ros2_ws/install/amr_pkg/lib'
[17.547s] Level 1:colcon.colcon_core.environment:checking '/home/rahul/ros2_ws/install/amr_pkg/bin'
[17.547s] Level 1:colcon.colcon_core.environment:checking '/home/rahul/ros2_ws/install/amr_pkg/lib/pkgconfig/amr_pkg.pc'
[17.547s] Level 1:colcon.colcon_core.environment:checking '/home/rahul/ros2_ws/install/amr_pkg/lib/python3.10/site-packages'
[17.547s] Level 1:colcon.colcon_core.environment:checking '/home/rahul/ros2_ws/install/amr_pkg/bin'
[17.547s] INFO:colcon.colcon_core.shell:Creating package script '/home/rahul/ros2_ws/install/amr_pkg/share/amr_pkg/package.ps1'
[17.548s] INFO:colcon.colcon_core.shell:Creating package descriptor '/home/rahul/ros2_ws/install/amr_pkg/share/amr_pkg/package.dsv'
[17.549s] INFO:colcon.colcon_core.shell:Creating package script '/home/rahul/ros2_ws/install/amr_pkg/share/amr_pkg/package.sh'
[17.549s] INFO:colcon.colcon_core.shell:Creating package script '/home/rahul/ros2_ws/install/amr_pkg/share/amr_pkg/package.bash'
[17.550s] INFO:colcon.colcon_core.shell:Creating package script '/home/rahul/ros2_ws/install/amr_pkg/share/amr_pkg/package.zsh'
[17.550s] Level 1:colcon.colcon_core.environment:create_file_with_runtime_dependencies(/home/rahul/ros2_ws/install/amr_pkg/share/colcon-core/packages/amr_pkg)
[17.551s] DEBUG:colcon.colcon_parallel_executor.executor.parallel:closing loop
[17.551s] DEBUG:colcon.colcon_parallel_executor.executor.parallel:loop closed
[17.551s] DEBUG:colcon.colcon_parallel_executor.executor.parallel:run_until_complete finished with '0'
[17.551s] DEBUG:colcon.colcon_core.event_reactor:joining thread
[17.563s] INFO:colcon.colcon_core.plugin_system:Skipping extension 'colcon_notification.desktop_notification.terminal_notifier': Not used on non-Darwin systems
[17.563s] INFO:colcon.colcon_core.plugin_system:Skipping extension 'colcon_notification.desktop_notification.win32': Not used on non-Windows systems
[17.563s] INFO:colcon.colcon_notification.desktop_notification:Sending desktop notification using 'notify2'
[17.656s] DEBUG:colcon.colcon_core.event_reactor:joined thread
[17.656s] INFO:colcon.colcon_core.shell:Creating prefix script '/home/rahul/ros2_ws/install/local_setup.ps1'
[17.658s] INFO:colcon.colcon_core.shell:Creating prefix util module '/home/rahul/ros2_ws/install/_local_setup_util_ps1.py'
[17.660s] INFO:colcon.colcon_core.shell:Creating prefix chain script '/home/rahul/ros2_ws/install/setup.ps1'
[17.664s] INFO:colcon.colcon_core.shell:Creating prefix script '/home/rahul/ros2_ws/install/local_setup.sh'
[17.666s] INFO:colcon.colcon_core.shell:Creating prefix util module '/home/rahul/ros2_ws/install/_local_setup_util_sh.py'
[17.668s] INFO:colcon.colcon_core.shell:Creating prefix chain script '/home/rahul/ros2_ws/install/setup.sh'
[17.669s] INFO:colcon.colcon_core.shell:Creating prefix script '/home/rahul/ros2_ws/install/local_setup.bash'
[17.670s] INFO:colcon.colcon_core.shell:Creating prefix chain script '/home/rahul/ros2_ws/install/setup.bash'
[17.671s] INFO:colcon.colcon_core.shell:Creating prefix script '/home/rahul/ros2_ws/install/local_setup.zsh'
[17.672s] INFO:colcon.colcon_core.shell:Creating prefix chain script '/home/rahul/ros2_ws/install/setup.zsh'
