[0.031s] Invoking command in '/home/rahul/AMR_Order_Pickup/build/amr_pkg': AMENT_PREFIX_PATH=/home/rahul/AMR_Order_Pickup/install/interfaces:${AMENT_PREFIX_PATH} CMAKE_PREFIX_PATH=/home/rahul/AMR_Order_Pickup/install/interfaces:/home/rahul/ros2_ws/install/amr_pkg:/home/rahul/ros2_ws/install/interfaces:/opt/ros/humble LD_LIBRARY_PATH=/home/rahul/AMR_Order_Pickup/install/interfaces/lib:${LD_LIBRARY_PATH} PYTHONPATH=/home/rahul/AMR_Order_Pickup/install/interfaces/local/lib/python3.10/dist-packages:${PYTHONPATH} /usr/bin/cmake /home/rahul/AMR_Order_Pickup/src/amr_pkg -DCMAKE_INSTALL_PREFIX=/home/rahul/AMR_Order_Pickup/install/amr_pkg
[0.182s] -- The C compiler identification is GNU 11.4.0
[0.314s] -- The CXX compiler identification is GNU 11.4.0
[0.330s] -- Detecting C compiler ABI info
[0.493s] -- Detecting C compiler ABI info - done
[0.511s] -- Check for working C compiler: /usr/bin/cc - skipped
[0.512s] -- Detecting C compile features
[0.512s] -- Detecting C compile features - done
[0.517s] -- Detecting CXX compiler ABI info
[0.743s] -- Detecting CXX compiler ABI info - done
[0.758s] -- Check for working CXX compiler: /usr/bin/c++ - skipped
[0.758s] -- Detecting CXX compile features
[0.759s] -- Detecting CXX compile features - done
[0.763s] -- Found ament_cmake: 1.3.10 (/opt/ros/humble/share/ament_cmake/cmake)
[1.144s] -- Found Python3: /usr/bin/python3 (found version "3.10.12") found components: Interpreter 
[1.316s] -- Found rclcpp: 16.0.10 (/opt/ros/humble/share/rclcpp/cmake)
[1.440s] -- Found rosidl_generator_c: 3.1.5 (/opt/ros/humble/share/rosidl_generator_c/cmake)
[1.447s] -- Found rosidl_adapter: 3.1.5 (/opt/ros/humble/share/rosidl_adapter/cmake)
[1.461s] -- Found rosidl_generator_cpp: 3.1.5 (/opt/ros/humble/share/rosidl_generator_cpp/cmake)
[1.484s] -- Using all available rosidl_typesupport_c: rosidl_typesupport_fastrtps_c;rosidl_typesupport_introspection_c
[1.517s] -- Using all available rosidl_typesupport_cpp: rosidl_typesupport_fastrtps_cpp;rosidl_typesupport_introspection_cpp
[1.642s] -- Found rmw_implementation_cmake: 6.1.2 (/opt/ros/humble/share/rmw_implementation_cmake/cmake)
[1.648s] -- Found rmw_fastrtps_cpp: 6.2.7 (/opt/ros/humble/share/rmw_fastrtps_cpp/cmake)
[1.876s] -- Found OpenSSL: /usr/lib/x86_64-linux-gnu/libcrypto.so (found version "3.0.2")  
[1.931s] -- Found FastRTPS: /opt/ros/humble/include  
[2.030s] -- Using RMW implementation 'rmw_fastrtps_cpp' as default
[2.056s] -- Looking for pthread.h
[2.214s] -- Looking for pthread.h - found
[2.217s] -- Performing Test CMAKE_HAVE_LIBC_PTHREAD
[2.375s] -- Performing Test CMAKE_HAVE_LIBC_PTHREAD - Success
[2.378s] -- Found Threads: TRUE  
[2.499s] -- Found interfaces: 0.0.0 (/home/rahul/AMR_Order_Pickup/install/interfaces/share/interfaces/cmake)
[2.523s] -- Found geometry_msgs: 4.2.4 (/opt/ros/humble/share/geometry_msgs/cmake)
[2.576s] -- Found visualization_msgs: 4.2.4 (/opt/ros/humble/share/visualization_msgs/cmake)
[2.695s] -- Found tf2_ros: 0.25.7 (/opt/ros/humble/share/tf2_ros/cmake)
[2.992s] -- Found tf2_geometry_msgs: 0.25.7 (/opt/ros/humble/share/tf2_geometry_msgs/cmake)
[3.019s] -- Found eigen3_cmake_module: 0.1.1 (/opt/ros/humble/share/eigen3_cmake_module/cmake)
[3.022s] -- Found Eigen3: TRUE (found version "3.4.0") 
[3.022s] -- Ensuring Eigen3 include directory is part of orocos-kdl CMake target
[3.162s] -- Configuring done
[3.202s] -- Generating done
[3.205s] -- Build files have been written to: /home/rahul/AMR_Order_Pickup/build/amr_pkg
[3.241s] Invoked command in '/home/rahul/AMR_Order_Pickup/build/amr_pkg' returned '0': AMENT_PREFIX_PATH=/home/rahul/AMR_Order_Pickup/install/interfaces:${AMENT_PREFIX_PATH} CMAKE_PREFIX_PATH=/home/rahul/AMR_Order_Pickup/install/interfaces:/home/rahul/ros2_ws/install/amr_pkg:/home/rahul/ros2_ws/install/interfaces:/opt/ros/humble LD_LIBRARY_PATH=/home/rahul/AMR_Order_Pickup/install/interfaces/lib:${LD_LIBRARY_PATH} PYTHONPATH=/home/rahul/AMR_Order_Pickup/install/interfaces/local/lib/python3.10/dist-packages:${PYTHONPATH} /usr/bin/cmake /home/rahul/AMR_Order_Pickup/src/amr_pkg -DCMAKE_INSTALL_PREFIX=/home/rahul/AMR_Order_Pickup/install/amr_pkg
[3.244s] Invoking command in '/home/rahul/AMR_Order_Pickup/build/amr_pkg': AMENT_PREFIX_PATH=/home/rahul/AMR_Order_Pickup/install/interfaces:${AMENT_PREFIX_PATH} CMAKE_PREFIX_PATH=/home/rahul/AMR_Order_Pickup/install/interfaces:/home/rahul/ros2_ws/install/amr_pkg:/home/rahul/ros2_ws/install/interfaces:/opt/ros/humble LD_LIBRARY_PATH=/home/rahul/AMR_Order_Pickup/install/interfaces/lib:${LD_LIBRARY_PATH} PYTHONPATH=/home/rahul/AMR_Order_Pickup/install/interfaces/local/lib/python3.10/dist-packages:${PYTHONPATH} /usr/bin/cmake --build /home/rahul/AMR_Order_Pickup/build/amr_pkg -- -j6 -l6
[3.337s] [ 25%] [32mBuilding CXX object CMakeFiles/orderoptimizer.dir/src/OrderOptimizer.cpp.o[0m
[3.342s] [ 50%] [32mBuilding CXX object CMakeFiles/transformbroadcaster.dir/src/TransformBroadcaster.cpp.o[0m
[15.031s] [ 75%] [32m[1mLinking CXX executable transformbroadcaster[0m
[16.300s] [ 75%] Built target transformbroadcaster
[32.398s] [100%] [32m[1mLinking CXX executable orderoptimizer[0m
[34.741s] [100%] Built target orderoptimizer
[34.776s] Invoked command in '/home/rahul/AMR_Order_Pickup/build/amr_pkg' returned '0': AMENT_PREFIX_PATH=/home/rahul/AMR_Order_Pickup/install/interfaces:${AMENT_PREFIX_PATH} CMAKE_PREFIX_PATH=/home/rahul/AMR_Order_Pickup/install/interfaces:/home/rahul/ros2_ws/install/amr_pkg:/home/rahul/ros2_ws/install/interfaces:/opt/ros/humble LD_LIBRARY_PATH=/home/rahul/AMR_Order_Pickup/install/interfaces/lib:${LD_LIBRARY_PATH} PYTHONPATH=/home/rahul/AMR_Order_Pickup/install/interfaces/local/lib/python3.10/dist-packages:${PYTHONPATH} /usr/bin/cmake --build /home/rahul/AMR_Order_Pickup/build/amr_pkg -- -j6 -l6
[34.844s] Invoking command in '/home/rahul/AMR_Order_Pickup/build/amr_pkg': AMENT_PREFIX_PATH=/home/rahul/AMR_Order_Pickup/install/interfaces:${AMENT_PREFIX_PATH} CMAKE_PREFIX_PATH=/home/rahul/AMR_Order_Pickup/install/interfaces:/home/rahul/ros2_ws/install/amr_pkg:/home/rahul/ros2_ws/install/interfaces:/opt/ros/humble LD_LIBRARY_PATH=/home/rahul/AMR_Order_Pickup/install/interfaces/lib:${LD_LIBRARY_PATH} PYTHONPATH=/home/rahul/AMR_Order_Pickup/install/interfaces/local/lib/python3.10/dist-packages:${PYTHONPATH} /usr/bin/cmake --install /home/rahul/AMR_Order_Pickup/build/amr_pkg
[34.865s] -- Install configuration: ""
[34.866s] -- Installing: /home/rahul/AMR_Order_Pickup/install/amr_pkg/lib/amr_pkg/orderoptimizer
[34.884s] -- Set runtime path of "/home/rahul/AMR_Order_Pickup/install/amr_pkg/lib/amr_pkg/orderoptimizer" to ""
[34.885s] -- Installing: /home/rahul/AMR_Order_Pickup/install/amr_pkg/lib/amr_pkg/transformbroadcaster
[34.886s] -- Set runtime path of "/home/rahul/AMR_Order_Pickup/install/amr_pkg/lib/amr_pkg/transformbroadcaster" to ""
[34.887s] -- Installing: /home/rahul/AMR_Order_Pickup/install/amr_pkg/share/ament_index/resource_index/package_run_dependencies/amr_pkg
[34.887s] -- Installing: /home/rahul/AMR_Order_Pickup/install/amr_pkg/share/ament_index/resource_index/parent_prefix_path/amr_pkg
[34.888s] -- Installing: /home/rahul/AMR_Order_Pickup/install/amr_pkg/share/amr_pkg/environment/ament_prefix_path.sh
[34.889s] -- Installing: /home/rahul/AMR_Order_Pickup/install/amr_pkg/share/amr_pkg/environment/ament_prefix_path.dsv
[34.889s] -- Installing: /home/rahul/AMR_Order_Pickup/install/amr_pkg/share/amr_pkg/environment/path.sh
[34.889s] -- Installing: /home/rahul/AMR_Order_Pickup/install/amr_pkg/share/amr_pkg/environment/path.dsv
[34.890s] -- Installing: /home/rahul/AMR_Order_Pickup/install/amr_pkg/share/amr_pkg/local_setup.bash
[34.891s] -- Installing: /home/rahul/AMR_Order_Pickup/install/amr_pkg/share/amr_pkg/local_setup.sh
[34.892s] -- Installing: /home/rahul/AMR_Order_Pickup/install/amr_pkg/share/amr_pkg/local_setup.zsh
[34.892s] -- Installing: /home/rahul/AMR_Order_Pickup/install/amr_pkg/share/amr_pkg/local_setup.dsv
[34.893s] -- Installing: /home/rahul/AMR_Order_Pickup/install/amr_pkg/share/amr_pkg/package.dsv
[34.893s] -- Installing: /home/rahul/AMR_Order_Pickup/install/amr_pkg/share/ament_index/resource_index/packages/amr_pkg
[34.894s] -- Installing: /home/rahul/AMR_Order_Pickup/install/amr_pkg/share/amr_pkg/cmake/amr_pkgConfig.cmake
[34.894s] -- Installing: /home/rahul/AMR_Order_Pickup/install/amr_pkg/share/amr_pkg/cmake/amr_pkgConfig-version.cmake
[34.895s] -- Installing: /home/rahul/AMR_Order_Pickup/install/amr_pkg/share/amr_pkg/package.xml
[34.899s] Invoked command in '/home/rahul/AMR_Order_Pickup/build/amr_pkg' returned '0': AMENT_PREFIX_PATH=/home/rahul/AMR_Order_Pickup/install/interfaces:${AMENT_PREFIX_PATH} CMAKE_PREFIX_PATH=/home/rahul/AMR_Order_Pickup/install/interfaces:/home/rahul/ros2_ws/install/amr_pkg:/home/rahul/ros2_ws/install/interfaces:/opt/ros/humble LD_LIBRARY_PATH=/home/rahul/AMR_Order_Pickup/install/interfaces/lib:${LD_LIBRARY_PATH} PYTHONPATH=/home/rahul/AMR_Order_Pickup/install/interfaces/local/lib/python3.10/dist-packages:${PYTHONPATH} /usr/bin/cmake --install /home/rahul/AMR_Order_Pickup/build/amr_pkg
