-- Found ament_cmake: 1.3.9 (/opt/ros/humble/share/ament_cmake/cmake)
-- Found rclcpp: 16.0.9 (/opt/ros/humble/share/rclcpp/cmake)
-- Found rosidl_generator_c: 3.1.5 (/opt/ros/humble/share/rosidl_generator_c/cmake)
-- Found rosidl_adapter: 3.1.5 (/opt/ros/humble/share/rosidl_adapter/cmake)
-- Found rosidl_generator_cpp: 3.1.5 (/opt/ros/humble/share/rosidl_generator_cpp/cmake)
-- Using all available rosidl_typesupport_c: rosidl_typesupport_fastrtps_c;rosidl_typesupport_introspection_c
-- Using all available rosidl_typesupport_cpp: rosidl_typesupport_fastrtps_cpp;rosidl_typesupport_introspection_cpp
-- Found rmw_implementation_cmake: 6.1.2 (/opt/ros/humble/share/rmw_implementation_cmake/cmake)
-- Found rmw_fastrtps_cpp: 6.2.6 (/opt/ros/humble/share/rmw_fastrtps_cpp/cmake)
-- Using RMW implementation 'rmw_fastrtps_cpp' as default
-- Found interfaces: 0.0.0 (/home/sahil/AMR_Order_Pickup/install/interfaces/share/interfaces/cmake)
-- Found geometry_msgs: 4.2.3 (/opt/ros/humble/share/geometry_msgs/cmake)
-- Found visualization_msgs: 4.2.3 (/opt/ros/humble/share/visualization_msgs/cmake)
-- Found tf2_ros: 0.25.6 (/opt/ros/humble/share/tf2_ros/cmake)
-- Found tf2_geometry_msgs: 0.25.6 (/opt/ros/humble/share/tf2_geometry_msgs/cmake)
-- Found eigen3_cmake_module: 0.1.1 (/opt/ros/humble/share/eigen3_cmake_module/cmake)
-- Ensuring Eigen3 include directory is part of orocos-kdl CMake target
-- Configuring done
-- Generating done
-- Build files have been written to: /home/sahil/AMR_Order_Pickup/build/amr_pkg
[35m[1mConsolidate compiler generated dependencies of target transformbroadcaster[0m
[35m[1mConsolidate compiler generated dependencies of target orderoptimizer[0m
[ 50%] Built target transformbroadcaster
[ 75%] [32mBuilding CXX object CMakeFiles/orderoptimizer.dir/src/OrderOptimizer.cpp.o[0m
[100%] [32m[1mLinking CXX executable orderoptimizer[0m
[100%] Built target orderoptimizer
-- Install configuration: ""
-- Installing: /home/sahil/AMR_Order_Pickup/install/amr_pkg/lib/amr_pkg/orderoptimizer
-- Set runtime path of "/home/sahil/AMR_Order_Pickup/install/amr_pkg/lib/amr_pkg/orderoptimizer" to ""
-- Up-to-date: /home/sahil/AMR_Order_Pickup/install/amr_pkg/lib/amr_pkg/transformbroadcaster
-- Up-to-date: /home/sahil/AMR_Order_Pickup/install/amr_pkg/share/ament_index/resource_index/package_run_dependencies/amr_pkg
-- Installing: /home/sahil/AMR_Order_Pickup/install/amr_pkg/share/ament_index/resource_index/parent_prefix_path/amr_pkg
-- Up-to-date: /home/sahil/AMR_Order_Pickup/install/amr_pkg/share/amr_pkg/environment/ament_prefix_path.sh
-- Installing: /home/sahil/AMR_Order_Pickup/install/amr_pkg/share/amr_pkg/environment/ament_prefix_path.dsv
-- Up-to-date: /home/sahil/AMR_Order_Pickup/install/amr_pkg/share/amr_pkg/environment/path.sh
-- Installing: /home/sahil/AMR_Order_Pickup/install/amr_pkg/share/amr_pkg/environment/path.dsv
-- Up-to-date: /home/sahil/AMR_Order_Pickup/install/amr_pkg/share/amr_pkg/local_setup.bash
-- Up-to-date: /home/sahil/AMR_Order_Pickup/install/amr_pkg/share/amr_pkg/local_setup.sh
-- Up-to-date: /home/sahil/AMR_Order_Pickup/install/amr_pkg/share/amr_pkg/local_setup.zsh
-- Installing: /home/sahil/AMR_Order_Pickup/install/amr_pkg/share/amr_pkg/local_setup.dsv
-- Installing: /home/sahil/AMR_Order_Pickup/install/amr_pkg/share/amr_pkg/package.dsv
-- Up-to-date: /home/sahil/AMR_Order_Pickup/install/amr_pkg/share/ament_index/resource_index/packages/amr_pkg
-- Up-to-date: /home/sahil/AMR_Order_Pickup/install/amr_pkg/share/amr_pkg/cmake/amr_pkgConfig.cmake
-- Up-to-date: /home/sahil/AMR_Order_Pickup/install/amr_pkg/share/amr_pkg/cmake/amr_pkgConfig-version.cmake
-- Installing: /home/sahil/AMR_Order_Pickup/install/amr_pkg/share/amr_pkg/package.xml
