[0.016s] Invoking command in '/home/sahil/AMR_Order_Pickup/build/amr_pkg': CMAKE_PREFIX_PATH=/home/sahil/AMR_Order_Pickup/install/interfaces:/home/sahil/AMR_Order_Pickup/install/amr_pkg:/opt/ros/humble /usr/bin/cmake --build /home/sahil/AMR_Order_Pickup/build/amr_pkg -- -j2 -l2
[0.129s] -- Found ament_cmake: 1.3.9 (/opt/ros/humble/share/ament_cmake/cmake)
[0.283s] -- Found rclcpp: 16.0.9 (/opt/ros/humble/share/rclcpp/cmake)
[0.353s] -- Found rosidl_generator_c: 3.1.5 (/opt/ros/humble/share/rosidl_generator_c/cmake)
[0.358s] -- Found rosidl_adapter: 3.1.5 (/opt/ros/humble/share/rosidl_adapter/cmake)
[0.370s] -- Found rosidl_generator_cpp: 3.1.5 (/opt/ros/humble/share/rosidl_generator_cpp/cmake)
[0.387s] -- Using all available rosidl_typesupport_c: rosidl_typesupport_fastrtps_c;rosidl_typesupport_introspection_c
[0.415s] -- Using all available rosidl_typesupport_cpp: rosidl_typesupport_fastrtps_cpp;rosidl_typesupport_introspection_cpp
[0.519s] -- Found rmw_implementation_cmake: 6.1.2 (/opt/ros/humble/share/rmw_implementation_cmake/cmake)
[0.524s] -- Found rmw_fastrtps_cpp: 6.2.6 (/opt/ros/humble/share/rmw_fastrtps_cpp/cmake)
[0.665s] -- Using RMW implementation 'rmw_fastrtps_cpp' as default
[0.849s] -- Found interfaces: 0.0.0 (/home/sahil/AMR_Order_Pickup/install/interfaces/share/interfaces/cmake)
[0.861s] -- Found geometry_msgs: 4.2.3 (/opt/ros/humble/share/geometry_msgs/cmake)
[0.908s] -- Found visualization_msgs: 4.2.3 (/opt/ros/humble/share/visualization_msgs/cmake)
[1.108s] -- Found tf2_ros: 0.25.6 (/opt/ros/humble/share/tf2_ros/cmake)
[1.462s] -- Found tf2_geometry_msgs: 0.25.6 (/opt/ros/humble/share/tf2_geometry_msgs/cmake)
[1.475s] -- Found eigen3_cmake_module: 0.1.1 (/opt/ros/humble/share/eigen3_cmake_module/cmake)
[1.477s] -- Ensuring Eigen3 include directory is part of orocos-kdl CMake target
[1.550s] -- Configuring done
[1.583s] -- Generating done
[1.585s] -- Build files have been written to: /home/sahil/AMR_Order_Pickup/build/amr_pkg
[1.622s] [35m[1mConsolidate compiler generated dependencies of target transformbroadcaster[0m
[1.622s] [35m[1mConsolidate compiler generated dependencies of target orderoptimizer[0m
[1.648s] [ 50%] Built target transformbroadcaster
[1.660s] [ 75%] [32mBuilding CXX object CMakeFiles/orderoptimizer.dir/src/OrderOptimizer.cpp.o[0m
[11.577s] [100%] [32m[1mLinking CXX executable orderoptimizer[0m
[12.168s] [100%] Built target orderoptimizer
[12.180s] Invoked command in '/home/sahil/AMR_Order_Pickup/build/amr_pkg' returned '0': CMAKE_PREFIX_PATH=/home/sahil/AMR_Order_Pickup/install/interfaces:/home/sahil/AMR_Order_Pickup/install/amr_pkg:/opt/ros/humble /usr/bin/cmake --build /home/sahil/AMR_Order_Pickup/build/amr_pkg -- -j2 -l2
[12.222s] Invoking command in '/home/sahil/AMR_Order_Pickup/build/amr_pkg': CMAKE_PREFIX_PATH=/home/sahil/AMR_Order_Pickup/install/interfaces:/home/sahil/AMR_Order_Pickup/install/amr_pkg:/opt/ros/humble /usr/bin/cmake --install /home/sahil/AMR_Order_Pickup/build/amr_pkg
[12.230s] -- Install configuration: ""
[12.232s] -- Installing: /home/sahil/AMR_Order_Pickup/install/amr_pkg/lib/amr_pkg/orderoptimizer
[12.238s] -- Set runtime path of "/home/sahil/AMR_Order_Pickup/install/amr_pkg/lib/amr_pkg/orderoptimizer" to ""
[12.238s] -- Up-to-date: /home/sahil/AMR_Order_Pickup/install/amr_pkg/lib/amr_pkg/transformbroadcaster
[12.239s] -- Up-to-date: /home/sahil/AMR_Order_Pickup/install/amr_pkg/share/ament_index/resource_index/package_run_dependencies/amr_pkg
[12.239s] -- Installing: /home/sahil/AMR_Order_Pickup/install/amr_pkg/share/ament_index/resource_index/parent_prefix_path/amr_pkg
[12.240s] -- Up-to-date: /home/sahil/AMR_Order_Pickup/install/amr_pkg/share/amr_pkg/environment/ament_prefix_path.sh
[12.240s] -- Installing: /home/sahil/AMR_Order_Pickup/install/amr_pkg/share/amr_pkg/environment/ament_prefix_path.dsv
[12.242s] -- Up-to-date: /home/sahil/AMR_Order_Pickup/install/amr_pkg/share/amr_pkg/environment/path.sh
[12.243s] -- Installing: /home/sahil/AMR_Order_Pickup/install/amr_pkg/share/amr_pkg/environment/path.dsv
[12.244s] -- Up-to-date: /home/sahil/AMR_Order_Pickup/install/amr_pkg/share/amr_pkg/local_setup.bash
[12.245s] -- Up-to-date: /home/sahil/AMR_Order_Pickup/install/amr_pkg/share/amr_pkg/local_setup.sh
[12.245s] -- Up-to-date: /home/sahil/AMR_Order_Pickup/install/amr_pkg/share/amr_pkg/local_setup.zsh
[12.245s] -- Installing: /home/sahil/AMR_Order_Pickup/install/amr_pkg/share/amr_pkg/local_setup.dsv
[12.246s] -- Installing: /home/sahil/AMR_Order_Pickup/install/amr_pkg/share/amr_pkg/package.dsv
[12.246s] -- Up-to-date: /home/sahil/AMR_Order_Pickup/install/amr_pkg/share/ament_index/resource_index/packages/amr_pkg
[12.247s] -- Up-to-date: /home/sahil/AMR_Order_Pickup/install/amr_pkg/share/amr_pkg/cmake/amr_pkgConfig.cmake
[12.247s] -- Up-to-date: /home/sahil/AMR_Order_Pickup/install/amr_pkg/share/amr_pkg/cmake/amr_pkgConfig-version.cmake
[12.247s] -- Installing: /home/sahil/AMR_Order_Pickup/install/amr_pkg/share/amr_pkg/package.xml
[12.252s] Invoked command in '/home/sahil/AMR_Order_Pickup/build/amr_pkg' returned '0': CMAKE_PREFIX_PATH=/home/sahil/AMR_Order_Pickup/install/interfaces:/home/sahil/AMR_Order_Pickup/install/amr_pkg:/opt/ros/humble /usr/bin/cmake --install /home/sahil/AMR_Order_Pickup/build/amr_pkg
