[0.015s] Invoking command in '/home/rahul/ros2_ws/build/amr_pkg': CMAKE_PREFIX_PATH=/home/rahul/ros2_ws/install/interfaces:/home/rahul/ros2_ws/install/amr_pkg:/opt/ros/humble /usr/bin/cmake /home/rahul/ros2_ws/src/amr_pkg -DCMAKE_INSTALL_PREFIX=/home/rahul/ros2_ws/install/amr_pkg
[0.029s] -- Found ament_cmake: 1.3.10 (/opt/ros/humble/share/ament_cmake/cmake)
[0.188s] -- Found rclcpp: 16.0.10 (/opt/ros/humble/share/rclcpp/cmake)
[0.215s] -- Found rosidl_generator_c: 3.1.5 (/opt/ros/humble/share/rosidl_generator_c/cmake)
[0.217s] -- Found rosidl_adapter: 3.1.5 (/opt/ros/humble/share/rosidl_adapter/cmake)
[0.223s] -- Found rosidl_generator_cpp: 3.1.5 (/opt/ros/humble/share/rosidl_generator_cpp/cmake)
[0.233s] -- Using all available rosidl_typesupport_c: rosidl_typesupport_fastrtps_c;rosidl_typesupport_introspection_c
[0.245s] -- Using all available rosidl_typesupport_cpp: rosidl_typesupport_fastrtps_cpp;rosidl_typesupport_introspection_cpp
[0.275s] -- Found rmw_implementation_cmake: 6.1.2 (/opt/ros/humble/share/rmw_implementation_cmake/cmake)
[0.277s] -- Found rmw_fastrtps_cpp: 6.2.7 (/opt/ros/humble/share/rmw_fastrtps_cpp/cmake)
[0.396s] -- Using RMW implementation 'rmw_fastrtps_cpp' as default
[0.450s] -- Found interfaces: 0.0.0 (/home/rahul/ros2_ws/install/interfaces/share/interfaces/cmake)
[0.459s] -- Found geometry_msgs: 4.2.4 (/opt/ros/humble/share/geometry_msgs/cmake)
[0.472s] -- Found visualization_msgs: 4.2.4 (/opt/ros/humble/share/visualization_msgs/cmake)
[0.579s] -- Configuring done
[0.592s] -- Generating done
[0.593s] -- Build files have been written to: /home/rahul/ros2_ws/build/amr_pkg
[0.607s] Invoked command in '/home/rahul/ros2_ws/build/amr_pkg' returned '0': CMAKE_PREFIX_PATH=/home/rahul/ros2_ws/install/interfaces:/home/rahul/ros2_ws/install/amr_pkg:/opt/ros/humble /usr/bin/cmake /home/rahul/ros2_ws/src/amr_pkg -DCMAKE_INSTALL_PREFIX=/home/rahul/ros2_ws/install/amr_pkg
[0.608s] Invoking command in '/home/rahul/ros2_ws/build/amr_pkg': CMAKE_PREFIX_PATH=/home/rahul/ros2_ws/install/interfaces:/home/rahul/ros2_ws/install/amr_pkg:/opt/ros/humble /usr/bin/cmake --build /home/rahul/ros2_ws/build/amr_pkg -- -j6 -l6
[0.680s] [ 50%] [32mBuilding CXX object CMakeFiles/orderoptimizer.dir/src/OrderOptimizer.cpp.o[0m
[12.933s] [100%] [32m[1mLinking CXX executable orderoptimizer[0m
[13.907s] [100%] Built target orderoptimizer
[13.924s] Invoked command in '/home/rahul/ros2_ws/build/amr_pkg' returned '0': CMAKE_PREFIX_PATH=/home/rahul/ros2_ws/install/interfaces:/home/rahul/ros2_ws/install/amr_pkg:/opt/ros/humble /usr/bin/cmake --build /home/rahul/ros2_ws/build/amr_pkg -- -j6 -l6
[13.965s] Invoking command in '/home/rahul/ros2_ws/build/amr_pkg': CMAKE_PREFIX_PATH=/home/rahul/ros2_ws/install/interfaces:/home/rahul/ros2_ws/install/amr_pkg:/opt/ros/humble /usr/bin/cmake --install /home/rahul/ros2_ws/build/amr_pkg
[13.977s] -- Install configuration: ""
[13.977s] -- Installing: /home/rahul/ros2_ws/install/amr_pkg/lib/amr_pkg/orderoptimizer
[13.985s] -- Set runtime path of "/home/rahul/ros2_ws/install/amr_pkg/lib/amr_pkg/orderoptimizer" to ""
[13.985s] -- Installing: /home/rahul/ros2_ws/install/amr_pkg/share/ament_index/resource_index/package_run_dependencies/amr_pkg
[13.986s] -- Installing: /home/rahul/ros2_ws/install/amr_pkg/share/ament_index/resource_index/parent_prefix_path/amr_pkg
[13.986s] -- Installing: /home/rahul/ros2_ws/install/amr_pkg/share/amr_pkg/environment/ament_prefix_path.sh
[13.986s] -- Installing: /home/rahul/ros2_ws/install/amr_pkg/share/amr_pkg/environment/ament_prefix_path.dsv
[13.986s] -- Installing: /home/rahul/ros2_ws/install/amr_pkg/share/amr_pkg/environment/path.sh
[13.986s] -- Installing: /home/rahul/ros2_ws/install/amr_pkg/share/amr_pkg/environment/path.dsv
[13.986s] -- Installing: /home/rahul/ros2_ws/install/amr_pkg/share/amr_pkg/local_setup.bash
[13.986s] -- Installing: /home/rahul/ros2_ws/install/amr_pkg/share/amr_pkg/local_setup.sh
[13.986s] -- Installing: /home/rahul/ros2_ws/install/amr_pkg/share/amr_pkg/local_setup.zsh
[13.986s] -- Installing: /home/rahul/ros2_ws/install/amr_pkg/share/amr_pkg/local_setup.dsv
[13.987s] -- Installing: /home/rahul/ros2_ws/install/amr_pkg/share/amr_pkg/package.dsv
[13.987s] -- Installing: /home/rahul/ros2_ws/install/amr_pkg/share/ament_index/resource_index/packages/amr_pkg
[13.987s] -- Installing: /home/rahul/ros2_ws/install/amr_pkg/share/amr_pkg/cmake/amr_pkgConfig.cmake
[13.987s] -- Installing: /home/rahul/ros2_ws/install/amr_pkg/share/amr_pkg/cmake/amr_pkgConfig-version.cmake
[13.987s] -- Installing: /home/rahul/ros2_ws/install/amr_pkg/share/amr_pkg/package.xml
[13.991s] Invoked command in '/home/rahul/ros2_ws/build/amr_pkg' returned '0': CMAKE_PREFIX_PATH=/home/rahul/ros2_ws/install/interfaces:/home/rahul/ros2_ws/install/amr_pkg:/opt/ros/humble /usr/bin/cmake --install /home/rahul/ros2_ws/build/amr_pkg
