[0.018s] Invoking command in '/home/rahul/ros2_ws/build/interfaces': CMAKE_PREFIX_PATH=${CMAKE_PREFIX_PATH}:/opt/ros/humble /usr/bin/cmake --build /home/rahul/ros2_ws/build/interfaces -- -j6 -l6
[0.133s] [  6%] Built target interfaces__cpp
[0.134s] [ 12%] Built target interfaces__rosidl_generator_c
[0.187s] [ 12%] Built target ament_cmake_python_copy_interfaces
[0.213s] [ 29%] Built target interfaces__rosidl_typesupport_introspection_cpp
[0.214s] [ 32%] Built target interfaces__rosidl_typesupport_cpp
[0.217s] [ 41%] Built target interfaces__rosidl_typesupport_fastrtps_cpp
[0.227s] [ 51%] Built target interfaces__rosidl_typesupport_introspection_c
[0.231s] [ 61%] Built target interfaces__rosidl_typesupport_fastrtps_c
[0.264s] [ 70%] Built target interfaces__rosidl_typesupport_c
[0.301s] [ 70%] Built target interfaces
[0.335s] [ 74%] Built target interfaces__py
[0.371s] [ 80%] Built target interfaces__rosidl_generator_py
[0.404s] [100%] Built target interfaces__rosidl_typesupport_introspection_c__pyext
[0.404s] [100%] Built target interfaces__rosidl_typesupport_fastrtps_c__pyext
[0.404s] [100%] Built target interfaces__rosidl_typesupport_c__pyext
[0.499s] running egg_info
[0.500s] writing interfaces.egg-info/PKG-INFO
[0.501s] writing dependency_links to interfaces.egg-info/dependency_links.txt
[0.501s] writing top-level names to interfaces.egg-info/top_level.txt
[0.506s] reading manifest file 'interfaces.egg-info/SOURCES.txt'
[0.506s] writing manifest file 'interfaces.egg-info/SOURCES.txt'
[0.595s] [100%] Built target ament_cmake_python_build_interfaces_egg
[0.621s] Invoked command in '/home/rahul/ros2_ws/build/interfaces' returned '0': CMAKE_PREFIX_PATH=${CMAKE_PREFIX_PATH}:/opt/ros/humble /usr/bin/cmake --build /home/rahul/ros2_ws/build/interfaces -- -j6 -l6
[0.798s] Invoking command in '/home/rahul/ros2_ws/build/interfaces': CMAKE_PREFIX_PATH=${CMAKE_PREFIX_PATH}:/opt/ros/humble /usr/bin/cmake --install /home/rahul/ros2_ws/build/interfaces
[0.811s] -- Install configuration: ""
[0.811s] -- Up-to-date: /home/rahul/ros2_ws/install/interfaces/share/ament_index/resource_index/rosidl_interfaces/interfaces
[0.811s] -- Up-to-date: /home/rahul/ros2_ws/install/interfaces/include/interfaces/interfaces
[0.811s] -- Up-to-date: /home/rahul/ros2_ws/install/interfaces/include/interfaces/interfaces/msg
[0.811s] -- Up-to-date: /home/rahul/ros2_ws/install/interfaces/include/interfaces/interfaces/msg/order.h
[0.811s] -- Up-to-date: /home/rahul/ros2_ws/install/interfaces/include/interfaces/interfaces/msg/rosidl_generator_c__visibility_control.h
[0.812s] -- Up-to-date: /home/rahul/ros2_ws/install/interfaces/include/interfaces/interfaces/msg/detail
[0.812s] -- Up-to-date: /home/rahul/ros2_ws/install/interfaces/include/interfaces/interfaces/msg/detail/order__struct.h
[0.812s] -- Up-to-date: /home/rahul/ros2_ws/install/interfaces/include/interfaces/interfaces/msg/detail/order__functions.c
[0.812s] -- Up-to-date: /home/rahul/ros2_ws/install/interfaces/include/interfaces/interfaces/msg/detail/order__type_support.h
[0.812s] -- Up-to-date: /home/rahul/ros2_ws/install/interfaces/include/interfaces/interfaces/msg/detail/order__functions.h
[0.812s] -- Up-to-date: /home/rahul/ros2_ws/install/interfaces/share/interfaces/environment/library_path.sh
[0.812s] -- Up-to-date: /home/rahul/ros2_ws/install/interfaces/share/interfaces/environment/library_path.dsv
[0.814s] -- Up-to-date: /home/rahul/ros2_ws/install/interfaces/lib/libinterfaces__rosidl_generator_c.so
[0.814s] -- Up-to-date: /home/rahul/ros2_ws/install/interfaces/include/interfaces/interfaces
[0.814s] -- Up-to-date: /home/rahul/ros2_ws/install/interfaces/include/interfaces/interfaces/msg
[0.814s] -- Up-to-date: /home/rahul/ros2_ws/install/interfaces/include/interfaces/interfaces/msg/rosidl_typesupport_fastrtps_c__visibility_control.h
[0.814s] -- Up-to-date: /home/rahul/ros2_ws/install/interfaces/include/interfaces/interfaces/msg/detail
[0.815s] -- Up-to-date: /home/rahul/ros2_ws/install/interfaces/include/interfaces/interfaces/msg/detail/order__rosidl_typesupport_fastrtps_c.h
[0.815s] -- Up-to-date: /home/rahul/ros2_ws/install/interfaces/lib/libinterfaces__rosidl_typesupport_fastrtps_c.so
[0.815s] -- Up-to-date: /home/rahul/ros2_ws/install/interfaces/include/interfaces/interfaces
[0.816s] -- Up-to-date: /home/rahul/ros2_ws/install/interfaces/include/interfaces/interfaces/msg
[0.816s] -- Up-to-date: /home/rahul/ros2_ws/install/interfaces/include/interfaces/interfaces/msg/rosidl_typesupport_introspection_c__visibility_control.h
[0.816s] -- Up-to-date: /home/rahul/ros2_ws/install/interfaces/include/interfaces/interfaces/msg/detail
[0.816s] -- Up-to-date: /home/rahul/ros2_ws/install/interfaces/include/interfaces/interfaces/msg/detail/order__rosidl_typesupport_introspection_c.h
[0.816s] -- Up-to-date: /home/rahul/ros2_ws/install/interfaces/include/interfaces/interfaces/msg/detail/order__type_support.c
[0.816s] -- Up-to-date: /home/rahul/ros2_ws/install/interfaces/lib/libinterfaces__rosidl_typesupport_introspection_c.so
[0.816s] -- Up-to-date: /home/rahul/ros2_ws/install/interfaces/lib/libinterfaces__rosidl_typesupport_c.so
[0.817s] -- Up-to-date: /home/rahul/ros2_ws/install/interfaces/include/interfaces/interfaces
[0.817s] -- Up-to-date: /home/rahul/ros2_ws/install/interfaces/include/interfaces/interfaces/msg
[0.817s] -- Up-to-date: /home/rahul/ros2_ws/install/interfaces/include/interfaces/interfaces/msg/detail
[0.817s] -- Up-to-date: /home/rahul/ros2_ws/install/interfaces/include/interfaces/interfaces/msg/detail/order__builder.hpp
[0.817s] -- Up-to-date: /home/rahul/ros2_ws/install/interfaces/include/interfaces/interfaces/msg/detail/order__traits.hpp
[0.817s] -- Up-to-date: /home/rahul/ros2_ws/install/interfaces/include/interfaces/interfaces/msg/detail/order__struct.hpp
[0.817s] -- Up-to-date: /home/rahul/ros2_ws/install/interfaces/include/interfaces/interfaces/msg/order.hpp
[0.817s] -- Up-to-date: /home/rahul/ros2_ws/install/interfaces/include/interfaces/interfaces
[0.817s] -- Up-to-date: /home/rahul/ros2_ws/install/interfaces/include/interfaces/interfaces/msg
[0.817s] -- Up-to-date: /home/rahul/ros2_ws/install/interfaces/include/interfaces/interfaces/msg/detail
[0.817s] -- Up-to-date: /home/rahul/ros2_ws/install/interfaces/include/interfaces/interfaces/msg/detail/dds_fastrtps
[0.818s] -- Up-to-date: /home/rahul/ros2_ws/install/interfaces/include/interfaces/interfaces/msg/detail/order__rosidl_typesupport_fastrtps_cpp.hpp
[0.818s] -- Up-to-date: /home/rahul/ros2_ws/install/interfaces/include/interfaces/interfaces/msg/rosidl_typesupport_fastrtps_cpp__visibility_control.h
[0.818s] -- Up-to-date: /home/rahul/ros2_ws/install/interfaces/lib/libinterfaces__rosidl_typesupport_fastrtps_cpp.so
[0.818s] -- Up-to-date: /home/rahul/ros2_ws/install/interfaces/include/interfaces/interfaces
[0.818s] -- Up-to-date: /home/rahul/ros2_ws/install/interfaces/include/interfaces/interfaces/msg
[0.818s] -- Up-to-date: /home/rahul/ros2_ws/install/interfaces/include/interfaces/interfaces/msg/detail
[0.818s] -- Up-to-date: /home/rahul/ros2_ws/install/interfaces/include/interfaces/interfaces/msg/detail/order__rosidl_typesupport_introspection_cpp.hpp
[0.818s] -- Up-to-date: /home/rahul/ros2_ws/install/interfaces/include/interfaces/interfaces/msg/detail/order__type_support.cpp
[0.818s] -- Up-to-date: /home/rahul/ros2_ws/install/interfaces/lib/libinterfaces__rosidl_typesupport_introspection_cpp.so
[0.818s] -- Up-to-date: /home/rahul/ros2_ws/install/interfaces/lib/libinterfaces__rosidl_typesupport_cpp.so
[0.818s] -- Up-to-date: /home/rahul/ros2_ws/install/interfaces/share/interfaces/environment/pythonpath.sh
[0.818s] -- Up-to-date: /home/rahul/ros2_ws/install/interfaces/share/interfaces/environment/pythonpath.dsv
[0.819s] -- Up-to-date: /home/rahul/ros2_ws/install/interfaces/local/lib/python3.10/dist-packages/interfaces-0.0.0-py3.10.egg-info
[0.819s] -- Installing: /home/rahul/ros2_ws/install/interfaces/local/lib/python3.10/dist-packages/interfaces-0.0.0-py3.10.egg-info/top_level.txt
[0.819s] -- Installing: /home/rahul/ros2_ws/install/interfaces/local/lib/python3.10/dist-packages/interfaces-0.0.0-py3.10.egg-info/SOURCES.txt
[0.819s] -- Installing: /home/rahul/ros2_ws/install/interfaces/local/lib/python3.10/dist-packages/interfaces-0.0.0-py3.10.egg-info/PKG-INFO
[0.819s] -- Installing: /home/rahul/ros2_ws/install/interfaces/local/lib/python3.10/dist-packages/interfaces-0.0.0-py3.10.egg-info/dependency_links.txt
[0.819s] -- Up-to-date: /home/rahul/ros2_ws/install/interfaces/local/lib/python3.10/dist-packages/interfaces
[0.819s] -- Up-to-date: /home/rahul/ros2_ws/install/interfaces/local/lib/python3.10/dist-packages/interfaces/_interfaces_s.ep.rosidl_typesupport_fastrtps_c.c
[0.819s] -- Up-to-date: /home/rahul/ros2_ws/install/interfaces/local/lib/python3.10/dist-packages/interfaces/interfaces_s__rosidl_typesupport_introspection_c.cpython-310-x86_64-linux-gnu.so
[0.819s] -- Up-to-date: /home/rahul/ros2_ws/install/interfaces/local/lib/python3.10/dist-packages/interfaces/interfaces_s__rosidl_typesupport_fastrtps_c.cpython-310-x86_64-linux-gnu.so
[0.819s] -- Up-to-date: /home/rahul/ros2_ws/install/interfaces/local/lib/python3.10/dist-packages/interfaces/interfaces_s__rosidl_typesupport_c.cpython-310-x86_64-linux-gnu.so
[0.819s] -- Up-to-date: /home/rahul/ros2_ws/install/interfaces/local/lib/python3.10/dist-packages/interfaces/_interfaces_s.ep.rosidl_typesupport_introspection_c.c
[0.819s] -- Up-to-date: /home/rahul/ros2_ws/install/interfaces/local/lib/python3.10/dist-packages/interfaces/__init__.py
[0.819s] -- Up-to-date: /home/rahul/ros2_ws/install/interfaces/local/lib/python3.10/dist-packages/interfaces/libinterfaces__rosidl_generator_py.so
[0.819s] -- Up-to-date: /home/rahul/ros2_ws/install/interfaces/local/lib/python3.10/dist-packages/interfaces/_interfaces_s.ep.rosidl_typesupport_c.c
[0.820s] -- Up-to-date: /home/rahul/ros2_ws/install/interfaces/local/lib/python3.10/dist-packages/interfaces/msg
[0.820s] -- Up-to-date: /home/rahul/ros2_ws/install/interfaces/local/lib/python3.10/dist-packages/interfaces/msg/_order_s.c
[0.820s] -- Up-to-date: /home/rahul/ros2_ws/install/interfaces/local/lib/python3.10/dist-packages/interfaces/msg/_order.py
[0.820s] -- Up-to-date: /home/rahul/ros2_ws/install/interfaces/local/lib/python3.10/dist-packages/interfaces/msg/__init__.py
[0.851s] Listing '/home/rahul/ros2_ws/install/interfaces/local/lib/python3.10/dist-packages/interfaces'...
[0.851s] Listing '/home/rahul/ros2_ws/install/interfaces/local/lib/python3.10/dist-packages/interfaces/msg'...
[0.856s] -- Up-to-date: /home/rahul/ros2_ws/install/interfaces/local/lib/python3.10/dist-packages/interfaces/interfaces_s__rosidl_typesupport_fastrtps_c.cpython-310-x86_64-linux-gnu.so
[0.857s] -- Up-to-date: /home/rahul/ros2_ws/install/interfaces/local/lib/python3.10/dist-packages/interfaces/interfaces_s__rosidl_typesupport_introspection_c.cpython-310-x86_64-linux-gnu.so
[0.857s] -- Up-to-date: /home/rahul/ros2_ws/install/interfaces/local/lib/python3.10/dist-packages/interfaces/interfaces_s__rosidl_typesupport_c.cpython-310-x86_64-linux-gnu.so
[0.857s] -- Up-to-date: /home/rahul/ros2_ws/install/interfaces/lib/libinterfaces__rosidl_generator_py.so
[0.858s] -- Up-to-date: /home/rahul/ros2_ws/install/interfaces/share/interfaces/msg/Order.idl
[0.858s] -- Up-to-date: /home/rahul/ros2_ws/install/interfaces/share/interfaces/msg/Order.msg
[0.858s] -- Up-to-date: /home/rahul/ros2_ws/install/interfaces/share/ament_index/resource_index/package_run_dependencies/interfaces
[0.858s] -- Up-to-date: /home/rahul/ros2_ws/install/interfaces/share/ament_index/resource_index/parent_prefix_path/interfaces
[0.858s] -- Up-to-date: /home/rahul/ros2_ws/install/interfaces/share/interfaces/environment/ament_prefix_path.sh
[0.858s] -- Up-to-date: /home/rahul/ros2_ws/install/interfaces/share/interfaces/environment/ament_prefix_path.dsv
[0.858s] -- Up-to-date: /home/rahul/ros2_ws/install/interfaces/share/interfaces/environment/path.sh
[0.858s] -- Up-to-date: /home/rahul/ros2_ws/install/interfaces/share/interfaces/environment/path.dsv
[0.858s] -- Up-to-date: /home/rahul/ros2_ws/install/interfaces/share/interfaces/local_setup.bash
[0.859s] -- Up-to-date: /home/rahul/ros2_ws/install/interfaces/share/interfaces/local_setup.sh
[0.859s] -- Up-to-date: /home/rahul/ros2_ws/install/interfaces/share/interfaces/local_setup.zsh
[0.859s] -- Up-to-date: /home/rahul/ros2_ws/install/interfaces/share/interfaces/local_setup.dsv
[0.859s] -- Installing: /home/rahul/ros2_ws/install/interfaces/share/interfaces/package.dsv
[0.859s] -- Up-to-date: /home/rahul/ros2_ws/install/interfaces/share/ament_index/resource_index/packages/interfaces
[0.860s] -- Up-to-date: /home/rahul/ros2_ws/install/interfaces/share/interfaces/cmake/export_interfaces__rosidl_generator_cExport.cmake
[0.860s] -- Up-to-date: /home/rahul/ros2_ws/install/interfaces/share/interfaces/cmake/export_interfaces__rosidl_generator_cExport-noconfig.cmake
[0.860s] -- Up-to-date: /home/rahul/ros2_ws/install/interfaces/share/interfaces/cmake/export_interfaces__rosidl_typesupport_fastrtps_cExport.cmake
[0.860s] -- Up-to-date: /home/rahul/ros2_ws/install/interfaces/share/interfaces/cmake/export_interfaces__rosidl_typesupport_fastrtps_cExport-noconfig.cmake
[0.861s] -- Up-to-date: /home/rahul/ros2_ws/install/interfaces/share/interfaces/cmake/interfaces__rosidl_typesupport_introspection_cExport.cmake
[0.861s] -- Up-to-date: /home/rahul/ros2_ws/install/interfaces/share/interfaces/cmake/interfaces__rosidl_typesupport_introspection_cExport-noconfig.cmake
[0.861s] -- Up-to-date: /home/rahul/ros2_ws/install/interfaces/share/interfaces/cmake/interfaces__rosidl_typesupport_cExport.cmake
[0.861s] -- Up-to-date: /home/rahul/ros2_ws/install/interfaces/share/interfaces/cmake/interfaces__rosidl_typesupport_cExport-noconfig.cmake
[0.862s] -- Up-to-date: /home/rahul/ros2_ws/install/interfaces/share/interfaces/cmake/export_interfaces__rosidl_generator_cppExport.cmake
[0.862s] -- Up-to-date: /home/rahul/ros2_ws/install/interfaces/share/interfaces/cmake/export_interfaces__rosidl_typesupport_fastrtps_cppExport.cmake
[0.862s] -- Up-to-date: /home/rahul/ros2_ws/install/interfaces/share/interfaces/cmake/export_interfaces__rosidl_typesupport_fastrtps_cppExport-noconfig.cmake
[0.863s] -- Up-to-date: /home/rahul/ros2_ws/install/interfaces/share/interfaces/cmake/interfaces__rosidl_typesupport_introspection_cppExport.cmake
[0.863s] -- Up-to-date: /home/rahul/ros2_ws/install/interfaces/share/interfaces/cmake/interfaces__rosidl_typesupport_introspection_cppExport-noconfig.cmake
[0.863s] -- Up-to-date: /home/rahul/ros2_ws/install/interfaces/share/interfaces/cmake/interfaces__rosidl_typesupport_cppExport.cmake
[0.863s] -- Up-to-date: /home/rahul/ros2_ws/install/interfaces/share/interfaces/cmake/interfaces__rosidl_typesupport_cppExport-noconfig.cmake
[0.863s] -- Up-to-date: /home/rahul/ros2_ws/install/interfaces/share/interfaces/cmake/export_interfaces__rosidl_generator_pyExport.cmake
[0.864s] -- Up-to-date: /home/rahul/ros2_ws/install/interfaces/share/interfaces/cmake/export_interfaces__rosidl_generator_pyExport-noconfig.cmake
[0.864s] -- Up-to-date: /home/rahul/ros2_ws/install/interfaces/share/interfaces/cmake/rosidl_cmake-extras.cmake
[0.864s] -- Up-to-date: /home/rahul/ros2_ws/install/interfaces/share/interfaces/cmake/ament_cmake_export_include_directories-extras.cmake
[0.864s] -- Up-to-date: /home/rahul/ros2_ws/install/interfaces/share/interfaces/cmake/ament_cmake_export_libraries-extras.cmake
[0.864s] -- Up-to-date: /home/rahul/ros2_ws/install/interfaces/share/interfaces/cmake/ament_cmake_export_targets-extras.cmake
[0.864s] -- Up-to-date: /home/rahul/ros2_ws/install/interfaces/share/interfaces/cmake/rosidl_cmake_export_typesupport_targets-extras.cmake
[0.864s] -- Up-to-date: /home/rahul/ros2_ws/install/interfaces/share/interfaces/cmake/ament_cmake_export_dependencies-extras.cmake
[0.864s] -- Up-to-date: /home/rahul/ros2_ws/install/interfaces/share/interfaces/cmake/rosidl_cmake_export_typesupport_libraries-extras.cmake
[0.864s] -- Up-to-date: /home/rahul/ros2_ws/install/interfaces/share/interfaces/cmake/interfacesConfig.cmake
[0.864s] -- Up-to-date: /home/rahul/ros2_ws/install/interfaces/share/interfaces/cmake/interfacesConfig-version.cmake
[0.864s] -- Up-to-date: /home/rahul/ros2_ws/install/interfaces/share/interfaces/package.xml
[0.868s] Invoked command in '/home/rahul/ros2_ws/build/interfaces' returned '0': CMAKE_PREFIX_PATH=${CMAKE_PREFIX_PATH}:/opt/ros/humble /usr/bin/cmake --install /home/rahul/ros2_ws/build/interfaces
