[0.263s] DEBUG:colcon:Command line arguments: ['/usr/bin/colcon', 'build', '--packages-select', 'amr_pkg']
[0.264s] DEBUG:colcon:Parsed command line arguments: Namespace(log_base=None, log_level=None, verb_name='build', build_base='build', install_base='install', merge_install=False, symlink_install=False, test_result_base=None, continue_on_error=False, executor='parallel', parallel_workers=6, event_handlers=None, ignore_user_meta=False, metas=['./colcon.meta'], base_paths=['.'], packages_ignore=None, packages_ignore_regex=None, paths=None, packages_up_to=None, packages_up_to_regex=None, packages_above=None, packages_above_and_dependencies=None, packages_above_depth=None, packages_select_by_dep=None, packages_skip_by_dep=None, packages_skip_up_to=None, packages_select_build_failed=False, packages_skip_build_finished=False, packages_select_test_failures=False, packages_skip_test_passed=False, packages_select=['amr_pkg'], packages_skip=None, packages_select_regex=None, packages_skip_regex=None, packages_start=None, packages_end=None, allow_overriding=[], cmake_args=None, cmake_target=None, cmake_target_skip_unavailable=False, cmake_clean_cache=False, cmake_clean_first=False, cmake_force_configure=False, ament_cmake_args=None, catkin_cmake_args=None, catkin_skip_building_tests=False, mixin_files=None, mixin=None, verb_parser=<colcon_mixin.mixin.mixin_argument.MixinArgumentDecorator object at 0x751f9ad2dc00>, verb_extension=<colcon_core.verb.build.BuildVerb object at 0x751f9aea7550>, main=<bound method BuildVerb.main of <colcon_core.verb.build.BuildVerb object at 0x751f9aea7550>>, mixin_verb=('build',))
[0.673s] Level 1:colcon.colcon_core.package_discovery:discover_packages(colcon_meta) check parameters
[0.673s] Level 1:colcon.colcon_core.package_discovery:discover_packages(recursive) check parameters
[0.673s] Level 1:colcon.colcon_core.package_discovery:discover_packages(ignore) check parameters
[0.673s] Level 1:colcon.colcon_core.package_discovery:discover_packages(path) check parameters
[0.673s] Level 1:colcon.colcon_core.package_discovery:discover_packages(colcon_meta) discover
[0.673s] Level 1:colcon.colcon_core.package_discovery:discover_packages(recursive) discover
[0.673s] INFO:colcon.colcon_core.package_discovery:Crawling recursively for packages in '/home/rahul/ros2_ws'
[0.673s] Level 1:colcon.colcon_core.package_identification:_identify(.) by extensions ['ignore', 'ignore_ament_install']
[0.673s] Level 1:colcon.colcon_core.package_identification:_identify(.) by extension 'ignore'
[0.673s] Level 1:colcon.colcon_core.package_identification:_identify(.) by extension 'ignore_ament_install'
[0.673s] Level 1:colcon.colcon_core.package_identification:_identify(.) by extensions ['colcon_pkg']
[0.673s] Level 1:colcon.colcon_core.package_identification:_identify(.) by extension 'colcon_pkg'
[0.673s] Level 1:colcon.colcon_core.package_identification:_identify(.) by extensions ['colcon_meta']
[0.674s] Level 1:colcon.colcon_core.package_identification:_identify(.) by extension 'colcon_meta'
[0.674s] Level 1:colcon.colcon_core.package_identification:_identify(.) by extensions ['ros']
[0.674s] Level 1:colcon.colcon_core.package_identification:_identify(.) by extension 'ros'
[0.689s] Level 1:colcon.colcon_core.package_identification:_identify(.) by extensions ['cmake', 'python']
[0.689s] Level 1:colcon.colcon_core.package_identification:_identify(.) by extension 'cmake'
[0.689s] Level 1:colcon.colcon_core.package_identification:_identify(.) by extension 'python'
[0.689s] Level 1:colcon.colcon_core.package_identification:_identify(.) by extensions ['python_setup_py']
[0.689s] Level 1:colcon.colcon_core.package_identification:_identify(.) by extension 'python_setup_py'
[0.689s] Level 1:colcon.colcon_core.package_identification:_identify(build) by extensions ['ignore', 'ignore_ament_install']
[0.690s] Level 1:colcon.colcon_core.package_identification:_identify(build) by extension 'ignore'
[0.690s] Level 1:colcon.colcon_core.package_identification:_identify(build) ignored
[0.690s] Level 1:colcon.colcon_core.package_identification:_identify(install) by extensions ['ignore', 'ignore_ament_install']
[0.690s] Level 1:colcon.colcon_core.package_identification:_identify(install) by extension 'ignore'
[0.690s] Level 1:colcon.colcon_core.package_identification:_identify(install) ignored
[0.690s] Level 1:colcon.colcon_core.package_identification:_identify(log) by extensions ['ignore', 'ignore_ament_install']
[0.690s] Level 1:colcon.colcon_core.package_identification:_identify(log) by extension 'ignore'
[0.690s] Level 1:colcon.colcon_core.package_identification:_identify(log) ignored
[0.690s] Level 1:colcon.colcon_core.package_identification:_identify(src) by extensions ['ignore', 'ignore_ament_install']
[0.690s] Level 1:colcon.colcon_core.package_identification:_identify(src) by extension 'ignore'
[0.690s] Level 1:colcon.colcon_core.package_identification:_identify(src) by extension 'ignore_ament_install'
[0.690s] Level 1:colcon.colcon_core.package_identification:_identify(src) by extensions ['colcon_pkg']
[0.690s] Level 1:colcon.colcon_core.package_identification:_identify(src) by extension 'colcon_pkg'
[0.690s] Level 1:colcon.colcon_core.package_identification:_identify(src) by extensions ['colcon_meta']
[0.690s] Level 1:colcon.colcon_core.package_identification:_identify(src) by extension 'colcon_meta'
[0.690s] Level 1:colcon.colcon_core.package_identification:_identify(src) by extensions ['ros']
[0.690s] Level 1:colcon.colcon_core.package_identification:_identify(src) by extension 'ros'
[0.691s] Level 1:colcon.colcon_core.package_identification:_identify(src) by extensions ['cmake', 'python']
[0.691s] Level 1:colcon.colcon_core.package_identification:_identify(src) by extension 'cmake'
[0.691s] Level 1:colcon.colcon_core.package_identification:_identify(src) by extension 'python'
[0.691s] Level 1:colcon.colcon_core.package_identification:_identify(src) by extensions ['python_setup_py']
[0.691s] Level 1:colcon.colcon_core.package_identification:_identify(src) by extension 'python_setup_py'
[0.691s] Level 1:colcon.colcon_core.package_identification:_identify(src/amr_pkg) by extensions ['ignore', 'ignore_ament_install']
[0.691s] Level 1:colcon.colcon_core.package_identification:_identify(src/amr_pkg) by extension 'ignore'
[0.691s] Level 1:colcon.colcon_core.package_identification:_identify(src/amr_pkg) by extension 'ignore_ament_install'
[0.691s] Level 1:colcon.colcon_core.package_identification:_identify(src/amr_pkg) by extensions ['colcon_pkg']
[0.691s] Level 1:colcon.colcon_core.package_identification:_identify(src/amr_pkg) by extension 'colcon_pkg'
[0.691s] Level 1:colcon.colcon_core.package_identification:_identify(src/amr_pkg) by extensions ['colcon_meta']
[0.691s] Level 1:colcon.colcon_core.package_identification:_identify(src/amr_pkg) by extension 'colcon_meta'
[0.691s] Level 1:colcon.colcon_core.package_identification:_identify(src/amr_pkg) by extensions ['ros']
[0.691s] Level 1:colcon.colcon_core.package_identification:_identify(src/amr_pkg) by extension 'ros'
[0.695s] DEBUG:colcon.colcon_core.package_identification:Package 'src/amr_pkg' with type 'ros.ament_cmake' and name 'amr_pkg'
[0.696s] Level 1:colcon.colcon_core.package_identification:_identify(src/interfaces) by extensions ['ignore', 'ignore_ament_install']
[0.696s] Level 1:colcon.colcon_core.package_identification:_identify(src/interfaces) by extension 'ignore'
[0.696s] Level 1:colcon.colcon_core.package_identification:_identify(src/interfaces) by extension 'ignore_ament_install'
[0.696s] Level 1:colcon.colcon_core.package_identification:_identify(src/interfaces) by extensions ['colcon_pkg']
[0.696s] Level 1:colcon.colcon_core.package_identification:_identify(src/interfaces) by extension 'colcon_pkg'
[0.696s] Level 1:colcon.colcon_core.package_identification:_identify(src/interfaces) by extensions ['colcon_meta']
[0.696s] Level 1:colcon.colcon_core.package_identification:_identify(src/interfaces) by extension 'colcon_meta'
[0.697s] Level 1:colcon.colcon_core.package_identification:_identify(src/interfaces) by extensions ['ros']
[0.697s] Level 1:colcon.colcon_core.package_identification:_identify(src/interfaces) by extension 'ros'
[0.699s] DEBUG:colcon.colcon_core.package_identification:Package 'src/interfaces' with type 'ros.ament_cmake' and name 'interfaces'
[0.699s] Level 1:colcon.colcon_core.package_discovery:discover_packages(recursive) using defaults
[0.699s] Level 1:colcon.colcon_core.package_discovery:discover_packages(ignore) discover
[0.699s] Level 1:colcon.colcon_core.package_discovery:discover_packages(ignore) using defaults
[0.699s] Level 1:colcon.colcon_core.package_discovery:discover_packages(path) discover
[0.699s] Level 1:colcon.colcon_core.package_discovery:discover_packages(path) using defaults
[0.742s] INFO:colcon.colcon_core.package_selection:Skipping not selected package 'interfaces' in 'src/interfaces'
[0.745s] Level 1:colcon.colcon_core.package_discovery:discover_packages(prefix_path) check parameters
[0.745s] Level 1:colcon.colcon_core.package_discovery:discover_packages(prefix_path) discover
[0.749s] DEBUG:colcon.colcon_installed_package_information.package_discovery:Found 2 installed packages in /home/rahul/ros2_ws/install
[0.751s] DEBUG:colcon.colcon_installed_package_information.package_discovery:Found 270 installed packages in /opt/ros/humble
[0.752s] Level 1:colcon.colcon_core.package_discovery:discover_packages(prefix_path) using defaults
[0.815s] Level 5:colcon.colcon_core.verb:set package 'amr_pkg' build argument 'cmake_args' from command line to 'None'
[0.815s] Level 5:colcon.colcon_core.verb:set package 'amr_pkg' build argument 'cmake_target' from command line to 'None'
[0.815s] Level 5:colcon.colcon_core.verb:set package 'amr_pkg' build argument 'cmake_target_skip_unavailable' from command line to 'False'
[0.815s] Level 5:colcon.colcon_core.verb:set package 'amr_pkg' build argument 'cmake_clean_cache' from command line to 'False'
[0.815s] Level 5:colcon.colcon_core.verb:set package 'amr_pkg' build argument 'cmake_clean_first' from command line to 'False'
[0.815s] Level 5:colcon.colcon_core.verb:set package 'amr_pkg' build argument 'cmake_force_configure' from command line to 'False'
[0.815s] Level 5:colcon.colcon_core.verb:set package 'amr_pkg' build argument 'ament_cmake_args' from command line to 'None'
[0.815s] Level 5:colcon.colcon_core.verb:set package 'amr_pkg' build argument 'catkin_cmake_args' from command line to 'None'
[0.815s] Level 5:colcon.colcon_core.verb:set package 'amr_pkg' build argument 'catkin_skip_building_tests' from command line to 'False'
[0.815s] DEBUG:colcon.colcon_core.verb:Building package 'amr_pkg' with the following arguments: {'ament_cmake_args': None, 'build_base': '/home/rahul/ros2_ws/build/amr_pkg', 'catkin_cmake_args': None, 'catkin_skip_building_tests': False, 'cmake_args': None, 'cmake_clean_cache': False, 'cmake_clean_first': False, 'cmake_force_configure': False, 'cmake_target': None, 'cmake_target_skip_unavailable': False, 'install_base': '/home/rahul/ros2_ws/install/amr_pkg', 'merge_install': False, 'path': '/home/rahul/ros2_ws/src/amr_pkg', 'symlink_install': False, 'test_result_base': None}
[0.816s] INFO:colcon.colcon_core.executor:Executing jobs using 'parallel' executor
[0.817s] DEBUG:colcon.colcon_parallel_executor.executor.parallel:run_until_complete
[0.817s] INFO:colcon.colcon_ros.task.ament_cmake.build:Building ROS package in '/home/rahul/ros2_ws/src/amr_pkg' with build type 'ament_cmake'
[0.818s] INFO:colcon.colcon_cmake.task.cmake.build:Building CMake package in '/home/rahul/ros2_ws/src/amr_pkg'
[0.822s] INFO:colcon.colcon_core.plugin_system:Skipping extension 'colcon_core.shell.bat': Not used on non-Windows systems
[0.823s] INFO:colcon.colcon_core.shell:Skip shell extension 'powershell' for command environment: Not usable outside of PowerShell
[0.823s] DEBUG:colcon.colcon_core.shell:Skip shell extension 'dsv' for command environment
[0.838s] DEBUG:colcon.colcon_core.event_handler.log_command:Invoking command in '/home/rahul/ros2_ws/build/amr_pkg': CMAKE_PREFIX_PATH=/home/rahul/ros2_ws/install/interfaces:/home/rahul/ros2_ws/install/amr_pkg:/opt/ros/humble /usr/bin/cmake --build /home/rahul/ros2_ws/build/amr_pkg -- -j6 -l6
[17.073s] DEBUG:colcon.colcon_core.event_handler.log_command:Invoked command in '/home/rahul/ros2_ws/build/amr_pkg' returned '2': CMAKE_PREFIX_PATH=/home/rahul/ros2_ws/install/interfaces:/home/rahul/ros2_ws/install/amr_pkg:/opt/ros/humble /usr/bin/cmake --build /home/rahul/ros2_ws/build/amr_pkg -- -j6 -l6
[17.115s] Level 1:colcon.colcon_core.environment:create_environment_scripts_only(amr_pkg)
[17.120s] Level 1:colcon.colcon_core.environment:checking '/home/rahul/ros2_ws/install/amr_pkg' for CMake module files
[17.121s] Level 1:colcon.colcon_core.environment:checking '/home/rahul/ros2_ws/install/amr_pkg' for CMake config files
[17.122s] Level 1:colcon.colcon_core.shell:create_environment_hook('amr_pkg', 'cmake_prefix_path')
[17.122s] INFO:colcon.colcon_core.shell:Creating environment hook '/home/rahul/ros2_ws/install/amr_pkg/share/amr_pkg/hook/cmake_prefix_path.ps1'
[17.125s] INFO:colcon.colcon_core.shell:Creating environment descriptor '/home/rahul/ros2_ws/install/amr_pkg/share/amr_pkg/hook/cmake_prefix_path.dsv'
[17.127s] INFO:colcon.colcon_core.shell:Creating environment hook '/home/rahul/ros2_ws/install/amr_pkg/share/amr_pkg/hook/cmake_prefix_path.sh'
[17.130s] Level 1:colcon.colcon_core.environment:checking '/home/rahul/ros2_ws/install/amr_pkg/lib'
[17.131s] Level 1:colcon.colcon_core.environment:checking '/home/rahul/ros2_ws/install/amr_pkg/bin'
[17.132s] Level 1:colcon.colcon_core.environment:checking '/home/rahul/ros2_ws/install/amr_pkg/lib/pkgconfig/amr_pkg.pc'
[17.133s] Level 1:colcon.colcon_core.environment:checking '/home/rahul/ros2_ws/install/amr_pkg/lib/python3.10/site-packages'
[17.133s] Level 1:colcon.colcon_core.environment:checking '/home/rahul/ros2_ws/install/amr_pkg/bin'
[17.133s] INFO:colcon.colcon_core.shell:Creating package script '/home/rahul/ros2_ws/install/amr_pkg/share/amr_pkg/package.ps1'
[17.135s] INFO:colcon.colcon_core.shell:Creating package descriptor '/home/rahul/ros2_ws/install/amr_pkg/share/amr_pkg/package.dsv'
[17.136s] INFO:colcon.colcon_core.shell:Creating package script '/home/rahul/ros2_ws/install/amr_pkg/share/amr_pkg/package.sh'
[17.137s] INFO:colcon.colcon_core.shell:Creating package script '/home/rahul/ros2_ws/install/amr_pkg/share/amr_pkg/package.bash'
[17.139s] INFO:colcon.colcon_core.shell:Creating package script '/home/rahul/ros2_ws/install/amr_pkg/share/amr_pkg/package.zsh'
[17.140s] Level 1:colcon.colcon_core.environment:create_file_with_runtime_dependencies(/home/rahul/ros2_ws/install/amr_pkg/share/colcon-core/packages/amr_pkg)
[17.151s] DEBUG:colcon.colcon_parallel_executor.executor.parallel:closing loop
[17.152s] DEBUG:colcon.colcon_parallel_executor.executor.parallel:loop closed
[17.152s] DEBUG:colcon.colcon_parallel_executor.executor.parallel:run_until_complete finished with '2'
[17.152s] DEBUG:colcon.colcon_core.event_reactor:joining thread
[17.169s] INFO:colcon.colcon_core.plugin_system:Skipping extension 'colcon_notification.desktop_notification.terminal_notifier': Not used on non-Darwin systems
[17.170s] INFO:colcon.colcon_core.plugin_system:Skipping extension 'colcon_notification.desktop_notification.win32': Not used on non-Windows systems
[17.170s] INFO:colcon.colcon_notification.desktop_notification:Sending desktop notification using 'notify2'
[17.196s] DEBUG:colcon.colcon_core.event_reactor:joined thread
[17.197s] INFO:colcon.colcon_core.shell:Creating prefix script '/home/rahul/ros2_ws/install/local_setup.ps1'
[17.199s] INFO:colcon.colcon_core.shell:Creating prefix util module '/home/rahul/ros2_ws/install/_local_setup_util_ps1.py'
[17.201s] INFO:colcon.colcon_core.shell:Creating prefix chain script '/home/rahul/ros2_ws/install/setup.ps1'
[17.205s] INFO:colcon.colcon_core.shell:Creating prefix script '/home/rahul/ros2_ws/install/local_setup.sh'
[17.206s] INFO:colcon.colcon_core.shell:Creating prefix util module '/home/rahul/ros2_ws/install/_local_setup_util_sh.py'
[17.207s] INFO:colcon.colcon_core.shell:Creating prefix chain script '/home/rahul/ros2_ws/install/setup.sh'
[17.211s] INFO:colcon.colcon_core.shell:Creating prefix script '/home/rahul/ros2_ws/install/local_setup.bash'
[17.213s] INFO:colcon.colcon_core.shell:Creating prefix chain script '/home/rahul/ros2_ws/install/setup.bash'
[17.215s] INFO:colcon.colcon_core.shell:Creating prefix script '/home/rahul/ros2_ws/install/local_setup.zsh'
[17.217s] INFO:colcon.colcon_core.shell:Creating prefix chain script '/home/rahul/ros2_ws/install/setup.zsh'
