[0.452s] DEBUG:colcon:Command line arguments: ['/usr/bin/colcon', 'build']
[0.452s] DEBUG:colcon:Parsed command line arguments: Namespace(log_base=None, log_level=None, verb_name='build', build_base='build', install_base='install', merge_install=False, symlink_install=False, test_result_base=None, continue_on_error=False, executor='parallel', parallel_workers=6, event_handlers=None, ignore_user_meta=False, metas=['./colcon.meta'], base_paths=['.'], packages_ignore=None, packages_ignore_regex=None, paths=None, packages_up_to=None, packages_up_to_regex=None, packages_above=None, packages_above_and_dependencies=None, packages_above_depth=None, packages_select_by_dep=None, packages_skip_by_dep=None, packages_skip_up_to=None, packages_select_build_failed=False, packages_skip_build_finished=False, packages_select_test_failures=False, packages_skip_test_passed=False, packages_select=None, packages_skip=None, packages_select_regex=None, packages_skip_regex=None, packages_start=None, packages_end=None, allow_overriding=[], cmake_args=None, cmake_target=None, cmake_target_skip_unavailable=False, cmake_clean_cache=False, cmake_clean_first=False, cmake_force_configure=False, ament_cmake_args=None, catkin_cmake_args=None, catkin_skip_building_tests=False, mixin_files=None, mixin=None, verb_parser=<colcon_mixin.mixin.mixin_argument.MixinArgumentDecorator object at 0x7f9f175319f0>, verb_extension=<colcon_core.verb.build.BuildVerb object at 0x7f9f176a7340>, main=<bound method BuildVerb.main of <colcon_core.verb.build.BuildVerb object at 0x7f9f176a7340>>, mixin_verb=('build',))
[0.864s] Level 1:colcon.colcon_core.package_discovery:discover_packages(colcon_meta) check parameters
[0.864s] Level 1:colcon.colcon_core.package_discovery:discover_packages(recursive) check parameters
[0.864s] Level 1:colcon.colcon_core.package_discovery:discover_packages(ignore) check parameters
[0.864s] Level 1:colcon.colcon_core.package_discovery:discover_packages(path) check parameters
[0.864s] Level 1:colcon.colcon_core.package_discovery:discover_packages(colcon_meta) discover
[0.864s] Level 1:colcon.colcon_core.package_discovery:discover_packages(recursive) discover
[0.864s] INFO:colcon.colcon_core.package_discovery:Crawling recursively for packages in '/home/rahul/AMR_Order_Pickup'
[0.865s] Level 1:colcon.colcon_core.package_identification:_identify(.) by extensions ['ignore', 'ignore_ament_install']
[0.865s] Level 1:colcon.colcon_core.package_identification:_identify(.) by extension 'ignore'
[0.865s] Level 1:colcon.colcon_core.package_identification:_identify(.) by extension 'ignore_ament_install'
[0.865s] Level 1:colcon.colcon_core.package_identification:_identify(.) by extensions ['colcon_pkg']
[0.865s] Level 1:colcon.colcon_core.package_identification:_identify(.) by extension 'colcon_pkg'
[0.865s] Level 1:colcon.colcon_core.package_identification:_identify(.) by extensions ['colcon_meta']
[0.865s] Level 1:colcon.colcon_core.package_identification:_identify(.) by extension 'colcon_meta'
[0.865s] Level 1:colcon.colcon_core.package_identification:_identify(.) by extensions ['ros']
[0.865s] Level 1:colcon.colcon_core.package_identification:_identify(.) by extension 'ros'
[0.885s] Level 1:colcon.colcon_core.package_identification:_identify(.) by extensions ['cmake', 'python']
[0.885s] Level 1:colcon.colcon_core.package_identification:_identify(.) by extension 'cmake'
[0.885s] Level 1:colcon.colcon_core.package_identification:_identify(.) by extension 'python'
[0.885s] Level 1:colcon.colcon_core.package_identification:_identify(.) by extensions ['python_setup_py']
[0.885s] Level 1:colcon.colcon_core.package_identification:_identify(.) by extension 'python_setup_py'
[0.886s] Level 1:colcon.colcon_core.package_identification:_identify(build) by extensions ['ignore', 'ignore_ament_install']
[0.886s] Level 1:colcon.colcon_core.package_identification:_identify(build) by extension 'ignore'
[0.886s] Level 1:colcon.colcon_core.package_identification:_identify(build) ignored
[0.886s] Level 1:colcon.colcon_core.package_identification:_identify(install) by extensions ['ignore', 'ignore_ament_install']
[0.886s] Level 1:colcon.colcon_core.package_identification:_identify(install) by extension 'ignore'
[0.886s] Level 1:colcon.colcon_core.package_identification:_identify(install) ignored
[0.886s] Level 1:colcon.colcon_core.package_identification:_identify(log) by extensions ['ignore', 'ignore_ament_install']
[0.886s] Level 1:colcon.colcon_core.package_identification:_identify(log) by extension 'ignore'
[0.886s] Level 1:colcon.colcon_core.package_identification:_identify(log) ignored
[0.886s] Level 1:colcon.colcon_core.package_identification:_identify(src) by extensions ['ignore', 'ignore_ament_install']
[0.886s] Level 1:colcon.colcon_core.package_identification:_identify(src) by extension 'ignore'
[0.887s] Level 1:colcon.colcon_core.package_identification:_identify(src) by extension 'ignore_ament_install'
[0.887s] Level 1:colcon.colcon_core.package_identification:_identify(src) by extensions ['colcon_pkg']
[0.887s] Level 1:colcon.colcon_core.package_identification:_identify(src) by extension 'colcon_pkg'
[0.887s] Level 1:colcon.colcon_core.package_identification:_identify(src) by extensions ['colcon_meta']
[0.887s] Level 1:colcon.colcon_core.package_identification:_identify(src) by extension 'colcon_meta'
[0.887s] Level 1:colcon.colcon_core.package_identification:_identify(src) by extensions ['ros']
[0.887s] Level 1:colcon.colcon_core.package_identification:_identify(src) by extension 'ros'
[0.887s] Level 1:colcon.colcon_core.package_identification:_identify(src) by extensions ['cmake', 'python']
[0.887s] Level 1:colcon.colcon_core.package_identification:_identify(src) by extension 'cmake'
[0.887s] Level 1:colcon.colcon_core.package_identification:_identify(src) by extension 'python'
[0.887s] Level 1:colcon.colcon_core.package_identification:_identify(src) by extensions ['python_setup_py']
[0.887s] Level 1:colcon.colcon_core.package_identification:_identify(src) by extension 'python_setup_py'
[0.887s] Level 1:colcon.colcon_core.package_identification:_identify(src/amr_pkg) by extensions ['ignore', 'ignore_ament_install']
[0.887s] Level 1:colcon.colcon_core.package_identification:_identify(src/amr_pkg) by extension 'ignore'
[0.888s] Level 1:colcon.colcon_core.package_identification:_identify(src/amr_pkg) by extension 'ignore_ament_install'
[0.888s] Level 1:colcon.colcon_core.package_identification:_identify(src/amr_pkg) by extensions ['colcon_pkg']
[0.888s] Level 1:colcon.colcon_core.package_identification:_identify(src/amr_pkg) by extension 'colcon_pkg'
[0.888s] Level 1:colcon.colcon_core.package_identification:_identify(src/amr_pkg) by extensions ['colcon_meta']
[0.888s] Level 1:colcon.colcon_core.package_identification:_identify(src/amr_pkg) by extension 'colcon_meta'
[0.888s] Level 1:colcon.colcon_core.package_identification:_identify(src/amr_pkg) by extensions ['ros']
[0.888s] Level 1:colcon.colcon_core.package_identification:_identify(src/amr_pkg) by extension 'ros'
[0.894s] DEBUG:colcon.colcon_core.package_identification:Package 'src/amr_pkg' with type 'ros.ament_cmake' and name 'amr_pkg'
[0.894s] Level 1:colcon.colcon_core.package_identification:_identify(src/interfaces) by extensions ['ignore', 'ignore_ament_install']
[0.894s] Level 1:colcon.colcon_core.package_identification:_identify(src/interfaces) by extension 'ignore'
[0.894s] Level 1:colcon.colcon_core.package_identification:_identify(src/interfaces) by extension 'ignore_ament_install'
[0.894s] Level 1:colcon.colcon_core.package_identification:_identify(src/interfaces) by extensions ['colcon_pkg']
[0.894s] Level 1:colcon.colcon_core.package_identification:_identify(src/interfaces) by extension 'colcon_pkg'
[0.894s] Level 1:colcon.colcon_core.package_identification:_identify(src/interfaces) by extensions ['colcon_meta']
[0.894s] Level 1:colcon.colcon_core.package_identification:_identify(src/interfaces) by extension 'colcon_meta'
[0.894s] Level 1:colcon.colcon_core.package_identification:_identify(src/interfaces) by extensions ['ros']
[0.894s] Level 1:colcon.colcon_core.package_identification:_identify(src/interfaces) by extension 'ros'
[0.895s] DEBUG:colcon.colcon_core.package_identification:Package 'src/interfaces' with type 'ros.ament_cmake' and name 'interfaces'
[0.895s] Level 1:colcon.colcon_core.package_discovery:discover_packages(recursive) using defaults
[0.895s] Level 1:colcon.colcon_core.package_discovery:discover_packages(ignore) discover
[0.895s] Level 1:colcon.colcon_core.package_discovery:discover_packages(ignore) using defaults
[0.896s] Level 1:colcon.colcon_core.package_discovery:discover_packages(path) discover
[0.896s] Level 1:colcon.colcon_core.package_discovery:discover_packages(path) using defaults
[0.938s] Level 1:colcon.colcon_core.package_discovery:discover_packages(prefix_path) check parameters
[0.938s] Level 1:colcon.colcon_core.package_discovery:discover_packages(prefix_path) discover
[0.943s] DEBUG:colcon.colcon_installed_package_information.package_discovery:Found 270 installed packages in /opt/ros/humble
[0.946s] Level 1:colcon.colcon_core.package_discovery:discover_packages(prefix_path) using defaults
[1.028s] Level 5:colcon.colcon_core.verb:set package 'interfaces' build argument 'cmake_args' from command line to 'None'
[1.029s] Level 5:colcon.colcon_core.verb:set package 'interfaces' build argument 'cmake_target' from command line to 'None'
[1.029s] Level 5:colcon.colcon_core.verb:set package 'interfaces' build argument 'cmake_target_skip_unavailable' from command line to 'False'
[1.029s] Level 5:colcon.colcon_core.verb:set package 'interfaces' build argument 'cmake_clean_cache' from command line to 'False'
[1.029s] Level 5:colcon.colcon_core.verb:set package 'interfaces' build argument 'cmake_clean_first' from command line to 'False'
[1.029s] Level 5:colcon.colcon_core.verb:set package 'interfaces' build argument 'cmake_force_configure' from command line to 'False'
[1.029s] Level 5:colcon.colcon_core.verb:set package 'interfaces' build argument 'ament_cmake_args' from command line to 'None'
[1.029s] Level 5:colcon.colcon_core.verb:set package 'interfaces' build argument 'catkin_cmake_args' from command line to 'None'
[1.029s] Level 5:colcon.colcon_core.verb:set package 'interfaces' build argument 'catkin_skip_building_tests' from command line to 'False'
[1.029s] DEBUG:colcon.colcon_core.verb:Building package 'interfaces' with the following arguments: {'ament_cmake_args': None, 'build_base': '/home/rahul/AMR_Order_Pickup/build/interfaces', 'catkin_cmake_args': None, 'catkin_skip_building_tests': False, 'cmake_args': None, 'cmake_clean_cache': False, 'cmake_clean_first': False, 'cmake_force_configure': False, 'cmake_target': None, 'cmake_target_skip_unavailable': False, 'install_base': '/home/rahul/AMR_Order_Pickup/install/interfaces', 'merge_install': False, 'path': '/home/rahul/AMR_Order_Pickup/src/interfaces', 'symlink_install': False, 'test_result_base': None}
[1.029s] Level 5:colcon.colcon_core.verb:set package 'amr_pkg' build argument 'cmake_args' from command line to 'None'
[1.029s] Level 5:colcon.colcon_core.verb:set package 'amr_pkg' build argument 'cmake_target' from command line to 'None'
[1.029s] Level 5:colcon.colcon_core.verb:set package 'amr_pkg' build argument 'cmake_target_skip_unavailable' from command line to 'False'
[1.029s] Level 5:colcon.colcon_core.verb:set package 'amr_pkg' build argument 'cmake_clean_cache' from command line to 'False'
[1.029s] Level 5:colcon.colcon_core.verb:set package 'amr_pkg' build argument 'cmake_clean_first' from command line to 'False'
[1.029s] Level 5:colcon.colcon_core.verb:set package 'amr_pkg' build argument 'cmake_force_configure' from command line to 'False'
[1.029s] Level 5:colcon.colcon_core.verb:set package 'amr_pkg' build argument 'ament_cmake_args' from command line to 'None'
[1.030s] Level 5:colcon.colcon_core.verb:set package 'amr_pkg' build argument 'catkin_cmake_args' from command line to 'None'
[1.030s] Level 5:colcon.colcon_core.verb:set package 'amr_pkg' build argument 'catkin_skip_building_tests' from command line to 'False'
[1.030s] DEBUG:colcon.colcon_core.verb:Building package 'amr_pkg' with the following arguments: {'ament_cmake_args': None, 'build_base': '/home/rahul/AMR_Order_Pickup/build/amr_pkg', 'catkin_cmake_args': None, 'catkin_skip_building_tests': False, 'cmake_args': None, 'cmake_clean_cache': False, 'cmake_clean_first': False, 'cmake_force_configure': False, 'cmake_target': None, 'cmake_target_skip_unavailable': False, 'install_base': '/home/rahul/AMR_Order_Pickup/install/amr_pkg', 'merge_install': False, 'path': '/home/rahul/AMR_Order_Pickup/src/amr_pkg', 'symlink_install': False, 'test_result_base': None}
[1.030s] INFO:colcon.colcon_core.executor:Executing jobs using 'parallel' executor
[1.031s] DEBUG:colcon.colcon_parallel_executor.executor.parallel:run_until_complete
[1.032s] INFO:colcon.colcon_ros.task.ament_cmake.build:Building ROS package in '/home/rahul/AMR_Order_Pickup/src/interfaces' with build type 'ament_cmake'
[1.032s] INFO:colcon.colcon_cmake.task.cmake.build:Building CMake package in '/home/rahul/AMR_Order_Pickup/src/interfaces'
[1.040s] INFO:colcon.colcon_core.plugin_system:Skipping extension 'colcon_core.shell.bat': Not used on non-Windows systems
[1.040s] INFO:colcon.colcon_core.shell:Skip shell extension 'powershell' for command environment: Not usable outside of PowerShell
[1.040s] DEBUG:colcon.colcon_core.shell:Skip shell extension 'dsv' for command environment
[1.058s] DEBUG:colcon.colcon_core.event_handler.log_command:Invoking command in '/home/rahul/AMR_Order_Pickup/build/interfaces': CMAKE_PREFIX_PATH=/opt/ros/humble /usr/bin/cmake /home/rahul/AMR_Order_Pickup/src/interfaces -DCMAKE_INSTALL_PREFIX=/home/rahul/AMR_Order_Pickup/install/interfaces
[3.463s] DEBUG:colcon.colcon_core.event_handler.log_command:Invoked command in '/home/rahul/AMR_Order_Pickup/build/interfaces' returned '0': CMAKE_PREFIX_PATH=/opt/ros/humble /usr/bin/cmake /home/rahul/AMR_Order_Pickup/src/interfaces -DCMAKE_INSTALL_PREFIX=/home/rahul/AMR_Order_Pickup/install/interfaces
[3.466s] DEBUG:colcon.colcon_core.event_handler.log_command:Invoking command in '/home/rahul/AMR_Order_Pickup/build/interfaces': CMAKE_PREFIX_PATH=/opt/ros/humble /usr/bin/cmake --build /home/rahul/AMR_Order_Pickup/build/interfaces -- -j6 -l6
[6.478s] DEBUG:colcon.colcon_core.event_handler.log_command:Invoked command in '/home/rahul/AMR_Order_Pickup/build/interfaces' returned '0': CMAKE_PREFIX_PATH=/opt/ros/humble /usr/bin/cmake --build /home/rahul/AMR_Order_Pickup/build/interfaces -- -j6 -l6
[6.590s] DEBUG:colcon.colcon_core.event_handler.log_command:Invoking command in '/home/rahul/AMR_Order_Pickup/build/interfaces': CMAKE_PREFIX_PATH=/opt/ros/humble /usr/bin/cmake --install /home/rahul/AMR_Order_Pickup/build/interfaces
[6.681s] Level 1:colcon.colcon_core.environment:create_environment_scripts_only(interfaces)
[6.683s] DEBUG:colcon.colcon_core.event_handler.log_command:Invoked command in '/home/rahul/AMR_Order_Pickup/build/interfaces' returned '0': CMAKE_PREFIX_PATH=/opt/ros/humble /usr/bin/cmake --install /home/rahul/AMR_Order_Pickup/build/interfaces
[6.694s] Level 1:colcon.colcon_core.environment:checking '/home/rahul/AMR_Order_Pickup/install/interfaces' for CMake module files
[6.695s] Level 1:colcon.colcon_core.environment:checking '/home/rahul/AMR_Order_Pickup/install/interfaces' for CMake config files
[6.695s] Level 1:colcon.colcon_core.shell:create_environment_hook('interfaces', 'cmake_prefix_path')
[6.696s] INFO:colcon.colcon_core.shell:Creating environment hook '/home/rahul/AMR_Order_Pickup/install/interfaces/share/interfaces/hook/cmake_prefix_path.ps1'
[6.699s] INFO:colcon.colcon_core.shell:Creating environment descriptor '/home/rahul/AMR_Order_Pickup/install/interfaces/share/interfaces/hook/cmake_prefix_path.dsv'
[6.701s] INFO:colcon.colcon_core.shell:Creating environment hook '/home/rahul/AMR_Order_Pickup/install/interfaces/share/interfaces/hook/cmake_prefix_path.sh'
[6.702s] Level 1:colcon.colcon_core.environment:checking '/home/rahul/AMR_Order_Pickup/install/interfaces/lib'
[6.702s] Level 1:colcon.colcon_core.shell:create_environment_hook('interfaces', 'ld_library_path_lib')
[6.703s] INFO:colcon.colcon_core.shell:Creating environment hook '/home/rahul/AMR_Order_Pickup/install/interfaces/share/interfaces/hook/ld_library_path_lib.ps1'
[6.703s] INFO:colcon.colcon_core.shell:Creating environment descriptor '/home/rahul/AMR_Order_Pickup/install/interfaces/share/interfaces/hook/ld_library_path_lib.dsv'
[6.703s] INFO:colcon.colcon_core.shell:Creating environment hook '/home/rahul/AMR_Order_Pickup/install/interfaces/share/interfaces/hook/ld_library_path_lib.sh'
[6.704s] Level 1:colcon.colcon_core.environment:checking '/home/rahul/AMR_Order_Pickup/install/interfaces/bin'
[6.704s] Level 1:colcon.colcon_core.environment:checking '/home/rahul/AMR_Order_Pickup/install/interfaces/lib/pkgconfig/interfaces.pc'
[6.704s] Level 1:colcon.colcon_core.environment:checking '/home/rahul/AMR_Order_Pickup/install/interfaces/lib/python3.10/site-packages'
[6.704s] Level 1:colcon.colcon_core.environment:checking '/home/rahul/AMR_Order_Pickup/install/interfaces/bin'
[6.705s] INFO:colcon.colcon_core.shell:Creating package script '/home/rahul/AMR_Order_Pickup/install/interfaces/share/interfaces/package.ps1'
[6.706s] INFO:colcon.colcon_core.shell:Creating package descriptor '/home/rahul/AMR_Order_Pickup/install/interfaces/share/interfaces/package.dsv'
[6.708s] INFO:colcon.colcon_core.shell:Creating package script '/home/rahul/AMR_Order_Pickup/install/interfaces/share/interfaces/package.sh'
[6.709s] INFO:colcon.colcon_core.shell:Creating package script '/home/rahul/AMR_Order_Pickup/install/interfaces/share/interfaces/package.bash'
[6.710s] INFO:colcon.colcon_core.shell:Creating package script '/home/rahul/AMR_Order_Pickup/install/interfaces/share/interfaces/package.zsh'
[6.712s] Level 1:colcon.colcon_core.environment:create_file_with_runtime_dependencies(/home/rahul/AMR_Order_Pickup/install/interfaces/share/colcon-core/packages/interfaces)
[6.799s] Level 1:colcon.colcon_core.environment:create_environment_scripts_only(interfaces)
[6.799s] Level 1:colcon.colcon_core.environment:checking '/home/rahul/AMR_Order_Pickup/install/interfaces' for CMake module files
[6.800s] Level 1:colcon.colcon_core.environment:checking '/home/rahul/AMR_Order_Pickup/install/interfaces' for CMake config files
[6.800s] Level 1:colcon.colcon_core.shell:create_environment_hook('interfaces', 'cmake_prefix_path')
[6.801s] INFO:colcon.colcon_core.shell:Creating environment hook '/home/rahul/AMR_Order_Pickup/install/interfaces/share/interfaces/hook/cmake_prefix_path.ps1'
[6.804s] INFO:colcon.colcon_core.shell:Creating environment descriptor '/home/rahul/AMR_Order_Pickup/install/interfaces/share/interfaces/hook/cmake_prefix_path.dsv'
[6.805s] INFO:colcon.colcon_core.shell:Creating environment hook '/home/rahul/AMR_Order_Pickup/install/interfaces/share/interfaces/hook/cmake_prefix_path.sh'
[6.806s] Level 1:colcon.colcon_core.environment:checking '/home/rahul/AMR_Order_Pickup/install/interfaces/lib'
[6.806s] Level 1:colcon.colcon_core.shell:create_environment_hook('interfaces', 'ld_library_path_lib')
[6.807s] INFO:colcon.colcon_core.shell:Creating environment hook '/home/rahul/AMR_Order_Pickup/install/interfaces/share/interfaces/hook/ld_library_path_lib.ps1'
[6.808s] INFO:colcon.colcon_core.shell:Creating environment descriptor '/home/rahul/AMR_Order_Pickup/install/interfaces/share/interfaces/hook/ld_library_path_lib.dsv'
[6.808s] INFO:colcon.colcon_core.shell:Creating environment hook '/home/rahul/AMR_Order_Pickup/install/interfaces/share/interfaces/hook/ld_library_path_lib.sh'
[6.809s] Level 1:colcon.colcon_core.environment:checking '/home/rahul/AMR_Order_Pickup/install/interfaces/bin'
[6.809s] Level 1:colcon.colcon_core.environment:checking '/home/rahul/AMR_Order_Pickup/install/interfaces/lib/pkgconfig/interfaces.pc'
[6.809s] Level 1:colcon.colcon_core.environment:checking '/home/rahul/AMR_Order_Pickup/install/interfaces/lib/python3.10/site-packages'
[6.809s] Level 1:colcon.colcon_core.environment:checking '/home/rahul/AMR_Order_Pickup/install/interfaces/bin'
[6.810s] INFO:colcon.colcon_core.shell:Creating package script '/home/rahul/AMR_Order_Pickup/install/interfaces/share/interfaces/package.ps1'
[6.811s] INFO:colcon.colcon_core.shell:Creating package descriptor '/home/rahul/AMR_Order_Pickup/install/interfaces/share/interfaces/package.dsv'
[6.812s] INFO:colcon.colcon_core.shell:Creating package script '/home/rahul/AMR_Order_Pickup/install/interfaces/share/interfaces/package.sh'
[6.812s] INFO:colcon.colcon_core.shell:Creating package script '/home/rahul/AMR_Order_Pickup/install/interfaces/share/interfaces/package.bash'
[6.813s] INFO:colcon.colcon_core.shell:Creating package script '/home/rahul/AMR_Order_Pickup/install/interfaces/share/interfaces/package.zsh'
[6.813s] Level 1:colcon.colcon_core.environment:create_file_with_runtime_dependencies(/home/rahul/AMR_Order_Pickup/install/interfaces/share/colcon-core/packages/interfaces)
[6.814s] INFO:colcon.colcon_ros.task.ament_cmake.build:Building ROS package in '/home/rahul/AMR_Order_Pickup/src/amr_pkg' with build type 'ament_cmake'
[6.814s] INFO:colcon.colcon_cmake.task.cmake.build:Building CMake package in '/home/rahul/AMR_Order_Pickup/src/amr_pkg'
[6.815s] INFO:colcon.colcon_core.shell:Skip shell extension 'powershell' for command environment: Not usable outside of PowerShell
[6.815s] DEBUG:colcon.colcon_core.shell:Skip shell extension 'dsv' for command environment
[6.835s] DEBUG:colcon.colcon_core.event_handler.log_command:Invoking command in '/home/rahul/AMR_Order_Pickup/build/amr_pkg': AMENT_PREFIX_PATH=/home/rahul/AMR_Order_Pickup/install/interfaces:${AMENT_PREFIX_PATH} CMAKE_PREFIX_PATH=/home/rahul/AMR_Order_Pickup/install/interfaces:/opt/ros/humble LD_LIBRARY_PATH=/home/rahul/AMR_Order_Pickup/install/interfaces/lib:${LD_LIBRARY_PATH} PYTHONPATH=/home/rahul/AMR_Order_Pickup/install/interfaces/local/lib/python3.10/dist-packages:${PYTHONPATH} /usr/bin/cmake /home/rahul/AMR_Order_Pickup/src/amr_pkg -DCMAKE_INSTALL_PREFIX=/home/rahul/AMR_Order_Pickup/install/amr_pkg
[8.932s] DEBUG:colcon.colcon_core.event_handler.log_command:Invoked command in '/home/rahul/AMR_Order_Pickup/build/amr_pkg' returned '0': AMENT_PREFIX_PATH=/home/rahul/AMR_Order_Pickup/install/interfaces:${AMENT_PREFIX_PATH} CMAKE_PREFIX_PATH=/home/rahul/AMR_Order_Pickup/install/interfaces:/opt/ros/humble LD_LIBRARY_PATH=/home/rahul/AMR_Order_Pickup/install/interfaces/lib:${LD_LIBRARY_PATH} PYTHONPATH=/home/rahul/AMR_Order_Pickup/install/interfaces/local/lib/python3.10/dist-packages:${PYTHONPATH} /usr/bin/cmake /home/rahul/AMR_Order_Pickup/src/amr_pkg -DCMAKE_INSTALL_PREFIX=/home/rahul/AMR_Order_Pickup/install/amr_pkg
[8.939s] DEBUG:colcon.colcon_core.event_handler.log_command:Invoking command in '/home/rahul/AMR_Order_Pickup/build/amr_pkg': AMENT_PREFIX_PATH=/home/rahul/AMR_Order_Pickup/install/interfaces:${AMENT_PREFIX_PATH} CMAKE_PREFIX_PATH=/home/rahul/AMR_Order_Pickup/install/interfaces:/opt/ros/humble LD_LIBRARY_PATH=/home/rahul/AMR_Order_Pickup/install/interfaces/lib:${LD_LIBRARY_PATH} PYTHONPATH=/home/rahul/AMR_Order_Pickup/install/interfaces/local/lib/python3.10/dist-packages:${PYTHONPATH} /usr/bin/cmake --build /home/rahul/AMR_Order_Pickup/build/amr_pkg -- -j6 -l6
[26.298s] DEBUG:colcon.colcon_core.event_handler.log_command:Invoked command in '/home/rahul/AMR_Order_Pickup/build/amr_pkg' returned '0': AMENT_PREFIX_PATH=/home/rahul/AMR_Order_Pickup/install/interfaces:${AMENT_PREFIX_PATH} CMAKE_PREFIX_PATH=/home/rahul/AMR_Order_Pickup/install/interfaces:/opt/ros/humble LD_LIBRARY_PATH=/home/rahul/AMR_Order_Pickup/install/interfaces/lib:${LD_LIBRARY_PATH} PYTHONPATH=/home/rahul/AMR_Order_Pickup/install/interfaces/local/lib/python3.10/dist-packages:${PYTHONPATH} /usr/bin/cmake --build /home/rahul/AMR_Order_Pickup/build/amr_pkg -- -j6 -l6
[26.343s] DEBUG:colcon.colcon_core.event_handler.log_command:Invoking command in '/home/rahul/AMR_Order_Pickup/build/amr_pkg': AMENT_PREFIX_PATH=/home/rahul/AMR_Order_Pickup/install/interfaces:${AMENT_PREFIX_PATH} CMAKE_PREFIX_PATH=/home/rahul/AMR_Order_Pickup/install/interfaces:/opt/ros/humble LD_LIBRARY_PATH=/home/rahul/AMR_Order_Pickup/install/interfaces/lib:${LD_LIBRARY_PATH} PYTHONPATH=/home/rahul/AMR_Order_Pickup/install/interfaces/local/lib/python3.10/dist-packages:${PYTHONPATH} /usr/bin/cmake --install /home/rahul/AMR_Order_Pickup/build/amr_pkg
[26.369s] Level 1:colcon.colcon_core.environment:create_environment_scripts_only(amr_pkg)
[26.369s] Level 1:colcon.colcon_core.environment:checking '/home/rahul/AMR_Order_Pickup/install/amr_pkg' for CMake module files
[26.370s] DEBUG:colcon.colcon_core.event_handler.log_command:Invoked command in '/home/rahul/AMR_Order_Pickup/build/amr_pkg' returned '0': AMENT_PREFIX_PATH=/home/rahul/AMR_Order_Pickup/install/interfaces:${AMENT_PREFIX_PATH} CMAKE_PREFIX_PATH=/home/rahul/AMR_Order_Pickup/install/interfaces:/opt/ros/humble LD_LIBRARY_PATH=/home/rahul/AMR_Order_Pickup/install/interfaces/lib:${LD_LIBRARY_PATH} PYTHONPATH=/home/rahul/AMR_Order_Pickup/install/interfaces/local/lib/python3.10/dist-packages:${PYTHONPATH} /usr/bin/cmake --install /home/rahul/AMR_Order_Pickup/build/amr_pkg
[26.370s] Level 1:colcon.colcon_core.environment:checking '/home/rahul/AMR_Order_Pickup/install/amr_pkg' for CMake config files
[26.370s] Level 1:colcon.colcon_core.shell:create_environment_hook('amr_pkg', 'cmake_prefix_path')
[26.371s] INFO:colcon.colcon_core.shell:Creating environment hook '/home/rahul/AMR_Order_Pickup/install/amr_pkg/share/amr_pkg/hook/cmake_prefix_path.ps1'
[26.371s] INFO:colcon.colcon_core.shell:Creating environment descriptor '/home/rahul/AMR_Order_Pickup/install/amr_pkg/share/amr_pkg/hook/cmake_prefix_path.dsv'
[26.372s] INFO:colcon.colcon_core.shell:Creating environment hook '/home/rahul/AMR_Order_Pickup/install/amr_pkg/share/amr_pkg/hook/cmake_prefix_path.sh'
[26.373s] Level 1:colcon.colcon_core.environment:checking '/home/rahul/AMR_Order_Pickup/install/amr_pkg/lib'
[26.373s] Level 1:colcon.colcon_core.environment:checking '/home/rahul/AMR_Order_Pickup/install/amr_pkg/bin'
[26.373s] Level 1:colcon.colcon_core.environment:checking '/home/rahul/AMR_Order_Pickup/install/amr_pkg/lib/pkgconfig/amr_pkg.pc'
[26.373s] Level 1:colcon.colcon_core.environment:checking '/home/rahul/AMR_Order_Pickup/install/amr_pkg/lib/python3.10/site-packages'
[26.374s] Level 1:colcon.colcon_core.environment:checking '/home/rahul/AMR_Order_Pickup/install/amr_pkg/bin'
[26.374s] INFO:colcon.colcon_core.shell:Creating package script '/home/rahul/AMR_Order_Pickup/install/amr_pkg/share/amr_pkg/package.ps1'
[26.375s] INFO:colcon.colcon_core.shell:Creating package descriptor '/home/rahul/AMR_Order_Pickup/install/amr_pkg/share/amr_pkg/package.dsv'
[26.375s] INFO:colcon.colcon_core.shell:Creating package script '/home/rahul/AMR_Order_Pickup/install/amr_pkg/share/amr_pkg/package.sh'
[26.376s] INFO:colcon.colcon_core.shell:Creating package script '/home/rahul/AMR_Order_Pickup/install/amr_pkg/share/amr_pkg/package.bash'
[26.376s] INFO:colcon.colcon_core.shell:Creating package script '/home/rahul/AMR_Order_Pickup/install/amr_pkg/share/amr_pkg/package.zsh'
[26.376s] Level 1:colcon.colcon_core.environment:create_file_with_runtime_dependencies(/home/rahul/AMR_Order_Pickup/install/amr_pkg/share/colcon-core/packages/amr_pkg)
[26.423s] Level 1:colcon.colcon_core.environment:create_environment_scripts_only(amr_pkg)
[26.424s] Level 1:colcon.colcon_core.environment:checking '/home/rahul/AMR_Order_Pickup/install/amr_pkg' for CMake module files
[26.424s] Level 1:colcon.colcon_core.environment:checking '/home/rahul/AMR_Order_Pickup/install/amr_pkg' for CMake config files
[26.425s] Level 1:colcon.colcon_core.shell:create_environment_hook('amr_pkg', 'cmake_prefix_path')
[26.425s] INFO:colcon.colcon_core.shell:Creating environment hook '/home/rahul/AMR_Order_Pickup/install/amr_pkg/share/amr_pkg/hook/cmake_prefix_path.ps1'
[26.426s] INFO:colcon.colcon_core.shell:Creating environment descriptor '/home/rahul/AMR_Order_Pickup/install/amr_pkg/share/amr_pkg/hook/cmake_prefix_path.dsv'
[26.426s] INFO:colcon.colcon_core.shell:Creating environment hook '/home/rahul/AMR_Order_Pickup/install/amr_pkg/share/amr_pkg/hook/cmake_prefix_path.sh'
[26.427s] Level 1:colcon.colcon_core.environment:checking '/home/rahul/AMR_Order_Pickup/install/amr_pkg/lib'
[26.427s] Level 1:colcon.colcon_core.environment:checking '/home/rahul/AMR_Order_Pickup/install/amr_pkg/bin'
[26.427s] Level 1:colcon.colcon_core.environment:checking '/home/rahul/AMR_Order_Pickup/install/amr_pkg/lib/pkgconfig/amr_pkg.pc'
[26.428s] Level 1:colcon.colcon_core.environment:checking '/home/rahul/AMR_Order_Pickup/install/amr_pkg/lib/python3.10/site-packages'
[26.428s] Level 1:colcon.colcon_core.environment:checking '/home/rahul/AMR_Order_Pickup/install/amr_pkg/bin'
[26.429s] INFO:colcon.colcon_core.shell:Creating package script '/home/rahul/AMR_Order_Pickup/install/amr_pkg/share/amr_pkg/package.ps1'
[26.430s] INFO:colcon.colcon_core.shell:Creating package descriptor '/home/rahul/AMR_Order_Pickup/install/amr_pkg/share/amr_pkg/package.dsv'
[26.430s] INFO:colcon.colcon_core.shell:Creating package script '/home/rahul/AMR_Order_Pickup/install/amr_pkg/share/amr_pkg/package.sh'
[26.431s] INFO:colcon.colcon_core.shell:Creating package script '/home/rahul/AMR_Order_Pickup/install/amr_pkg/share/amr_pkg/package.bash'
[26.431s] INFO:colcon.colcon_core.shell:Creating package script '/home/rahul/AMR_Order_Pickup/install/amr_pkg/share/amr_pkg/package.zsh'
[26.432s] Level 1:colcon.colcon_core.environment:create_file_with_runtime_dependencies(/home/rahul/AMR_Order_Pickup/install/amr_pkg/share/colcon-core/packages/amr_pkg)
[26.432s] DEBUG:colcon.colcon_parallel_executor.executor.parallel:closing loop
[26.432s] DEBUG:colcon.colcon_parallel_executor.executor.parallel:loop closed
[26.433s] DEBUG:colcon.colcon_parallel_executor.executor.parallel:run_until_complete finished with '0'
[26.433s] DEBUG:colcon.colcon_core.event_reactor:joining thread
[26.447s] INFO:colcon.colcon_core.plugin_system:Skipping extension 'colcon_notification.desktop_notification.terminal_notifier': Not used on non-Darwin systems
[26.447s] INFO:colcon.colcon_core.plugin_system:Skipping extension 'colcon_notification.desktop_notification.win32': Not used on non-Windows systems
[26.447s] INFO:colcon.colcon_notification.desktop_notification:Sending desktop notification using 'notify2'
[26.498s] DEBUG:colcon.colcon_core.event_reactor:joined thread
[26.499s] INFO:colcon.colcon_core.shell:Creating prefix script '/home/rahul/AMR_Order_Pickup/install/local_setup.ps1'
[26.501s] INFO:colcon.colcon_core.shell:Creating prefix util module '/home/rahul/AMR_Order_Pickup/install/_local_setup_util_ps1.py'
[26.503s] INFO:colcon.colcon_core.shell:Creating prefix chain script '/home/rahul/AMR_Order_Pickup/install/setup.ps1'
[26.504s] INFO:colcon.colcon_core.shell:Creating prefix script '/home/rahul/AMR_Order_Pickup/install/local_setup.sh'
[26.506s] INFO:colcon.colcon_core.shell:Creating prefix util module '/home/rahul/AMR_Order_Pickup/install/_local_setup_util_sh.py'
[26.507s] INFO:colcon.colcon_core.shell:Creating prefix chain script '/home/rahul/AMR_Order_Pickup/install/setup.sh'
[26.510s] INFO:colcon.colcon_core.shell:Creating prefix script '/home/rahul/AMR_Order_Pickup/install/local_setup.bash'
[26.513s] INFO:colcon.colcon_core.shell:Creating prefix chain script '/home/rahul/AMR_Order_Pickup/install/setup.bash'
[26.517s] INFO:colcon.colcon_core.shell:Creating prefix script '/home/rahul/AMR_Order_Pickup/install/local_setup.zsh'
[26.518s] INFO:colcon.colcon_core.shell:Creating prefix chain script '/home/rahul/AMR_Order_Pickup/install/setup.zsh'
