[0.267s] DEBUG:colcon:Command line arguments: ['/usr/bin/colcon', 'build']
[0.267s] DEBUG:colcon:Parsed command line arguments: Namespace(log_base=None, log_level=None, verb_name='build', build_base='build', install_base='install', merge_install=False, symlink_install=False, test_result_base=None, continue_on_error=False, executor='parallel', parallel_workers=6, event_handlers=None, ignore_user_meta=False, metas=['./colcon.meta'], base_paths=['.'], packages_ignore=None, packages_ignore_regex=None, paths=None, packages_up_to=None, packages_up_to_regex=None, packages_above=None, packages_above_and_dependencies=None, packages_above_depth=None, packages_select_by_dep=None, packages_skip_by_dep=None, packages_skip_up_to=None, packages_select_build_failed=False, packages_skip_build_finished=False, packages_select_test_failures=False, packages_skip_test_passed=False, packages_select=None, packages_skip=None, packages_select_regex=None, packages_skip_regex=None, packages_start=None, packages_end=None, allow_overriding=[], cmake_args=None, cmake_target=None, cmake_target_skip_unavailable=False, cmake_clean_cache=False, cmake_clean_first=False, cmake_force_configure=False, ament_cmake_args=None, catkin_cmake_args=None, catkin_skip_building_tests=False, mixin_files=None, mixin=None, verb_parser=<colcon_mixin.mixin.mixin_argument.MixinArgumentDecorator object at 0x7274f4129c30>, verb_extension=<colcon_core.verb.build.BuildVerb object at 0x7274f42a3580>, main=<bound method BuildVerb.main of <colcon_core.verb.build.BuildVerb object at 0x7274f42a3580>>, mixin_verb=('build',))
[0.580s] Level 1:colcon.colcon_core.package_discovery:discover_packages(colcon_meta) check parameters
[0.581s] Level 1:colcon.colcon_core.package_discovery:discover_packages(recursive) check parameters
[0.581s] Level 1:colcon.colcon_core.package_discovery:discover_packages(ignore) check parameters
[0.581s] Level 1:colcon.colcon_core.package_discovery:discover_packages(path) check parameters
[0.581s] Level 1:colcon.colcon_core.package_discovery:discover_packages(colcon_meta) discover
[0.581s] Level 1:colcon.colcon_core.package_discovery:discover_packages(recursive) discover
[0.581s] INFO:colcon.colcon_core.package_discovery:Crawling recursively for packages in '/home/rahul/AMR_Order_Pickup'
[0.581s] Level 1:colcon.colcon_core.package_identification:_identify(.) by extensions ['ignore', 'ignore_ament_install']
[0.581s] Level 1:colcon.colcon_core.package_identification:_identify(.) by extension 'ignore'
[0.581s] Level 1:colcon.colcon_core.package_identification:_identify(.) by extension 'ignore_ament_install'
[0.581s] Level 1:colcon.colcon_core.package_identification:_identify(.) by extensions ['colcon_pkg']
[0.581s] Level 1:colcon.colcon_core.package_identification:_identify(.) by extension 'colcon_pkg'
[0.581s] Level 1:colcon.colcon_core.package_identification:_identify(.) by extensions ['colcon_meta']
[0.581s] Level 1:colcon.colcon_core.package_identification:_identify(.) by extension 'colcon_meta'
[0.581s] Level 1:colcon.colcon_core.package_identification:_identify(.) by extensions ['ros']
[0.581s] Level 1:colcon.colcon_core.package_identification:_identify(.) by extension 'ros'
[0.620s] Level 1:colcon.colcon_core.package_identification:_identify(.) by extensions ['cmake', 'python']
[0.620s] Level 1:colcon.colcon_core.package_identification:_identify(.) by extension 'cmake'
[0.620s] Level 1:colcon.colcon_core.package_identification:_identify(.) by extension 'python'
[0.620s] Level 1:colcon.colcon_core.package_identification:_identify(.) by extensions ['python_setup_py']
[0.620s] Level 1:colcon.colcon_core.package_identification:_identify(.) by extension 'python_setup_py'
[0.621s] Level 1:colcon.colcon_core.package_identification:_identify(build) by extensions ['ignore', 'ignore_ament_install']
[0.621s] Level 1:colcon.colcon_core.package_identification:_identify(build) by extension 'ignore'
[0.621s] Level 1:colcon.colcon_core.package_identification:_identify(build) ignored
[0.621s] Level 1:colcon.colcon_core.package_identification:_identify(install) by extensions ['ignore', 'ignore_ament_install']
[0.621s] Level 1:colcon.colcon_core.package_identification:_identify(install) by extension 'ignore'
[0.621s] Level 1:colcon.colcon_core.package_identification:_identify(install) ignored
[0.621s] Level 1:colcon.colcon_core.package_identification:_identify(log) by extensions ['ignore', 'ignore_ament_install']
[0.621s] Level 1:colcon.colcon_core.package_identification:_identify(log) by extension 'ignore'
[0.622s] Level 1:colcon.colcon_core.package_identification:_identify(log) ignored
[0.622s] Level 1:colcon.colcon_core.package_identification:_identify(src) by extensions ['ignore', 'ignore_ament_install']
[0.623s] Level 1:colcon.colcon_core.package_identification:_identify(src) by extension 'ignore'
[0.623s] Level 1:colcon.colcon_core.package_identification:_identify(src) by extension 'ignore_ament_install'
[0.623s] Level 1:colcon.colcon_core.package_identification:_identify(src) by extensions ['colcon_pkg']
[0.623s] Level 1:colcon.colcon_core.package_identification:_identify(src) by extension 'colcon_pkg'
[0.623s] Level 1:colcon.colcon_core.package_identification:_identify(src) by extensions ['colcon_meta']
[0.623s] Level 1:colcon.colcon_core.package_identification:_identify(src) by extension 'colcon_meta'
[0.623s] Level 1:colcon.colcon_core.package_identification:_identify(src) by extensions ['ros']
[0.624s] Level 1:colcon.colcon_core.package_identification:_identify(src) by extension 'ros'
[0.624s] Level 1:colcon.colcon_core.package_identification:_identify(src) by extensions ['cmake', 'python']
[0.624s] Level 1:colcon.colcon_core.package_identification:_identify(src) by extension 'cmake'
[0.624s] Level 1:colcon.colcon_core.package_identification:_identify(src) by extension 'python'
[0.624s] Level 1:colcon.colcon_core.package_identification:_identify(src) by extensions ['python_setup_py']
[0.624s] Level 1:colcon.colcon_core.package_identification:_identify(src) by extension 'python_setup_py'
[0.624s] Level 1:colcon.colcon_core.package_identification:_identify(src/amr_pkg) by extensions ['ignore', 'ignore_ament_install']
[0.625s] Level 1:colcon.colcon_core.package_identification:_identify(src/amr_pkg) by extension 'ignore'
[0.625s] Level 1:colcon.colcon_core.package_identification:_identify(src/amr_pkg) by extension 'ignore_ament_install'
[0.625s] Level 1:colcon.colcon_core.package_identification:_identify(src/amr_pkg) by extensions ['colcon_pkg']
[0.625s] Level 1:colcon.colcon_core.package_identification:_identify(src/amr_pkg) by extension 'colcon_pkg'
[0.625s] Level 1:colcon.colcon_core.package_identification:_identify(src/amr_pkg) by extensions ['colcon_meta']
[0.625s] Level 1:colcon.colcon_core.package_identification:_identify(src/amr_pkg) by extension 'colcon_meta'
[0.625s] Level 1:colcon.colcon_core.package_identification:_identify(src/amr_pkg) by extensions ['ros']
[0.625s] Level 1:colcon.colcon_core.package_identification:_identify(src/amr_pkg) by extension 'ros'
[0.637s] DEBUG:colcon.colcon_core.package_identification:Package 'src/amr_pkg' with type 'ros.ament_cmake' and name 'amr_pkg'
[0.637s] Level 1:colcon.colcon_core.package_identification:_identify(src/interfaces) by extensions ['ignore', 'ignore_ament_install']
[0.638s] Level 1:colcon.colcon_core.package_identification:_identify(src/interfaces) by extension 'ignore'
[0.638s] Level 1:colcon.colcon_core.package_identification:_identify(src/interfaces) by extension 'ignore_ament_install'
[0.638s] Level 1:colcon.colcon_core.package_identification:_identify(src/interfaces) by extensions ['colcon_pkg']
[0.638s] Level 1:colcon.colcon_core.package_identification:_identify(src/interfaces) by extension 'colcon_pkg'
[0.638s] Level 1:colcon.colcon_core.package_identification:_identify(src/interfaces) by extensions ['colcon_meta']
[0.638s] Level 1:colcon.colcon_core.package_identification:_identify(src/interfaces) by extension 'colcon_meta'
[0.638s] Level 1:colcon.colcon_core.package_identification:_identify(src/interfaces) by extensions ['ros']
[0.638s] Level 1:colcon.colcon_core.package_identification:_identify(src/interfaces) by extension 'ros'
[0.639s] DEBUG:colcon.colcon_core.package_identification:Package 'src/interfaces' with type 'ros.ament_cmake' and name 'interfaces'
[0.639s] Level 1:colcon.colcon_core.package_discovery:discover_packages(recursive) using defaults
[0.639s] Level 1:colcon.colcon_core.package_discovery:discover_packages(ignore) discover
[0.639s] Level 1:colcon.colcon_core.package_discovery:discover_packages(ignore) using defaults
[0.639s] Level 1:colcon.colcon_core.package_discovery:discover_packages(path) discover
[0.639s] Level 1:colcon.colcon_core.package_discovery:discover_packages(path) using defaults
[0.683s] Level 1:colcon.colcon_core.package_discovery:discover_packages(prefix_path) check parameters
[0.683s] Level 1:colcon.colcon_core.package_discovery:discover_packages(prefix_path) discover
[0.686s] DEBUG:colcon.colcon_installed_package_information.package_discovery:Found 2 installed packages in /home/rahul/ros2_ws/install
[0.687s] DEBUG:colcon.colcon_installed_package_information.package_discovery:Found 270 installed packages in /opt/ros/humble
[0.690s] Level 1:colcon.colcon_core.package_discovery:discover_packages(prefix_path) using defaults
[0.918s] Level 5:colcon.colcon_core.verb:set package 'interfaces' build argument 'cmake_args' from command line to 'None'
[0.918s] Level 5:colcon.colcon_core.verb:set package 'interfaces' build argument 'cmake_target' from command line to 'None'
[0.919s] Level 5:colcon.colcon_core.verb:set package 'interfaces' build argument 'cmake_target_skip_unavailable' from command line to 'False'
[0.919s] Level 5:colcon.colcon_core.verb:set package 'interfaces' build argument 'cmake_clean_cache' from command line to 'False'
[0.919s] Level 5:colcon.colcon_core.verb:set package 'interfaces' build argument 'cmake_clean_first' from command line to 'False'
[0.919s] Level 5:colcon.colcon_core.verb:set package 'interfaces' build argument 'cmake_force_configure' from command line to 'False'
[0.919s] Level 5:colcon.colcon_core.verb:set package 'interfaces' build argument 'ament_cmake_args' from command line to 'None'
[0.919s] Level 5:colcon.colcon_core.verb:set package 'interfaces' build argument 'catkin_cmake_args' from command line to 'None'
[0.919s] Level 5:colcon.colcon_core.verb:set package 'interfaces' build argument 'catkin_skip_building_tests' from command line to 'False'
[0.919s] DEBUG:colcon.colcon_core.verb:Building package 'interfaces' with the following arguments: {'ament_cmake_args': None, 'build_base': '/home/rahul/AMR_Order_Pickup/build/interfaces', 'catkin_cmake_args': None, 'catkin_skip_building_tests': False, 'cmake_args': None, 'cmake_clean_cache': False, 'cmake_clean_first': False, 'cmake_force_configure': False, 'cmake_target': None, 'cmake_target_skip_unavailable': False, 'install_base': '/home/rahul/AMR_Order_Pickup/install/interfaces', 'merge_install': False, 'path': '/home/rahul/AMR_Order_Pickup/src/interfaces', 'symlink_install': False, 'test_result_base': None}
[0.920s] Level 5:colcon.colcon_core.verb:set package 'amr_pkg' build argument 'cmake_args' from command line to 'None'
[0.920s] Level 5:colcon.colcon_core.verb:set package 'amr_pkg' build argument 'cmake_target' from command line to 'None'
[0.920s] Level 5:colcon.colcon_core.verb:set package 'amr_pkg' build argument 'cmake_target_skip_unavailable' from command line to 'False'
[0.920s] Level 5:colcon.colcon_core.verb:set package 'amr_pkg' build argument 'cmake_clean_cache' from command line to 'False'
[0.920s] Level 5:colcon.colcon_core.verb:set package 'amr_pkg' build argument 'cmake_clean_first' from command line to 'False'
[0.920s] Level 5:colcon.colcon_core.verb:set package 'amr_pkg' build argument 'cmake_force_configure' from command line to 'False'
[0.920s] Level 5:colcon.colcon_core.verb:set package 'amr_pkg' build argument 'ament_cmake_args' from command line to 'None'
[0.920s] Level 5:colcon.colcon_core.verb:set package 'amr_pkg' build argument 'catkin_cmake_args' from command line to 'None'
[0.920s] Level 5:colcon.colcon_core.verb:set package 'amr_pkg' build argument 'catkin_skip_building_tests' from command line to 'False'
[0.921s] DEBUG:colcon.colcon_core.verb:Building package 'amr_pkg' with the following arguments: {'ament_cmake_args': None, 'build_base': '/home/rahul/AMR_Order_Pickup/build/amr_pkg', 'catkin_cmake_args': None, 'catkin_skip_building_tests': False, 'cmake_args': None, 'cmake_clean_cache': False, 'cmake_clean_first': False, 'cmake_force_configure': False, 'cmake_target': None, 'cmake_target_skip_unavailable': False, 'install_base': '/home/rahul/AMR_Order_Pickup/install/amr_pkg', 'merge_install': False, 'path': '/home/rahul/AMR_Order_Pickup/src/amr_pkg', 'symlink_install': False, 'test_result_base': None}
[0.921s] INFO:colcon.colcon_core.executor:Executing jobs using 'parallel' executor
[0.924s] DEBUG:colcon.colcon_parallel_executor.executor.parallel:run_until_complete
[0.924s] INFO:colcon.colcon_ros.task.ament_cmake.build:Building ROS package in '/home/rahul/AMR_Order_Pickup/src/interfaces' with build type 'ament_cmake'
[0.924s] INFO:colcon.colcon_cmake.task.cmake.build:Building CMake package in '/home/rahul/AMR_Order_Pickup/src/interfaces'
[0.932s] INFO:colcon.colcon_core.plugin_system:Skipping extension 'colcon_core.shell.bat': Not used on non-Windows systems
[0.932s] INFO:colcon.colcon_core.shell:Skip shell extension 'powershell' for command environment: Not usable outside of PowerShell
[0.933s] DEBUG:colcon.colcon_core.shell:Skip shell extension 'dsv' for command environment
[0.952s] DEBUG:colcon.colcon_core.event_handler.log_command:Invoking command in '/home/rahul/AMR_Order_Pickup/build/interfaces': CMAKE_PREFIX_PATH=${CMAKE_PREFIX_PATH}:/opt/ros/humble /usr/bin/cmake /home/rahul/AMR_Order_Pickup/src/interfaces -DCMAKE_INSTALL_PREFIX=/home/rahul/AMR_Order_Pickup/install/interfaces
[4.489s] DEBUG:colcon.colcon_core.event_handler.log_command:Invoked command in '/home/rahul/AMR_Order_Pickup/build/interfaces' returned '0': CMAKE_PREFIX_PATH=${CMAKE_PREFIX_PATH}:/opt/ros/humble /usr/bin/cmake /home/rahul/AMR_Order_Pickup/src/interfaces -DCMAKE_INSTALL_PREFIX=/home/rahul/AMR_Order_Pickup/install/interfaces
[4.495s] DEBUG:colcon.colcon_core.event_handler.log_command:Invoking command in '/home/rahul/AMR_Order_Pickup/build/interfaces': CMAKE_PREFIX_PATH=${CMAKE_PREFIX_PATH}:/opt/ros/humble /usr/bin/cmake --build /home/rahul/AMR_Order_Pickup/build/interfaces -- -j6 -l6
[9.441s] DEBUG:colcon.colcon_core.event_handler.log_command:Invoked command in '/home/rahul/AMR_Order_Pickup/build/interfaces' returned '0': CMAKE_PREFIX_PATH=${CMAKE_PREFIX_PATH}:/opt/ros/humble /usr/bin/cmake --build /home/rahul/AMR_Order_Pickup/build/interfaces -- -j6 -l6
[9.614s] DEBUG:colcon.colcon_core.event_handler.log_command:Invoking command in '/home/rahul/AMR_Order_Pickup/build/interfaces': CMAKE_PREFIX_PATH=${CMAKE_PREFIX_PATH}:/opt/ros/humble /usr/bin/cmake --install /home/rahul/AMR_Order_Pickup/build/interfaces
[9.744s] Level 1:colcon.colcon_core.environment:create_environment_scripts_only(interfaces)
[9.745s] DEBUG:colcon.colcon_core.event_handler.log_command:Invoked command in '/home/rahul/AMR_Order_Pickup/build/interfaces' returned '0': CMAKE_PREFIX_PATH=${CMAKE_PREFIX_PATH}:/opt/ros/humble /usr/bin/cmake --install /home/rahul/AMR_Order_Pickup/build/interfaces
[9.754s] Level 1:colcon.colcon_core.environment:checking '/home/rahul/AMR_Order_Pickup/install/interfaces' for CMake module files
[9.755s] Level 1:colcon.colcon_core.environment:checking '/home/rahul/AMR_Order_Pickup/install/interfaces' for CMake config files
[9.755s] Level 1:colcon.colcon_core.shell:create_environment_hook('interfaces', 'cmake_prefix_path')
[9.756s] INFO:colcon.colcon_core.shell:Creating environment hook '/home/rahul/AMR_Order_Pickup/install/interfaces/share/interfaces/hook/cmake_prefix_path.ps1'
[9.756s] INFO:colcon.colcon_core.shell:Creating environment descriptor '/home/rahul/AMR_Order_Pickup/install/interfaces/share/interfaces/hook/cmake_prefix_path.dsv'
[9.757s] INFO:colcon.colcon_core.shell:Creating environment hook '/home/rahul/AMR_Order_Pickup/install/interfaces/share/interfaces/hook/cmake_prefix_path.sh'
[9.758s] Level 1:colcon.colcon_core.environment:checking '/home/rahul/AMR_Order_Pickup/install/interfaces/lib'
[9.758s] Level 1:colcon.colcon_core.shell:create_environment_hook('interfaces', 'ld_library_path_lib')
[9.758s] INFO:colcon.colcon_core.shell:Creating environment hook '/home/rahul/AMR_Order_Pickup/install/interfaces/share/interfaces/hook/ld_library_path_lib.ps1'
[9.759s] INFO:colcon.colcon_core.shell:Creating environment descriptor '/home/rahul/AMR_Order_Pickup/install/interfaces/share/interfaces/hook/ld_library_path_lib.dsv'
[9.759s] INFO:colcon.colcon_core.shell:Creating environment hook '/home/rahul/AMR_Order_Pickup/install/interfaces/share/interfaces/hook/ld_library_path_lib.sh'
[9.760s] Level 1:colcon.colcon_core.environment:checking '/home/rahul/AMR_Order_Pickup/install/interfaces/bin'
[9.760s] Level 1:colcon.colcon_core.environment:checking '/home/rahul/AMR_Order_Pickup/install/interfaces/lib/pkgconfig/interfaces.pc'
[9.760s] Level 1:colcon.colcon_core.environment:checking '/home/rahul/AMR_Order_Pickup/install/interfaces/lib/python3.10/site-packages'
[9.761s] Level 1:colcon.colcon_core.environment:checking '/home/rahul/AMR_Order_Pickup/install/interfaces/bin'
[9.761s] INFO:colcon.colcon_core.shell:Creating package script '/home/rahul/AMR_Order_Pickup/install/interfaces/share/interfaces/package.ps1'
[9.765s] INFO:colcon.colcon_core.shell:Creating package descriptor '/home/rahul/AMR_Order_Pickup/install/interfaces/share/interfaces/package.dsv'
[9.767s] INFO:colcon.colcon_core.shell:Creating package script '/home/rahul/AMR_Order_Pickup/install/interfaces/share/interfaces/package.sh'
[9.769s] INFO:colcon.colcon_core.shell:Creating package script '/home/rahul/AMR_Order_Pickup/install/interfaces/share/interfaces/package.bash'
[9.772s] INFO:colcon.colcon_core.shell:Creating package script '/home/rahul/AMR_Order_Pickup/install/interfaces/share/interfaces/package.zsh'
[9.774s] Level 1:colcon.colcon_core.environment:create_file_with_runtime_dependencies(/home/rahul/AMR_Order_Pickup/install/interfaces/share/colcon-core/packages/interfaces)
[9.936s] Level 1:colcon.colcon_core.environment:create_environment_scripts_only(interfaces)
[9.937s] Level 1:colcon.colcon_core.environment:checking '/home/rahul/AMR_Order_Pickup/install/interfaces' for CMake module files
[9.939s] Level 1:colcon.colcon_core.environment:checking '/home/rahul/AMR_Order_Pickup/install/interfaces' for CMake config files
[9.941s] Level 1:colcon.colcon_core.shell:create_environment_hook('interfaces', 'cmake_prefix_path')
[9.941s] INFO:colcon.colcon_core.shell:Creating environment hook '/home/rahul/AMR_Order_Pickup/install/interfaces/share/interfaces/hook/cmake_prefix_path.ps1'
[9.943s] INFO:colcon.colcon_core.shell:Creating environment descriptor '/home/rahul/AMR_Order_Pickup/install/interfaces/share/interfaces/hook/cmake_prefix_path.dsv'
[9.944s] INFO:colcon.colcon_core.shell:Creating environment hook '/home/rahul/AMR_Order_Pickup/install/interfaces/share/interfaces/hook/cmake_prefix_path.sh'
[9.947s] Level 1:colcon.colcon_core.environment:checking '/home/rahul/AMR_Order_Pickup/install/interfaces/lib'
[9.948s] Level 1:colcon.colcon_core.shell:create_environment_hook('interfaces', 'ld_library_path_lib')
[9.949s] INFO:colcon.colcon_core.shell:Creating environment hook '/home/rahul/AMR_Order_Pickup/install/interfaces/share/interfaces/hook/ld_library_path_lib.ps1'
[9.952s] INFO:colcon.colcon_core.shell:Creating environment descriptor '/home/rahul/AMR_Order_Pickup/install/interfaces/share/interfaces/hook/ld_library_path_lib.dsv'
[9.952s] INFO:colcon.colcon_core.shell:Creating environment hook '/home/rahul/AMR_Order_Pickup/install/interfaces/share/interfaces/hook/ld_library_path_lib.sh'
[9.953s] Level 1:colcon.colcon_core.environment:checking '/home/rahul/AMR_Order_Pickup/install/interfaces/bin'
[9.954s] Level 1:colcon.colcon_core.environment:checking '/home/rahul/AMR_Order_Pickup/install/interfaces/lib/pkgconfig/interfaces.pc'
[9.955s] Level 1:colcon.colcon_core.environment:checking '/home/rahul/AMR_Order_Pickup/install/interfaces/lib/python3.10/site-packages'
[9.956s] Level 1:colcon.colcon_core.environment:checking '/home/rahul/AMR_Order_Pickup/install/interfaces/bin'
[9.957s] INFO:colcon.colcon_core.shell:Creating package script '/home/rahul/AMR_Order_Pickup/install/interfaces/share/interfaces/package.ps1'
[9.960s] INFO:colcon.colcon_core.shell:Creating package descriptor '/home/rahul/AMR_Order_Pickup/install/interfaces/share/interfaces/package.dsv'
[9.963s] INFO:colcon.colcon_core.shell:Creating package script '/home/rahul/AMR_Order_Pickup/install/interfaces/share/interfaces/package.sh'
[9.964s] INFO:colcon.colcon_core.shell:Creating package script '/home/rahul/AMR_Order_Pickup/install/interfaces/share/interfaces/package.bash'
[9.965s] INFO:colcon.colcon_core.shell:Creating package script '/home/rahul/AMR_Order_Pickup/install/interfaces/share/interfaces/package.zsh'
[9.967s] Level 1:colcon.colcon_core.environment:create_file_with_runtime_dependencies(/home/rahul/AMR_Order_Pickup/install/interfaces/share/colcon-core/packages/interfaces)
[9.967s] INFO:colcon.colcon_ros.task.ament_cmake.build:Building ROS package in '/home/rahul/AMR_Order_Pickup/src/amr_pkg' with build type 'ament_cmake'
[9.967s] INFO:colcon.colcon_cmake.task.cmake.build:Building CMake package in '/home/rahul/AMR_Order_Pickup/src/amr_pkg'
[9.968s] INFO:colcon.colcon_core.shell:Skip shell extension 'powershell' for command environment: Not usable outside of PowerShell
[9.968s] DEBUG:colcon.colcon_core.shell:Skip shell extension 'dsv' for command environment
[10.001s] DEBUG:colcon.colcon_core.event_handler.log_command:Invoking command in '/home/rahul/AMR_Order_Pickup/build/amr_pkg': AMENT_PREFIX_PATH=/home/rahul/AMR_Order_Pickup/install/interfaces:${AMENT_PREFIX_PATH} CMAKE_PREFIX_PATH=/home/rahul/AMR_Order_Pickup/install/interfaces:/home/rahul/ros2_ws/install/amr_pkg:/home/rahul/ros2_ws/install/interfaces:/opt/ros/humble LD_LIBRARY_PATH=/home/rahul/AMR_Order_Pickup/install/interfaces/lib:${LD_LIBRARY_PATH} PYTHONPATH=/home/rahul/AMR_Order_Pickup/install/interfaces/local/lib/python3.10/dist-packages:${PYTHONPATH} /usr/bin/cmake /home/rahul/AMR_Order_Pickup/src/amr_pkg -DCMAKE_INSTALL_PREFIX=/home/rahul/AMR_Order_Pickup/install/amr_pkg
[13.211s] DEBUG:colcon.colcon_core.event_handler.log_command:Invoked command in '/home/rahul/AMR_Order_Pickup/build/amr_pkg' returned '0': AMENT_PREFIX_PATH=/home/rahul/AMR_Order_Pickup/install/interfaces:${AMENT_PREFIX_PATH} CMAKE_PREFIX_PATH=/home/rahul/AMR_Order_Pickup/install/interfaces:/home/rahul/ros2_ws/install/amr_pkg:/home/rahul/ros2_ws/install/interfaces:/opt/ros/humble LD_LIBRARY_PATH=/home/rahul/AMR_Order_Pickup/install/interfaces/lib:${LD_LIBRARY_PATH} PYTHONPATH=/home/rahul/AMR_Order_Pickup/install/interfaces/local/lib/python3.10/dist-packages:${PYTHONPATH} /usr/bin/cmake /home/rahul/AMR_Order_Pickup/src/amr_pkg -DCMAKE_INSTALL_PREFIX=/home/rahul/AMR_Order_Pickup/install/amr_pkg
[13.213s] DEBUG:colcon.colcon_core.event_handler.log_command:Invoking command in '/home/rahul/AMR_Order_Pickup/build/amr_pkg': AMENT_PREFIX_PATH=/home/rahul/AMR_Order_Pickup/install/interfaces:${AMENT_PREFIX_PATH} CMAKE_PREFIX_PATH=/home/rahul/AMR_Order_Pickup/install/interfaces:/home/rahul/ros2_ws/install/amr_pkg:/home/rahul/ros2_ws/install/interfaces:/opt/ros/humble LD_LIBRARY_PATH=/home/rahul/AMR_Order_Pickup/install/interfaces/lib:${LD_LIBRARY_PATH} PYTHONPATH=/home/rahul/AMR_Order_Pickup/install/interfaces/local/lib/python3.10/dist-packages:${PYTHONPATH} /usr/bin/cmake --build /home/rahul/AMR_Order_Pickup/build/amr_pkg -- -j6 -l6
[44.747s] DEBUG:colcon.colcon_core.event_handler.log_command:Invoked command in '/home/rahul/AMR_Order_Pickup/build/amr_pkg' returned '0': AMENT_PREFIX_PATH=/home/rahul/AMR_Order_Pickup/install/interfaces:${AMENT_PREFIX_PATH} CMAKE_PREFIX_PATH=/home/rahul/AMR_Order_Pickup/install/interfaces:/home/rahul/ros2_ws/install/amr_pkg:/home/rahul/ros2_ws/install/interfaces:/opt/ros/humble LD_LIBRARY_PATH=/home/rahul/AMR_Order_Pickup/install/interfaces/lib:${LD_LIBRARY_PATH} PYTHONPATH=/home/rahul/AMR_Order_Pickup/install/interfaces/local/lib/python3.10/dist-packages:${PYTHONPATH} /usr/bin/cmake --build /home/rahul/AMR_Order_Pickup/build/amr_pkg -- -j6 -l6
[44.814s] DEBUG:colcon.colcon_core.event_handler.log_command:Invoking command in '/home/rahul/AMR_Order_Pickup/build/amr_pkg': AMENT_PREFIX_PATH=/home/rahul/AMR_Order_Pickup/install/interfaces:${AMENT_PREFIX_PATH} CMAKE_PREFIX_PATH=/home/rahul/AMR_Order_Pickup/install/interfaces:/home/rahul/ros2_ws/install/amr_pkg:/home/rahul/ros2_ws/install/interfaces:/opt/ros/humble LD_LIBRARY_PATH=/home/rahul/AMR_Order_Pickup/install/interfaces/lib:${LD_LIBRARY_PATH} PYTHONPATH=/home/rahul/AMR_Order_Pickup/install/interfaces/local/lib/python3.10/dist-packages:${PYTHONPATH} /usr/bin/cmake --install /home/rahul/AMR_Order_Pickup/build/amr_pkg
[44.868s] Level 1:colcon.colcon_core.environment:create_environment_scripts_only(amr_pkg)
[44.868s] Level 1:colcon.colcon_core.environment:checking '/home/rahul/AMR_Order_Pickup/install/amr_pkg' for CMake module files
[44.869s] DEBUG:colcon.colcon_core.event_handler.log_command:Invoked command in '/home/rahul/AMR_Order_Pickup/build/amr_pkg' returned '0': AMENT_PREFIX_PATH=/home/rahul/AMR_Order_Pickup/install/interfaces:${AMENT_PREFIX_PATH} CMAKE_PREFIX_PATH=/home/rahul/AMR_Order_Pickup/install/interfaces:/home/rahul/ros2_ws/install/amr_pkg:/home/rahul/ros2_ws/install/interfaces:/opt/ros/humble LD_LIBRARY_PATH=/home/rahul/AMR_Order_Pickup/install/interfaces/lib:${LD_LIBRARY_PATH} PYTHONPATH=/home/rahul/AMR_Order_Pickup/install/interfaces/local/lib/python3.10/dist-packages:${PYTHONPATH} /usr/bin/cmake --install /home/rahul/AMR_Order_Pickup/build/amr_pkg
[44.869s] Level 1:colcon.colcon_core.environment:checking '/home/rahul/AMR_Order_Pickup/install/amr_pkg' for CMake config files
[44.869s] Level 1:colcon.colcon_core.shell:create_environment_hook('amr_pkg', 'cmake_prefix_path')
[44.870s] INFO:colcon.colcon_core.shell:Creating environment hook '/home/rahul/AMR_Order_Pickup/install/amr_pkg/share/amr_pkg/hook/cmake_prefix_path.ps1'
[44.870s] INFO:colcon.colcon_core.shell:Creating environment descriptor '/home/rahul/AMR_Order_Pickup/install/amr_pkg/share/amr_pkg/hook/cmake_prefix_path.dsv'
[44.871s] INFO:colcon.colcon_core.shell:Creating environment hook '/home/rahul/AMR_Order_Pickup/install/amr_pkg/share/amr_pkg/hook/cmake_prefix_path.sh'
[44.871s] Level 1:colcon.colcon_core.environment:checking '/home/rahul/AMR_Order_Pickup/install/amr_pkg/lib'
[44.871s] Level 1:colcon.colcon_core.environment:checking '/home/rahul/AMR_Order_Pickup/install/amr_pkg/bin'
[44.871s] Level 1:colcon.colcon_core.environment:checking '/home/rahul/AMR_Order_Pickup/install/amr_pkg/lib/pkgconfig/amr_pkg.pc'
[44.872s] Level 1:colcon.colcon_core.environment:checking '/home/rahul/AMR_Order_Pickup/install/amr_pkg/lib/python3.10/site-packages'
[44.872s] Level 1:colcon.colcon_core.environment:checking '/home/rahul/AMR_Order_Pickup/install/amr_pkg/bin'
[44.873s] INFO:colcon.colcon_core.shell:Creating package script '/home/rahul/AMR_Order_Pickup/install/amr_pkg/share/amr_pkg/package.ps1'
[44.875s] INFO:colcon.colcon_core.shell:Creating package descriptor '/home/rahul/AMR_Order_Pickup/install/amr_pkg/share/amr_pkg/package.dsv'
[44.876s] INFO:colcon.colcon_core.shell:Creating package script '/home/rahul/AMR_Order_Pickup/install/amr_pkg/share/amr_pkg/package.sh'
[44.877s] INFO:colcon.colcon_core.shell:Creating package script '/home/rahul/AMR_Order_Pickup/install/amr_pkg/share/amr_pkg/package.bash'
[44.878s] INFO:colcon.colcon_core.shell:Creating package script '/home/rahul/AMR_Order_Pickup/install/amr_pkg/share/amr_pkg/package.zsh'
[44.880s] Level 1:colcon.colcon_core.environment:create_file_with_runtime_dependencies(/home/rahul/AMR_Order_Pickup/install/amr_pkg/share/colcon-core/packages/amr_pkg)
[44.951s] Level 1:colcon.colcon_core.environment:create_environment_scripts_only(amr_pkg)
[44.952s] Level 1:colcon.colcon_core.environment:checking '/home/rahul/AMR_Order_Pickup/install/amr_pkg' for CMake module files
[44.952s] Level 1:colcon.colcon_core.environment:checking '/home/rahul/AMR_Order_Pickup/install/amr_pkg' for CMake config files
[44.953s] Level 1:colcon.colcon_core.shell:create_environment_hook('amr_pkg', 'cmake_prefix_path')
[44.953s] INFO:colcon.colcon_core.shell:Creating environment hook '/home/rahul/AMR_Order_Pickup/install/amr_pkg/share/amr_pkg/hook/cmake_prefix_path.ps1'
[44.954s] INFO:colcon.colcon_core.shell:Creating environment descriptor '/home/rahul/AMR_Order_Pickup/install/amr_pkg/share/amr_pkg/hook/cmake_prefix_path.dsv'
[44.954s] INFO:colcon.colcon_core.shell:Creating environment hook '/home/rahul/AMR_Order_Pickup/install/amr_pkg/share/amr_pkg/hook/cmake_prefix_path.sh'
[44.955s] Level 1:colcon.colcon_core.environment:checking '/home/rahul/AMR_Order_Pickup/install/amr_pkg/lib'
[44.955s] Level 1:colcon.colcon_core.environment:checking '/home/rahul/AMR_Order_Pickup/install/amr_pkg/bin'
[44.955s] Level 1:colcon.colcon_core.environment:checking '/home/rahul/AMR_Order_Pickup/install/amr_pkg/lib/pkgconfig/amr_pkg.pc'
[44.955s] Level 1:colcon.colcon_core.environment:checking '/home/rahul/AMR_Order_Pickup/install/amr_pkg/lib/python3.10/site-packages'
[44.956s] Level 1:colcon.colcon_core.environment:checking '/home/rahul/AMR_Order_Pickup/install/amr_pkg/bin'
[44.956s] INFO:colcon.colcon_core.shell:Creating package script '/home/rahul/AMR_Order_Pickup/install/amr_pkg/share/amr_pkg/package.ps1'
[44.958s] INFO:colcon.colcon_core.shell:Creating package descriptor '/home/rahul/AMR_Order_Pickup/install/amr_pkg/share/amr_pkg/package.dsv'
[44.959s] INFO:colcon.colcon_core.shell:Creating package script '/home/rahul/AMR_Order_Pickup/install/amr_pkg/share/amr_pkg/package.sh'
[44.960s] INFO:colcon.colcon_core.shell:Creating package script '/home/rahul/AMR_Order_Pickup/install/amr_pkg/share/amr_pkg/package.bash'
[44.961s] INFO:colcon.colcon_core.shell:Creating package script '/home/rahul/AMR_Order_Pickup/install/amr_pkg/share/amr_pkg/package.zsh'
[44.963s] Level 1:colcon.colcon_core.environment:create_file_with_runtime_dependencies(/home/rahul/AMR_Order_Pickup/install/amr_pkg/share/colcon-core/packages/amr_pkg)
[44.964s] DEBUG:colcon.colcon_parallel_executor.executor.parallel:closing loop
[44.966s] DEBUG:colcon.colcon_parallel_executor.executor.parallel:loop closed
[44.966s] DEBUG:colcon.colcon_parallel_executor.executor.parallel:run_until_complete finished with '0'
[44.966s] DEBUG:colcon.colcon_core.event_reactor:joining thread
[44.983s] INFO:colcon.colcon_core.plugin_system:Skipping extension 'colcon_notification.desktop_notification.terminal_notifier': Not used on non-Darwin systems
[44.984s] INFO:colcon.colcon_core.plugin_system:Skipping extension 'colcon_notification.desktop_notification.win32': Not used on non-Windows systems
[44.984s] INFO:colcon.colcon_notification.desktop_notification:Sending desktop notification using 'notify2'
[45.023s] DEBUG:colcon.colcon_core.event_reactor:joined thread
[45.024s] INFO:colcon.colcon_core.shell:Creating prefix script '/home/rahul/AMR_Order_Pickup/install/local_setup.ps1'
[45.026s] INFO:colcon.colcon_core.shell:Creating prefix util module '/home/rahul/AMR_Order_Pickup/install/_local_setup_util_ps1.py'
[45.029s] INFO:colcon.colcon_core.shell:Creating prefix chain script '/home/rahul/AMR_Order_Pickup/install/setup.ps1'
[45.045s] INFO:colcon.colcon_core.shell:Creating prefix script '/home/rahul/AMR_Order_Pickup/install/local_setup.sh'
[45.052s] INFO:colcon.colcon_core.shell:Creating prefix util module '/home/rahul/AMR_Order_Pickup/install/_local_setup_util_sh.py'
[45.056s] INFO:colcon.colcon_core.shell:Creating prefix chain script '/home/rahul/AMR_Order_Pickup/install/setup.sh'
[45.060s] INFO:colcon.colcon_core.shell:Creating prefix script '/home/rahul/AMR_Order_Pickup/install/local_setup.bash'
[45.062s] INFO:colcon.colcon_core.shell:Creating prefix chain script '/home/rahul/AMR_Order_Pickup/install/setup.bash'
[45.065s] INFO:colcon.colcon_core.shell:Creating prefix script '/home/rahul/AMR_Order_Pickup/install/local_setup.zsh'
[45.068s] INFO:colcon.colcon_core.shell:Creating prefix chain script '/home/rahul/AMR_Order_Pickup/install/setup.zsh'
