[0.047s] Invoking command in '/home/rahul/ros2_ws/build/interfaces': CMAKE_PREFIX_PATH=${CMAKE_PREFIX_PATH}:/opt/ros/humble /usr/bin/cmake --build /home/rahul/ros2_ws/build/interfaces -- -j6 -l6
[0.281s] [  3%] Built target interfaces__cpp
[0.290s] [ 12%] Built target interfaces__rosidl_generator_c
[0.325s] [ 12%] Built target ament_cmake_python_copy_interfaces
[0.369s] [ 22%] Built target interfaces__rosidl_typesupport_c
[0.370s] [ 32%] Built target interfaces__rosidl_typesupport_fastrtps_cpp
[0.375s] [ 51%] Built target interfaces__rosidl_typesupport_cpp
[0.376s] [ 51%] Built target interfaces__rosidl_typesupport_introspection_cpp
[0.394s] [ 61%] Built target interfaces__rosidl_typesupport_introspection_c
[0.396s] [ 70%] Built target interfaces__rosidl_typesupport_fastrtps_c
[0.436s] [ 70%] Built target interfaces
[0.486s] [ 74%] Built target interfaces__py
[0.532s] [ 80%] Built target interfaces__rosidl_generator_py
[0.598s] [ 87%] Built target interfaces__rosidl_typesupport_introspection_c__pyext
[0.599s] [ 93%] Built target interfaces__rosidl_typesupport_c__pyext
[0.615s] [100%] Built target interfaces__rosidl_typesupport_fastrtps_c__pyext
[0.695s] running egg_info
[0.696s] writing interfaces.egg-info/PKG-INFO
[0.697s] writing dependency_links to interfaces.egg-info/dependency_links.txt
[0.697s] writing top-level names to interfaces.egg-info/top_level.txt
[0.710s] reading manifest file 'interfaces.egg-info/SOURCES.txt'
[0.712s] writing manifest file 'interfaces.egg-info/SOURCES.txt'
[0.811s] [100%] Built target ament_cmake_python_build_interfaces_egg
[0.839s] Invoked command in '/home/rahul/ros2_ws/build/interfaces' returned '0': CMAKE_PREFIX_PATH=${CMAKE_PREFIX_PATH}:/opt/ros/humble /usr/bin/cmake --build /home/rahul/ros2_ws/build/interfaces -- -j6 -l6
[1.029s] Invoking command in '/home/rahul/ros2_ws/build/interfaces': CMAKE_PREFIX_PATH=${CMAKE_PREFIX_PATH}:/opt/ros/humble /usr/bin/cmake --install /home/rahul/ros2_ws/build/interfaces
[1.035s] -- Install configuration: ""
[1.036s] -- Up-to-date: /home/rahul/ros2_ws/install/interfaces/share/ament_index/resource_index/rosidl_interfaces/interfaces
[1.036s] -- Up-to-date: /home/rahul/ros2_ws/install/interfaces/include/interfaces/interfaces
[1.037s] -- Up-to-date: /home/rahul/ros2_ws/install/interfaces/include/interfaces/interfaces/msg
[1.037s] -- Up-to-date: /home/rahul/ros2_ws/install/interfaces/include/interfaces/interfaces/msg/order.h
[1.037s] -- Up-to-date: /home/rahul/ros2_ws/install/interfaces/include/interfaces/interfaces/msg/rosidl_generator_c__visibility_control.h
[1.037s] -- Up-to-date: /home/rahul/ros2_ws/install/interfaces/include/interfaces/interfaces/msg/detail
[1.037s] -- Up-to-date: /home/rahul/ros2_ws/install/interfaces/include/interfaces/interfaces/msg/detail/order__struct.h
[1.037s] -- Up-to-date: /home/rahul/ros2_ws/install/interfaces/include/interfaces/interfaces/msg/detail/order__functions.c
[1.037s] -- Up-to-date: /home/rahul/ros2_ws/install/interfaces/include/interfaces/interfaces/msg/detail/order__type_support.h
[1.037s] -- Up-to-date: /home/rahul/ros2_ws/install/interfaces/include/interfaces/interfaces/msg/detail/order__functions.h
[1.038s] -- Up-to-date: /home/rahul/ros2_ws/install/interfaces/share/interfaces/environment/library_path.sh
[1.038s] -- Up-to-date: /home/rahul/ros2_ws/install/interfaces/share/interfaces/environment/library_path.dsv
[1.039s] -- Up-to-date: /home/rahul/ros2_ws/install/interfaces/lib/libinterfaces__rosidl_generator_c.so
[1.039s] -- Up-to-date: /home/rahul/ros2_ws/install/interfaces/include/interfaces/interfaces
[1.039s] -- Up-to-date: /home/rahul/ros2_ws/install/interfaces/include/interfaces/interfaces/msg
[1.039s] -- Up-to-date: /home/rahul/ros2_ws/install/interfaces/include/interfaces/interfaces/msg/rosidl_typesupport_fastrtps_c__visibility_control.h
[1.039s] -- Up-to-date: /home/rahul/ros2_ws/install/interfaces/include/interfaces/interfaces/msg/detail
[1.040s] -- Up-to-date: /home/rahul/ros2_ws/install/interfaces/include/interfaces/interfaces/msg/detail/order__rosidl_typesupport_fastrtps_c.h
[1.041s] -- Up-to-date: /home/rahul/ros2_ws/install/interfaces/lib/libinterfaces__rosidl_typesupport_fastrtps_c.so
[1.041s] -- Up-to-date: /home/rahul/ros2_ws/install/interfaces/include/interfaces/interfaces
[1.041s] -- Up-to-date: /home/rahul/ros2_ws/install/interfaces/include/interfaces/interfaces/msg
[1.041s] -- Up-to-date: /home/rahul/ros2_ws/install/interfaces/include/interfaces/interfaces/msg/rosidl_typesupport_introspection_c__visibility_control.h
[1.041s] -- Up-to-date: /home/rahul/ros2_ws/install/interfaces/include/interfaces/interfaces/msg/detail
[1.041s] -- Up-to-date: /home/rahul/ros2_ws/install/interfaces/include/interfaces/interfaces/msg/detail/order__rosidl_typesupport_introspection_c.h
[1.041s] -- Up-to-date: /home/rahul/ros2_ws/install/interfaces/include/interfaces/interfaces/msg/detail/order__type_support.c
[1.042s] -- Up-to-date: /home/rahul/ros2_ws/install/interfaces/lib/libinterfaces__rosidl_typesupport_introspection_c.so
[1.043s] -- Up-to-date: /home/rahul/ros2_ws/install/interfaces/lib/libinterfaces__rosidl_typesupport_c.so
[1.044s] -- Up-to-date: /home/rahul/ros2_ws/install/interfaces/include/interfaces/interfaces
[1.044s] -- Up-to-date: /home/rahul/ros2_ws/install/interfaces/include/interfaces/interfaces/msg
[1.044s] -- Up-to-date: /home/rahul/ros2_ws/install/interfaces/include/interfaces/interfaces/msg/detail
[1.044s] -- Up-to-date: /home/rahul/ros2_ws/install/interfaces/include/interfaces/interfaces/msg/detail/order__builder.hpp
[1.044s] -- Up-to-date: /home/rahul/ros2_ws/install/interfaces/include/interfaces/interfaces/msg/detail/order__traits.hpp
[1.044s] -- Up-to-date: /home/rahul/ros2_ws/install/interfaces/include/interfaces/interfaces/msg/detail/order__struct.hpp
[1.044s] -- Up-to-date: /home/rahul/ros2_ws/install/interfaces/include/interfaces/interfaces/msg/order.hpp
[1.045s] -- Up-to-date: /home/rahul/ros2_ws/install/interfaces/include/interfaces/interfaces
[1.045s] -- Up-to-date: /home/rahul/ros2_ws/install/interfaces/include/interfaces/interfaces/msg
[1.045s] -- Up-to-date: /home/rahul/ros2_ws/install/interfaces/include/interfaces/interfaces/msg/detail
[1.045s] -- Up-to-date: /home/rahul/ros2_ws/install/interfaces/include/interfaces/interfaces/msg/detail/dds_fastrtps
[1.045s] -- Up-to-date: /home/rahul/ros2_ws/install/interfaces/include/interfaces/interfaces/msg/detail/order__rosidl_typesupport_fastrtps_cpp.hpp
[1.045s] -- Up-to-date: /home/rahul/ros2_ws/install/interfaces/include/interfaces/interfaces/msg/rosidl_typesupport_fastrtps_cpp__visibility_control.h
[1.045s] -- Up-to-date: /home/rahul/ros2_ws/install/interfaces/lib/libinterfaces__rosidl_typesupport_fastrtps_cpp.so
[1.045s] -- Up-to-date: /home/rahul/ros2_ws/install/interfaces/include/interfaces/interfaces
[1.045s] -- Up-to-date: /home/rahul/ros2_ws/install/interfaces/include/interfaces/interfaces/msg
[1.045s] -- Up-to-date: /home/rahul/ros2_ws/install/interfaces/include/interfaces/interfaces/msg/detail
[1.045s] -- Up-to-date: /home/rahul/ros2_ws/install/interfaces/include/interfaces/interfaces/msg/detail/order__rosidl_typesupport_introspection_cpp.hpp
[1.046s] -- Up-to-date: /home/rahul/ros2_ws/install/interfaces/include/interfaces/interfaces/msg/detail/order__type_support.cpp
[1.046s] -- Up-to-date: /home/rahul/ros2_ws/install/interfaces/lib/libinterfaces__rosidl_typesupport_introspection_cpp.so
[1.046s] -- Up-to-date: /home/rahul/ros2_ws/install/interfaces/lib/libinterfaces__rosidl_typesupport_cpp.so
[1.046s] -- Up-to-date: /home/rahul/ros2_ws/install/interfaces/share/interfaces/environment/pythonpath.sh
[1.047s] -- Up-to-date: /home/rahul/ros2_ws/install/interfaces/share/interfaces/environment/pythonpath.dsv
[1.047s] -- Up-to-date: /home/rahul/ros2_ws/install/interfaces/local/lib/python3.10/dist-packages/interfaces-0.0.0-py3.10.egg-info
[1.047s] -- Installing: /home/rahul/ros2_ws/install/interfaces/local/lib/python3.10/dist-packages/interfaces-0.0.0-py3.10.egg-info/top_level.txt
[1.047s] -- Installing: /home/rahul/ros2_ws/install/interfaces/local/lib/python3.10/dist-packages/interfaces-0.0.0-py3.10.egg-info/SOURCES.txt
[1.047s] -- Installing: /home/rahul/ros2_ws/install/interfaces/local/lib/python3.10/dist-packages/interfaces-0.0.0-py3.10.egg-info/PKG-INFO
[1.047s] -- Installing: /home/rahul/ros2_ws/install/interfaces/local/lib/python3.10/dist-packages/interfaces-0.0.0-py3.10.egg-info/dependency_links.txt
[1.048s] -- Up-to-date: /home/rahul/ros2_ws/install/interfaces/local/lib/python3.10/dist-packages/interfaces
[1.048s] -- Up-to-date: /home/rahul/ros2_ws/install/interfaces/local/lib/python3.10/dist-packages/interfaces/_interfaces_s.ep.rosidl_typesupport_fastrtps_c.c
[1.048s] -- Up-to-date: /home/rahul/ros2_ws/install/interfaces/local/lib/python3.10/dist-packages/interfaces/interfaces_s__rosidl_typesupport_introspection_c.cpython-310-x86_64-linux-gnu.so
[1.048s] -- Up-to-date: /home/rahul/ros2_ws/install/interfaces/local/lib/python3.10/dist-packages/interfaces/interfaces_s__rosidl_typesupport_fastrtps_c.cpython-310-x86_64-linux-gnu.so
[1.048s] -- Up-to-date: /home/rahul/ros2_ws/install/interfaces/local/lib/python3.10/dist-packages/interfaces/interfaces_s__rosidl_typesupport_c.cpython-310-x86_64-linux-gnu.so
[1.048s] -- Up-to-date: /home/rahul/ros2_ws/install/interfaces/local/lib/python3.10/dist-packages/interfaces/_interfaces_s.ep.rosidl_typesupport_introspection_c.c
[1.049s] -- Up-to-date: /home/rahul/ros2_ws/install/interfaces/local/lib/python3.10/dist-packages/interfaces/__init__.py
[1.049s] -- Up-to-date: /home/rahul/ros2_ws/install/interfaces/local/lib/python3.10/dist-packages/interfaces/libinterfaces__rosidl_generator_py.so
[1.049s] -- Up-to-date: /home/rahul/ros2_ws/install/interfaces/local/lib/python3.10/dist-packages/interfaces/_interfaces_s.ep.rosidl_typesupport_c.c
[1.049s] -- Up-to-date: /home/rahul/ros2_ws/install/interfaces/local/lib/python3.10/dist-packages/interfaces/msg
[1.050s] -- Up-to-date: /home/rahul/ros2_ws/install/interfaces/local/lib/python3.10/dist-packages/interfaces/msg/_order_s.c
[1.050s] -- Up-to-date: /home/rahul/ros2_ws/install/interfaces/local/lib/python3.10/dist-packages/interfaces/msg/_order.py
[1.050s] -- Up-to-date: /home/rahul/ros2_ws/install/interfaces/local/lib/python3.10/dist-packages/interfaces/msg/__init__.py
[1.109s] Listing '/home/rahul/ros2_ws/install/interfaces/local/lib/python3.10/dist-packages/interfaces'...
[1.109s] Listing '/home/rahul/ros2_ws/install/interfaces/local/lib/python3.10/dist-packages/interfaces/msg'...
[1.116s] -- Up-to-date: /home/rahul/ros2_ws/install/interfaces/local/lib/python3.10/dist-packages/interfaces/interfaces_s__rosidl_typesupport_fastrtps_c.cpython-310-x86_64-linux-gnu.so
[1.117s] -- Up-to-date: /home/rahul/ros2_ws/install/interfaces/local/lib/python3.10/dist-packages/interfaces/interfaces_s__rosidl_typesupport_introspection_c.cpython-310-x86_64-linux-gnu.so
[1.124s] -- Up-to-date: /home/rahul/ros2_ws/install/interfaces/local/lib/python3.10/dist-packages/interfaces/interfaces_s__rosidl_typesupport_c.cpython-310-x86_64-linux-gnu.so
[1.125s] -- Up-to-date: /home/rahul/ros2_ws/install/interfaces/lib/libinterfaces__rosidl_generator_py.so
[1.125s] -- Up-to-date: /home/rahul/ros2_ws/install/interfaces/share/interfaces/msg/Order.idl
[1.125s] -- Up-to-date: /home/rahul/ros2_ws/install/interfaces/share/interfaces/msg/Order.msg
[1.125s] -- Up-to-date: /home/rahul/ros2_ws/install/interfaces/share/ament_index/resource_index/package_run_dependencies/interfaces
[1.125s] -- Up-to-date: /home/rahul/ros2_ws/install/interfaces/share/ament_index/resource_index/parent_prefix_path/interfaces
[1.125s] -- Up-to-date: /home/rahul/ros2_ws/install/interfaces/share/interfaces/environment/ament_prefix_path.sh
[1.125s] -- Up-to-date: /home/rahul/ros2_ws/install/interfaces/share/interfaces/environment/ament_prefix_path.dsv
[1.125s] -- Up-to-date: /home/rahul/ros2_ws/install/interfaces/share/interfaces/environment/path.sh
[1.125s] -- Up-to-date: /home/rahul/ros2_ws/install/interfaces/share/interfaces/environment/path.dsv
[1.125s] -- Up-to-date: /home/rahul/ros2_ws/install/interfaces/share/interfaces/local_setup.bash
[1.125s] -- Up-to-date: /home/rahul/ros2_ws/install/interfaces/share/interfaces/local_setup.sh
[1.126s] -- Up-to-date: /home/rahul/ros2_ws/install/interfaces/share/interfaces/local_setup.zsh
[1.126s] -- Up-to-date: /home/rahul/ros2_ws/install/interfaces/share/interfaces/local_setup.dsv
[1.126s] -- Installing: /home/rahul/ros2_ws/install/interfaces/share/interfaces/package.dsv
[1.126s] -- Up-to-date: /home/rahul/ros2_ws/install/interfaces/share/ament_index/resource_index/packages/interfaces
[1.133s] -- Up-to-date: /home/rahul/ros2_ws/install/interfaces/share/interfaces/cmake/export_interfaces__rosidl_generator_cExport.cmake
[1.133s] -- Up-to-date: /home/rahul/ros2_ws/install/interfaces/share/interfaces/cmake/export_interfaces__rosidl_generator_cExport-noconfig.cmake
[1.135s] -- Up-to-date: /home/rahul/ros2_ws/install/interfaces/share/interfaces/cmake/export_interfaces__rosidl_typesupport_fastrtps_cExport.cmake
[1.135s] -- Up-to-date: /home/rahul/ros2_ws/install/interfaces/share/interfaces/cmake/export_interfaces__rosidl_typesupport_fastrtps_cExport-noconfig.cmake
[1.138s] -- Up-to-date: /home/rahul/ros2_ws/install/interfaces/share/interfaces/cmake/interfaces__rosidl_typesupport_introspection_cExport.cmake
[1.138s] -- Up-to-date: /home/rahul/ros2_ws/install/interfaces/share/interfaces/cmake/interfaces__rosidl_typesupport_introspection_cExport-noconfig.cmake
[1.139s] -- Up-to-date: /home/rahul/ros2_ws/install/interfaces/share/interfaces/cmake/interfaces__rosidl_typesupport_cExport.cmake
[1.139s] -- Up-to-date: /home/rahul/ros2_ws/install/interfaces/share/interfaces/cmake/interfaces__rosidl_typesupport_cExport-noconfig.cmake
[1.140s] -- Up-to-date: /home/rahul/ros2_ws/install/interfaces/share/interfaces/cmake/export_interfaces__rosidl_generator_cppExport.cmake
[1.141s] -- Up-to-date: /home/rahul/ros2_ws/install/interfaces/share/interfaces/cmake/export_interfaces__rosidl_typesupport_fastrtps_cppExport.cmake
[1.141s] -- Up-to-date: /home/rahul/ros2_ws/install/interfaces/share/interfaces/cmake/export_interfaces__rosidl_typesupport_fastrtps_cppExport-noconfig.cmake
[1.142s] -- Up-to-date: /home/rahul/ros2_ws/install/interfaces/share/interfaces/cmake/interfaces__rosidl_typesupport_introspection_cppExport.cmake
[1.142s] -- Up-to-date: /home/rahul/ros2_ws/install/interfaces/share/interfaces/cmake/interfaces__rosidl_typesupport_introspection_cppExport-noconfig.cmake
[1.144s] -- Up-to-date: /home/rahul/ros2_ws/install/interfaces/share/interfaces/cmake/interfaces__rosidl_typesupport_cppExport.cmake
[1.144s] -- Up-to-date: /home/rahul/ros2_ws/install/interfaces/share/interfaces/cmake/interfaces__rosidl_typesupport_cppExport-noconfig.cmake
[1.147s] -- Up-to-date: /home/rahul/ros2_ws/install/interfaces/share/interfaces/cmake/export_interfaces__rosidl_generator_pyExport.cmake
[1.147s] -- Up-to-date: /home/rahul/ros2_ws/install/interfaces/share/interfaces/cmake/export_interfaces__rosidl_generator_pyExport-noconfig.cmake
[1.147s] -- Up-to-date: /home/rahul/ros2_ws/install/interfaces/share/interfaces/cmake/rosidl_cmake-extras.cmake
[1.149s] -- Up-to-date: /home/rahul/ros2_ws/install/interfaces/share/interfaces/cmake/ament_cmake_export_include_directories-extras.cmake
[1.149s] -- Up-to-date: /home/rahul/ros2_ws/install/interfaces/share/interfaces/cmake/ament_cmake_export_libraries-extras.cmake
[1.149s] -- Up-to-date: /home/rahul/ros2_ws/install/interfaces/share/interfaces/cmake/ament_cmake_export_targets-extras.cmake
[1.149s] -- Up-to-date: /home/rahul/ros2_ws/install/interfaces/share/interfaces/cmake/rosidl_cmake_export_typesupport_targets-extras.cmake
[1.149s] -- Up-to-date: /home/rahul/ros2_ws/install/interfaces/share/interfaces/cmake/ament_cmake_export_dependencies-extras.cmake
[1.149s] -- Up-to-date: /home/rahul/ros2_ws/install/interfaces/share/interfaces/cmake/rosidl_cmake_export_typesupport_libraries-extras.cmake
[1.149s] -- Up-to-date: /home/rahul/ros2_ws/install/interfaces/share/interfaces/cmake/interfacesConfig.cmake
[1.150s] -- Up-to-date: /home/rahul/ros2_ws/install/interfaces/share/interfaces/cmake/interfacesConfig-version.cmake
[1.150s] -- Up-to-date: /home/rahul/ros2_ws/install/interfaces/share/interfaces/package.xml
[1.155s] Invoked command in '/home/rahul/ros2_ws/build/interfaces' returned '0': CMAKE_PREFIX_PATH=${CMAKE_PREFIX_PATH}:/opt/ros/humble /usr/bin/cmake --install /home/rahul/ros2_ws/build/interfaces
