[0.025s] Invoking command in '/home/rahul/ros2_ws/build/amr_pkg': CMAKE_PREFIX_PATH=/home/rahul/ros2_ws/install/interfaces:/home/rahul/ros2_ws/install/amr_pkg:/opt/ros/humble /usr/bin/cmake --build /home/rahul/ros2_ws/build/amr_pkg -- -j6 -l6
[0.112s] [ 50%] [32mBuilding CXX object CMakeFiles/orderoptimizer.dir/src/OrderOptimizer.cpp.o[0m
[17.054s] [100%] [32m[1mLinking CXX executable orderoptimizer[0m
[18.285s] [100%] Built target orderoptimizer
[18.302s] Invoked command in '/home/rahul/ros2_ws/build/amr_pkg' returned '0': CMAKE_PREFIX_PATH=/home/rahul/ros2_ws/install/interfaces:/home/rahul/ros2_ws/install/amr_pkg:/opt/ros/humble /usr/bin/cmake --build /home/rahul/ros2_ws/build/amr_pkg -- -j6 -l6
[18.363s] Invoking command in '/home/rahul/ros2_ws/build/amr_pkg': CMAKE_PREFIX_PATH=/home/rahul/ros2_ws/install/interfaces:/home/rahul/ros2_ws/install/amr_pkg:/opt/ros/humble /usr/bin/cmake --install /home/rahul/ros2_ws/build/amr_pkg
[18.375s] -- Install configuration: ""
[18.375s] -- Installing: /home/rahul/ros2_ws/install/amr_pkg/lib/amr_pkg/orderoptimizer
[18.387s] -- Set runtime path of "/home/rahul/ros2_ws/install/amr_pkg/lib/amr_pkg/orderoptimizer" to ""
[18.387s] -- Up-to-date: /home/rahul/ros2_ws/install/amr_pkg/share/ament_index/resource_index/package_run_dependencies/amr_pkg
[18.387s] -- Up-to-date: /home/rahul/ros2_ws/install/amr_pkg/share/ament_index/resource_index/parent_prefix_path/amr_pkg
[18.387s] -- Up-to-date: /home/rahul/ros2_ws/install/amr_pkg/share/amr_pkg/environment/ament_prefix_path.sh
[18.387s] -- Up-to-date: /home/rahul/ros2_ws/install/amr_pkg/share/amr_pkg/environment/ament_prefix_path.dsv
[18.388s] -- Up-to-date: /home/rahul/ros2_ws/install/amr_pkg/share/amr_pkg/environment/path.sh
[18.388s] -- Up-to-date: /home/rahul/ros2_ws/install/amr_pkg/share/amr_pkg/environment/path.dsv
[18.388s] -- Up-to-date: /home/rahul/ros2_ws/install/amr_pkg/share/amr_pkg/local_setup.bash
[18.388s] -- Up-to-date: /home/rahul/ros2_ws/install/amr_pkg/share/amr_pkg/local_setup.sh
[18.388s] -- Up-to-date: /home/rahul/ros2_ws/install/amr_pkg/share/amr_pkg/local_setup.zsh
[18.388s] -- Up-to-date: /home/rahul/ros2_ws/install/amr_pkg/share/amr_pkg/local_setup.dsv
[18.388s] -- Installing: /home/rahul/ros2_ws/install/amr_pkg/share/amr_pkg/package.dsv
[18.388s] -- Up-to-date: /home/rahul/ros2_ws/install/amr_pkg/share/ament_index/resource_index/packages/amr_pkg
[18.388s] -- Up-to-date: /home/rahul/ros2_ws/install/amr_pkg/share/amr_pkg/cmake/amr_pkgConfig.cmake
[18.388s] -- Up-to-date: /home/rahul/ros2_ws/install/amr_pkg/share/amr_pkg/cmake/amr_pkgConfig-version.cmake
[18.388s] -- Up-to-date: /home/rahul/ros2_ws/install/amr_pkg/share/amr_pkg/package.xml
[18.391s] Invoked command in '/home/rahul/ros2_ws/build/amr_pkg' returned '0': CMAKE_PREFIX_PATH=/home/rahul/ros2_ws/install/interfaces:/home/rahul/ros2_ws/install/amr_pkg:/opt/ros/humble /usr/bin/cmake --install /home/rahul/ros2_ws/build/amr_pkg
