[  3%] [34m[1mGenerating C code for ROS interfaces[0m
[  6%] [34m[1mGenerating C++ code for ROS interfaces[0m
[  6%] Built target ament_cmake_python_copy_amr_interfaces
running egg_info
creating amr_interfaces.egg-info
writing amr_interfaces.egg-info/PKG-INFO
writing dependency_links to amr_interfaces.egg-info/dependency_links.txt
writing top-level names to amr_interfaces.egg-info/top_level.txt
writing manifest file 'amr_interfaces.egg-info/SOURCES.txt'
reading manifest file 'amr_interfaces.egg-info/SOURCES.txt'
writing manifest file 'amr_interfaces.egg-info/SOURCES.txt'
[  6%] Built target amr_interfaces__cpp
[  9%] [32mBuilding C object CMakeFiles/amr_interfaces__rosidl_generator_c.dir/rosidl_generator_c/amr_interfaces/msg/detail/order__functions.c.o[0m
[ 12%] [34m[1mGenerating C++ introspection for ROS interfaces[0m
[ 16%] [34m[1mGenerating C++ type support for eProsima Fast-RTPS[0m
[ 19%] [34m[1mGenerating C++ type support dispatch for ROS interfaces[0m
[ 19%] Built target ament_cmake_python_build_amr_interfaces_egg
[ 22%] [32m[1mLinking C shared library libamr_interfaces__rosidl_generator_c.so[0m
[ 22%] Built target amr_interfaces__rosidl_generator_c
[ 25%] [34m[1mGenerating C introspection for ROS interfaces[0m
[ 29%] [34m[1mGenerating C type support for eProsima Fast-RTPS[0m
[ 32%] [34m[1mGenerating C type support dispatch for ROS interfaces[0m
[ 35%] [32mBuilding CXX object CMakeFiles/amr_interfaces__rosidl_typesupport_introspection_cpp.dir/rosidl_typesupport_introspection_cpp/amr_interfaces/msg/detail/order__type_support.cpp.o[0m
[ 41%] [32mBuilding CXX object CMakeFiles/amr_interfaces__rosidl_typesupport_fastrtps_cpp.dir/rosidl_typesupport_fastrtps_cpp/amr_interfaces/msg/detail/dds_fastrtps/order__type_support.cpp.o[0m
[ 41%] [32mBuilding CXX object CMakeFiles/amr_interfaces__rosidl_typesupport_cpp.dir/rosidl_typesupport_cpp/amr_interfaces/msg/order__type_support.cpp.o[0m
[ 45%] [32mBuilding C object CMakeFiles/amr_interfaces__rosidl_typesupport_introspection_c.dir/rosidl_typesupport_introspection_c/amr_interfaces/msg/detail/order__type_support.c.o[0m
[ 48%] [32mBuilding CXX object CMakeFiles/amr_interfaces__rosidl_typesupport_fastrtps_c.dir/rosidl_typesupport_fastrtps_c/amr_interfaces/msg/detail/order__type_support_c.cpp.o[0m
[ 51%] [32mBuilding CXX object CMakeFiles/amr_interfaces__rosidl_typesupport_c.dir/rosidl_typesupport_c/amr_interfaces/msg/order__type_support.cpp.o[0m
[ 54%] [32m[1mLinking C shared library libamr_interfaces__rosidl_typesupport_introspection_c.so[0m
[ 58%] [32m[1mLinking CXX shared library libamr_interfaces__rosidl_typesupport_c.so[0m
[ 58%] Built target amr_interfaces__rosidl_typesupport_introspection_c
[ 61%] [32m[1mLinking CXX shared library libamr_interfaces__rosidl_typesupport_cpp.so[0m
[ 61%] Built target amr_interfaces__rosidl_typesupport_c
[ 61%] Built target amr_interfaces__rosidl_typesupport_cpp
[ 64%] [32m[1mLinking CXX shared library libamr_interfaces__rosidl_typesupport_introspection_cpp.so[0m
[ 67%] [32m[1mLinking CXX shared library libamr_interfaces__rosidl_typesupport_fastrtps_cpp.so[0m
[ 67%] Built target amr_interfaces__rosidl_typesupport_introspection_cpp
[ 70%] [32m[1mLinking CXX shared library libamr_interfaces__rosidl_typesupport_fastrtps_c.so[0m
[ 70%] Built target amr_interfaces__rosidl_typesupport_fastrtps_cpp
[ 70%] Built target amr_interfaces__rosidl_typesupport_fastrtps_c
[ 70%] Built target amr_interfaces
[ 74%] [34m[1mGenerating Python code for ROS interfaces[0m
[ 74%] Built target amr_interfaces__py
[ 77%] [32mBuilding C object CMakeFiles/amr_interfaces__rosidl_generator_py.dir/rosidl_generator_py/amr_interfaces/msg/_order_s.c.o[0m
[ 80%] [32m[1mLinking C shared library rosidl_generator_py/amr_interfaces/libamr_interfaces__rosidl_generator_py.so[0m
[ 80%] Built target amr_interfaces__rosidl_generator_py
[ 90%] [32mBuilding C object CMakeFiles/amr_interfaces__rosidl_typesupport_fastrtps_c__pyext.dir/rosidl_generator_py/amr_interfaces/_amr_interfaces_s.ep.rosidl_typesupport_fastrtps_c.c.o[0m
[ 90%] [32mBuilding C object CMakeFiles/amr_interfaces__rosidl_typesupport_c__pyext.dir/rosidl_generator_py/amr_interfaces/_amr_interfaces_s.ep.rosidl_typesupport_c.c.o[0m
[ 90%] [32mBuilding C object CMakeFiles/amr_interfaces__rosidl_typesupport_introspection_c__pyext.dir/rosidl_generator_py/amr_interfaces/_amr_interfaces_s.ep.rosidl_typesupport_introspection_c.c.o[0m
[ 93%] [32m[1mLinking C shared library rosidl_generator_py/amr_interfaces/amr_interfaces_s__rosidl_typesupport_introspection_c.cpython-310-x86_64-linux-gnu.so[0m
[ 96%] [32m[1mLinking C shared library rosidl_generator_py/amr_interfaces/amr_interfaces_s__rosidl_typesupport_c.cpython-310-x86_64-linux-gnu.so[0m
[100%] [32m[1mLinking C shared library rosidl_generator_py/amr_interfaces/amr_interfaces_s__rosidl_typesupport_fastrtps_c.cpython-310-x86_64-linux-gnu.so[0m
[100%] Built target amr_interfaces__rosidl_typesupport_c__pyext
[100%] Built target amr_interfaces__rosidl_typesupport_introspection_c__pyext
[100%] Built target amr_interfaces__rosidl_typesupport_fastrtps_c__pyext
-- Install configuration: ""
-- Installing: /home/rahul/ros2_ws/install/amr_interfaces/share/ament_index/resource_index/rosidl_interfaces/amr_interfaces
-- Installing: /home/rahul/ros2_ws/install/amr_interfaces/include/amr_interfaces/amr_interfaces
-- Installing: /home/rahul/ros2_ws/install/amr_interfaces/include/amr_interfaces/amr_interfaces/msg
-- Installing: /home/rahul/ros2_ws/install/amr_interfaces/include/amr_interfaces/amr_interfaces/msg/order.h
-- Installing: /home/rahul/ros2_ws/install/amr_interfaces/include/amr_interfaces/amr_interfaces/msg/rosidl_generator_c__visibility_control.h
-- Installing: /home/rahul/ros2_ws/install/amr_interfaces/include/amr_interfaces/amr_interfaces/msg/detail
-- Installing: /home/rahul/ros2_ws/install/amr_interfaces/include/amr_interfaces/amr_interfaces/msg/detail/order__struct.h
-- Installing: /home/rahul/ros2_ws/install/amr_interfaces/include/amr_interfaces/amr_interfaces/msg/detail/order__functions.c
-- Installing: /home/rahul/ros2_ws/install/amr_interfaces/include/amr_interfaces/amr_interfaces/msg/detail/order__type_support.h
-- Installing: /home/rahul/ros2_ws/install/amr_interfaces/include/amr_interfaces/amr_interfaces/msg/detail/order__functions.h
-- Installing: /home/rahul/ros2_ws/install/amr_interfaces/share/amr_interfaces/environment/library_path.sh
-- Installing: /home/rahul/ros2_ws/install/amr_interfaces/share/amr_interfaces/environment/library_path.dsv
-- Installing: /home/rahul/ros2_ws/install/amr_interfaces/lib/libamr_interfaces__rosidl_generator_c.so
-- Set runtime path of "/home/rahul/ros2_ws/install/amr_interfaces/lib/libamr_interfaces__rosidl_generator_c.so" to ""
-- Up-to-date: /home/rahul/ros2_ws/install/amr_interfaces/include/amr_interfaces/amr_interfaces
-- Up-to-date: /home/rahul/ros2_ws/install/amr_interfaces/include/amr_interfaces/amr_interfaces/msg
-- Installing: /home/rahul/ros2_ws/install/amr_interfaces/include/amr_interfaces/amr_interfaces/msg/rosidl_typesupport_fastrtps_c__visibility_control.h
-- Up-to-date: /home/rahul/ros2_ws/install/amr_interfaces/include/amr_interfaces/amr_interfaces/msg/detail
-- Installing: /home/rahul/ros2_ws/install/amr_interfaces/include/amr_interfaces/amr_interfaces/msg/detail/order__rosidl_typesupport_fastrtps_c.h
-- Installing: /home/rahul/ros2_ws/install/amr_interfaces/lib/libamr_interfaces__rosidl_typesupport_fastrtps_c.so
-- Set runtime path of "/home/rahul/ros2_ws/install/amr_interfaces/lib/libamr_interfaces__rosidl_typesupport_fastrtps_c.so" to ""
-- Up-to-date: /home/rahul/ros2_ws/install/amr_interfaces/include/amr_interfaces/amr_interfaces
-- Up-to-date: /home/rahul/ros2_ws/install/amr_interfaces/include/amr_interfaces/amr_interfaces/msg
-- Installing: /home/rahul/ros2_ws/install/amr_interfaces/include/amr_interfaces/amr_interfaces/msg/rosidl_typesupport_introspection_c__visibility_control.h
-- Up-to-date: /home/rahul/ros2_ws/install/amr_interfaces/include/amr_interfaces/amr_interfaces/msg/detail
-- Installing: /home/rahul/ros2_ws/install/amr_interfaces/include/amr_interfaces/amr_interfaces/msg/detail/order__rosidl_typesupport_introspection_c.h
-- Installing: /home/rahul/ros2_ws/install/amr_interfaces/include/amr_interfaces/amr_interfaces/msg/detail/order__type_support.c
-- Installing: /home/rahul/ros2_ws/install/amr_interfaces/lib/libamr_interfaces__rosidl_typesupport_introspection_c.so
-- Set runtime path of "/home/rahul/ros2_ws/install/amr_interfaces/lib/libamr_interfaces__rosidl_typesupport_introspection_c.so" to ""
-- Installing: /home/rahul/ros2_ws/install/amr_interfaces/lib/libamr_interfaces__rosidl_typesupport_c.so
-- Set runtime path of "/home/rahul/ros2_ws/install/amr_interfaces/lib/libamr_interfaces__rosidl_typesupport_c.so" to ""
-- Up-to-date: /home/rahul/ros2_ws/install/amr_interfaces/include/amr_interfaces/amr_interfaces
-- Up-to-date: /home/rahul/ros2_ws/install/amr_interfaces/include/amr_interfaces/amr_interfaces/msg
-- Up-to-date: /home/rahul/ros2_ws/install/amr_interfaces/include/amr_interfaces/amr_interfaces/msg/detail
-- Installing: /home/rahul/ros2_ws/install/amr_interfaces/include/amr_interfaces/amr_interfaces/msg/detail/order__builder.hpp
-- Installing: /home/rahul/ros2_ws/install/amr_interfaces/include/amr_interfaces/amr_interfaces/msg/detail/order__traits.hpp
-- Installing: /home/rahul/ros2_ws/install/amr_interfaces/include/amr_interfaces/amr_interfaces/msg/detail/order__struct.hpp
-- Installing: /home/rahul/ros2_ws/install/amr_interfaces/include/amr_interfaces/amr_interfaces/msg/order.hpp
-- Up-to-date: /home/rahul/ros2_ws/install/amr_interfaces/include/amr_interfaces/amr_interfaces
-- Up-to-date: /home/rahul/ros2_ws/install/amr_interfaces/include/amr_interfaces/amr_interfaces/msg
-- Up-to-date: /home/rahul/ros2_ws/install/amr_interfaces/include/amr_interfaces/amr_interfaces/msg/detail
-- Installing: /home/rahul/ros2_ws/install/amr_interfaces/include/amr_interfaces/amr_interfaces/msg/detail/dds_fastrtps
-- Installing: /home/rahul/ros2_ws/install/amr_interfaces/include/amr_interfaces/amr_interfaces/msg/detail/order__rosidl_typesupport_fastrtps_cpp.hpp
-- Installing: /home/rahul/ros2_ws/install/amr_interfaces/include/amr_interfaces/amr_interfaces/msg/rosidl_typesupport_fastrtps_cpp__visibility_control.h
-- Installing: /home/rahul/ros2_ws/install/amr_interfaces/lib/libamr_interfaces__rosidl_typesupport_fastrtps_cpp.so
-- Set runtime path of "/home/rahul/ros2_ws/install/amr_interfaces/lib/libamr_interfaces__rosidl_typesupport_fastrtps_cpp.so" to ""
-- Up-to-date: /home/rahul/ros2_ws/install/amr_interfaces/include/amr_interfaces/amr_interfaces
-- Up-to-date: /home/rahul/ros2_ws/install/amr_interfaces/include/amr_interfaces/amr_interfaces/msg
-- Up-to-date: /home/rahul/ros2_ws/install/amr_interfaces/include/amr_interfaces/amr_interfaces/msg/detail
-- Installing: /home/rahul/ros2_ws/install/amr_interfaces/include/amr_interfaces/amr_interfaces/msg/detail/order__rosidl_typesupport_introspection_cpp.hpp
-- Installing: /home/rahul/ros2_ws/install/amr_interfaces/include/amr_interfaces/amr_interfaces/msg/detail/order__type_support.cpp
-- Installing: /home/rahul/ros2_ws/install/amr_interfaces/lib/libamr_interfaces__rosidl_typesupport_introspection_cpp.so
-- Set runtime path of "/home/rahul/ros2_ws/install/amr_interfaces/lib/libamr_interfaces__rosidl_typesupport_introspection_cpp.so" to ""
-- Installing: /home/rahul/ros2_ws/install/amr_interfaces/lib/libamr_interfaces__rosidl_typesupport_cpp.so
-- Set runtime path of "/home/rahul/ros2_ws/install/amr_interfaces/lib/libamr_interfaces__rosidl_typesupport_cpp.so" to ""
-- Installing: /home/rahul/ros2_ws/install/amr_interfaces/share/amr_interfaces/environment/pythonpath.sh
-- Installing: /home/rahul/ros2_ws/install/amr_interfaces/share/amr_interfaces/environment/pythonpath.dsv
-- Installing: /home/rahul/ros2_ws/install/amr_interfaces/local/lib/python3.10/dist-packages/amr_interfaces-0.0.0-py3.10.egg-info
-- Installing: /home/rahul/ros2_ws/install/amr_interfaces/local/lib/python3.10/dist-packages/amr_interfaces-0.0.0-py3.10.egg-info/top_level.txt
-- Installing: /home/rahul/ros2_ws/install/amr_interfaces/local/lib/python3.10/dist-packages/amr_interfaces-0.0.0-py3.10.egg-info/SOURCES.txt
-- Installing: /home/rahul/ros2_ws/install/amr_interfaces/local/lib/python3.10/dist-packages/amr_interfaces-0.0.0-py3.10.egg-info/PKG-INFO
-- Installing: /home/rahul/ros2_ws/install/amr_interfaces/local/lib/python3.10/dist-packages/amr_interfaces-0.0.0-py3.10.egg-info/dependency_links.txt
-- Installing: /home/rahul/ros2_ws/install/amr_interfaces/local/lib/python3.10/dist-packages/amr_interfaces
-- Installing: /home/rahul/ros2_ws/install/amr_interfaces/local/lib/python3.10/dist-packages/amr_interfaces/amr_interfaces_s__rosidl_typesupport_c.cpython-310-x86_64-linux-gnu.so
-- Installing: /home/rahul/ros2_ws/install/amr_interfaces/local/lib/python3.10/dist-packages/amr_interfaces/_amr_interfaces_s.ep.rosidl_typesupport_c.c
-- Installing: /home/rahul/ros2_ws/install/amr_interfaces/local/lib/python3.10/dist-packages/amr_interfaces/amr_interfaces_s__rosidl_typesupport_introspection_c.cpython-310-x86_64-linux-gnu.so
-- Installing: /home/rahul/ros2_ws/install/amr_interfaces/local/lib/python3.10/dist-packages/amr_interfaces/amr_interfaces_s__rosidl_typesupport_fastrtps_c.cpython-310-x86_64-linux-gnu.so
-- Installing: /home/rahul/ros2_ws/install/amr_interfaces/local/lib/python3.10/dist-packages/amr_interfaces/libamr_interfaces__rosidl_generator_py.so
-- Installing: /home/rahul/ros2_ws/install/amr_interfaces/local/lib/python3.10/dist-packages/amr_interfaces/_amr_interfaces_s.ep.rosidl_typesupport_introspection_c.c
-- Installing: /home/rahul/ros2_ws/install/amr_interfaces/local/lib/python3.10/dist-packages/amr_interfaces/__init__.py
-- Installing: /home/rahul/ros2_ws/install/amr_interfaces/local/lib/python3.10/dist-packages/amr_interfaces/_amr_interfaces_s.ep.rosidl_typesupport_fastrtps_c.c
-- Installing: /home/rahul/ros2_ws/install/amr_interfaces/local/lib/python3.10/dist-packages/amr_interfaces/msg
-- Installing: /home/rahul/ros2_ws/install/amr_interfaces/local/lib/python3.10/dist-packages/amr_interfaces/msg/_order_s.c
-- Installing: /home/rahul/ros2_ws/install/amr_interfaces/local/lib/python3.10/dist-packages/amr_interfaces/msg/_order.py
-- Installing: /home/rahul/ros2_ws/install/amr_interfaces/local/lib/python3.10/dist-packages/amr_interfaces/msg/__init__.py
Listing '/home/rahul/ros2_ws/install/amr_interfaces/local/lib/python3.10/dist-packages/amr_interfaces'...
Compiling '/home/rahul/ros2_ws/install/amr_interfaces/local/lib/python3.10/dist-packages/amr_interfaces/__init__.py'...
Listing '/home/rahul/ros2_ws/install/amr_interfaces/local/lib/python3.10/dist-packages/amr_interfaces/msg'...
Compiling '/home/rahul/ros2_ws/install/amr_interfaces/local/lib/python3.10/dist-packages/amr_interfaces/msg/__init__.py'...
Compiling '/home/rahul/ros2_ws/install/amr_interfaces/local/lib/python3.10/dist-packages/amr_interfaces/msg/_order.py'...
-- Installing: /home/rahul/ros2_ws/install/amr_interfaces/local/lib/python3.10/dist-packages/amr_interfaces/amr_interfaces_s__rosidl_typesupport_fastrtps_c.cpython-310-x86_64-linux-gnu.so
-- Set runtime path of "/home/rahul/ros2_ws/install/amr_interfaces/local/lib/python3.10/dist-packages/amr_interfaces/amr_interfaces_s__rosidl_typesupport_fastrtps_c.cpython-310-x86_64-linux-gnu.so" to ""
-- Installing: /home/rahul/ros2_ws/install/amr_interfaces/local/lib/python3.10/dist-packages/amr_interfaces/amr_interfaces_s__rosidl_typesupport_introspection_c.cpython-310-x86_64-linux-gnu.so
-- Set runtime path of "/home/rahul/ros2_ws/install/amr_interfaces/local/lib/python3.10/dist-packages/amr_interfaces/amr_interfaces_s__rosidl_typesupport_introspection_c.cpython-310-x86_64-linux-gnu.so" to ""
-- Installing: /home/rahul/ros2_ws/install/amr_interfaces/local/lib/python3.10/dist-packages/amr_interfaces/amr_interfaces_s__rosidl_typesupport_c.cpython-310-x86_64-linux-gnu.so
-- Set runtime path of "/home/rahul/ros2_ws/install/amr_interfaces/local/lib/python3.10/dist-packages/amr_interfaces/amr_interfaces_s__rosidl_typesupport_c.cpython-310-x86_64-linux-gnu.so" to ""
-- Installing: /home/rahul/ros2_ws/install/amr_interfaces/lib/libamr_interfaces__rosidl_generator_py.so
-- Set runtime path of "/home/rahul/ros2_ws/install/amr_interfaces/lib/libamr_interfaces__rosidl_generator_py.so" to ""
-- Installing: /home/rahul/ros2_ws/install/amr_interfaces/share/amr_interfaces/msg/Order.idl
-- Installing: /home/rahul/ros2_ws/install/amr_interfaces/share/amr_interfaces/msg/Order.msg
-- Installing: /home/rahul/ros2_ws/install/amr_interfaces/share/ament_index/resource_index/package_run_dependencies/amr_interfaces
-- Installing: /home/rahul/ros2_ws/install/amr_interfaces/share/ament_index/resource_index/parent_prefix_path/amr_interfaces
-- Installing: /home/rahul/ros2_ws/install/amr_interfaces/share/amr_interfaces/environment/ament_prefix_path.sh
-- Installing: /home/rahul/ros2_ws/install/amr_interfaces/share/amr_interfaces/environment/ament_prefix_path.dsv
-- Installing: /home/rahul/ros2_ws/install/amr_interfaces/share/amr_interfaces/environment/path.sh
-- Installing: /home/rahul/ros2_ws/install/amr_interfaces/share/amr_interfaces/environment/path.dsv
-- Installing: /home/rahul/ros2_ws/install/amr_interfaces/share/amr_interfaces/local_setup.bash
-- Installing: /home/rahul/ros2_ws/install/amr_interfaces/share/amr_interfaces/local_setup.sh
-- Installing: /home/rahul/ros2_ws/install/amr_interfaces/share/amr_interfaces/local_setup.zsh
-- Installing: /home/rahul/ros2_ws/install/amr_interfaces/share/amr_interfaces/local_setup.dsv
-- Installing: /home/rahul/ros2_ws/install/amr_interfaces/share/amr_interfaces/package.dsv
-- Installing: /home/rahul/ros2_ws/install/amr_interfaces/share/ament_index/resource_index/packages/amr_interfaces
-- Installing: /home/rahul/ros2_ws/install/amr_interfaces/share/amr_interfaces/cmake/export_amr_interfaces__rosidl_generator_cExport.cmake
-- Installing: /home/rahul/ros2_ws/install/amr_interfaces/share/amr_interfaces/cmake/export_amr_interfaces__rosidl_generator_cExport-noconfig.cmake
-- Installing: /home/rahul/ros2_ws/install/amr_interfaces/share/amr_interfaces/cmake/export_amr_interfaces__rosidl_typesupport_fastrtps_cExport.cmake
-- Installing: /home/rahul/ros2_ws/install/amr_interfaces/share/amr_interfaces/cmake/export_amr_interfaces__rosidl_typesupport_fastrtps_cExport-noconfig.cmake
-- Installing: /home/rahul/ros2_ws/install/amr_interfaces/share/amr_interfaces/cmake/amr_interfaces__rosidl_typesupport_introspection_cExport.cmake
-- Installing: /home/rahul/ros2_ws/install/amr_interfaces/share/amr_interfaces/cmake/amr_interfaces__rosidl_typesupport_introspection_cExport-noconfig.cmake
-- Installing: /home/rahul/ros2_ws/install/amr_interfaces/share/amr_interfaces/cmake/amr_interfaces__rosidl_typesupport_cExport.cmake
-- Installing: /home/rahul/ros2_ws/install/amr_interfaces/share/amr_interfaces/cmake/amr_interfaces__rosidl_typesupport_cExport-noconfig.cmake
-- Installing: /home/rahul/ros2_ws/install/amr_interfaces/share/amr_interfaces/cmake/export_amr_interfaces__rosidl_generator_cppExport.cmake
-- Installing: /home/rahul/ros2_ws/install/amr_interfaces/share/amr_interfaces/cmake/export_amr_interfaces__rosidl_typesupport_fastrtps_cppExport.cmake
-- Installing: /home/rahul/ros2_ws/install/amr_interfaces/share/amr_interfaces/cmake/export_amr_interfaces__rosidl_typesupport_fastrtps_cppExport-noconfig.cmake
-- Installing: /home/rahul/ros2_ws/install/amr_interfaces/share/amr_interfaces/cmake/amr_interfaces__rosidl_typesupport_introspection_cppExport.cmake
-- Installing: /home/rahul/ros2_ws/install/amr_interfaces/share/amr_interfaces/cmake/amr_interfaces__rosidl_typesupport_introspection_cppExport-noconfig.cmake
-- Installing: /home/rahul/ros2_ws/install/amr_interfaces/share/amr_interfaces/cmake/amr_interfaces__rosidl_typesupport_cppExport.cmake
-- Installing: /home/rahul/ros2_ws/install/amr_interfaces/share/amr_interfaces/cmake/amr_interfaces__rosidl_typesupport_cppExport-noconfig.cmake
-- Installing: /home/rahul/ros2_ws/install/amr_interfaces/share/amr_interfaces/cmake/export_amr_interfaces__rosidl_generator_pyExport.cmake
-- Installing: /home/rahul/ros2_ws/install/amr_interfaces/share/amr_interfaces/cmake/export_amr_interfaces__rosidl_generator_pyExport-noconfig.cmake
-- Installing: /home/rahul/ros2_ws/install/amr_interfaces/share/amr_interfaces/cmake/rosidl_cmake-extras.cmake
-- Installing: /home/rahul/ros2_ws/install/amr_interfaces/share/amr_interfaces/cmake/ament_cmake_export_include_directories-extras.cmake
-- Installing: /home/rahul/ros2_ws/install/amr_interfaces/share/amr_interfaces/cmake/ament_cmake_export_libraries-extras.cmake
-- Installing: /home/rahul/ros2_ws/install/amr_interfaces/share/amr_interfaces/cmake/ament_cmake_export_targets-extras.cmake
-- Installing: /home/rahul/ros2_ws/install/amr_interfaces/share/amr_interfaces/cmake/rosidl_cmake_export_typesupport_targets-extras.cmake
-- Installing: /home/rahul/ros2_ws/install/amr_interfaces/share/amr_interfaces/cmake/ament_cmake_export_dependencies-extras.cmake
-- Installing: /home/rahul/ros2_ws/install/amr_interfaces/share/amr_interfaces/cmake/rosidl_cmake_export_typesupport_libraries-extras.cmake
-- Installing: /home/rahul/ros2_ws/install/amr_interfaces/share/amr_interfaces/cmake/amr_interfacesConfig.cmake
-- Installing: /home/rahul/ros2_ws/install/amr_interfaces/share/amr_interfaces/cmake/amr_interfacesConfig-version.cmake
-- Installing: /home/rahul/ros2_ws/install/amr_interfaces/share/amr_interfaces/package.xml
