[0.469s] DEBUG:colcon:Command line arguments: ['/usr/bin/colcon', 'build']
[0.469s] DEBUG:colcon:Parsed command line arguments: Namespace(log_base=None, log_level=None, verb_name='build', build_base='build', install_base='install', merge_install=False, symlink_install=False, test_result_base=None, continue_on_error=False, executor='parallel', parallel_workers=2, event_handlers=None, ignore_user_meta=False, metas=['./colcon.meta'], base_paths=['.'], packages_ignore=None, packages_ignore_regex=None, paths=None, packages_up_to=None, packages_up_to_regex=None, packages_above=None, packages_above_and_dependencies=None, packages_above_depth=None, packages_select_by_dep=None, packages_skip_by_dep=None, packages_skip_up_to=None, packages_select_build_failed=False, packages_skip_build_finished=False, packages_select_test_failures=False, packages_skip_test_passed=False, packages_select=None, packages_skip=None, packages_select_regex=None, packages_skip_regex=None, packages_start=None, packages_end=None, allow_overriding=[], cmake_args=None, cmake_target=None, cmake_target_skip_unavailable=False, cmake_clean_cache=False, cmake_clean_first=False, cmake_force_configure=False, ament_cmake_args=None, catkin_cmake_args=None, catkin_skip_building_tests=False, mixin_files=None, mixin=None, verb_parser=<colcon_mixin.mixin.mixin_argument.MixinArgumentDecorator object at 0x73bea6736e60>, verb_extension=<colcon_core.verb.build.BuildVerb object at 0x73bea67367d0>, main=<bound method BuildVerb.main of <colcon_core.verb.build.BuildVerb object at 0x73bea67367d0>>, mixin_verb=('build',))
[1.082s] Level 1:colcon.colcon_core.package_discovery:discover_packages(colcon_meta) check parameters
[1.083s] Level 1:colcon.colcon_core.package_discovery:discover_packages(recursive) check parameters
[1.083s] Level 1:colcon.colcon_core.package_discovery:discover_packages(ignore) check parameters
[1.083s] Level 1:colcon.colcon_core.package_discovery:discover_packages(path) check parameters
[1.083s] Level 1:colcon.colcon_core.package_discovery:discover_packages(colcon_meta) discover
[1.083s] Level 1:colcon.colcon_core.package_discovery:discover_packages(recursive) discover
[1.083s] INFO:colcon.colcon_core.package_discovery:Crawling recursively for packages in '/home/sahil/AMR_Order_Pickup'
[1.083s] Level 1:colcon.colcon_core.package_identification:_identify(.) by extensions ['ignore', 'ignore_ament_install']
[1.083s] Level 1:colcon.colcon_core.package_identification:_identify(.) by extension 'ignore'
[1.083s] Level 1:colcon.colcon_core.package_identification:_identify(.) by extension 'ignore_ament_install'
[1.083s] Level 1:colcon.colcon_core.package_identification:_identify(.) by extensions ['colcon_pkg']
[1.083s] Level 1:colcon.colcon_core.package_identification:_identify(.) by extension 'colcon_pkg'
[1.083s] Level 1:colcon.colcon_core.package_identification:_identify(.) by extensions ['colcon_meta']
[1.083s] Level 1:colcon.colcon_core.package_identification:_identify(.) by extension 'colcon_meta'
[1.083s] Level 1:colcon.colcon_core.package_identification:_identify(.) by extensions ['ros']
[1.083s] Level 1:colcon.colcon_core.package_identification:_identify(.) by extension 'ros'
[1.099s] Level 1:colcon.colcon_core.package_identification:_identify(.) by extensions ['cmake', 'python']
[1.100s] Level 1:colcon.colcon_core.package_identification:_identify(.) by extension 'cmake'
[1.100s] Level 1:colcon.colcon_core.package_identification:_identify(.) by extension 'python'
[1.100s] Level 1:colcon.colcon_core.package_identification:_identify(.) by extensions ['python_setup_py']
[1.100s] Level 1:colcon.colcon_core.package_identification:_identify(.) by extension 'python_setup_py'
[1.100s] Level 1:colcon.colcon_core.package_identification:_identify(build) by extensions ['ignore', 'ignore_ament_install']
[1.100s] Level 1:colcon.colcon_core.package_identification:_identify(build) by extension 'ignore'
[1.100s] Level 1:colcon.colcon_core.package_identification:_identify(build) ignored
[1.100s] Level 1:colcon.colcon_core.package_identification:_identify(install) by extensions ['ignore', 'ignore_ament_install']
[1.101s] Level 1:colcon.colcon_core.package_identification:_identify(install) by extension 'ignore'
[1.101s] Level 1:colcon.colcon_core.package_identification:_identify(install) ignored
[1.101s] Level 1:colcon.colcon_core.package_identification:_identify(log) by extensions ['ignore', 'ignore_ament_install']
[1.101s] Level 1:colcon.colcon_core.package_identification:_identify(log) by extension 'ignore'
[1.101s] Level 1:colcon.colcon_core.package_identification:_identify(log) ignored
[1.102s] Level 1:colcon.colcon_core.package_identification:_identify(src) by extensions ['ignore', 'ignore_ament_install']
[1.102s] Level 1:colcon.colcon_core.package_identification:_identify(src) by extension 'ignore'
[1.102s] Level 1:colcon.colcon_core.package_identification:_identify(src) by extension 'ignore_ament_install'
[1.102s] Level 1:colcon.colcon_core.package_identification:_identify(src) by extensions ['colcon_pkg']
[1.102s] Level 1:colcon.colcon_core.package_identification:_identify(src) by extension 'colcon_pkg'
[1.102s] Level 1:colcon.colcon_core.package_identification:_identify(src) by extensions ['colcon_meta']
[1.102s] Level 1:colcon.colcon_core.package_identification:_identify(src) by extension 'colcon_meta'
[1.103s] Level 1:colcon.colcon_core.package_identification:_identify(src) by extensions ['ros']
[1.103s] Level 1:colcon.colcon_core.package_identification:_identify(src) by extension 'ros'
[1.103s] Level 1:colcon.colcon_core.package_identification:_identify(src) by extensions ['cmake', 'python']
[1.103s] Level 1:colcon.colcon_core.package_identification:_identify(src) by extension 'cmake'
[1.103s] Level 1:colcon.colcon_core.package_identification:_identify(src) by extension 'python'
[1.103s] Level 1:colcon.colcon_core.package_identification:_identify(src) by extensions ['python_setup_py']
[1.103s] Level 1:colcon.colcon_core.package_identification:_identify(src) by extension 'python_setup_py'
[1.104s] Level 1:colcon.colcon_core.package_identification:_identify(src/amr_pkg) by extensions ['ignore', 'ignore_ament_install']
[1.104s] Level 1:colcon.colcon_core.package_identification:_identify(src/amr_pkg) by extension 'ignore'
[1.104s] Level 1:colcon.colcon_core.package_identification:_identify(src/amr_pkg) by extension 'ignore_ament_install'
[1.104s] Level 1:colcon.colcon_core.package_identification:_identify(src/amr_pkg) by extensions ['colcon_pkg']
[1.104s] Level 1:colcon.colcon_core.package_identification:_identify(src/amr_pkg) by extension 'colcon_pkg'
[1.104s] Level 1:colcon.colcon_core.package_identification:_identify(src/amr_pkg) by extensions ['colcon_meta']
[1.104s] Level 1:colcon.colcon_core.package_identification:_identify(src/amr_pkg) by extension 'colcon_meta'
[1.104s] Level 1:colcon.colcon_core.package_identification:_identify(src/amr_pkg) by extensions ['ros']
[1.105s] Level 1:colcon.colcon_core.package_identification:_identify(src/amr_pkg) by extension 'ros'
[1.109s] DEBUG:colcon.colcon_core.package_identification:Package 'src/amr_pkg' with type 'ros.ament_cmake' and name 'amr_pkg'
[1.109s] Level 1:colcon.colcon_core.package_identification:_identify(src/interfaces) by extensions ['ignore', 'ignore_ament_install']
[1.109s] Level 1:colcon.colcon_core.package_identification:_identify(src/interfaces) by extension 'ignore'
[1.109s] Level 1:colcon.colcon_core.package_identification:_identify(src/interfaces) by extension 'ignore_ament_install'
[1.109s] Level 1:colcon.colcon_core.package_identification:_identify(src/interfaces) by extensions ['colcon_pkg']
[1.110s] Level 1:colcon.colcon_core.package_identification:_identify(src/interfaces) by extension 'colcon_pkg'
[1.110s] Level 1:colcon.colcon_core.package_identification:_identify(src/interfaces) by extensions ['colcon_meta']
[1.110s] Level 1:colcon.colcon_core.package_identification:_identify(src/interfaces) by extension 'colcon_meta'
[1.110s] Level 1:colcon.colcon_core.package_identification:_identify(src/interfaces) by extensions ['ros']
[1.110s] Level 1:colcon.colcon_core.package_identification:_identify(src/interfaces) by extension 'ros'
[1.110s] DEBUG:colcon.colcon_core.package_identification:Package 'src/interfaces' with type 'ros.ament_cmake' and name 'interfaces'
[1.111s] Level 1:colcon.colcon_core.package_discovery:discover_packages(recursive) using defaults
[1.111s] Level 1:colcon.colcon_core.package_discovery:discover_packages(ignore) discover
[1.111s] Level 1:colcon.colcon_core.package_discovery:discover_packages(ignore) using defaults
[1.111s] Level 1:colcon.colcon_core.package_discovery:discover_packages(path) discover
[1.111s] Level 1:colcon.colcon_core.package_discovery:discover_packages(path) using defaults
[1.151s] Level 1:colcon.colcon_core.package_discovery:discover_packages(prefix_path) check parameters
[1.151s] Level 1:colcon.colcon_core.package_discovery:discover_packages(prefix_path) discover
[1.157s] DEBUG:colcon.colcon_installed_package_information.package_discovery:Found 2 installed packages in /home/sahil/AMR_Order_Pickup/install
[1.159s] DEBUG:colcon.colcon_installed_package_information.package_discovery:Found 294 installed packages in /opt/ros/humble
[1.160s] Level 1:colcon.colcon_core.package_discovery:discover_packages(prefix_path) using defaults
[1.190s] Level 5:colcon.colcon_core.verb:set package 'interfaces' build argument 'cmake_args' from command line to 'None'
[1.190s] Level 5:colcon.colcon_core.verb:set package 'interfaces' build argument 'cmake_target' from command line to 'None'
[1.190s] Level 5:colcon.colcon_core.verb:set package 'interfaces' build argument 'cmake_target_skip_unavailable' from command line to 'False'
[1.190s] Level 5:colcon.colcon_core.verb:set package 'interfaces' build argument 'cmake_clean_cache' from command line to 'False'
[1.190s] Level 5:colcon.colcon_core.verb:set package 'interfaces' build argument 'cmake_clean_first' from command line to 'False'
[1.190s] Level 5:colcon.colcon_core.verb:set package 'interfaces' build argument 'cmake_force_configure' from command line to 'False'
[1.190s] Level 5:colcon.colcon_core.verb:set package 'interfaces' build argument 'ament_cmake_args' from command line to 'None'
[1.191s] Level 5:colcon.colcon_core.verb:set package 'interfaces' build argument 'catkin_cmake_args' from command line to 'None'
[1.191s] Level 5:colcon.colcon_core.verb:set package 'interfaces' build argument 'catkin_skip_building_tests' from command line to 'False'
[1.191s] DEBUG:colcon.colcon_core.verb:Building package 'interfaces' with the following arguments: {'ament_cmake_args': None, 'build_base': '/home/sahil/AMR_Order_Pickup/build/interfaces', 'catkin_cmake_args': None, 'catkin_skip_building_tests': False, 'cmake_args': None, 'cmake_clean_cache': False, 'cmake_clean_first': False, 'cmake_force_configure': False, 'cmake_target': None, 'cmake_target_skip_unavailable': False, 'install_base': '/home/sahil/AMR_Order_Pickup/install/interfaces', 'merge_install': False, 'path': '/home/sahil/AMR_Order_Pickup/src/interfaces', 'symlink_install': False, 'test_result_base': None}
[1.191s] Level 5:colcon.colcon_core.verb:set package 'amr_pkg' build argument 'cmake_args' from command line to 'None'
[1.191s] Level 5:colcon.colcon_core.verb:set package 'amr_pkg' build argument 'cmake_target' from command line to 'None'
[1.191s] Level 5:colcon.colcon_core.verb:set package 'amr_pkg' build argument 'cmake_target_skip_unavailable' from command line to 'False'
[1.191s] Level 5:colcon.colcon_core.verb:set package 'amr_pkg' build argument 'cmake_clean_cache' from command line to 'False'
[1.191s] Level 5:colcon.colcon_core.verb:set package 'amr_pkg' build argument 'cmake_clean_first' from command line to 'False'
[1.191s] Level 5:colcon.colcon_core.verb:set package 'amr_pkg' build argument 'cmake_force_configure' from command line to 'False'
[1.191s] Level 5:colcon.colcon_core.verb:set package 'amr_pkg' build argument 'ament_cmake_args' from command line to 'None'
[1.191s] Level 5:colcon.colcon_core.verb:set package 'amr_pkg' build argument 'catkin_cmake_args' from command line to 'None'
[1.191s] Level 5:colcon.colcon_core.verb:set package 'amr_pkg' build argument 'catkin_skip_building_tests' from command line to 'False'
[1.191s] DEBUG:colcon.colcon_core.verb:Building package 'amr_pkg' with the following arguments: {'ament_cmake_args': None, 'build_base': '/home/sahil/AMR_Order_Pickup/build/amr_pkg', 'catkin_cmake_args': None, 'catkin_skip_building_tests': False, 'cmake_args': None, 'cmake_clean_cache': False, 'cmake_clean_first': False, 'cmake_force_configure': False, 'cmake_target': None, 'cmake_target_skip_unavailable': False, 'install_base': '/home/sahil/AMR_Order_Pickup/install/amr_pkg', 'merge_install': False, 'path': '/home/sahil/AMR_Order_Pickup/src/amr_pkg', 'symlink_install': False, 'test_result_base': None}
[1.191s] INFO:colcon.colcon_core.executor:Executing jobs using 'parallel' executor
[1.192s] DEBUG:colcon.colcon_parallel_executor.executor.parallel:run_until_complete
[1.192s] INFO:colcon.colcon_ros.task.ament_cmake.build:Building ROS package in '/home/sahil/AMR_Order_Pickup/src/interfaces' with build type 'ament_cmake'
[1.192s] INFO:colcon.colcon_cmake.task.cmake.build:Building CMake package in '/home/sahil/AMR_Order_Pickup/src/interfaces'
[1.205s] INFO:colcon.colcon_core.plugin_system:Skipping extension 'colcon_core.shell.bat': Not used on non-Windows systems
[1.205s] INFO:colcon.colcon_core.shell:Skip shell extension 'powershell' for command environment: Not usable outside of PowerShell
[1.205s] DEBUG:colcon.colcon_core.shell:Skip shell extension 'dsv' for command environment
[1.221s] DEBUG:colcon.colcon_core.event_handler.log_command:Invoking command in '/home/sahil/AMR_Order_Pickup/build/interfaces': CMAKE_PREFIX_PATH=${CMAKE_PREFIX_PATH}:/opt/ros/humble /usr/bin/cmake --build /home/sahil/AMR_Order_Pickup/build/interfaces -- -j2 -l2
[1.879s] DEBUG:colcon.colcon_core.event_handler.log_command:Invoked command in '/home/sahil/AMR_Order_Pickup/build/interfaces' returned '0': CMAKE_PREFIX_PATH=${CMAKE_PREFIX_PATH}:/opt/ros/humble /usr/bin/cmake --build /home/sahil/AMR_Order_Pickup/build/interfaces -- -j2 -l2
[2.001s] DEBUG:colcon.colcon_core.event_handler.log_command:Invoking command in '/home/sahil/AMR_Order_Pickup/build/interfaces': CMAKE_PREFIX_PATH=${CMAKE_PREFIX_PATH}:/opt/ros/humble /usr/bin/cmake --install /home/sahil/AMR_Order_Pickup/build/interfaces
[2.064s] Level 1:colcon.colcon_core.environment:create_environment_scripts_only(interfaces)
[2.065s] DEBUG:colcon.colcon_core.event_handler.log_command:Invoked command in '/home/sahil/AMR_Order_Pickup/build/interfaces' returned '0': CMAKE_PREFIX_PATH=${CMAKE_PREFIX_PATH}:/opt/ros/humble /usr/bin/cmake --install /home/sahil/AMR_Order_Pickup/build/interfaces
[2.079s] Level 1:colcon.colcon_core.environment:checking '/home/sahil/AMR_Order_Pickup/install/interfaces' for CMake module files
[2.079s] Level 1:colcon.colcon_core.environment:checking '/home/sahil/AMR_Order_Pickup/install/interfaces' for CMake config files
[2.080s] Level 1:colcon.colcon_core.shell:create_environment_hook('interfaces', 'cmake_prefix_path')
[2.080s] INFO:colcon.colcon_core.shell:Creating environment hook '/home/sahil/AMR_Order_Pickup/install/interfaces/share/interfaces/hook/cmake_prefix_path.ps1'
[2.083s] INFO:colcon.colcon_core.shell:Creating environment descriptor '/home/sahil/AMR_Order_Pickup/install/interfaces/share/interfaces/hook/cmake_prefix_path.dsv'
[2.084s] INFO:colcon.colcon_core.shell:Creating environment hook '/home/sahil/AMR_Order_Pickup/install/interfaces/share/interfaces/hook/cmake_prefix_path.sh'
[2.086s] Level 1:colcon.colcon_core.environment:checking '/home/sahil/AMR_Order_Pickup/install/interfaces/lib'
[2.086s] Level 1:colcon.colcon_core.shell:create_environment_hook('interfaces', 'ld_library_path_lib')
[2.087s] INFO:colcon.colcon_core.shell:Creating environment hook '/home/sahil/AMR_Order_Pickup/install/interfaces/share/interfaces/hook/ld_library_path_lib.ps1'
[2.087s] INFO:colcon.colcon_core.shell:Creating environment descriptor '/home/sahil/AMR_Order_Pickup/install/interfaces/share/interfaces/hook/ld_library_path_lib.dsv'
[2.087s] INFO:colcon.colcon_core.shell:Creating environment hook '/home/sahil/AMR_Order_Pickup/install/interfaces/share/interfaces/hook/ld_library_path_lib.sh'
[2.088s] Level 1:colcon.colcon_core.environment:checking '/home/sahil/AMR_Order_Pickup/install/interfaces/bin'
[2.088s] Level 1:colcon.colcon_core.environment:checking '/home/sahil/AMR_Order_Pickup/install/interfaces/lib/pkgconfig/interfaces.pc'
[2.088s] Level 1:colcon.colcon_core.environment:checking '/home/sahil/AMR_Order_Pickup/install/interfaces/lib/python3.10/site-packages'
[2.088s] Level 1:colcon.colcon_core.environment:checking '/home/sahil/AMR_Order_Pickup/install/interfaces/bin'
[2.089s] INFO:colcon.colcon_core.shell:Creating package script '/home/sahil/AMR_Order_Pickup/install/interfaces/share/interfaces/package.ps1'
[2.090s] INFO:colcon.colcon_core.shell:Creating package descriptor '/home/sahil/AMR_Order_Pickup/install/interfaces/share/interfaces/package.dsv'
[2.092s] INFO:colcon.colcon_core.shell:Creating package script '/home/sahil/AMR_Order_Pickup/install/interfaces/share/interfaces/package.sh'
[2.093s] INFO:colcon.colcon_core.shell:Creating package script '/home/sahil/AMR_Order_Pickup/install/interfaces/share/interfaces/package.bash'
[2.096s] INFO:colcon.colcon_core.shell:Creating package script '/home/sahil/AMR_Order_Pickup/install/interfaces/share/interfaces/package.zsh'
[2.098s] Level 1:colcon.colcon_core.environment:create_file_with_runtime_dependencies(/home/sahil/AMR_Order_Pickup/install/interfaces/share/colcon-core/packages/interfaces)
[2.220s] Level 1:colcon.colcon_core.environment:create_environment_scripts_only(interfaces)
[2.220s] Level 1:colcon.colcon_core.environment:checking '/home/sahil/AMR_Order_Pickup/install/interfaces' for CMake module files
[2.220s] Level 1:colcon.colcon_core.environment:checking '/home/sahil/AMR_Order_Pickup/install/interfaces' for CMake config files
[2.221s] Level 1:colcon.colcon_core.shell:create_environment_hook('interfaces', 'cmake_prefix_path')
[2.221s] INFO:colcon.colcon_core.shell:Creating environment hook '/home/sahil/AMR_Order_Pickup/install/interfaces/share/interfaces/hook/cmake_prefix_path.ps1'
[2.223s] INFO:colcon.colcon_core.shell:Creating environment descriptor '/home/sahil/AMR_Order_Pickup/install/interfaces/share/interfaces/hook/cmake_prefix_path.dsv'
[2.224s] INFO:colcon.colcon_core.shell:Creating environment hook '/home/sahil/AMR_Order_Pickup/install/interfaces/share/interfaces/hook/cmake_prefix_path.sh'
[2.224s] Level 1:colcon.colcon_core.environment:checking '/home/sahil/AMR_Order_Pickup/install/interfaces/lib'
[2.224s] Level 1:colcon.colcon_core.shell:create_environment_hook('interfaces', 'ld_library_path_lib')
[2.224s] INFO:colcon.colcon_core.shell:Creating environment hook '/home/sahil/AMR_Order_Pickup/install/interfaces/share/interfaces/hook/ld_library_path_lib.ps1'
[2.225s] INFO:colcon.colcon_core.shell:Creating environment descriptor '/home/sahil/AMR_Order_Pickup/install/interfaces/share/interfaces/hook/ld_library_path_lib.dsv'
[2.225s] INFO:colcon.colcon_core.shell:Creating environment hook '/home/sahil/AMR_Order_Pickup/install/interfaces/share/interfaces/hook/ld_library_path_lib.sh'
[2.226s] Level 1:colcon.colcon_core.environment:checking '/home/sahil/AMR_Order_Pickup/install/interfaces/bin'
[2.226s] Level 1:colcon.colcon_core.environment:checking '/home/sahil/AMR_Order_Pickup/install/interfaces/lib/pkgconfig/interfaces.pc'
[2.226s] Level 1:colcon.colcon_core.environment:checking '/home/sahil/AMR_Order_Pickup/install/interfaces/lib/python3.10/site-packages'
[2.226s] Level 1:colcon.colcon_core.environment:checking '/home/sahil/AMR_Order_Pickup/install/interfaces/bin'
[2.226s] INFO:colcon.colcon_core.shell:Creating package script '/home/sahil/AMR_Order_Pickup/install/interfaces/share/interfaces/package.ps1'
[2.227s] INFO:colcon.colcon_core.shell:Creating package descriptor '/home/sahil/AMR_Order_Pickup/install/interfaces/share/interfaces/package.dsv'
[2.228s] INFO:colcon.colcon_core.shell:Creating package script '/home/sahil/AMR_Order_Pickup/install/interfaces/share/interfaces/package.sh'
[2.228s] INFO:colcon.colcon_core.shell:Creating package script '/home/sahil/AMR_Order_Pickup/install/interfaces/share/interfaces/package.bash'
[2.228s] INFO:colcon.colcon_core.shell:Creating package script '/home/sahil/AMR_Order_Pickup/install/interfaces/share/interfaces/package.zsh'
[2.229s] Level 1:colcon.colcon_core.environment:create_file_with_runtime_dependencies(/home/sahil/AMR_Order_Pickup/install/interfaces/share/colcon-core/packages/interfaces)
[2.230s] INFO:colcon.colcon_ros.task.ament_cmake.build:Building ROS package in '/home/sahil/AMR_Order_Pickup/src/amr_pkg' with build type 'ament_cmake'
[2.230s] INFO:colcon.colcon_cmake.task.cmake.build:Building CMake package in '/home/sahil/AMR_Order_Pickup/src/amr_pkg'
[2.230s] INFO:colcon.colcon_core.shell:Skip shell extension 'powershell' for command environment: Not usable outside of PowerShell
[2.230s] DEBUG:colcon.colcon_core.shell:Skip shell extension 'dsv' for command environment
[2.246s] DEBUG:colcon.colcon_core.event_handler.log_command:Invoking command in '/home/sahil/AMR_Order_Pickup/build/amr_pkg': CMAKE_PREFIX_PATH=/home/sahil/AMR_Order_Pickup/install/interfaces:/home/sahil/AMR_Order_Pickup/install/amr_pkg:/opt/ros/humble /usr/bin/cmake --build /home/sahil/AMR_Order_Pickup/build/amr_pkg -- -j2 -l2
[14.410s] DEBUG:colcon.colcon_core.event_handler.log_command:Invoked command in '/home/sahil/AMR_Order_Pickup/build/amr_pkg' returned '0': CMAKE_PREFIX_PATH=/home/sahil/AMR_Order_Pickup/install/interfaces:/home/sahil/AMR_Order_Pickup/install/amr_pkg:/opt/ros/humble /usr/bin/cmake --build /home/sahil/AMR_Order_Pickup/build/amr_pkg -- -j2 -l2
[14.452s] DEBUG:colcon.colcon_core.event_handler.log_command:Invoking command in '/home/sahil/AMR_Order_Pickup/build/amr_pkg': CMAKE_PREFIX_PATH=/home/sahil/AMR_Order_Pickup/install/interfaces:/home/sahil/AMR_Order_Pickup/install/amr_pkg:/opt/ros/humble /usr/bin/cmake --install /home/sahil/AMR_Order_Pickup/build/amr_pkg
[14.481s] Level 1:colcon.colcon_core.environment:create_environment_scripts_only(amr_pkg)
[14.481s] Level 1:colcon.colcon_core.environment:checking '/home/sahil/AMR_Order_Pickup/install/amr_pkg' for CMake module files
[14.482s] DEBUG:colcon.colcon_core.event_handler.log_command:Invoked command in '/home/sahil/AMR_Order_Pickup/build/amr_pkg' returned '0': CMAKE_PREFIX_PATH=/home/sahil/AMR_Order_Pickup/install/interfaces:/home/sahil/AMR_Order_Pickup/install/amr_pkg:/opt/ros/humble /usr/bin/cmake --install /home/sahil/AMR_Order_Pickup/build/amr_pkg
[14.482s] Level 1:colcon.colcon_core.environment:checking '/home/sahil/AMR_Order_Pickup/install/amr_pkg' for CMake config files
[14.483s] Level 1:colcon.colcon_core.shell:create_environment_hook('amr_pkg', 'cmake_prefix_path')
[14.483s] INFO:colcon.colcon_core.shell:Creating environment hook '/home/sahil/AMR_Order_Pickup/install/amr_pkg/share/amr_pkg/hook/cmake_prefix_path.ps1'
[14.483s] INFO:colcon.colcon_core.shell:Creating environment descriptor '/home/sahil/AMR_Order_Pickup/install/amr_pkg/share/amr_pkg/hook/cmake_prefix_path.dsv'
[14.484s] INFO:colcon.colcon_core.shell:Creating environment hook '/home/sahil/AMR_Order_Pickup/install/amr_pkg/share/amr_pkg/hook/cmake_prefix_path.sh'
[14.484s] Level 1:colcon.colcon_core.environment:checking '/home/sahil/AMR_Order_Pickup/install/amr_pkg/lib'
[14.484s] Level 1:colcon.colcon_core.environment:checking '/home/sahil/AMR_Order_Pickup/install/amr_pkg/bin'
[14.484s] Level 1:colcon.colcon_core.environment:checking '/home/sahil/AMR_Order_Pickup/install/amr_pkg/lib/pkgconfig/amr_pkg.pc'
[14.485s] Level 1:colcon.colcon_core.environment:checking '/home/sahil/AMR_Order_Pickup/install/amr_pkg/lib/python3.10/site-packages'
[14.485s] Level 1:colcon.colcon_core.environment:checking '/home/sahil/AMR_Order_Pickup/install/amr_pkg/bin'
[14.485s] INFO:colcon.colcon_core.shell:Creating package script '/home/sahil/AMR_Order_Pickup/install/amr_pkg/share/amr_pkg/package.ps1'
[14.485s] INFO:colcon.colcon_core.shell:Creating package descriptor '/home/sahil/AMR_Order_Pickup/install/amr_pkg/share/amr_pkg/package.dsv'
[14.486s] INFO:colcon.colcon_core.shell:Creating package script '/home/sahil/AMR_Order_Pickup/install/amr_pkg/share/amr_pkg/package.sh'
[14.486s] INFO:colcon.colcon_core.shell:Creating package script '/home/sahil/AMR_Order_Pickup/install/amr_pkg/share/amr_pkg/package.bash'
[14.487s] INFO:colcon.colcon_core.shell:Creating package script '/home/sahil/AMR_Order_Pickup/install/amr_pkg/share/amr_pkg/package.zsh'
[14.487s] Level 1:colcon.colcon_core.environment:create_file_with_runtime_dependencies(/home/sahil/AMR_Order_Pickup/install/amr_pkg/share/colcon-core/packages/amr_pkg)
[14.532s] Level 1:colcon.colcon_core.environment:create_environment_scripts_only(amr_pkg)
[14.533s] Level 1:colcon.colcon_core.environment:checking '/home/sahil/AMR_Order_Pickup/install/amr_pkg' for CMake module files
[14.534s] Level 1:colcon.colcon_core.environment:checking '/home/sahil/AMR_Order_Pickup/install/amr_pkg' for CMake config files
[14.535s] Level 1:colcon.colcon_core.shell:create_environment_hook('amr_pkg', 'cmake_prefix_path')
[14.535s] INFO:colcon.colcon_core.shell:Creating environment hook '/home/sahil/AMR_Order_Pickup/install/amr_pkg/share/amr_pkg/hook/cmake_prefix_path.ps1'
[14.536s] INFO:colcon.colcon_core.shell:Creating environment descriptor '/home/sahil/AMR_Order_Pickup/install/amr_pkg/share/amr_pkg/hook/cmake_prefix_path.dsv'
[14.538s] INFO:colcon.colcon_core.shell:Creating environment hook '/home/sahil/AMR_Order_Pickup/install/amr_pkg/share/amr_pkg/hook/cmake_prefix_path.sh'
[14.539s] Level 1:colcon.colcon_core.environment:checking '/home/sahil/AMR_Order_Pickup/install/amr_pkg/lib'
[14.540s] Level 1:colcon.colcon_core.environment:checking '/home/sahil/AMR_Order_Pickup/install/amr_pkg/bin'
[14.540s] Level 1:colcon.colcon_core.environment:checking '/home/sahil/AMR_Order_Pickup/install/amr_pkg/lib/pkgconfig/amr_pkg.pc'
[14.540s] Level 1:colcon.colcon_core.environment:checking '/home/sahil/AMR_Order_Pickup/install/amr_pkg/lib/python3.10/site-packages'
[14.541s] Level 1:colcon.colcon_core.environment:checking '/home/sahil/AMR_Order_Pickup/install/amr_pkg/bin'
[14.542s] INFO:colcon.colcon_core.shell:Creating package script '/home/sahil/AMR_Order_Pickup/install/amr_pkg/share/amr_pkg/package.ps1'
[14.543s] INFO:colcon.colcon_core.shell:Creating package descriptor '/home/sahil/AMR_Order_Pickup/install/amr_pkg/share/amr_pkg/package.dsv'
[14.545s] INFO:colcon.colcon_core.shell:Creating package script '/home/sahil/AMR_Order_Pickup/install/amr_pkg/share/amr_pkg/package.sh'
[14.547s] INFO:colcon.colcon_core.shell:Creating package script '/home/sahil/AMR_Order_Pickup/install/amr_pkg/share/amr_pkg/package.bash'
[14.548s] INFO:colcon.colcon_core.shell:Creating package script '/home/sahil/AMR_Order_Pickup/install/amr_pkg/share/amr_pkg/package.zsh'
[14.550s] Level 1:colcon.colcon_core.environment:create_file_with_runtime_dependencies(/home/sahil/AMR_Order_Pickup/install/amr_pkg/share/colcon-core/packages/amr_pkg)
[14.551s] DEBUG:colcon.colcon_parallel_executor.executor.parallel:closing loop
[14.552s] DEBUG:colcon.colcon_parallel_executor.executor.parallel:loop closed
[14.552s] DEBUG:colcon.colcon_parallel_executor.executor.parallel:run_until_complete finished with '0'
[14.552s] DEBUG:colcon.colcon_core.event_reactor:joining thread
[14.580s] INFO:colcon.colcon_core.plugin_system:Skipping extension 'colcon_notification.desktop_notification.terminal_notifier': Not used on non-Darwin systems
[14.580s] INFO:colcon.colcon_core.plugin_system:Skipping extension 'colcon_notification.desktop_notification.win32': Not used on non-Windows systems
[14.580s] INFO:colcon.colcon_notification.desktop_notification:Sending desktop notification using 'notify2'
[14.651s] DEBUG:colcon.colcon_core.event_reactor:joined thread
[14.652s] INFO:colcon.colcon_core.shell:Creating prefix script '/home/sahil/AMR_Order_Pickup/install/local_setup.ps1'
[14.654s] INFO:colcon.colcon_core.shell:Creating prefix util module '/home/sahil/AMR_Order_Pickup/install/_local_setup_util_ps1.py'
[14.656s] INFO:colcon.colcon_core.shell:Creating prefix chain script '/home/sahil/AMR_Order_Pickup/install/setup.ps1'
[14.659s] INFO:colcon.colcon_core.shell:Creating prefix script '/home/sahil/AMR_Order_Pickup/install/local_setup.sh'
[14.660s] INFO:colcon.colcon_core.shell:Creating prefix util module '/home/sahil/AMR_Order_Pickup/install/_local_setup_util_sh.py'
[14.661s] INFO:colcon.colcon_core.shell:Creating prefix chain script '/home/sahil/AMR_Order_Pickup/install/setup.sh'
[14.662s] INFO:colcon.colcon_core.shell:Creating prefix script '/home/sahil/AMR_Order_Pickup/install/local_setup.bash'
[14.664s] INFO:colcon.colcon_core.shell:Creating prefix chain script '/home/sahil/AMR_Order_Pickup/install/setup.bash'
[14.666s] INFO:colcon.colcon_core.shell:Creating prefix script '/home/sahil/AMR_Order_Pickup/install/local_setup.zsh'
[14.667s] INFO:colcon.colcon_core.shell:Creating prefix chain script '/home/sahil/AMR_Order_Pickup/install/setup.zsh'
