[0.014s] Invoking command in '/home/rahul/ros2_ws/build/amr_pkg': CMAKE_PREFIX_PATH=/home/rahul/ros2_ws/install/interfaces:/home/rahul/ros2_ws/install/amr_pkg:/opt/ros/humble /usr/bin/cmake --build /home/rahul/ros2_ws/build/amr_pkg -- -j6 -l6
[0.091s] [35m[1mConsolidate compiler generated dependencies of target orderoptimizer[0m
[0.119s] [ 50%] [32mBuilding CXX object CMakeFiles/orderoptimizer.dir/src/OrderOptimizer.cpp.o[0m
[13.611s] [100%] [32m[1mLinking CXX executable orderoptimizer[0m
[14.744s] [100%] Built target orderoptimizer
[14.760s] Invoked command in '/home/rahul/ros2_ws/build/amr_pkg' returned '0': CMAKE_PREFIX_PATH=/home/rahul/ros2_ws/install/interfaces:/home/rahul/ros2_ws/install/amr_pkg:/opt/ros/humble /usr/bin/cmake --build /home/rahul/ros2_ws/build/amr_pkg -- -j6 -l6
[14.798s] Invoking command in '/home/rahul/ros2_ws/build/amr_pkg': CMAKE_PREFIX_PATH=/home/rahul/ros2_ws/install/interfaces:/home/rahul/ros2_ws/install/amr_pkg:/opt/ros/humble /usr/bin/cmake --install /home/rahul/ros2_ws/build/amr_pkg
[14.808s] -- Install configuration: ""
[14.808s] -- Installing: /home/rahul/ros2_ws/install/amr_pkg/lib/amr_pkg/orderoptimizer
[14.822s] -- Set runtime path of "/home/rahul/ros2_ws/install/amr_pkg/lib/amr_pkg/orderoptimizer" to ""
[14.822s] -- Up-to-date: /home/rahul/ros2_ws/install/amr_pkg/share/ament_index/resource_index/package_run_dependencies/amr_pkg
[14.822s] -- Up-to-date: /home/rahul/ros2_ws/install/amr_pkg/share/ament_index/resource_index/parent_prefix_path/amr_pkg
[14.822s] -- Up-to-date: /home/rahul/ros2_ws/install/amr_pkg/share/amr_pkg/environment/ament_prefix_path.sh
[14.822s] -- Up-to-date: /home/rahul/ros2_ws/install/amr_pkg/share/amr_pkg/environment/ament_prefix_path.dsv
[14.822s] -- Up-to-date: /home/rahul/ros2_ws/install/amr_pkg/share/amr_pkg/environment/path.sh
[14.822s] -- Up-to-date: /home/rahul/ros2_ws/install/amr_pkg/share/amr_pkg/environment/path.dsv
[14.823s] -- Up-to-date: /home/rahul/ros2_ws/install/amr_pkg/share/amr_pkg/local_setup.bash
[14.823s] -- Up-to-date: /home/rahul/ros2_ws/install/amr_pkg/share/amr_pkg/local_setup.sh
[14.823s] -- Up-to-date: /home/rahul/ros2_ws/install/amr_pkg/share/amr_pkg/local_setup.zsh
[14.823s] -- Up-to-date: /home/rahul/ros2_ws/install/amr_pkg/share/amr_pkg/local_setup.dsv
[14.823s] -- Installing: /home/rahul/ros2_ws/install/amr_pkg/share/amr_pkg/package.dsv
[14.823s] -- Up-to-date: /home/rahul/ros2_ws/install/amr_pkg/share/ament_index/resource_index/packages/amr_pkg
[14.823s] -- Up-to-date: /home/rahul/ros2_ws/install/amr_pkg/share/amr_pkg/cmake/amr_pkgConfig.cmake
[14.823s] -- Up-to-date: /home/rahul/ros2_ws/install/amr_pkg/share/amr_pkg/cmake/amr_pkgConfig-version.cmake
[14.823s] -- Up-to-date: /home/rahul/ros2_ws/install/amr_pkg/share/amr_pkg/package.xml
[14.827s] Invoked command in '/home/rahul/ros2_ws/build/amr_pkg' returned '0': CMAKE_PREFIX_PATH=/home/rahul/ros2_ws/install/interfaces:/home/rahul/ros2_ws/install/amr_pkg:/opt/ros/humble /usr/bin/cmake --install /home/rahul/ros2_ws/build/amr_pkg
