[0.017s] Invoking command in '/home/rahul/ros2_ws/build/amr_pkg': CMAKE_PREFIX_PATH=/home/rahul/ros2_ws/install/interfaces:/home/rahul/ros2_ws/install/amr_pkg:/opt/ros/humble /usr/bin/cmake --build /home/rahul/ros2_ws/build/amr_pkg -- -j6 -l6
[0.078s] [35m[1mConsolidate compiler generated dependencies of target orderoptimizer[0m
[0.106s] [ 50%] [32mBuilding CXX object CMakeFiles/orderoptimizer.dir/src/OrderOptimizer.cpp.o[0m
[14.818s] [100%] [32m[1mLinking CXX executable orderoptimizer[0m
[15.918s] [100%] Built target orderoptimizer
[15.944s] Invoked command in '/home/rahul/ros2_ws/build/amr_pkg' returned '0': CMAKE_PREFIX_PATH=/home/rahul/ros2_ws/install/interfaces:/home/rahul/ros2_ws/install/amr_pkg:/opt/ros/humble /usr/bin/cmake --build /home/rahul/ros2_ws/build/amr_pkg -- -j6 -l6
[15.996s] Invoking command in '/home/rahul/ros2_ws/build/amr_pkg': CMAKE_PREFIX_PATH=/home/rahul/ros2_ws/install/interfaces:/home/rahul/ros2_ws/install/amr_pkg:/opt/ros/humble /usr/bin/cmake --install /home/rahul/ros2_ws/build/amr_pkg
[16.006s] -- Install configuration: ""
[16.006s] -- Installing: /home/rahul/ros2_ws/install/amr_pkg/lib/amr_pkg/orderoptimizer
[16.019s] -- Set runtime path of "/home/rahul/ros2_ws/install/amr_pkg/lib/amr_pkg/orderoptimizer" to ""
[16.020s] -- Up-to-date: /home/rahul/ros2_ws/install/amr_pkg/share/ament_index/resource_index/package_run_dependencies/amr_pkg
[16.020s] -- Up-to-date: /home/rahul/ros2_ws/install/amr_pkg/share/ament_index/resource_index/parent_prefix_path/amr_pkg
[16.020s] -- Up-to-date: /home/rahul/ros2_ws/install/amr_pkg/share/amr_pkg/environment/ament_prefix_path.sh
[16.020s] -- Up-to-date: /home/rahul/ros2_ws/install/amr_pkg/share/amr_pkg/environment/ament_prefix_path.dsv
[16.020s] -- Up-to-date: /home/rahul/ros2_ws/install/amr_pkg/share/amr_pkg/environment/path.sh
[16.020s] -- Up-to-date: /home/rahul/ros2_ws/install/amr_pkg/share/amr_pkg/environment/path.dsv
[16.020s] -- Up-to-date: /home/rahul/ros2_ws/install/amr_pkg/share/amr_pkg/local_setup.bash
[16.020s] -- Up-to-date: /home/rahul/ros2_ws/install/amr_pkg/share/amr_pkg/local_setup.sh
[16.020s] -- Up-to-date: /home/rahul/ros2_ws/install/amr_pkg/share/amr_pkg/local_setup.zsh
[16.020s] -- Up-to-date: /home/rahul/ros2_ws/install/amr_pkg/share/amr_pkg/local_setup.dsv
[16.020s] -- Installing: /home/rahul/ros2_ws/install/amr_pkg/share/amr_pkg/package.dsv
[16.021s] -- Up-to-date: /home/rahul/ros2_ws/install/amr_pkg/share/ament_index/resource_index/packages/amr_pkg
[16.021s] -- Up-to-date: /home/rahul/ros2_ws/install/amr_pkg/share/amr_pkg/cmake/amr_pkgConfig.cmake
[16.021s] -- Up-to-date: /home/rahul/ros2_ws/install/amr_pkg/share/amr_pkg/cmake/amr_pkgConfig-version.cmake
[16.021s] -- Up-to-date: /home/rahul/ros2_ws/install/amr_pkg/share/amr_pkg/package.xml
[16.028s] Invoked command in '/home/rahul/ros2_ws/build/amr_pkg' returned '0': CMAKE_PREFIX_PATH=/home/rahul/ros2_ws/install/interfaces:/home/rahul/ros2_ws/install/amr_pkg:/opt/ros/humble /usr/bin/cmake --install /home/rahul/ros2_ws/build/amr_pkg
