[0.027s] Invoking command in '/home/rahul/ros2_ws/build/amr_interfaces': CMAKE_PREFIX_PATH=/opt/ros/humble /usr/bin/cmake --build /home/rahul/ros2_ws/build/amr_interfaces -- -j6 -l6
[0.141s] [  9%] Built target amr_interfaces__rosidl_generator_c
[0.141s] [ 12%] Built target amr_interfaces__cpp
[0.156s] [ 12%] Built target ament_cmake_python_copy_amr_interfaces
[0.185s] [ 22%] Built target amr_interfaces__rosidl_typesupport_introspection_c
[0.191s] [ 32%] Built target amr_interfaces__rosidl_typesupport_fastrtps_c
[0.193s] [ 41%] Built target amr_interfaces__rosidl_typesupport_c
[0.194s] [ 51%] Built target amr_interfaces__rosidl_typesupport_cpp
[0.210s] [ 61%] Built target amr_interfaces__rosidl_typesupport_fastrtps_cpp
[0.211s] [ 70%] Built target amr_interfaces__rosidl_typesupport_introspection_cpp
[0.254s] [ 70%] Built target amr_interfaces
[0.285s] [ 74%] Built target amr_interfaces__py
[0.319s] [ 80%] Built target amr_interfaces__rosidl_generator_py
[0.358s] [ 87%] Built target amr_interfaces__rosidl_typesupport_introspection_c__pyext
[0.372s] [100%] Built target amr_interfaces__rosidl_typesupport_fastrtps_c__pyext
[0.372s] [100%] Built target amr_interfaces__rosidl_typesupport_c__pyext
[0.470s] running egg_info
[0.471s] writing amr_interfaces.egg-info/PKG-INFO
[0.472s] writing dependency_links to amr_interfaces.egg-info/dependency_links.txt
[0.472s] writing top-level names to amr_interfaces.egg-info/top_level.txt
[0.476s] reading manifest file 'amr_interfaces.egg-info/SOURCES.txt'
[0.477s] writing manifest file 'amr_interfaces.egg-info/SOURCES.txt'
[0.522s] [100%] Built target ament_cmake_python_build_amr_interfaces_egg
[0.543s] Invoked command in '/home/rahul/ros2_ws/build/amr_interfaces' returned '0': CMAKE_PREFIX_PATH=/opt/ros/humble /usr/bin/cmake --build /home/rahul/ros2_ws/build/amr_interfaces -- -j6 -l6
[0.677s] Invoking command in '/home/rahul/ros2_ws/build/amr_interfaces': CMAKE_PREFIX_PATH=/opt/ros/humble /usr/bin/cmake --install /home/rahul/ros2_ws/build/amr_interfaces
[0.689s] -- Install configuration: ""
[0.690s] -- Up-to-date: /home/rahul/ros2_ws/install/amr_interfaces/share/ament_index/resource_index/rosidl_interfaces/amr_interfaces
[0.690s] -- Up-to-date: /home/rahul/ros2_ws/install/amr_interfaces/include/amr_interfaces/amr_interfaces
[0.690s] -- Up-to-date: /home/rahul/ros2_ws/install/amr_interfaces/include/amr_interfaces/amr_interfaces/msg
[0.690s] -- Up-to-date: /home/rahul/ros2_ws/install/amr_interfaces/include/amr_interfaces/amr_interfaces/msg/order.h
[0.691s] -- Up-to-date: /home/rahul/ros2_ws/install/amr_interfaces/include/amr_interfaces/amr_interfaces/msg/rosidl_generator_c__visibility_control.h
[0.691s] -- Up-to-date: /home/rahul/ros2_ws/install/amr_interfaces/include/amr_interfaces/amr_interfaces/msg/detail
[0.691s] -- Up-to-date: /home/rahul/ros2_ws/install/amr_interfaces/include/amr_interfaces/amr_interfaces/msg/detail/order__struct.h
[0.691s] -- Up-to-date: /home/rahul/ros2_ws/install/amr_interfaces/include/amr_interfaces/amr_interfaces/msg/detail/order__functions.c
[0.691s] -- Up-to-date: /home/rahul/ros2_ws/install/amr_interfaces/include/amr_interfaces/amr_interfaces/msg/detail/order__type_support.h
[0.691s] -- Up-to-date: /home/rahul/ros2_ws/install/amr_interfaces/include/amr_interfaces/amr_interfaces/msg/detail/order__functions.h
[0.691s] -- Up-to-date: /home/rahul/ros2_ws/install/amr_interfaces/share/amr_interfaces/environment/library_path.sh
[0.691s] -- Up-to-date: /home/rahul/ros2_ws/install/amr_interfaces/share/amr_interfaces/environment/library_path.dsv
[0.692s] -- Up-to-date: /home/rahul/ros2_ws/install/amr_interfaces/lib/libamr_interfaces__rosidl_generator_c.so
[0.692s] -- Up-to-date: /home/rahul/ros2_ws/install/amr_interfaces/include/amr_interfaces/amr_interfaces
[0.692s] -- Up-to-date: /home/rahul/ros2_ws/install/amr_interfaces/include/amr_interfaces/amr_interfaces/msg
[0.692s] -- Up-to-date: /home/rahul/ros2_ws/install/amr_interfaces/include/amr_interfaces/amr_interfaces/msg/rosidl_typesupport_fastrtps_c__visibility_control.h
[0.692s] -- Up-to-date: /home/rahul/ros2_ws/install/amr_interfaces/include/amr_interfaces/amr_interfaces/msg/detail
[0.692s] -- Up-to-date: /home/rahul/ros2_ws/install/amr_interfaces/include/amr_interfaces/amr_interfaces/msg/detail/order__rosidl_typesupport_fastrtps_c.h
[0.692s] -- Up-to-date: /home/rahul/ros2_ws/install/amr_interfaces/lib/libamr_interfaces__rosidl_typesupport_fastrtps_c.so
[0.692s] -- Up-to-date: /home/rahul/ros2_ws/install/amr_interfaces/include/amr_interfaces/amr_interfaces
[0.692s] -- Up-to-date: /home/rahul/ros2_ws/install/amr_interfaces/include/amr_interfaces/amr_interfaces/msg
[0.693s] -- Up-to-date: /home/rahul/ros2_ws/install/amr_interfaces/include/amr_interfaces/amr_interfaces/msg/rosidl_typesupport_introspection_c__visibility_control.h
[0.693s] -- Up-to-date: /home/rahul/ros2_ws/install/amr_interfaces/include/amr_interfaces/amr_interfaces/msg/detail
[0.693s] -- Up-to-date: /home/rahul/ros2_ws/install/amr_interfaces/include/amr_interfaces/amr_interfaces/msg/detail/order__rosidl_typesupport_introspection_c.h
[0.693s] -- Up-to-date: /home/rahul/ros2_ws/install/amr_interfaces/include/amr_interfaces/amr_interfaces/msg/detail/order__type_support.c
[0.693s] -- Up-to-date: /home/rahul/ros2_ws/install/amr_interfaces/lib/libamr_interfaces__rosidl_typesupport_introspection_c.so
[0.693s] -- Up-to-date: /home/rahul/ros2_ws/install/amr_interfaces/lib/libamr_interfaces__rosidl_typesupport_c.so
[0.693s] -- Up-to-date: /home/rahul/ros2_ws/install/amr_interfaces/include/amr_interfaces/amr_interfaces
[0.693s] -- Up-to-date: /home/rahul/ros2_ws/install/amr_interfaces/include/amr_interfaces/amr_interfaces/msg
[0.693s] -- Up-to-date: /home/rahul/ros2_ws/install/amr_interfaces/include/amr_interfaces/amr_interfaces/msg/detail
[0.694s] -- Up-to-date: /home/rahul/ros2_ws/install/amr_interfaces/include/amr_interfaces/amr_interfaces/msg/detail/order__builder.hpp
[0.694s] -- Up-to-date: /home/rahul/ros2_ws/install/amr_interfaces/include/amr_interfaces/amr_interfaces/msg/detail/order__traits.hpp
[0.694s] -- Up-to-date: /home/rahul/ros2_ws/install/amr_interfaces/include/amr_interfaces/amr_interfaces/msg/detail/order__struct.hpp
[0.694s] -- Up-to-date: /home/rahul/ros2_ws/install/amr_interfaces/include/amr_interfaces/amr_interfaces/msg/order.hpp
[0.694s] -- Up-to-date: /home/rahul/ros2_ws/install/amr_interfaces/include/amr_interfaces/amr_interfaces
[0.694s] -- Up-to-date: /home/rahul/ros2_ws/install/amr_interfaces/include/amr_interfaces/amr_interfaces/msg
[0.694s] -- Up-to-date: /home/rahul/ros2_ws/install/amr_interfaces/include/amr_interfaces/amr_interfaces/msg/detail
[0.694s] -- Up-to-date: /home/rahul/ros2_ws/install/amr_interfaces/include/amr_interfaces/amr_interfaces/msg/detail/dds_fastrtps
[0.695s] -- Up-to-date: /home/rahul/ros2_ws/install/amr_interfaces/include/amr_interfaces/amr_interfaces/msg/detail/order__rosidl_typesupport_fastrtps_cpp.hpp
[0.695s] -- Up-to-date: /home/rahul/ros2_ws/install/amr_interfaces/include/amr_interfaces/amr_interfaces/msg/rosidl_typesupport_fastrtps_cpp__visibility_control.h
[0.695s] -- Up-to-date: /home/rahul/ros2_ws/install/amr_interfaces/lib/libamr_interfaces__rosidl_typesupport_fastrtps_cpp.so
[0.695s] -- Up-to-date: /home/rahul/ros2_ws/install/amr_interfaces/include/amr_interfaces/amr_interfaces
[0.695s] -- Up-to-date: /home/rahul/ros2_ws/install/amr_interfaces/include/amr_interfaces/amr_interfaces/msg
[0.695s] -- Up-to-date: /home/rahul/ros2_ws/install/amr_interfaces/include/amr_interfaces/amr_interfaces/msg/detail
[0.695s] -- Up-to-date: /home/rahul/ros2_ws/install/amr_interfaces/include/amr_interfaces/amr_interfaces/msg/detail/order__rosidl_typesupport_introspection_cpp.hpp
[0.696s] -- Up-to-date: /home/rahul/ros2_ws/install/amr_interfaces/include/amr_interfaces/amr_interfaces/msg/detail/order__type_support.cpp
[0.696s] -- Up-to-date: /home/rahul/ros2_ws/install/amr_interfaces/lib/libamr_interfaces__rosidl_typesupport_introspection_cpp.so
[0.696s] -- Up-to-date: /home/rahul/ros2_ws/install/amr_interfaces/lib/libamr_interfaces__rosidl_typesupport_cpp.so
[0.696s] -- Up-to-date: /home/rahul/ros2_ws/install/amr_interfaces/share/amr_interfaces/environment/pythonpath.sh
[0.696s] -- Up-to-date: /home/rahul/ros2_ws/install/amr_interfaces/share/amr_interfaces/environment/pythonpath.dsv
[0.696s] -- Up-to-date: /home/rahul/ros2_ws/install/amr_interfaces/local/lib/python3.10/dist-packages/amr_interfaces-0.0.0-py3.10.egg-info
[0.696s] -- Installing: /home/rahul/ros2_ws/install/amr_interfaces/local/lib/python3.10/dist-packages/amr_interfaces-0.0.0-py3.10.egg-info/top_level.txt
[0.696s] -- Installing: /home/rahul/ros2_ws/install/amr_interfaces/local/lib/python3.10/dist-packages/amr_interfaces-0.0.0-py3.10.egg-info/SOURCES.txt
[0.696s] -- Installing: /home/rahul/ros2_ws/install/amr_interfaces/local/lib/python3.10/dist-packages/amr_interfaces-0.0.0-py3.10.egg-info/PKG-INFO
[0.697s] -- Installing: /home/rahul/ros2_ws/install/amr_interfaces/local/lib/python3.10/dist-packages/amr_interfaces-0.0.0-py3.10.egg-info/dependency_links.txt
[0.697s] -- Up-to-date: /home/rahul/ros2_ws/install/amr_interfaces/local/lib/python3.10/dist-packages/amr_interfaces
[0.697s] -- Up-to-date: /home/rahul/ros2_ws/install/amr_interfaces/local/lib/python3.10/dist-packages/amr_interfaces/amr_interfaces_s__rosidl_typesupport_c.cpython-310-x86_64-linux-gnu.so
[0.697s] -- Up-to-date: /home/rahul/ros2_ws/install/amr_interfaces/local/lib/python3.10/dist-packages/amr_interfaces/_amr_interfaces_s.ep.rosidl_typesupport_c.c
[0.697s] -- Up-to-date: /home/rahul/ros2_ws/install/amr_interfaces/local/lib/python3.10/dist-packages/amr_interfaces/amr_interfaces_s__rosidl_typesupport_introspection_c.cpython-310-x86_64-linux-gnu.so
[0.698s] -- Up-to-date: /home/rahul/ros2_ws/install/amr_interfaces/local/lib/python3.10/dist-packages/amr_interfaces/amr_interfaces_s__rosidl_typesupport_fastrtps_c.cpython-310-x86_64-linux-gnu.so
[0.698s] -- Up-to-date: /home/rahul/ros2_ws/install/amr_interfaces/local/lib/python3.10/dist-packages/amr_interfaces/libamr_interfaces__rosidl_generator_py.so
[0.698s] -- Up-to-date: /home/rahul/ros2_ws/install/amr_interfaces/local/lib/python3.10/dist-packages/amr_interfaces/_amr_interfaces_s.ep.rosidl_typesupport_introspection_c.c
[0.698s] -- Up-to-date: /home/rahul/ros2_ws/install/amr_interfaces/local/lib/python3.10/dist-packages/amr_interfaces/__init__.py
[0.698s] -- Up-to-date: /home/rahul/ros2_ws/install/amr_interfaces/local/lib/python3.10/dist-packages/amr_interfaces/_amr_interfaces_s.ep.rosidl_typesupport_fastrtps_c.c
[0.698s] -- Up-to-date: /home/rahul/ros2_ws/install/amr_interfaces/local/lib/python3.10/dist-packages/amr_interfaces/msg
[0.698s] -- Up-to-date: /home/rahul/ros2_ws/install/amr_interfaces/local/lib/python3.10/dist-packages/amr_interfaces/msg/_order_s.c
[0.698s] -- Up-to-date: /home/rahul/ros2_ws/install/amr_interfaces/local/lib/python3.10/dist-packages/amr_interfaces/msg/_order.py
[0.698s] -- Up-to-date: /home/rahul/ros2_ws/install/amr_interfaces/local/lib/python3.10/dist-packages/amr_interfaces/msg/__init__.py
[0.730s] Listing '/home/rahul/ros2_ws/install/amr_interfaces/local/lib/python3.10/dist-packages/amr_interfaces'...
[0.730s] Listing '/home/rahul/ros2_ws/install/amr_interfaces/local/lib/python3.10/dist-packages/amr_interfaces/msg'...
[0.739s] -- Up-to-date: /home/rahul/ros2_ws/install/amr_interfaces/local/lib/python3.10/dist-packages/amr_interfaces/amr_interfaces_s__rosidl_typesupport_fastrtps_c.cpython-310-x86_64-linux-gnu.so
[0.740s] -- Up-to-date: /home/rahul/ros2_ws/install/amr_interfaces/local/lib/python3.10/dist-packages/amr_interfaces/amr_interfaces_s__rosidl_typesupport_introspection_c.cpython-310-x86_64-linux-gnu.so
[0.741s] -- Up-to-date: /home/rahul/ros2_ws/install/amr_interfaces/local/lib/python3.10/dist-packages/amr_interfaces/amr_interfaces_s__rosidl_typesupport_c.cpython-310-x86_64-linux-gnu.so
[0.742s] -- Up-to-date: /home/rahul/ros2_ws/install/amr_interfaces/lib/libamr_interfaces__rosidl_generator_py.so
[0.743s] -- Up-to-date: /home/rahul/ros2_ws/install/amr_interfaces/share/amr_interfaces/msg/Order.idl
[0.743s] -- Up-to-date: /home/rahul/ros2_ws/install/amr_interfaces/share/amr_interfaces/msg/Order.msg
[0.743s] -- Up-to-date: /home/rahul/ros2_ws/install/amr_interfaces/share/ament_index/resource_index/package_run_dependencies/amr_interfaces
[0.744s] -- Up-to-date: /home/rahul/ros2_ws/install/amr_interfaces/share/ament_index/resource_index/parent_prefix_path/amr_interfaces
[0.744s] -- Up-to-date: /home/rahul/ros2_ws/install/amr_interfaces/share/amr_interfaces/environment/ament_prefix_path.sh
[0.744s] -- Up-to-date: /home/rahul/ros2_ws/install/amr_interfaces/share/amr_interfaces/environment/ament_prefix_path.dsv
[0.744s] -- Up-to-date: /home/rahul/ros2_ws/install/amr_interfaces/share/amr_interfaces/environment/path.sh
[0.744s] -- Up-to-date: /home/rahul/ros2_ws/install/amr_interfaces/share/amr_interfaces/environment/path.dsv
[0.744s] -- Up-to-date: /home/rahul/ros2_ws/install/amr_interfaces/share/amr_interfaces/local_setup.bash
[0.744s] -- Up-to-date: /home/rahul/ros2_ws/install/amr_interfaces/share/amr_interfaces/local_setup.sh
[0.744s] -- Up-to-date: /home/rahul/ros2_ws/install/amr_interfaces/share/amr_interfaces/local_setup.zsh
[0.744s] -- Up-to-date: /home/rahul/ros2_ws/install/amr_interfaces/share/amr_interfaces/local_setup.dsv
[0.744s] -- Installing: /home/rahul/ros2_ws/install/amr_interfaces/share/amr_interfaces/package.dsv
[0.744s] -- Up-to-date: /home/rahul/ros2_ws/install/amr_interfaces/share/ament_index/resource_index/packages/amr_interfaces
[0.745s] -- Up-to-date: /home/rahul/ros2_ws/install/amr_interfaces/share/amr_interfaces/cmake/export_amr_interfaces__rosidl_generator_cExport.cmake
[0.745s] -- Up-to-date: /home/rahul/ros2_ws/install/amr_interfaces/share/amr_interfaces/cmake/export_amr_interfaces__rosidl_generator_cExport-noconfig.cmake
[0.745s] -- Up-to-date: /home/rahul/ros2_ws/install/amr_interfaces/share/amr_interfaces/cmake/export_amr_interfaces__rosidl_typesupport_fastrtps_cExport.cmake
[0.745s] -- Up-to-date: /home/rahul/ros2_ws/install/amr_interfaces/share/amr_interfaces/cmake/export_amr_interfaces__rosidl_typesupport_fastrtps_cExport-noconfig.cmake
[0.745s] -- Up-to-date: /home/rahul/ros2_ws/install/amr_interfaces/share/amr_interfaces/cmake/amr_interfaces__rosidl_typesupport_introspection_cExport.cmake
[0.745s] -- Up-to-date: /home/rahul/ros2_ws/install/amr_interfaces/share/amr_interfaces/cmake/amr_interfaces__rosidl_typesupport_introspection_cExport-noconfig.cmake
[0.745s] -- Up-to-date: /home/rahul/ros2_ws/install/amr_interfaces/share/amr_interfaces/cmake/amr_interfaces__rosidl_typesupport_cExport.cmake
[0.746s] -- Up-to-date: /home/rahul/ros2_ws/install/amr_interfaces/share/amr_interfaces/cmake/amr_interfaces__rosidl_typesupport_cExport-noconfig.cmake
[0.746s] -- Up-to-date: /home/rahul/ros2_ws/install/amr_interfaces/share/amr_interfaces/cmake/export_amr_interfaces__rosidl_generator_cppExport.cmake
[0.746s] -- Up-to-date: /home/rahul/ros2_ws/install/amr_interfaces/share/amr_interfaces/cmake/export_amr_interfaces__rosidl_typesupport_fastrtps_cppExport.cmake
[0.746s] -- Up-to-date: /home/rahul/ros2_ws/install/amr_interfaces/share/amr_interfaces/cmake/export_amr_interfaces__rosidl_typesupport_fastrtps_cppExport-noconfig.cmake
[0.746s] -- Up-to-date: /home/rahul/ros2_ws/install/amr_interfaces/share/amr_interfaces/cmake/amr_interfaces__rosidl_typesupport_introspection_cppExport.cmake
[0.746s] -- Up-to-date: /home/rahul/ros2_ws/install/amr_interfaces/share/amr_interfaces/cmake/amr_interfaces__rosidl_typesupport_introspection_cppExport-noconfig.cmake
[0.746s] -- Up-to-date: /home/rahul/ros2_ws/install/amr_interfaces/share/amr_interfaces/cmake/amr_interfaces__rosidl_typesupport_cppExport.cmake
[0.746s] -- Up-to-date: /home/rahul/ros2_ws/install/amr_interfaces/share/amr_interfaces/cmake/amr_interfaces__rosidl_typesupport_cppExport-noconfig.cmake
[0.746s] -- Up-to-date: /home/rahul/ros2_ws/install/amr_interfaces/share/amr_interfaces/cmake/export_amr_interfaces__rosidl_generator_pyExport.cmake
[0.747s] -- Up-to-date: /home/rahul/ros2_ws/install/amr_interfaces/share/amr_interfaces/cmake/export_amr_interfaces__rosidl_generator_pyExport-noconfig.cmake
[0.747s] -- Up-to-date: /home/rahul/ros2_ws/install/amr_interfaces/share/amr_interfaces/cmake/rosidl_cmake-extras.cmake
[0.747s] -- Up-to-date: /home/rahul/ros2_ws/install/amr_interfaces/share/amr_interfaces/cmake/ament_cmake_export_include_directories-extras.cmake
[0.747s] -- Up-to-date: /home/rahul/ros2_ws/install/amr_interfaces/share/amr_interfaces/cmake/ament_cmake_export_libraries-extras.cmake
[0.747s] -- Up-to-date: /home/rahul/ros2_ws/install/amr_interfaces/share/amr_interfaces/cmake/ament_cmake_export_targets-extras.cmake
[0.747s] -- Up-to-date: /home/rahul/ros2_ws/install/amr_interfaces/share/amr_interfaces/cmake/rosidl_cmake_export_typesupport_targets-extras.cmake
[0.748s] -- Up-to-date: /home/rahul/ros2_ws/install/amr_interfaces/share/amr_interfaces/cmake/ament_cmake_export_dependencies-extras.cmake
[0.748s] -- Up-to-date: /home/rahul/ros2_ws/install/amr_interfaces/share/amr_interfaces/cmake/rosidl_cmake_export_typesupport_libraries-extras.cmake
[0.748s] -- Up-to-date: /home/rahul/ros2_ws/install/amr_interfaces/share/amr_interfaces/cmake/amr_interfacesConfig.cmake
[0.748s] -- Up-to-date: /home/rahul/ros2_ws/install/amr_interfaces/share/amr_interfaces/cmake/amr_interfacesConfig-version.cmake
[0.748s] -- Up-to-date: /home/rahul/ros2_ws/install/amr_interfaces/share/amr_interfaces/package.xml
[0.754s] Invoked command in '/home/rahul/ros2_ws/build/amr_interfaces' returned '0': CMAKE_PREFIX_PATH=/opt/ros/humble /usr/bin/cmake --install /home/rahul/ros2_ws/build/amr_interfaces
