[0.008s] Invoking command in '/home/sahil/AMR_Order_Pickup/build/interfaces': CMAKE_PREFIX_PATH=/opt/ros/humble /usr/bin/cmake /home/sahil/AMR_Order_Pickup/src/interfaces -DCMAKE_INSTALL_PREFIX=/home/sahil/AMR_Order_Pickup/install/interfaces
[0.209s] -- The C compiler identification is GNU 11.4.0
[0.353s] -- The CXX compiler identification is GNU 11.4.0
[0.381s] -- Detecting C compiler ABI info
[0.479s] -- Detecting C compiler ABI info - done
[0.485s] -- Check for working C compiler: /usr/bin/cc - skipped
[0.486s] -- Detecting C compile features
[0.489s] -- Detecting C compile features - done
[0.494s] -- Detecting CXX compiler ABI info
[0.596s] -- Detecting CXX compiler ABI info - done
[0.601s] -- Check for working CXX compiler: /usr/bin/c++ - skipped
[0.602s] -- Detecting CXX compile features
[0.602s] -- Detecting CXX compile features - done
[0.612s] -- Found ament_cmake: 1.3.9 (/opt/ros/humble/share/ament_cmake/cmake)
[0.803s] -- Found Python3: /usr/bin/python3 (found version "3.10.12") found components: Interpreter 
[0.980s] -- Found rosidl_default_generators: 1.2.0 (/opt/ros/humble/share/rosidl_default_generators/cmake)
[0.990s] -- Using all available rosidl_typesupport_c: rosidl_typesupport_fastrtps_c;rosidl_typesupport_introspection_c
[1.004s] -- Found rosidl_adapter: 3.1.5 (/opt/ros/humble/share/rosidl_adapter/cmake)
[1.087s] -- Using all available rosidl_typesupport_cpp: rosidl_typesupport_fastrtps_cpp;rosidl_typesupport_introspection_cpp
[1.496s] -- Found ament_cmake_ros: 0.10.0 (/opt/ros/humble/share/ament_cmake_ros/cmake)
[1.786s] -- Using all available rosidl_typesupport_c: rosidl_typesupport_fastrtps_c;rosidl_typesupport_introspection_c
[2.106s] -- Using all available rosidl_typesupport_cpp: rosidl_typesupport_fastrtps_cpp;rosidl_typesupport_introspection_cpp
[2.164s] -- Found PythonInterp: /usr/bin/python3 (found suitable version "3.10.12", minimum required is "3.6") 
[2.170s] -- Found python_cmake_module: 0.10.0 (/opt/ros/humble/share/python_cmake_module/cmake)
[2.212s] -- Found PythonLibs: /usr/lib/x86_64-linux-gnu/libpython3.10.so (found suitable version "3.10.12", minimum required is "3.5") 
[2.212s] -- Using PYTHON_EXECUTABLE: /usr/bin/python3
[2.212s] -- Using PYTHON_INCLUDE_DIRS: /usr/include/python3.10
[2.212s] -- Using PYTHON_LIBRARIES: /usr/lib/x86_64-linux-gnu/libpython3.10.so
[2.241s] -- Found PythonExtra: .so  
[2.304s] -- Configuring done
[2.339s] -- Generating done
[2.342s] -- Build files have been written to: /home/sahil/AMR_Order_Pickup/build/interfaces
[2.355s] Invoked command in '/home/sahil/AMR_Order_Pickup/build/interfaces' returned '0': CMAKE_PREFIX_PATH=/opt/ros/humble /usr/bin/cmake /home/sahil/AMR_Order_Pickup/src/interfaces -DCMAKE_INSTALL_PREFIX=/home/sahil/AMR_Order_Pickup/install/interfaces
[2.357s] Invoking command in '/home/sahil/AMR_Order_Pickup/build/interfaces': CMAKE_PREFIX_PATH=/opt/ros/humble /usr/bin/cmake --build /home/sahil/AMR_Order_Pickup/build/interfaces -- -j2 -l2
[2.423s] [  3%] [34m[1mGenerating C code for ROS interfaces[0m
[2.443s] [  6%] [34m[1mGenerating C++ code for ROS interfaces[0m
[2.868s] [  9%] [32mBuilding C object CMakeFiles/interfaces__rosidl_generator_c.dir/rosidl_generator_c/interfaces/msg/detail/order__functions.c.o[0m
[2.907s] [  9%] Built target interfaces__cpp
[2.943s] [ 12%] [32m[1mLinking C shared library libinterfaces__rosidl_generator_c.so[0m
[2.985s] [ 12%] Built target ament_cmake_python_copy_interfaces
[3.034s] [ 16%] [34m[1mGenerating C++ type support dispatch for ROS interfaces[0m
[3.076s] [ 16%] Built target interfaces__rosidl_generator_c
[3.112s] [ 19%] [34m[1mGenerating C++ type support for eProsima Fast-RTPS[0m
[3.320s] [ 22%] [32mBuilding CXX object CMakeFiles/interfaces__rosidl_typesupport_cpp.dir/rosidl_typesupport_cpp/interfaces/msg/order__type_support.cpp.o[0m
[3.509s] [ 25%] [32mBuilding CXX object CMakeFiles/interfaces__rosidl_typesupport_fastrtps_cpp.dir/rosidl_typesupport_fastrtps_cpp/interfaces/msg/detail/dds_fastrtps/order__type_support.cpp.o[0m
[3.909s] [ 29%] [32m[1mLinking CXX shared library libinterfaces__rosidl_typesupport_cpp.so[0m
[4.038s] [ 29%] Built target interfaces__rosidl_typesupport_cpp
[4.081s] [ 32%] [34m[1mGenerating C++ introspection for ROS interfaces[0m
[4.272s] [ 35%] [32m[1mLinking CXX shared library libinterfaces__rosidl_typesupport_fastrtps_cpp.so[0m
[4.428s] [ 35%] Built target interfaces__rosidl_typesupport_fastrtps_cpp
[4.462s] [ 38%] [32mBuilding CXX object CMakeFiles/interfaces__rosidl_typesupport_introspection_cpp.dir/rosidl_typesupport_introspection_cpp/interfaces/msg/detail/order__type_support.cpp.o[0m
[4.925s] running egg_info
[4.926s] creating interfaces.egg-info
[4.927s] writing interfaces.egg-info/PKG-INFO
[4.928s] writing dependency_links to interfaces.egg-info/dependency_links.txt
[4.929s] writing top-level names to interfaces.egg-info/top_level.txt
[4.929s] writing manifest file 'interfaces.egg-info/SOURCES.txt'
[4.934s] reading manifest file 'interfaces.egg-info/SOURCES.txt'
[4.935s] writing manifest file 'interfaces.egg-info/SOURCES.txt'
[4.976s] [ 38%] Built target ament_cmake_python_build_interfaces_egg
[5.007s] [ 41%] [34m[1mGenerating C type support for eProsima Fast-RTPS[0m
[5.132s] [ 45%] [32m[1mLinking CXX shared library libinterfaces__rosidl_typesupport_introspection_cpp.so[0m
[5.269s] [ 45%] Built target interfaces__rosidl_typesupport_introspection_cpp
[5.292s] [ 48%] [34m[1mGenerating C introspection for ROS interfaces[0m
[5.349s] [ 51%] [32mBuilding CXX object CMakeFiles/interfaces__rosidl_typesupport_fastrtps_c.dir/rosidl_typesupport_fastrtps_c/interfaces/msg/detail/order__type_support_c.cpp.o[0m
[5.696s] [ 54%] [32mBuilding C object CMakeFiles/interfaces__rosidl_typesupport_introspection_c.dir/rosidl_typesupport_introspection_c/interfaces/msg/detail/order__type_support.c.o[0m
[5.767s] [ 58%] [32m[1mLinking C shared library libinterfaces__rosidl_typesupport_introspection_c.so[0m
[5.855s] [ 58%] Built target interfaces__rosidl_typesupport_introspection_c
[5.880s] [ 61%] [32m[1mLinking CXX shared library libinterfaces__rosidl_typesupport_fastrtps_c.so[0m
[5.882s] [ 64%] [34m[1mGenerating C type support dispatch for ROS interfaces[0m
[6.021s] [ 64%] Built target interfaces__rosidl_typesupport_fastrtps_c
[6.110s] [ 67%] [32mBuilding CXX object CMakeFiles/interfaces__rosidl_typesupport_c.dir/rosidl_typesupport_c/interfaces/msg/order__type_support.cpp.o[0m
[6.138s] [ 70%] [32m[1mLinking CXX shared library libinterfaces__rosidl_typesupport_c.so[0m
[6.189s] [ 70%] Built target interfaces__rosidl_typesupport_c
[6.214s] [ 70%] Built target interfaces
[6.245s] [ 74%] [34m[1mGenerating Python code for ROS interfaces[0m
[6.600s] [ 74%] Built target interfaces__py
[6.628s] [ 77%] [32mBuilding C object CMakeFiles/interfaces__rosidl_generator_py.dir/rosidl_generator_py/interfaces/msg/_order_s.c.o[0m
[6.762s] [ 80%] [32m[1mLinking C shared library rosidl_generator_py/interfaces/libinterfaces__rosidl_generator_py.so[0m
[6.803s] [ 80%] Built target interfaces__rosidl_generator_py
[6.859s] [ 83%] [32mBuilding C object CMakeFiles/interfaces__rosidl_typesupport_introspection_c__pyext.dir/rosidl_generator_py/interfaces/_interfaces_s.ep.rosidl_typesupport_introspection_c.c.o[0m
[6.898s] [ 87%] [32mBuilding C object CMakeFiles/interfaces__rosidl_typesupport_fastrtps_c__pyext.dir/rosidl_generator_py/interfaces/_interfaces_s.ep.rosidl_typesupport_fastrtps_c.c.o[0m
[6.943s] [ 90%] [32m[1mLinking C shared library rosidl_generator_py/interfaces/interfaces_s__rosidl_typesupport_introspection_c.cpython-310-x86_64-linux-gnu.so[0m
[7.035s] [ 90%] Built target interfaces__rosidl_typesupport_introspection_c__pyext
[7.045s] [ 93%] [32m[1mLinking C shared library rosidl_generator_py/interfaces/interfaces_s__rosidl_typesupport_fastrtps_c.cpython-310-x86_64-linux-gnu.so[0m
[7.079s] [ 96%] [32mBuilding C object CMakeFiles/interfaces__rosidl_typesupport_c__pyext.dir/rosidl_generator_py/interfaces/_interfaces_s.ep.rosidl_typesupport_c.c.o[0m
[7.111s] [ 96%] Built target interfaces__rosidl_typesupport_fastrtps_c__pyext
[7.168s] [100%] [32m[1mLinking C shared library rosidl_generator_py/interfaces/interfaces_s__rosidl_typesupport_c.cpython-310-x86_64-linux-gnu.so[0m
[7.208s] [100%] Built target interfaces__rosidl_typesupport_c__pyext
[7.225s] Invoked command in '/home/sahil/AMR_Order_Pickup/build/interfaces' returned '0': CMAKE_PREFIX_PATH=/opt/ros/humble /usr/bin/cmake --build /home/sahil/AMR_Order_Pickup/build/interfaces -- -j2 -l2
[7.398s] Invoking command in '/home/sahil/AMR_Order_Pickup/build/interfaces': CMAKE_PREFIX_PATH=/opt/ros/humble /usr/bin/cmake --install /home/sahil/AMR_Order_Pickup/build/interfaces
[7.415s] -- Install configuration: ""
[7.416s] -- Installing: /home/sahil/AMR_Order_Pickup/install/interfaces/share/ament_index/resource_index/rosidl_interfaces/interfaces
[7.417s] -- Installing: /home/sahil/AMR_Order_Pickup/install/interfaces/include/interfaces/interfaces
[7.418s] -- Installing: /home/sahil/AMR_Order_Pickup/install/interfaces/include/interfaces/interfaces/msg
[7.418s] -- Installing: /home/sahil/AMR_Order_Pickup/install/interfaces/include/interfaces/interfaces/msg/detail
[7.419s] -- Installing: /home/sahil/AMR_Order_Pickup/install/interfaces/include/interfaces/interfaces/msg/detail/order__functions.c
[7.419s] -- Installing: /home/sahil/AMR_Order_Pickup/install/interfaces/include/interfaces/interfaces/msg/detail/order__struct.h
[7.420s] -- Installing: /home/sahil/AMR_Order_Pickup/install/interfaces/include/interfaces/interfaces/msg/detail/order__type_support.h
[7.421s] -- Installing: /home/sahil/AMR_Order_Pickup/install/interfaces/include/interfaces/interfaces/msg/detail/order__functions.h
[7.421s] -- Installing: /home/sahil/AMR_Order_Pickup/install/interfaces/include/interfaces/interfaces/msg/order.h
[7.422s] -- Installing: /home/sahil/AMR_Order_Pickup/install/interfaces/include/interfaces/interfaces/msg/rosidl_generator_c__visibility_control.h
[7.422s] -- Installing: /home/sahil/AMR_Order_Pickup/install/interfaces/share/interfaces/environment/library_path.sh
[7.423s] -- Installing: /home/sahil/AMR_Order_Pickup/install/interfaces/share/interfaces/environment/library_path.dsv
[7.424s] -- Installing: /home/sahil/AMR_Order_Pickup/install/interfaces/lib/libinterfaces__rosidl_generator_c.so
[7.425s] -- Set runtime path of "/home/sahil/AMR_Order_Pickup/install/interfaces/lib/libinterfaces__rosidl_generator_c.so" to ""
[7.425s] -- Up-to-date: /home/sahil/AMR_Order_Pickup/install/interfaces/include/interfaces/interfaces
[7.426s] -- Up-to-date: /home/sahil/AMR_Order_Pickup/install/interfaces/include/interfaces/interfaces/msg
[7.427s] -- Up-to-date: /home/sahil/AMR_Order_Pickup/install/interfaces/include/interfaces/interfaces/msg/detail
[7.427s] -- Installing: /home/sahil/AMR_Order_Pickup/install/interfaces/include/interfaces/interfaces/msg/detail/order__rosidl_typesupport_fastrtps_c.h
[7.427s] -- Installing: /home/sahil/AMR_Order_Pickup/install/interfaces/include/interfaces/interfaces/msg/rosidl_typesupport_fastrtps_c__visibility_control.h
[7.427s] -- Installing: /home/sahil/AMR_Order_Pickup/install/interfaces/lib/libinterfaces__rosidl_typesupport_fastrtps_c.so
[7.430s] -- Set runtime path of "/home/sahil/AMR_Order_Pickup/install/interfaces/lib/libinterfaces__rosidl_typesupport_fastrtps_c.so" to ""
[7.430s] -- Up-to-date: /home/sahil/AMR_Order_Pickup/install/interfaces/include/interfaces/interfaces
[7.430s] -- Up-to-date: /home/sahil/AMR_Order_Pickup/install/interfaces/include/interfaces/interfaces/msg
[7.430s] -- Up-to-date: /home/sahil/AMR_Order_Pickup/install/interfaces/include/interfaces/interfaces/msg/detail
[7.431s] -- Installing: /home/sahil/AMR_Order_Pickup/install/interfaces/include/interfaces/interfaces/msg/detail/order__rosidl_typesupport_introspection_c.h
[7.431s] -- Installing: /home/sahil/AMR_Order_Pickup/install/interfaces/include/interfaces/interfaces/msg/detail/order__type_support.c
[7.431s] -- Installing: /home/sahil/AMR_Order_Pickup/install/interfaces/include/interfaces/interfaces/msg/rosidl_typesupport_introspection_c__visibility_control.h
[7.431s] -- Installing: /home/sahil/AMR_Order_Pickup/install/interfaces/lib/libinterfaces__rosidl_typesupport_introspection_c.so
[7.432s] -- Set runtime path of "/home/sahil/AMR_Order_Pickup/install/interfaces/lib/libinterfaces__rosidl_typesupport_introspection_c.so" to ""
[7.432s] -- Installing: /home/sahil/AMR_Order_Pickup/install/interfaces/lib/libinterfaces__rosidl_typesupport_c.so
[7.433s] -- Set runtime path of "/home/sahil/AMR_Order_Pickup/install/interfaces/lib/libinterfaces__rosidl_typesupport_c.so" to ""
[7.435s] -- Up-to-date: /home/sahil/AMR_Order_Pickup/install/interfaces/include/interfaces/interfaces
[7.435s] -- Up-to-date: /home/sahil/AMR_Order_Pickup/install/interfaces/include/interfaces/interfaces/msg
[7.436s] -- Up-to-date: /home/sahil/AMR_Order_Pickup/install/interfaces/include/interfaces/interfaces/msg/detail
[7.436s] -- Installing: /home/sahil/AMR_Order_Pickup/install/interfaces/include/interfaces/interfaces/msg/detail/order__struct.hpp
[7.436s] -- Installing: /home/sahil/AMR_Order_Pickup/install/interfaces/include/interfaces/interfaces/msg/detail/order__traits.hpp
[7.436s] -- Installing: /home/sahil/AMR_Order_Pickup/install/interfaces/include/interfaces/interfaces/msg/detail/order__builder.hpp
[7.436s] -- Installing: /home/sahil/AMR_Order_Pickup/install/interfaces/include/interfaces/interfaces/msg/order.hpp
[7.437s] -- Up-to-date: /home/sahil/AMR_Order_Pickup/install/interfaces/include/interfaces/interfaces
[7.437s] -- Up-to-date: /home/sahil/AMR_Order_Pickup/install/interfaces/include/interfaces/interfaces/msg
[7.437s] -- Up-to-date: /home/sahil/AMR_Order_Pickup/install/interfaces/include/interfaces/interfaces/msg/detail
[7.437s] -- Installing: /home/sahil/AMR_Order_Pickup/install/interfaces/include/interfaces/interfaces/msg/detail/order__rosidl_typesupport_fastrtps_cpp.hpp
[7.437s] -- Installing: /home/sahil/AMR_Order_Pickup/install/interfaces/include/interfaces/interfaces/msg/detail/dds_fastrtps
[7.437s] -- Installing: /home/sahil/AMR_Order_Pickup/install/interfaces/include/interfaces/interfaces/msg/rosidl_typesupport_fastrtps_cpp__visibility_control.h
[7.438s] -- Installing: /home/sahil/AMR_Order_Pickup/install/interfaces/lib/libinterfaces__rosidl_typesupport_fastrtps_cpp.so
[7.438s] -- Set runtime path of "/home/sahil/AMR_Order_Pickup/install/interfaces/lib/libinterfaces__rosidl_typesupport_fastrtps_cpp.so" to ""
[7.439s] -- Up-to-date: /home/sahil/AMR_Order_Pickup/install/interfaces/include/interfaces/interfaces
[7.439s] -- Up-to-date: /home/sahil/AMR_Order_Pickup/install/interfaces/include/interfaces/interfaces/msg
[7.439s] -- Up-to-date: /home/sahil/AMR_Order_Pickup/install/interfaces/include/interfaces/interfaces/msg/detail
[7.439s] -- Installing: /home/sahil/AMR_Order_Pickup/install/interfaces/include/interfaces/interfaces/msg/detail/order__rosidl_typesupport_introspection_cpp.hpp
[7.443s] -- Installing: /home/sahil/AMR_Order_Pickup/install/interfaces/include/interfaces/interfaces/msg/detail/order__type_support.cpp
[7.444s] -- Installing: /home/sahil/AMR_Order_Pickup/install/interfaces/lib/libinterfaces__rosidl_typesupport_introspection_cpp.so
[7.445s] -- Set runtime path of "/home/sahil/AMR_Order_Pickup/install/interfaces/lib/libinterfaces__rosidl_typesupport_introspection_cpp.so" to ""
[7.445s] -- Installing: /home/sahil/AMR_Order_Pickup/install/interfaces/lib/libinterfaces__rosidl_typesupport_cpp.so
[7.446s] -- Set runtime path of "/home/sahil/AMR_Order_Pickup/install/interfaces/lib/libinterfaces__rosidl_typesupport_cpp.so" to ""
[7.446s] -- Installing: /home/sahil/AMR_Order_Pickup/install/interfaces/share/interfaces/environment/pythonpath.sh
[7.446s] -- Installing: /home/sahil/AMR_Order_Pickup/install/interfaces/share/interfaces/environment/pythonpath.dsv
[7.447s] -- Installing: /home/sahil/AMR_Order_Pickup/install/interfaces/local/lib/python3.10/dist-packages/interfaces-0.0.0-py3.10.egg-info
[7.448s] -- Installing: /home/sahil/AMR_Order_Pickup/install/interfaces/local/lib/python3.10/dist-packages/interfaces-0.0.0-py3.10.egg-info/top_level.txt
[7.448s] -- Installing: /home/sahil/AMR_Order_Pickup/install/interfaces/local/lib/python3.10/dist-packages/interfaces-0.0.0-py3.10.egg-info/PKG-INFO
[7.448s] -- Installing: /home/sahil/AMR_Order_Pickup/install/interfaces/local/lib/python3.10/dist-packages/interfaces-0.0.0-py3.10.egg-info/SOURCES.txt
[7.448s] -- Installing: /home/sahil/AMR_Order_Pickup/install/interfaces/local/lib/python3.10/dist-packages/interfaces-0.0.0-py3.10.egg-info/dependency_links.txt
[7.449s] -- Installing: /home/sahil/AMR_Order_Pickup/install/interfaces/local/lib/python3.10/dist-packages/interfaces
[7.449s] -- Installing: /home/sahil/AMR_Order_Pickup/install/interfaces/local/lib/python3.10/dist-packages/interfaces/_interfaces_s.ep.rosidl_typesupport_fastrtps_c.c
[7.449s] -- Installing: /home/sahil/AMR_Order_Pickup/install/interfaces/local/lib/python3.10/dist-packages/interfaces/interfaces_s__rosidl_typesupport_c.cpython-310-x86_64-linux-gnu.so
[7.450s] -- Installing: /home/sahil/AMR_Order_Pickup/install/interfaces/local/lib/python3.10/dist-packages/interfaces/interfaces_s__rosidl_typesupport_introspection_c.cpython-310-x86_64-linux-gnu.so
[7.450s] -- Installing: /home/sahil/AMR_Order_Pickup/install/interfaces/local/lib/python3.10/dist-packages/interfaces/__init__.py
[7.450s] -- Installing: /home/sahil/AMR_Order_Pickup/install/interfaces/local/lib/python3.10/dist-packages/interfaces/libinterfaces__rosidl_generator_py.so
[7.450s] -- Installing: /home/sahil/AMR_Order_Pickup/install/interfaces/local/lib/python3.10/dist-packages/interfaces/_interfaces_s.ep.rosidl_typesupport_c.c
[7.451s] -- Installing: /home/sahil/AMR_Order_Pickup/install/interfaces/local/lib/python3.10/dist-packages/interfaces/interfaces_s__rosidl_typesupport_fastrtps_c.cpython-310-x86_64-linux-gnu.so
[7.451s] -- Installing: /home/sahil/AMR_Order_Pickup/install/interfaces/local/lib/python3.10/dist-packages/interfaces/msg
[7.451s] -- Installing: /home/sahil/AMR_Order_Pickup/install/interfaces/local/lib/python3.10/dist-packages/interfaces/msg/__init__.py
[7.455s] -- Installing: /home/sahil/AMR_Order_Pickup/install/interfaces/local/lib/python3.10/dist-packages/interfaces/msg/_order.py
[7.456s] -- Installing: /home/sahil/AMR_Order_Pickup/install/interfaces/local/lib/python3.10/dist-packages/interfaces/msg/_order_s.c
[7.456s] -- Installing: /home/sahil/AMR_Order_Pickup/install/interfaces/local/lib/python3.10/dist-packages/interfaces/_interfaces_s.ep.rosidl_typesupport_introspection_c.c
[7.511s] Listing '/home/sahil/AMR_Order_Pickup/install/interfaces/local/lib/python3.10/dist-packages/interfaces'...
[7.511s] Compiling '/home/sahil/AMR_Order_Pickup/install/interfaces/local/lib/python3.10/dist-packages/interfaces/__init__.py'...
[7.511s] Listing '/home/sahil/AMR_Order_Pickup/install/interfaces/local/lib/python3.10/dist-packages/interfaces/msg'...
[7.511s] Compiling '/home/sahil/AMR_Order_Pickup/install/interfaces/local/lib/python3.10/dist-packages/interfaces/msg/__init__.py'...
[7.511s] Compiling '/home/sahil/AMR_Order_Pickup/install/interfaces/local/lib/python3.10/dist-packages/interfaces/msg/_order.py'...
[7.524s] -- Installing: /home/sahil/AMR_Order_Pickup/install/interfaces/local/lib/python3.10/dist-packages/interfaces/interfaces_s__rosidl_typesupport_fastrtps_c.cpython-310-x86_64-linux-gnu.so
[7.524s] -- Set runtime path of "/home/sahil/AMR_Order_Pickup/install/interfaces/local/lib/python3.10/dist-packages/interfaces/interfaces_s__rosidl_typesupport_fastrtps_c.cpython-310-x86_64-linux-gnu.so" to ""
[7.524s] -- Installing: /home/sahil/AMR_Order_Pickup/install/interfaces/local/lib/python3.10/dist-packages/interfaces/interfaces_s__rosidl_typesupport_introspection_c.cpython-310-x86_64-linux-gnu.so
[7.524s] -- Set runtime path of "/home/sahil/AMR_Order_Pickup/install/interfaces/local/lib/python3.10/dist-packages/interfaces/interfaces_s__rosidl_typesupport_introspection_c.cpython-310-x86_64-linux-gnu.so" to ""
[7.524s] -- Installing: /home/sahil/AMR_Order_Pickup/install/interfaces/local/lib/python3.10/dist-packages/interfaces/interfaces_s__rosidl_typesupport_c.cpython-310-x86_64-linux-gnu.so
[7.524s] -- Set runtime path of "/home/sahil/AMR_Order_Pickup/install/interfaces/local/lib/python3.10/dist-packages/interfaces/interfaces_s__rosidl_typesupport_c.cpython-310-x86_64-linux-gnu.so" to ""
[7.524s] -- Installing: /home/sahil/AMR_Order_Pickup/install/interfaces/lib/libinterfaces__rosidl_generator_py.so
[7.524s] -- Set runtime path of "/home/sahil/AMR_Order_Pickup/install/interfaces/lib/libinterfaces__rosidl_generator_py.so" to ""
[7.524s] -- Installing: /home/sahil/AMR_Order_Pickup/install/interfaces/share/interfaces/msg/Order.idl
[7.524s] -- Installing: /home/sahil/AMR_Order_Pickup/install/interfaces/share/interfaces/msg/Order.msg
[7.524s] -- Installing: /home/sahil/AMR_Order_Pickup/install/interfaces/share/ament_index/resource_index/package_run_dependencies/interfaces
[7.524s] -- Installing: /home/sahil/AMR_Order_Pickup/install/interfaces/share/ament_index/resource_index/parent_prefix_path/interfaces
[7.525s] -- Installing: /home/sahil/AMR_Order_Pickup/install/interfaces/share/interfaces/environment/ament_prefix_path.sh
[7.525s] -- Installing: /home/sahil/AMR_Order_Pickup/install/interfaces/share/interfaces/environment/ament_prefix_path.dsv
[7.525s] -- Installing: /home/sahil/AMR_Order_Pickup/install/interfaces/share/interfaces/environment/path.sh
[7.525s] -- Installing: /home/sahil/AMR_Order_Pickup/install/interfaces/share/interfaces/environment/path.dsv
[7.525s] -- Installing: /home/sahil/AMR_Order_Pickup/install/interfaces/share/interfaces/local_setup.bash
[7.525s] -- Installing: /home/sahil/AMR_Order_Pickup/install/interfaces/share/interfaces/local_setup.sh
[7.525s] -- Installing: /home/sahil/AMR_Order_Pickup/install/interfaces/share/interfaces/local_setup.zsh
[7.525s] -- Installing: /home/sahil/AMR_Order_Pickup/install/interfaces/share/interfaces/local_setup.dsv
[7.525s] -- Installing: /home/sahil/AMR_Order_Pickup/install/interfaces/share/interfaces/package.dsv
[7.525s] -- Installing: /home/sahil/AMR_Order_Pickup/install/interfaces/share/ament_index/resource_index/packages/interfaces
[7.525s] -- Installing: /home/sahil/AMR_Order_Pickup/install/interfaces/share/interfaces/cmake/export_interfaces__rosidl_generator_cExport.cmake
[7.525s] -- Installing: /home/sahil/AMR_Order_Pickup/install/interfaces/share/interfaces/cmake/export_interfaces__rosidl_generator_cExport-noconfig.cmake
[7.525s] -- Installing: /home/sahil/AMR_Order_Pickup/install/interfaces/share/interfaces/cmake/export_interfaces__rosidl_typesupport_fastrtps_cExport.cmake
[7.525s] -- Installing: /home/sahil/AMR_Order_Pickup/install/interfaces/share/interfaces/cmake/export_interfaces__rosidl_typesupport_fastrtps_cExport-noconfig.cmake
[7.525s] -- Installing: /home/sahil/AMR_Order_Pickup/install/interfaces/share/interfaces/cmake/interfaces__rosidl_typesupport_introspection_cExport.cmake
[7.525s] -- Installing: /home/sahil/AMR_Order_Pickup/install/interfaces/share/interfaces/cmake/interfaces__rosidl_typesupport_introspection_cExport-noconfig.cmake
[7.526s] -- Installing: /home/sahil/AMR_Order_Pickup/install/interfaces/share/interfaces/cmake/interfaces__rosidl_typesupport_cExport.cmake
[7.526s] -- Installing: /home/sahil/AMR_Order_Pickup/install/interfaces/share/interfaces/cmake/interfaces__rosidl_typesupport_cExport-noconfig.cmake
[7.526s] -- Installing: /home/sahil/AMR_Order_Pickup/install/interfaces/share/interfaces/cmake/export_interfaces__rosidl_generator_cppExport.cmake
[7.526s] -- Installing: /home/sahil/AMR_Order_Pickup/install/interfaces/share/interfaces/cmake/export_interfaces__rosidl_typesupport_fastrtps_cppExport.cmake
[7.526s] -- Installing: /home/sahil/AMR_Order_Pickup/install/interfaces/share/interfaces/cmake/export_interfaces__rosidl_typesupport_fastrtps_cppExport-noconfig.cmake
[7.526s] -- Installing: /home/sahil/AMR_Order_Pickup/install/interfaces/share/interfaces/cmake/interfaces__rosidl_typesupport_introspection_cppExport.cmake
[7.526s] -- Installing: /home/sahil/AMR_Order_Pickup/install/interfaces/share/interfaces/cmake/interfaces__rosidl_typesupport_introspection_cppExport-noconfig.cmake
[7.527s] -- Installing: /home/sahil/AMR_Order_Pickup/install/interfaces/share/interfaces/cmake/interfaces__rosidl_typesupport_cppExport.cmake
[7.528s] -- Installing: /home/sahil/AMR_Order_Pickup/install/interfaces/share/interfaces/cmake/interfaces__rosidl_typesupport_cppExport-noconfig.cmake
[7.528s] -- Installing: /home/sahil/AMR_Order_Pickup/install/interfaces/share/interfaces/cmake/export_interfaces__rosidl_generator_pyExport.cmake
[7.528s] -- Installing: /home/sahil/AMR_Order_Pickup/install/interfaces/share/interfaces/cmake/export_interfaces__rosidl_generator_pyExport-noconfig.cmake
[7.528s] -- Installing: /home/sahil/AMR_Order_Pickup/install/interfaces/share/interfaces/cmake/rosidl_cmake-extras.cmake
[7.529s] -- Installing: /home/sahil/AMR_Order_Pickup/install/interfaces/share/interfaces/cmake/ament_cmake_export_include_directories-extras.cmake
[7.535s] -- Installing: /home/sahil/AMR_Order_Pickup/install/interfaces/share/interfaces/cmake/ament_cmake_export_libraries-extras.cmake
[7.536s] -- Installing: /home/sahil/AMR_Order_Pickup/install/interfaces/share/interfaces/cmake/ament_cmake_export_targets-extras.cmake
[7.536s] -- Installing: /home/sahil/AMR_Order_Pickup/install/interfaces/share/interfaces/cmake/rosidl_cmake_export_typesupport_targets-extras.cmake
[7.536s] -- Installing: /home/sahil/AMR_Order_Pickup/install/interfaces/share/interfaces/cmake/ament_cmake_export_dependencies-extras.cmake
[7.537s] -- Installing: /home/sahil/AMR_Order_Pickup/install/interfaces/share/interfaces/cmake/rosidl_cmake_export_typesupport_libraries-extras.cmake
[7.537s] -- Installing: /home/sahil/AMR_Order_Pickup/install/interfaces/share/interfaces/cmake/interfacesConfig.cmake
[7.537s] -- Installing: /home/sahil/AMR_Order_Pickup/install/interfaces/share/interfaces/cmake/interfacesConfig-version.cmake
[7.538s] -- Installing: /home/sahil/AMR_Order_Pickup/install/interfaces/share/interfaces/package.xml
[7.552s] Invoked command in '/home/sahil/AMR_Order_Pickup/build/interfaces' returned '0': CMAKE_PREFIX_PATH=/opt/ros/humble /usr/bin/cmake --install /home/sahil/AMR_Order_Pickup/build/interfaces
