[0.038s] Invoking command in '/home/rahul/ros2_ws/build/amr_pkg': CMAKE_PREFIX_PATH=/opt/ros/humble /usr/bin/cmake --build /home/rahul/ros2_ws/build/amr_pkg -- -j6 -l6
[0.134s] -- Found ament_cmake: 1.3.10 (/opt/ros/humble/share/ament_cmake/cmake)
[0.312s] -- Found rclcpp: 16.0.10 (/opt/ros/humble/share/rclcpp/cmake)
[0.363s] -- Found rosidl_generator_c: 3.1.5 (/opt/ros/humble/share/rosidl_generator_c/cmake)
[0.367s] -- Found rosidl_adapter: 3.1.5 (/opt/ros/humble/share/rosidl_adapter/cmake)
[0.377s] -- Found rosidl_generator_cpp: 3.1.5 (/opt/ros/humble/share/rosidl_generator_cpp/cmake)
[0.392s] -- Using all available rosidl_typesupport_c: rosidl_typesupport_fastrtps_c;rosidl_typesupport_introspection_c
[0.410s] -- Using all available rosidl_typesupport_cpp: rosidl_typesupport_fastrtps_cpp;rosidl_typesupport_introspection_cpp
[0.464s] -- Found rmw_implementation_cmake: 6.1.2 (/opt/ros/humble/share/rmw_implementation_cmake/cmake)
[0.467s] -- Found rmw_fastrtps_cpp: 6.2.7 (/opt/ros/humble/share/rmw_fastrtps_cpp/cmake)
[0.602s] -- Using RMW implementation 'rmw_fastrtps_cpp' as default
[0.683s] -- Found geometry_msgs: 4.2.4 (/opt/ros/humble/share/geometry_msgs/cmake)
[0.702s] -- Found rosidl_default_generators: 1.2.0 (/opt/ros/humble/share/rosidl_default_generators/cmake)
[0.918s] [31mCMake Error at /opt/ros/humble/share/rosidl_cmake/cmake/rosidl_generate_interfaces.cmake:229 (message):
[0.918s]   Packages installing interfaces must include
[0.918s]   '<member_of_group>rosidl_interface_packages</member_of_group>' in their
[0.918s]   package.xml
[0.919s] Call Stack (most recent call first):
[0.919s]   CMakeLists.txt:15 (rosidl_generate_interfaces)
[0.919s] 
[0.919s] [0m
[0.919s] -- Configuring incomplete, errors occurred!
[0.919s] See also "/home/rahul/ros2_ws/build/amr_pkg/CMakeFiles/CMakeOutput.log".
[0.931s] gmake: *** [Makefile:226: cmake_check_build_system] Error 1
[0.934s] Invoked command in '/home/rahul/ros2_ws/build/amr_pkg' returned '2': CMAKE_PREFIX_PATH=/opt/ros/humble /usr/bin/cmake --build /home/rahul/ros2_ws/build/amr_pkg -- -j6 -l6
