[0.622s] DEBUG:colcon:Command line arguments: ['/usr/bin/colcon', 'build']
[0.623s] DEBUG:colcon:Parsed command line arguments: Namespace(log_base=None, log_level=None, verb_name='build', build_base='build', install_base='install', merge_install=False, symlink_install=False, test_result_base=None, continue_on_error=False, executor='parallel', parallel_workers=6, event_handlers=None, ignore_user_meta=False, metas=['./colcon.meta'], base_paths=['.'], packages_ignore=None, packages_ignore_regex=None, paths=None, packages_up_to=None, packages_up_to_regex=None, packages_above=None, packages_above_and_dependencies=None, packages_above_depth=None, packages_select_by_dep=None, packages_skip_by_dep=None, packages_skip_up_to=None, packages_select_build_failed=False, packages_skip_build_finished=False, packages_select_test_failures=False, packages_skip_test_passed=False, packages_select=None, packages_skip=None, packages_select_regex=None, packages_skip_regex=None, packages_start=None, packages_end=None, allow_overriding=[], cmake_args=None, cmake_target=None, cmake_target_skip_unavailable=False, cmake_clean_cache=False, cmake_clean_first=False, cmake_force_configure=False, ament_cmake_args=None, catkin_cmake_args=None, catkin_skip_building_tests=False, mixin_files=None, mixin=None, verb_parser=<colcon_mixin.mixin.mixin_argument.MixinArgumentDecorator object at 0x799a88631bd0>, verb_extension=<colcon_core.verb.build.BuildVerb object at 0x799a887a7520>, main=<bound method BuildVerb.main of <colcon_core.verb.build.BuildVerb object at 0x799a887a7520>>, mixin_verb=('build',))
[1.101s] Level 1:colcon.colcon_core.package_discovery:discover_packages(colcon_meta) check parameters
[1.101s] Level 1:colcon.colcon_core.package_discovery:discover_packages(recursive) check parameters
[1.101s] Level 1:colcon.colcon_core.package_discovery:discover_packages(ignore) check parameters
[1.101s] Level 1:colcon.colcon_core.package_discovery:discover_packages(path) check parameters
[1.101s] Level 1:colcon.colcon_core.package_discovery:discover_packages(colcon_meta) discover
[1.101s] Level 1:colcon.colcon_core.package_discovery:discover_packages(recursive) discover
[1.101s] INFO:colcon.colcon_core.package_discovery:Crawling recursively for packages in '/home/rahul/ros2_ws'
[1.101s] Level 1:colcon.colcon_core.package_identification:_identify(.) by extensions ['ignore', 'ignore_ament_install']
[1.101s] Level 1:colcon.colcon_core.package_identification:_identify(.) by extension 'ignore'
[1.102s] Level 1:colcon.colcon_core.package_identification:_identify(.) by extension 'ignore_ament_install'
[1.102s] Level 1:colcon.colcon_core.package_identification:_identify(.) by extensions ['colcon_pkg']
[1.102s] Level 1:colcon.colcon_core.package_identification:_identify(.) by extension 'colcon_pkg'
[1.102s] Level 1:colcon.colcon_core.package_identification:_identify(.) by extensions ['colcon_meta']
[1.102s] Level 1:colcon.colcon_core.package_identification:_identify(.) by extension 'colcon_meta'
[1.102s] Level 1:colcon.colcon_core.package_identification:_identify(.) by extensions ['ros']
[1.102s] Level 1:colcon.colcon_core.package_identification:_identify(.) by extension 'ros'
[1.125s] Level 1:colcon.colcon_core.package_identification:_identify(.) by extensions ['cmake', 'python']
[1.126s] Level 1:colcon.colcon_core.package_identification:_identify(.) by extension 'cmake'
[1.126s] Level 1:colcon.colcon_core.package_identification:_identify(.) by extension 'python'
[1.126s] Level 1:colcon.colcon_core.package_identification:_identify(.) by extensions ['python_setup_py']
[1.126s] Level 1:colcon.colcon_core.package_identification:_identify(.) by extension 'python_setup_py'
[1.126s] Level 1:colcon.colcon_core.package_identification:_identify(build) by extensions ['ignore', 'ignore_ament_install']
[1.126s] Level 1:colcon.colcon_core.package_identification:_identify(build) by extension 'ignore'
[1.126s] Level 1:colcon.colcon_core.package_identification:_identify(build) ignored
[1.126s] Level 1:colcon.colcon_core.package_identification:_identify(install) by extensions ['ignore', 'ignore_ament_install']
[1.126s] Level 1:colcon.colcon_core.package_identification:_identify(install) by extension 'ignore'
[1.126s] Level 1:colcon.colcon_core.package_identification:_identify(install) ignored
[1.127s] Level 1:colcon.colcon_core.package_identification:_identify(log) by extensions ['ignore', 'ignore_ament_install']
[1.127s] Level 1:colcon.colcon_core.package_identification:_identify(log) by extension 'ignore'
[1.127s] Level 1:colcon.colcon_core.package_identification:_identify(log) ignored
[1.128s] Level 1:colcon.colcon_core.package_identification:_identify(src) by extensions ['ignore', 'ignore_ament_install']
[1.128s] Level 1:colcon.colcon_core.package_identification:_identify(src) by extension 'ignore'
[1.128s] Level 1:colcon.colcon_core.package_identification:_identify(src) by extension 'ignore_ament_install'
[1.128s] Level 1:colcon.colcon_core.package_identification:_identify(src) by extensions ['colcon_pkg']
[1.128s] Level 1:colcon.colcon_core.package_identification:_identify(src) by extension 'colcon_pkg'
[1.129s] Level 1:colcon.colcon_core.package_identification:_identify(src) by extensions ['colcon_meta']
[1.129s] Level 1:colcon.colcon_core.package_identification:_identify(src) by extension 'colcon_meta'
[1.129s] Level 1:colcon.colcon_core.package_identification:_identify(src) by extensions ['ros']
[1.129s] Level 1:colcon.colcon_core.package_identification:_identify(src) by extension 'ros'
[1.129s] Level 1:colcon.colcon_core.package_identification:_identify(src) by extensions ['cmake', 'python']
[1.129s] Level 1:colcon.colcon_core.package_identification:_identify(src) by extension 'cmake'
[1.129s] Level 1:colcon.colcon_core.package_identification:_identify(src) by extension 'python'
[1.129s] Level 1:colcon.colcon_core.package_identification:_identify(src) by extensions ['python_setup_py']
[1.129s] Level 1:colcon.colcon_core.package_identification:_identify(src) by extension 'python_setup_py'
[1.129s] Level 1:colcon.colcon_core.package_identification:_identify(src/amr_pkg) by extensions ['ignore', 'ignore_ament_install']
[1.130s] Level 1:colcon.colcon_core.package_identification:_identify(src/amr_pkg) by extension 'ignore'
[1.130s] Level 1:colcon.colcon_core.package_identification:_identify(src/amr_pkg) by extension 'ignore_ament_install'
[1.130s] Level 1:colcon.colcon_core.package_identification:_identify(src/amr_pkg) by extensions ['colcon_pkg']
[1.130s] Level 1:colcon.colcon_core.package_identification:_identify(src/amr_pkg) by extension 'colcon_pkg'
[1.130s] Level 1:colcon.colcon_core.package_identification:_identify(src/amr_pkg) by extensions ['colcon_meta']
[1.130s] Level 1:colcon.colcon_core.package_identification:_identify(src/amr_pkg) by extension 'colcon_meta'
[1.130s] Level 1:colcon.colcon_core.package_identification:_identify(src/amr_pkg) by extensions ['ros']
[1.130s] Level 1:colcon.colcon_core.package_identification:_identify(src/amr_pkg) by extension 'ros'
[1.135s] DEBUG:colcon.colcon_core.package_identification:Package 'src/amr_pkg' with type 'ros.ament_cmake' and name 'amr_pkg'
[1.135s] Level 1:colcon.colcon_core.package_identification:_identify(src/interfaces) by extensions ['ignore', 'ignore_ament_install']
[1.135s] Level 1:colcon.colcon_core.package_identification:_identify(src/interfaces) by extension 'ignore'
[1.135s] Level 1:colcon.colcon_core.package_identification:_identify(src/interfaces) by extension 'ignore_ament_install'
[1.136s] Level 1:colcon.colcon_core.package_identification:_identify(src/interfaces) by extensions ['colcon_pkg']
[1.136s] Level 1:colcon.colcon_core.package_identification:_identify(src/interfaces) by extension 'colcon_pkg'
[1.136s] Level 1:colcon.colcon_core.package_identification:_identify(src/interfaces) by extensions ['colcon_meta']
[1.136s] Level 1:colcon.colcon_core.package_identification:_identify(src/interfaces) by extension 'colcon_meta'
[1.136s] Level 1:colcon.colcon_core.package_identification:_identify(src/interfaces) by extensions ['ros']
[1.136s] Level 1:colcon.colcon_core.package_identification:_identify(src/interfaces) by extension 'ros'
[1.137s] DEBUG:colcon.colcon_core.package_identification:Package 'src/interfaces' with type 'ros.ament_cmake' and name 'interfaces'
[1.137s] Level 1:colcon.colcon_core.package_discovery:discover_packages(recursive) using defaults
[1.137s] Level 1:colcon.colcon_core.package_discovery:discover_packages(ignore) discover
[1.137s] Level 1:colcon.colcon_core.package_discovery:discover_packages(ignore) using defaults
[1.137s] Level 1:colcon.colcon_core.package_discovery:discover_packages(path) discover
[1.137s] Level 1:colcon.colcon_core.package_discovery:discover_packages(path) using defaults
[1.184s] Level 1:colcon.colcon_core.package_discovery:discover_packages(prefix_path) check parameters
[1.185s] Level 1:colcon.colcon_core.package_discovery:discover_packages(prefix_path) discover
[1.190s] DEBUG:colcon.colcon_installed_package_information.package_discovery:Found 2 installed packages in /home/rahul/ros2_ws/install
[1.192s] DEBUG:colcon.colcon_installed_package_information.package_discovery:Found 270 installed packages in /opt/ros/humble
[1.193s] Level 1:colcon.colcon_core.package_discovery:discover_packages(prefix_path) using defaults
[1.361s] Level 5:colcon.colcon_core.verb:set package 'interfaces' build argument 'cmake_args' from command line to 'None'
[1.361s] Level 5:colcon.colcon_core.verb:set package 'interfaces' build argument 'cmake_target' from command line to 'None'
[1.361s] Level 5:colcon.colcon_core.verb:set package 'interfaces' build argument 'cmake_target_skip_unavailable' from command line to 'False'
[1.361s] Level 5:colcon.colcon_core.verb:set package 'interfaces' build argument 'cmake_clean_cache' from command line to 'False'
[1.361s] Level 5:colcon.colcon_core.verb:set package 'interfaces' build argument 'cmake_clean_first' from command line to 'False'
[1.361s] Level 5:colcon.colcon_core.verb:set package 'interfaces' build argument 'cmake_force_configure' from command line to 'False'
[1.361s] Level 5:colcon.colcon_core.verb:set package 'interfaces' build argument 'ament_cmake_args' from command line to 'None'
[1.361s] Level 5:colcon.colcon_core.verb:set package 'interfaces' build argument 'catkin_cmake_args' from command line to 'None'
[1.361s] Level 5:colcon.colcon_core.verb:set package 'interfaces' build argument 'catkin_skip_building_tests' from command line to 'False'
[1.361s] DEBUG:colcon.colcon_core.verb:Building package 'interfaces' with the following arguments: {'ament_cmake_args': None, 'build_base': '/home/rahul/ros2_ws/build/interfaces', 'catkin_cmake_args': None, 'catkin_skip_building_tests': False, 'cmake_args': None, 'cmake_clean_cache': False, 'cmake_clean_first': False, 'cmake_force_configure': False, 'cmake_target': None, 'cmake_target_skip_unavailable': False, 'install_base': '/home/rahul/ros2_ws/install/interfaces', 'merge_install': False, 'path': '/home/rahul/ros2_ws/src/interfaces', 'symlink_install': False, 'test_result_base': None}
[1.362s] Level 5:colcon.colcon_core.verb:set package 'amr_pkg' build argument 'cmake_args' from command line to 'None'
[1.362s] Level 5:colcon.colcon_core.verb:set package 'amr_pkg' build argument 'cmake_target' from command line to 'None'
[1.362s] Level 5:colcon.colcon_core.verb:set package 'amr_pkg' build argument 'cmake_target_skip_unavailable' from command line to 'False'
[1.362s] Level 5:colcon.colcon_core.verb:set package 'amr_pkg' build argument 'cmake_clean_cache' from command line to 'False'
[1.362s] Level 5:colcon.colcon_core.verb:set package 'amr_pkg' build argument 'cmake_clean_first' from command line to 'False'
[1.362s] Level 5:colcon.colcon_core.verb:set package 'amr_pkg' build argument 'cmake_force_configure' from command line to 'False'
[1.362s] Level 5:colcon.colcon_core.verb:set package 'amr_pkg' build argument 'ament_cmake_args' from command line to 'None'
[1.362s] Level 5:colcon.colcon_core.verb:set package 'amr_pkg' build argument 'catkin_cmake_args' from command line to 'None'
[1.362s] Level 5:colcon.colcon_core.verb:set package 'amr_pkg' build argument 'catkin_skip_building_tests' from command line to 'False'
[1.362s] DEBUG:colcon.colcon_core.verb:Building package 'amr_pkg' with the following arguments: {'ament_cmake_args': None, 'build_base': '/home/rahul/ros2_ws/build/amr_pkg', 'catkin_cmake_args': None, 'catkin_skip_building_tests': False, 'cmake_args': None, 'cmake_clean_cache': False, 'cmake_clean_first': False, 'cmake_force_configure': False, 'cmake_target': None, 'cmake_target_skip_unavailable': False, 'install_base': '/home/rahul/ros2_ws/install/amr_pkg', 'merge_install': False, 'path': '/home/rahul/ros2_ws/src/amr_pkg', 'symlink_install': False, 'test_result_base': None}
[1.362s] INFO:colcon.colcon_core.executor:Executing jobs using 'parallel' executor
[1.364s] DEBUG:colcon.colcon_parallel_executor.executor.parallel:run_until_complete
[1.365s] INFO:colcon.colcon_ros.task.ament_cmake.build:Building ROS package in '/home/rahul/ros2_ws/src/interfaces' with build type 'ament_cmake'
[1.366s] INFO:colcon.colcon_cmake.task.cmake.build:Building CMake package in '/home/rahul/ros2_ws/src/interfaces'
[1.380s] INFO:colcon.colcon_core.plugin_system:Skipping extension 'colcon_core.shell.bat': Not used on non-Windows systems
[1.381s] INFO:colcon.colcon_core.shell:Skip shell extension 'powershell' for command environment: Not usable outside of PowerShell
[1.381s] DEBUG:colcon.colcon_core.shell:Skip shell extension 'dsv' for command environment
[1.417s] DEBUG:colcon.colcon_core.event_handler.log_command:Invoking command in '/home/rahul/ros2_ws/build/interfaces': CMAKE_PREFIX_PATH=${CMAKE_PREFIX_PATH}:/opt/ros/humble /usr/bin/cmake --build /home/rahul/ros2_ws/build/interfaces -- -j6 -l6
[2.546s] DEBUG:colcon.colcon_core.event_handler.log_command:Invoked command in '/home/rahul/ros2_ws/build/interfaces' returned '0': CMAKE_PREFIX_PATH=${CMAKE_PREFIX_PATH}:/opt/ros/humble /usr/bin/cmake --build /home/rahul/ros2_ws/build/interfaces -- -j6 -l6
[2.783s] DEBUG:colcon.colcon_core.event_handler.log_command:Invoking command in '/home/rahul/ros2_ws/build/interfaces': CMAKE_PREFIX_PATH=${CMAKE_PREFIX_PATH}:/opt/ros/humble /usr/bin/cmake --install /home/rahul/ros2_ws/build/interfaces
[2.968s] Level 1:colcon.colcon_core.environment:create_environment_scripts_only(interfaces)
[2.969s] DEBUG:colcon.colcon_core.event_handler.log_command:Invoked command in '/home/rahul/ros2_ws/build/interfaces' returned '0': CMAKE_PREFIX_PATH=${CMAKE_PREFIX_PATH}:/opt/ros/humble /usr/bin/cmake --install /home/rahul/ros2_ws/build/interfaces
[2.987s] Level 1:colcon.colcon_core.environment:checking '/home/rahul/ros2_ws/install/interfaces' for CMake module files
[2.989s] Level 1:colcon.colcon_core.environment:checking '/home/rahul/ros2_ws/install/interfaces' for CMake config files
[2.989s] Level 1:colcon.colcon_core.shell:create_environment_hook('interfaces', 'cmake_prefix_path')
[2.990s] INFO:colcon.colcon_core.shell:Creating environment hook '/home/rahul/ros2_ws/install/interfaces/share/interfaces/hook/cmake_prefix_path.ps1'
[2.992s] INFO:colcon.colcon_core.shell:Creating environment descriptor '/home/rahul/ros2_ws/install/interfaces/share/interfaces/hook/cmake_prefix_path.dsv'
[2.994s] INFO:colcon.colcon_core.shell:Creating environment hook '/home/rahul/ros2_ws/install/interfaces/share/interfaces/hook/cmake_prefix_path.sh'
[2.995s] Level 1:colcon.colcon_core.environment:checking '/home/rahul/ros2_ws/install/interfaces/lib'
[2.996s] Level 1:colcon.colcon_core.shell:create_environment_hook('interfaces', 'ld_library_path_lib')
[2.996s] INFO:colcon.colcon_core.shell:Creating environment hook '/home/rahul/ros2_ws/install/interfaces/share/interfaces/hook/ld_library_path_lib.ps1'
[2.997s] INFO:colcon.colcon_core.shell:Creating environment descriptor '/home/rahul/ros2_ws/install/interfaces/share/interfaces/hook/ld_library_path_lib.dsv'
[2.998s] INFO:colcon.colcon_core.shell:Creating environment hook '/home/rahul/ros2_ws/install/interfaces/share/interfaces/hook/ld_library_path_lib.sh'
[2.999s] Level 1:colcon.colcon_core.environment:checking '/home/rahul/ros2_ws/install/interfaces/bin'
[2.999s] Level 1:colcon.colcon_core.environment:checking '/home/rahul/ros2_ws/install/interfaces/lib/pkgconfig/interfaces.pc'
[2.999s] Level 1:colcon.colcon_core.environment:checking '/home/rahul/ros2_ws/install/interfaces/lib/python3.10/site-packages'
[3.000s] Level 1:colcon.colcon_core.environment:checking '/home/rahul/ros2_ws/install/interfaces/bin'
[3.000s] INFO:colcon.colcon_core.shell:Creating package script '/home/rahul/ros2_ws/install/interfaces/share/interfaces/package.ps1'
[3.002s] INFO:colcon.colcon_core.shell:Creating package descriptor '/home/rahul/ros2_ws/install/interfaces/share/interfaces/package.dsv'
[3.008s] INFO:colcon.colcon_core.shell:Creating package script '/home/rahul/ros2_ws/install/interfaces/share/interfaces/package.sh'
[3.013s] INFO:colcon.colcon_core.shell:Creating package script '/home/rahul/ros2_ws/install/interfaces/share/interfaces/package.bash'
[3.015s] INFO:colcon.colcon_core.shell:Creating package script '/home/rahul/ros2_ws/install/interfaces/share/interfaces/package.zsh'
[3.017s] Level 1:colcon.colcon_core.environment:create_file_with_runtime_dependencies(/home/rahul/ros2_ws/install/interfaces/share/colcon-core/packages/interfaces)
[3.212s] Level 1:colcon.colcon_core.environment:create_environment_scripts_only(interfaces)
[3.213s] Level 1:colcon.colcon_core.environment:checking '/home/rahul/ros2_ws/install/interfaces' for CMake module files
[3.214s] Level 1:colcon.colcon_core.environment:checking '/home/rahul/ros2_ws/install/interfaces' for CMake config files
[3.215s] Level 1:colcon.colcon_core.shell:create_environment_hook('interfaces', 'cmake_prefix_path')
[3.215s] INFO:colcon.colcon_core.shell:Creating environment hook '/home/rahul/ros2_ws/install/interfaces/share/interfaces/hook/cmake_prefix_path.ps1'
[3.217s] INFO:colcon.colcon_core.shell:Creating environment descriptor '/home/rahul/ros2_ws/install/interfaces/share/interfaces/hook/cmake_prefix_path.dsv'
[3.217s] INFO:colcon.colcon_core.shell:Creating environment hook '/home/rahul/ros2_ws/install/interfaces/share/interfaces/hook/cmake_prefix_path.sh'
[3.218s] Level 1:colcon.colcon_core.environment:checking '/home/rahul/ros2_ws/install/interfaces/lib'
[3.219s] Level 1:colcon.colcon_core.shell:create_environment_hook('interfaces', 'ld_library_path_lib')
[3.219s] INFO:colcon.colcon_core.shell:Creating environment hook '/home/rahul/ros2_ws/install/interfaces/share/interfaces/hook/ld_library_path_lib.ps1'
[3.221s] INFO:colcon.colcon_core.shell:Creating environment descriptor '/home/rahul/ros2_ws/install/interfaces/share/interfaces/hook/ld_library_path_lib.dsv'
[3.222s] INFO:colcon.colcon_core.shell:Creating environment hook '/home/rahul/ros2_ws/install/interfaces/share/interfaces/hook/ld_library_path_lib.sh'
[3.223s] Level 1:colcon.colcon_core.environment:checking '/home/rahul/ros2_ws/install/interfaces/bin'
[3.223s] Level 1:colcon.colcon_core.environment:checking '/home/rahul/ros2_ws/install/interfaces/lib/pkgconfig/interfaces.pc'
[3.223s] Level 1:colcon.colcon_core.environment:checking '/home/rahul/ros2_ws/install/interfaces/lib/python3.10/site-packages'
[3.224s] Level 1:colcon.colcon_core.environment:checking '/home/rahul/ros2_ws/install/interfaces/bin'
[3.224s] INFO:colcon.colcon_core.shell:Creating package script '/home/rahul/ros2_ws/install/interfaces/share/interfaces/package.ps1'
[3.233s] INFO:colcon.colcon_core.shell:Creating package descriptor '/home/rahul/ros2_ws/install/interfaces/share/interfaces/package.dsv'
[3.235s] INFO:colcon.colcon_core.shell:Creating package script '/home/rahul/ros2_ws/install/interfaces/share/interfaces/package.sh'
[3.236s] INFO:colcon.colcon_core.shell:Creating package script '/home/rahul/ros2_ws/install/interfaces/share/interfaces/package.bash'
[3.238s] INFO:colcon.colcon_core.shell:Creating package script '/home/rahul/ros2_ws/install/interfaces/share/interfaces/package.zsh'
[3.239s] Level 1:colcon.colcon_core.environment:create_file_with_runtime_dependencies(/home/rahul/ros2_ws/install/interfaces/share/colcon-core/packages/interfaces)
[3.241s] INFO:colcon.colcon_ros.task.ament_cmake.build:Building ROS package in '/home/rahul/ros2_ws/src/amr_pkg' with build type 'ament_cmake'
[3.241s] INFO:colcon.colcon_cmake.task.cmake.build:Building CMake package in '/home/rahul/ros2_ws/src/amr_pkg'
[3.242s] INFO:colcon.colcon_core.shell:Skip shell extension 'powershell' for command environment: Not usable outside of PowerShell
[3.242s] DEBUG:colcon.colcon_core.shell:Skip shell extension 'dsv' for command environment
[3.294s] DEBUG:colcon.colcon_core.event_handler.log_command:Invoking command in '/home/rahul/ros2_ws/build/amr_pkg': CMAKE_PREFIX_PATH=/home/rahul/ros2_ws/install/interfaces:/home/rahul/ros2_ws/install/amr_pkg:/opt/ros/humble /usr/bin/cmake --build /home/rahul/ros2_ws/build/amr_pkg -- -j6 -l6
[3.557s] DEBUG:colcon.colcon_core.event_handler.log_command:Invoked command in '/home/rahul/ros2_ws/build/amr_pkg' returned '0': CMAKE_PREFIX_PATH=/home/rahul/ros2_ws/install/interfaces:/home/rahul/ros2_ws/install/amr_pkg:/opt/ros/humble /usr/bin/cmake --build /home/rahul/ros2_ws/build/amr_pkg -- -j6 -l6
[3.633s] DEBUG:colcon.colcon_core.event_handler.log_command:Invoking command in '/home/rahul/ros2_ws/build/amr_pkg': CMAKE_PREFIX_PATH=/home/rahul/ros2_ws/install/interfaces:/home/rahul/ros2_ws/install/amr_pkg:/opt/ros/humble /usr/bin/cmake --install /home/rahul/ros2_ws/build/amr_pkg
[3.664s] Level 1:colcon.colcon_core.environment:create_environment_scripts_only(amr_pkg)
[3.664s] Level 1:colcon.colcon_core.environment:checking '/home/rahul/ros2_ws/install/amr_pkg' for CMake module files
[3.665s] DEBUG:colcon.colcon_core.event_handler.log_command:Invoked command in '/home/rahul/ros2_ws/build/amr_pkg' returned '0': CMAKE_PREFIX_PATH=/home/rahul/ros2_ws/install/interfaces:/home/rahul/ros2_ws/install/amr_pkg:/opt/ros/humble /usr/bin/cmake --install /home/rahul/ros2_ws/build/amr_pkg
[3.665s] Level 1:colcon.colcon_core.environment:checking '/home/rahul/ros2_ws/install/amr_pkg' for CMake config files
[3.666s] Level 1:colcon.colcon_core.shell:create_environment_hook('amr_pkg', 'cmake_prefix_path')
[3.666s] INFO:colcon.colcon_core.shell:Creating environment hook '/home/rahul/ros2_ws/install/amr_pkg/share/amr_pkg/hook/cmake_prefix_path.ps1'
[3.667s] INFO:colcon.colcon_core.shell:Creating environment descriptor '/home/rahul/ros2_ws/install/amr_pkg/share/amr_pkg/hook/cmake_prefix_path.dsv'
[3.668s] INFO:colcon.colcon_core.shell:Creating environment hook '/home/rahul/ros2_ws/install/amr_pkg/share/amr_pkg/hook/cmake_prefix_path.sh'
[3.670s] Level 1:colcon.colcon_core.environment:checking '/home/rahul/ros2_ws/install/amr_pkg/lib'
[3.670s] Level 1:colcon.colcon_core.environment:checking '/home/rahul/ros2_ws/install/amr_pkg/bin'
[3.670s] Level 1:colcon.colcon_core.environment:checking '/home/rahul/ros2_ws/install/amr_pkg/lib/pkgconfig/amr_pkg.pc'
[3.671s] Level 1:colcon.colcon_core.environment:checking '/home/rahul/ros2_ws/install/amr_pkg/lib/python3.10/site-packages'
[3.671s] Level 1:colcon.colcon_core.environment:checking '/home/rahul/ros2_ws/install/amr_pkg/bin'
[3.672s] INFO:colcon.colcon_core.shell:Creating package script '/home/rahul/ros2_ws/install/amr_pkg/share/amr_pkg/package.ps1'
[3.675s] INFO:colcon.colcon_core.shell:Creating package descriptor '/home/rahul/ros2_ws/install/amr_pkg/share/amr_pkg/package.dsv'
[3.677s] INFO:colcon.colcon_core.shell:Creating package script '/home/rahul/ros2_ws/install/amr_pkg/share/amr_pkg/package.sh'
[3.680s] INFO:colcon.colcon_core.shell:Creating package script '/home/rahul/ros2_ws/install/amr_pkg/share/amr_pkg/package.bash'
[3.681s] INFO:colcon.colcon_core.shell:Creating package script '/home/rahul/ros2_ws/install/amr_pkg/share/amr_pkg/package.zsh'
[3.681s] Level 1:colcon.colcon_core.environment:create_file_with_runtime_dependencies(/home/rahul/ros2_ws/install/amr_pkg/share/colcon-core/packages/amr_pkg)
[3.751s] Level 1:colcon.colcon_core.environment:create_environment_scripts_only(amr_pkg)
[3.752s] Level 1:colcon.colcon_core.environment:checking '/home/rahul/ros2_ws/install/amr_pkg' for CMake module files
[3.752s] Level 1:colcon.colcon_core.environment:checking '/home/rahul/ros2_ws/install/amr_pkg' for CMake config files
[3.752s] Level 1:colcon.colcon_core.shell:create_environment_hook('amr_pkg', 'cmake_prefix_path')
[3.753s] INFO:colcon.colcon_core.shell:Creating environment hook '/home/rahul/ros2_ws/install/amr_pkg/share/amr_pkg/hook/cmake_prefix_path.ps1'
[3.753s] INFO:colcon.colcon_core.shell:Creating environment descriptor '/home/rahul/ros2_ws/install/amr_pkg/share/amr_pkg/hook/cmake_prefix_path.dsv'
[3.754s] INFO:colcon.colcon_core.shell:Creating environment hook '/home/rahul/ros2_ws/install/amr_pkg/share/amr_pkg/hook/cmake_prefix_path.sh'
[3.755s] Level 1:colcon.colcon_core.environment:checking '/home/rahul/ros2_ws/install/amr_pkg/lib'
[3.755s] Level 1:colcon.colcon_core.environment:checking '/home/rahul/ros2_ws/install/amr_pkg/bin'
[3.755s] Level 1:colcon.colcon_core.environment:checking '/home/rahul/ros2_ws/install/amr_pkg/lib/pkgconfig/amr_pkg.pc'
[3.756s] Level 1:colcon.colcon_core.environment:checking '/home/rahul/ros2_ws/install/amr_pkg/lib/python3.10/site-packages'
[3.756s] Level 1:colcon.colcon_core.environment:checking '/home/rahul/ros2_ws/install/amr_pkg/bin'
[3.756s] INFO:colcon.colcon_core.shell:Creating package script '/home/rahul/ros2_ws/install/amr_pkg/share/amr_pkg/package.ps1'
[3.757s] INFO:colcon.colcon_core.shell:Creating package descriptor '/home/rahul/ros2_ws/install/amr_pkg/share/amr_pkg/package.dsv'
[3.758s] INFO:colcon.colcon_core.shell:Creating package script '/home/rahul/ros2_ws/install/amr_pkg/share/amr_pkg/package.sh'
[3.759s] INFO:colcon.colcon_core.shell:Creating package script '/home/rahul/ros2_ws/install/amr_pkg/share/amr_pkg/package.bash'
[3.760s] INFO:colcon.colcon_core.shell:Creating package script '/home/rahul/ros2_ws/install/amr_pkg/share/amr_pkg/package.zsh'
[3.761s] Level 1:colcon.colcon_core.environment:create_file_with_runtime_dependencies(/home/rahul/ros2_ws/install/amr_pkg/share/colcon-core/packages/amr_pkg)
[3.763s] DEBUG:colcon.colcon_parallel_executor.executor.parallel:closing loop
[3.764s] DEBUG:colcon.colcon_parallel_executor.executor.parallel:loop closed
[3.764s] DEBUG:colcon.colcon_parallel_executor.executor.parallel:run_until_complete finished with '0'
[3.764s] DEBUG:colcon.colcon_core.event_reactor:joining thread
[3.823s] INFO:colcon.colcon_core.plugin_system:Skipping extension 'colcon_notification.desktop_notification.terminal_notifier': Not used on non-Darwin systems
[3.824s] INFO:colcon.colcon_core.plugin_system:Skipping extension 'colcon_notification.desktop_notification.win32': Not used on non-Windows systems
[3.824s] INFO:colcon.colcon_notification.desktop_notification:Sending desktop notification using 'notify2'
[4.313s] DEBUG:colcon.colcon_core.event_reactor:joined thread
[4.314s] INFO:colcon.colcon_core.shell:Creating prefix script '/home/rahul/ros2_ws/install/local_setup.ps1'
[4.316s] INFO:colcon.colcon_core.shell:Creating prefix util module '/home/rahul/ros2_ws/install/_local_setup_util_ps1.py'
[4.318s] INFO:colcon.colcon_core.shell:Creating prefix chain script '/home/rahul/ros2_ws/install/setup.ps1'
[4.322s] INFO:colcon.colcon_core.shell:Creating prefix script '/home/rahul/ros2_ws/install/local_setup.sh'
[4.324s] INFO:colcon.colcon_core.shell:Creating prefix util module '/home/rahul/ros2_ws/install/_local_setup_util_sh.py'
[4.325s] INFO:colcon.colcon_core.shell:Creating prefix chain script '/home/rahul/ros2_ws/install/setup.sh'
[4.328s] INFO:colcon.colcon_core.shell:Creating prefix script '/home/rahul/ros2_ws/install/local_setup.bash'
[4.329s] INFO:colcon.colcon_core.shell:Creating prefix chain script '/home/rahul/ros2_ws/install/setup.bash'
[4.332s] INFO:colcon.colcon_core.shell:Creating prefix script '/home/rahul/ros2_ws/install/local_setup.zsh'
[4.333s] INFO:colcon.colcon_core.shell:Creating prefix chain script '/home/rahul/ros2_ws/install/setup.zsh'
