[0.019s] Invoking command in '/home/rahul/AMR_Order_Pickup/build/amr_pkg': AMENT_PREFIX_PATH=/home/rahul/AMR_Order_Pickup/install/interfaces:${AMENT_PREFIX_PATH} CMAKE_PREFIX_PATH=/home/rahul/AMR_Order_Pickup/install/interfaces:/opt/ros/humble LD_LIBRARY_PATH=/home/rahul/AMR_Order_Pickup/install/interfaces/lib:${LD_LIBRARY_PATH} PYTHONPATH=/home/rahul/AMR_Order_Pickup/install/interfaces/local/lib/python3.10/dist-packages:${PYTHONPATH} /usr/bin/cmake /home/rahul/AMR_Order_Pickup/src/amr_pkg -DCMAKE_INSTALL_PREFIX=/home/rahul/AMR_Order_Pickup/install/amr_pkg
[0.110s] -- The C compiler identification is GNU 11.4.0
[0.199s] -- The CXX compiler identification is GNU 11.4.0
[0.210s] -- Detecting C compiler ABI info
[0.316s] -- Detecting C compiler ABI info - done
[0.329s] -- Check for working C compiler: /usr/bin/cc - skipped
[0.330s] -- Detecting C compile features
[0.330s] -- Detecting C compile features - done
[0.335s] -- Detecting CXX compiler ABI info
[0.449s] -- Detecting CXX compiler ABI info - done
[0.462s] -- Check for working CXX compiler: /usr/bin/c++ - skipped
[0.462s] -- Detecting CXX compile features
[0.463s] -- Detecting CXX compile features - done
[0.466s] -- Found ament_cmake: 1.3.10 (/opt/ros/humble/share/ament_cmake/cmake)
[0.677s] -- Found Python3: /usr/bin/python3 (found version "3.10.12") found components: Interpreter 
[0.809s] -- Found rclcpp: 16.0.10 (/opt/ros/humble/share/rclcpp/cmake)
[0.877s] -- Found rosidl_generator_c: 3.1.5 (/opt/ros/humble/share/rosidl_generator_c/cmake)
[0.883s] -- Found rosidl_adapter: 3.1.5 (/opt/ros/humble/share/rosidl_adapter/cmake)
[0.893s] -- Found rosidl_generator_cpp: 3.1.5 (/opt/ros/humble/share/rosidl_generator_cpp/cmake)
[0.910s] -- Using all available rosidl_typesupport_c: rosidl_typesupport_fastrtps_c;rosidl_typesupport_introspection_c
[0.931s] -- Using all available rosidl_typesupport_cpp: rosidl_typesupport_fastrtps_cpp;rosidl_typesupport_introspection_cpp
[1.018s] -- Found rmw_implementation_cmake: 6.1.2 (/opt/ros/humble/share/rmw_implementation_cmake/cmake)
[1.024s] -- Found rmw_fastrtps_cpp: 6.2.7 (/opt/ros/humble/share/rmw_fastrtps_cpp/cmake)
[1.196s] -- Found OpenSSL: /usr/lib/x86_64-linux-gnu/libcrypto.so (found version "3.0.2")  
[1.238s] -- Found FastRTPS: /opt/ros/humble/include  
[1.292s] -- Using RMW implementation 'rmw_fastrtps_cpp' as default
[1.311s] -- Looking for pthread.h
[1.417s] -- Looking for pthread.h - found
[1.417s] -- Performing Test CMAKE_HAVE_LIBC_PTHREAD
[1.529s] -- Performing Test CMAKE_HAVE_LIBC_PTHREAD - Success
[1.530s] -- Found Threads: TRUE  
[1.640s] -- Found interfaces: 0.0.0 (/home/rahul/AMR_Order_Pickup/install/interfaces/share/interfaces/cmake)
[1.655s] -- Found geometry_msgs: 4.2.4 (/opt/ros/humble/share/geometry_msgs/cmake)
[1.682s] -- Found visualization_msgs: 4.2.4 (/opt/ros/humble/share/visualization_msgs/cmake)
[1.763s] -- Found tf2_ros: 0.25.7 (/opt/ros/humble/share/tf2_ros/cmake)
[1.950s] -- Found tf2_geometry_msgs: 0.25.7 (/opt/ros/humble/share/tf2_geometry_msgs/cmake)
[1.970s] -- Found eigen3_cmake_module: 0.1.1 (/opt/ros/humble/share/eigen3_cmake_module/cmake)
[1.972s] -- Found Eigen3: TRUE (found version "3.4.0") 
[1.973s] -- Ensuring Eigen3 include directory is part of orocos-kdl CMake target
[2.067s] -- Configuring done
[2.097s] -- Generating done
[2.100s] -- Build files have been written to: /home/rahul/AMR_Order_Pickup/build/amr_pkg
[2.116s] Invoked command in '/home/rahul/AMR_Order_Pickup/build/amr_pkg' returned '0': AMENT_PREFIX_PATH=/home/rahul/AMR_Order_Pickup/install/interfaces:${AMENT_PREFIX_PATH} CMAKE_PREFIX_PATH=/home/rahul/AMR_Order_Pickup/install/interfaces:/opt/ros/humble LD_LIBRARY_PATH=/home/rahul/AMR_Order_Pickup/install/interfaces/lib:${LD_LIBRARY_PATH} PYTHONPATH=/home/rahul/AMR_Order_Pickup/install/interfaces/local/lib/python3.10/dist-packages:${PYTHONPATH} /usr/bin/cmake /home/rahul/AMR_Order_Pickup/src/amr_pkg -DCMAKE_INSTALL_PREFIX=/home/rahul/AMR_Order_Pickup/install/amr_pkg
[2.123s] Invoking command in '/home/rahul/AMR_Order_Pickup/build/amr_pkg': AMENT_PREFIX_PATH=/home/rahul/AMR_Order_Pickup/install/interfaces:${AMENT_PREFIX_PATH} CMAKE_PREFIX_PATH=/home/rahul/AMR_Order_Pickup/install/interfaces:/opt/ros/humble LD_LIBRARY_PATH=/home/rahul/AMR_Order_Pickup/install/interfaces/lib:${LD_LIBRARY_PATH} PYTHONPATH=/home/rahul/AMR_Order_Pickup/install/interfaces/local/lib/python3.10/dist-packages:${PYTHONPATH} /usr/bin/cmake --build /home/rahul/AMR_Order_Pickup/build/amr_pkg -- -j6 -l6
[2.195s] [ 50%] [32mBuilding CXX object CMakeFiles/transformbroadcaster.dir/src/TransformBroadcaster.cpp.o[0m
[2.196s] [ 50%] [32mBuilding CXX object CMakeFiles/orderoptimizer.dir/src/OrderOptimizer.cpp.o[0m
[7.544s] [ 75%] [32m[1mLinking CXX executable transformbroadcaster[0m
[8.103s] [ 75%] Built target transformbroadcaster
[18.008s] [100%] [32m[1mLinking CXX executable orderoptimizer[0m
[19.467s] [100%] Built target orderoptimizer
[19.482s] Invoked command in '/home/rahul/AMR_Order_Pickup/build/amr_pkg' returned '0': AMENT_PREFIX_PATH=/home/rahul/AMR_Order_Pickup/install/interfaces:${AMENT_PREFIX_PATH} CMAKE_PREFIX_PATH=/home/rahul/AMR_Order_Pickup/install/interfaces:/opt/ros/humble LD_LIBRARY_PATH=/home/rahul/AMR_Order_Pickup/install/interfaces/lib:${LD_LIBRARY_PATH} PYTHONPATH=/home/rahul/AMR_Order_Pickup/install/interfaces/local/lib/python3.10/dist-packages:${PYTHONPATH} /usr/bin/cmake --build /home/rahul/AMR_Order_Pickup/build/amr_pkg -- -j6 -l6
[19.527s] Invoking command in '/home/rahul/AMR_Order_Pickup/build/amr_pkg': AMENT_PREFIX_PATH=/home/rahul/AMR_Order_Pickup/install/interfaces:${AMENT_PREFIX_PATH} CMAKE_PREFIX_PATH=/home/rahul/AMR_Order_Pickup/install/interfaces:/opt/ros/humble LD_LIBRARY_PATH=/home/rahul/AMR_Order_Pickup/install/interfaces/lib:${LD_LIBRARY_PATH} PYTHONPATH=/home/rahul/AMR_Order_Pickup/install/interfaces/local/lib/python3.10/dist-packages:${PYTHONPATH} /usr/bin/cmake --install /home/rahul/AMR_Order_Pickup/build/amr_pkg
[19.536s] -- Install configuration: ""
[19.536s] -- Installing: /home/rahul/AMR_Order_Pickup/install/amr_pkg/lib/amr_pkg/orderoptimizer
[19.545s] -- Set runtime path of "/home/rahul/AMR_Order_Pickup/install/amr_pkg/lib/amr_pkg/orderoptimizer" to ""
[19.545s] -- Installing: /home/rahul/AMR_Order_Pickup/install/amr_pkg/lib/amr_pkg/transformbroadcaster
[19.546s] -- Set runtime path of "/home/rahul/AMR_Order_Pickup/install/amr_pkg/lib/amr_pkg/transformbroadcaster" to ""
[19.546s] -- Installing: /home/rahul/AMR_Order_Pickup/install/amr_pkg/share/ament_index/resource_index/package_run_dependencies/amr_pkg
[19.547s] -- Installing: /home/rahul/AMR_Order_Pickup/install/amr_pkg/share/ament_index/resource_index/parent_prefix_path/amr_pkg
[19.547s] -- Installing: /home/rahul/AMR_Order_Pickup/install/amr_pkg/share/amr_pkg/environment/ament_prefix_path.sh
[19.547s] -- Installing: /home/rahul/AMR_Order_Pickup/install/amr_pkg/share/amr_pkg/environment/ament_prefix_path.dsv
[19.548s] -- Installing: /home/rahul/AMR_Order_Pickup/install/amr_pkg/share/amr_pkg/environment/path.sh
[19.548s] -- Installing: /home/rahul/AMR_Order_Pickup/install/amr_pkg/share/amr_pkg/environment/path.dsv
[19.548s] -- Installing: /home/rahul/AMR_Order_Pickup/install/amr_pkg/share/amr_pkg/local_setup.bash
[19.548s] -- Installing: /home/rahul/AMR_Order_Pickup/install/amr_pkg/share/amr_pkg/local_setup.sh
[19.548s] -- Installing: /home/rahul/AMR_Order_Pickup/install/amr_pkg/share/amr_pkg/local_setup.zsh
[19.549s] -- Installing: /home/rahul/AMR_Order_Pickup/install/amr_pkg/share/amr_pkg/local_setup.dsv
[19.549s] -- Installing: /home/rahul/AMR_Order_Pickup/install/amr_pkg/share/amr_pkg/package.dsv
[19.549s] -- Installing: /home/rahul/AMR_Order_Pickup/install/amr_pkg/share/ament_index/resource_index/packages/amr_pkg
[19.549s] -- Installing: /home/rahul/AMR_Order_Pickup/install/amr_pkg/share/amr_pkg/cmake/amr_pkgConfig.cmake
[19.549s] -- Installing: /home/rahul/AMR_Order_Pickup/install/amr_pkg/share/amr_pkg/cmake/amr_pkgConfig-version.cmake
[19.550s] -- Installing: /home/rahul/AMR_Order_Pickup/install/amr_pkg/share/amr_pkg/package.xml
[19.554s] Invoked command in '/home/rahul/AMR_Order_Pickup/build/amr_pkg' returned '0': AMENT_PREFIX_PATH=/home/rahul/AMR_Order_Pickup/install/interfaces:${AMENT_PREFIX_PATH} CMAKE_PREFIX_PATH=/home/rahul/AMR_Order_Pickup/install/interfaces:/opt/ros/humble LD_LIBRARY_PATH=/home/rahul/AMR_Order_Pickup/install/interfaces/lib:${LD_LIBRARY_PATH} PYTHONPATH=/home/rahul/AMR_Order_Pickup/install/interfaces/local/lib/python3.10/dist-packages:${PYTHONPATH} /usr/bin/cmake --install /home/rahul/AMR_Order_Pickup/build/amr_pkg
